[13:55:12] [main/INFO]: Setting user: Player378
[13:55:14] [Client thread/INFO]: LWJGL Version: 2.9.1
[13:55:21] [Client thread/INFO]: Reloading ResourceManager: Default, FMLFileResourcePack:Forge Mod Loader, FMLFileResourcePack:Minecraft Forge, FMLFileResourcePack:Example Mod
[13:55:22] [Client thread/INFO]: Created: 512x256 textures/blocks-atlas
[13:55:22] [Client thread/INFO]: Created: 256x256 textures/items-atlas
[13:55:22] [Sound Library Loader/INFO]: Sound engine started
[13:55:23] [Client thread/INFO]: Reloading ResourceManager: Default, FMLFileResourcePack:Forge Mod Loader, FMLFileResourcePack:Minecraft Forge, FMLFileResourcePack:Example Mod
[13:55:23] [Client thread/INFO]: Created: 256x256 textures/items-atlas
[13:55:23] [Client thread/INFO]: Created: 512x256 textures/blocks-atlas
[13:55:24] [Sound Library Loader/INFO]: Sound engine started
[13:55:39] [Server thread/INFO]: Starting integrated minecraft server version 1.7.10
[13:55:39] [Server thread/INFO]: Generating keypair
[13:55:39] [Server thread/INFO]: Converting map!
[13:55:39] [Server thread/INFO]: Scanning folders...
[13:55:39] [Server thread/INFO]: Total conversion count is 0
[13:55:40] [Server thread/INFO]: Preparing start region for level 0
[13:55:41] [Server thread/INFO]: Preparing spawn area: 14%
[13:55:42] [Server thread/INFO]: Preparing spawn area: 38%
[13:55:43] [Server thread/INFO]: Preparing spawn area: 61%
[13:55:44] [Server thread/INFO]: Preparing spawn area: 85%
[13:55:44] [Server thread/INFO]: Changing view distance to 12, from 10
[13:55:45] [Server thread/INFO]: Player378[local:E:b071b38d] logged in with entity id 3 at (149.5, 66.0, 39.5)
[13:55:45] [Server thread/INFO]: Player378 joined the game
[13:55:49] [Server thread/INFO]: Saving and pausing game...
[13:55:49] [Server thread/INFO]: Saving chunks for level 'BuggaBugga'/Overworld
[13:55:49] [Server thread/INFO]: Saving chunks for level 'BuggaBugga'/Nether
[13:55:49] [Server thread/INFO]: Saving chunks for level 'BuggaBugga'/The End
[13:55:58] [Server thread/INFO]: Saving and pausing game...
[13:55:58] [Server thread/INFO]: Saving chunks for level 'BuggaBugga'/Overworld
[13:55:58] [Server thread/INFO]: Saving chunks for level 'BuggaBugga'/Nether
[13:55:58] [Server thread/INFO]: Saving chunks for level 'BuggaBugga'/The End
[13:56:02] [Server thread/INFO]: Saving and pausing game...
[13:56:02] [Server thread/INFO]: Saving chunks for level 'BuggaBugga'/Overworld
[13:56:02] [Server thread/INFO]: Saving chunks for level 'BuggaBugga'/Nether
[13:56:02] [Server thread/INFO]: Saving chunks for level 'BuggaBugga'/The End
[13:56:10] [Server thread/INFO]: Player378 has just earned the achievement [Taking Inventory]
[13:56:10] [Client thread/INFO]: [CHAT] Player378 has just earned the achievement [Taking Inventory]
[13:56:13] [Server thread/INFO]: Saving and pausing game...
[13:56:13] [Server thread/INFO]: Saving chunks for level 'BuggaBugga'/Overworld
[13:56:13] [Server thread/INFO]: Saving chunks for level 'BuggaBugga'/Nether
[13:56:13] [Server thread/INFO]: Saving chunks for level 'BuggaBugga'/The End
[13:56:14] [Server thread/INFO]: Stopping server
[13:56:14] [Server thread/INFO]: Saving players
[13:56:14] [Server thread/INFO]: Saving worlds
[13:56:14] [Server thread/INFO]: Saving chunks for level 'BuggaBugga'/Overworld
[13:56:14] [Server thread/INFO]: Saving chunks for level 'BuggaBugga'/Nether
[13:56:14] [Server thread/INFO]: Saving chunks for level 'BuggaBugga'/The End
[13:56:16] [Client thread/INFO]: Stopping!
