Initialized with: 
numGenerations: 1000
numNets: 100
numGamesPerNet: 10
netHiddenLayerSize: 32
chMode: h
Nets of generation 0 averaged: 1007.76 (top score: 6484)
Nets of generation 1 averaged: 1101.84 (top score: 5740)
Nets of generation 2 averaged: 1207.88 (top score: 4984)
Nets of generation 3 averaged: 1260.3 (top score: 7048)
Nets of generation 4 averaged: 1281.7 (top score: 6508)
Nets of generation 5 averaged: 1256.91 (top score: 6008)
Nets of generation 6 averaged: 1336.04 (top score: 5792)
Nets of generation 7 averaged: 1398.16 (top score: 6348)
Nets of generation 8 averaged: 1481.13 (top score: 6692)
Nets of generation 9 averaged: 1460.76 (top score: 7304)
Nets of generation 10 averaged: 1517.64 (top score: 7144)
Nets of generation 11 averaged: 1602 (top score: 6544)
Nets of generation 12 averaged: 1541.62 (top score: 7040)
Nets of generation 13 averaged: 1702.94 (top score: 6308)
Nets of generation 14 averaged: 1651.3 (top score: 7388)
Nets of generation 15 averaged: 1734.82 (top score: 7284)
Nets of generation 16 averaged: 1739.31 (top score: 10472)
Nets of generation 17 averaged: 1759.97 (top score: 6416)
Nets of generation 18 averaged: 1813.17 (top score: 10536)
Nets of generation 19 averaged: 1860.71 (top score: 8772)
Nets of generation 20 averaged: 1862.71 (top score: 7180)
Nets of generation 21 averaged: 1841.88 (top score: 7024)
Nets of generation 22 averaged: 1749.82 (top score: 6824)
Nets of generation 23 averaged: 1857.8 (top score: 7368)
Nets of generation 24 averaged: 1834.8 (top score: 7184)
Nets of generation 25 averaged: 1970.14 (top score: 7448)
Nets of generation 26 averaged: 1980.85 (top score: 8168)
Nets of generation 27 averaged: 1966.99 (top score: 9712)
Nets of generation 28 averaged: 2027.44 (top score: 9040)
Nets of generation 29 averaged: 2041.24 (top score: 6540)
Nets of generation 30 averaged: 2077.28 (top score: 7360)
Nets of generation 31 averaged: 2088.83 (top score: 10292)
Nets of generation 32 averaged: 2162.56 (top score: 9016)
Nets of generation 33 averaged: 2291.28 (top score: 7928)
Nets of generation 34 averaged: 2177.64 (top score: 8608)
Nets of generation 35 averaged: 2091.56 (top score: 10556)
Nets of generation 36 averaged: 2168.54 (top score: 7588)
Nets of generation 37 averaged: 2146.25 (top score: 7752)
Nets of generation 38 averaged: 2259.48 (top score: 7480)
Nets of generation 39 averaged: 2251.38 (top score: 8524)
Nets of generation 40 averaged: 2230.84 (top score: 7472)
Nets of generation 41 averaged: 2180.56 (top score: 7528)
Nets of generation 42 averaged: 2227.36 (top score: 10120)
Nets of generation 43 averaged: 2419.42 (top score: 10984)
Nets of generation 44 averaged: 2285.91 (top score: 7576)
Nets of generation 45 averaged: 2234.54 (top score: 8244)
Nets of generation 46 averaged: 2296.41 (top score: 8440)
Nets of generation 47 averaged: 2397.49 (top score: 10868)
Nets of generation 48 averaged: 2346.24 (top score: 7152)
Nets of generation 49 averaged: 2389.96 (top score: 8656)
Nets of generation 50 averaged: 2421.25 (top score: 7420)
Nets of generation 51 averaged: 2456.28 (top score: 9020)
Nets of generation 52 averaged: 2348.07 (top score: 8728)
Nets of generation 53 averaged: 2487.74 (top score: 10524)
Nets of generation 54 averaged: 2450.02 (top score: 8084)
Nets of generation 55 averaged: 2458.72 (top score: 7788)
Nets of generation 56 averaged: 2494.9 (top score: 7944)
Nets of generation 57 averaged: 2475.6 (top score: 11660)
Nets of generation 58 averaged: 2460.63 (top score: 8364)
Nets of generation 59 averaged: 2478.96 (top score: 12572)
Nets of generation 60 averaged: 2512.63 (top score: 13808)
Nets of generation 61 averaged: 2556.7 (top score: 11320)
Nets of generation 62 averaged: 2606.41 (top score: 10384)
Nets of generation 63 averaged: 2553.21 (top score: 11680)
Nets of generation 64 averaged: 2392.36 (top score: 8128)
Nets of generation 65 averaged: 2481.18 (top score: 13772)
Nets of generation 66 averaged: 2520.11 (top score: 10100)
Nets of generation 67 averaged: 2479.96 (top score: 10732)
Nets of generation 68 averaged: 2493.74 (top score: 7704)
Nets of generation 69 averaged: 2360.98 (top score: 8220)
Nets of generation 70 averaged: 2442.4 (top score: 10212)
Nets of generation 71 averaged: 2460.22 (top score: 12204)
Nets of generation 72 averaged: 2463.39 (top score: 12992)
Nets of generation 73 averaged: 2601.03 (top score: 9424)
Nets of generation 74 averaged: 2538.6 (top score: 7936)
Nets of generation 75 averaged: 2583.19 (top score: 10896)
Nets of generation 76 averaged: 2470.5 (top score: 9784)
Nets of generation 77 averaged: 2603.99 (top score: 9616)
Nets of generation 78 averaged: 2694.54 (top score: 11728)
Nets of generation 79 averaged: 2603.21 (top score: 7896)
Nets of generation 80 averaged: 2464.43 (top score: 10868)
Nets of generation 81 averaged: 2459.4 (top score: 8136)
Nets of generation 82 averaged: 2519.2 (top score: 10652)
Nets of generation 83 averaged: 2605.13 (top score: 11080)
Nets of generation 84 averaged: 2620.01 (top score: 10672)
Nets of generation 85 averaged: 2534.86 (top score: 13436)
Nets of generation 86 averaged: 2524.75 (top score: 11560)
Nets of generation 87 averaged: 2503.73 (top score: 12744)
Nets of generation 88 averaged: 2571.64 (top score: 9488)
Nets of generation 89 averaged: 2523.5 (top score: 9576)
Nets of generation 90 averaged: 2547.09 (top score: 10188)
Nets of generation 91 averaged: 2513.15 (top score: 8084)
Nets of generation 92 averaged: 2572.35 (top score: 11820)
Nets of generation 93 averaged: 2446.4 (top score: 14592)
Nets of generation 94 averaged: 2554.1 (top score: 10656)
Nets of generation 95 averaged: 2536.1 (top score: 8128)
Nets of generation 96 averaged: 2413.84 (top score: 7992)
Nets of generation 97 averaged: 2425.05 (top score: 9864)
Nets of generation 98 averaged: 2523.76 (top score: 9884)
Nets of generation 99 averaged: 2581.74 (top score: 12296)
Nets of generation 100 averaged: 2595.49 (top score: 11260)
Nets of generation 101 averaged: 2532.23 (top score: 13820)
Nets of generation 102 averaged: 2713.64 (top score: 9968)
Nets of generation 103 averaged: 2626.52 (top score: 11584)
Nets of generation 104 averaged: 2631.77 (top score: 8028)
Nets of generation 105 averaged: 2617.48 (top score: 11440)
Nets of generation 106 averaged: 2587.86 (top score: 8540)
Nets of generation 107 averaged: 2580.57 (top score: 11972)
Nets of generation 108 averaged: 2523.11 (top score: 11140)
Nets of generation 109 averaged: 2549.61 (top score: 10284)
Nets of generation 110 averaged: 2583.39 (top score: 10468)
Nets of generation 111 averaged: 2651.54 (top score: 16260)
Nets of generation 112 averaged: 2708.84 (top score: 11316)
Nets of generation 113 averaged: 2572.76 (top score: 14308)
Nets of generation 114 averaged: 2643.58 (top score: 12112)
Nets of generation 115 averaged: 2699.46 (top score: 11868)
Nets of generation 116 averaged: 2653.03 (top score: 12576)
Nets of generation 117 averaged: 2721.38 (top score: 10752)
Nets of generation 118 averaged: 2645.74 (top score: 9964)
Nets of generation 119 averaged: 2685.37 (top score: 11256)
Nets of generation 120 averaged: 2691.08 (top score: 10728)
Nets of generation 121 averaged: 2679.95 (top score: 10020)
Nets of generation 122 averaged: 2633.02 (top score: 7960)
Nets of generation 123 averaged: 2623.01 (top score: 8468)
Nets of generation 124 averaged: 2582.17 (top score: 8372)
Nets of generation 125 averaged: 2491.74 (top score: 10536)
Nets of generation 126 averaged: 2497.54 (top score: 10552)
Nets of generation 127 averaged: 2555.98 (top score: 11420)
Nets of generation 128 averaged: 2495.64 (top score: 8160)
Nets of generation 129 averaged: 2500.77 (top score: 10436)
Nets of generation 130 averaged: 2475.49 (top score: 11652)
Nets of generation 131 averaged: 2575.73 (top score: 12072)
Nets of generation 132 averaged: 2468.54 (top score: 10452)
Nets of generation 133 averaged: 2493.82 (top score: 14476)
Nets of generation 134 averaged: 2541.84 (top score: 10668)
Nets of generation 135 averaged: 2502.48 (top score: 12620)
Nets of generation 136 averaged: 2427.44 (top score: 9684)
Nets of generation 137 averaged: 2457 (top score: 10548)
Nets of generation 138 averaged: 2549.74 (top score: 9616)
Nets of generation 139 averaged: 2523.84 (top score: 11056)
Nets of generation 140 averaged: 2560.44 (top score: 12124)
Nets of generation 141 averaged: 2561.7 (top score: 9472)
Nets of generation 142 averaged: 2575.49 (top score: 10868)
Nets of generation 143 averaged: 2494.77 (top score: 10324)
Nets of generation 144 averaged: 2457.8 (top score: 11088)
Nets of generation 145 averaged: 2552.08 (top score: 10548)
Nets of generation 146 averaged: 2579.65 (top score: 10508)
Nets of generation 147 averaged: 2599.88 (top score: 12072)
Nets of generation 148 averaged: 2584.54 (top score: 11680)
Nets of generation 149 averaged: 2543.39 (top score: 9452)
Nets of generation 150 averaged: 2744.98 (top score: 12152)
Nets of generation 151 averaged: 2481.95 (top score: 10460)
Nets of generation 152 averaged: 2666.75 (top score: 11540)
Nets of generation 153 averaged: 2581.17 (top score: 12116)
Nets of generation 154 averaged: 2707.96 (top score: 11136)
Nets of generation 155 averaged: 2544.65 (top score: 12336)
Nets of generation 156 averaged: 2552.9 (top score: 11348)
Nets of generation 157 averaged: 2483.31 (top score: 10636)
Nets of generation 158 averaged: 2490.91 (top score: 12588)
Nets of generation 159 averaged: 2455.97 (top score: 12368)
Nets of generation 160 averaged: 2633.1 (top score: 10112)
Nets of generation 161 averaged: 2469.6 (top score: 12396)
Nets of generation 162 averaged: 2493.71 (top score: 12124)
Nets of generation 163 averaged: 2546.84 (top score: 14204)
Nets of generation 164 averaged: 2487.99 (top score: 11080)
Nets of generation 165 averaged: 2445.06 (top score: 9392)
Nets of generation 166 averaged: 2441.91 (top score: 11408)
Nets of generation 167 averaged: 2431.98 (top score: 12956)
Nets of generation 168 averaged: 2481.83 (top score: 11100)
Nets of generation 169 averaged: 2430.94 (top score: 7788)
Nets of generation 170 averaged: 2536.8 (top score: 11272)
Nets of generation 171 averaged: 2498.47 (top score: 10736)
Nets of generation 172 averaged: 2536.56 (top score: 8900)
Nets of generation 173 averaged: 2569.12 (top score: 10372)
Nets of generation 174 averaged: 2670.64 (top score: 14584)
Nets of generation 175 averaged: 2689.18 (top score: 11232)
Nets of generation 176 averaged: 2673.96 (top score: 10676)
Nets of generation 177 averaged: 2712.52 (top score: 12168)
Nets of generation 178 averaged: 2659.34 (top score: 12220)
Nets of generation 179 averaged: 2726.01 (top score: 13636)
Nets of generation 180 averaged: 2735.32 (top score: 11792)
Nets of generation 181 averaged: 2837.65 (top score: 14700)
Nets of generation 182 averaged: 2896.13 (top score: 10492)
Nets of generation 183 averaged: 2831.36 (top score: 9996)
Nets of generation 184 averaged: 2736.33 (top score: 9744)
Nets of generation 185 averaged: 2781.73 (top score: 12336)
Nets of generation 186 averaged: 2663.08 (top score: 12132)
Nets of generation 187 averaged: 2757.64 (top score: 10824)
Nets of generation 188 averaged: 2807.86 (top score: 12264)
Nets of generation 189 averaged: 2712.52 (top score: 11912)
Nets of generation 190 averaged: 2747.28 (top score: 12184)
Nets of generation 191 averaged: 2648.76 (top score: 11216)
Nets of generation 192 averaged: 2682.48 (top score: 12304)
Nets of generation 193 averaged: 2761.15 (top score: 10636)
Nets of generation 194 averaged: 2694.51 (top score: 10892)
Nets of generation 195 averaged: 2715.1 (top score: 11072)
Nets of generation 196 averaged: 2686.14 (top score: 14728)
Nets of generation 197 averaged: 2688.16 (top score: 14704)
Nets of generation 198 averaged: 2713.46 (top score: 10572)
Nets of generation 199 averaged: 2700.7 (top score: 12764)
Nets of generation 200 averaged: 2777.62 (top score: 9756)
Nets of generation 201 averaged: 2849.87 (top score: 12256)
Nets of generation 202 averaged: 2785.99 (top score: 12184)
Nets of generation 203 averaged: 2889.56 (top score: 11440)
Nets of generation 204 averaged: 2816.22 (top score: 13784)
Nets of generation 205 averaged: 2795.49 (top score: 10052)
Nets of generation 206 averaged: 2703.94 (top score: 12484)
Nets of generation 207 averaged: 2770.78 (top score: 10684)
Nets of generation 208 averaged: 2704.48 (top score: 14532)
Nets of generation 209 averaged: 2677.43 (top score: 12352)
Nets of generation 210 averaged: 2761.76 (top score: 11988)
Nets of generation 211 averaged: 2749.93 (top score: 11408)
Nets of generation 212 averaged: 2663.79 (top score: 14204)
Nets of generation 213 averaged: 2755.52 (top score: 13380)
Nets of generation 214 averaged: 2721.86 (top score: 12160)
Nets of generation 215 averaged: 2713.31 (top score: 11912)
Nets of generation 216 averaged: 2742.19 (top score: 10628)
Nets of generation 217 averaged: 2614.76 (top score: 7924)
Nets of generation 218 averaged: 2838.43 (top score: 14344)
Nets of generation 219 averaged: 2868.94 (top score: 12256)
Nets of generation 220 averaged: 2776.93 (top score: 11532)
Nets of generation 221 averaged: 2770.04 (top score: 12500)
Nets of generation 222 averaged: 2901.8 (top score: 14488)
Nets of generation 223 averaged: 2691.86 (top score: 9868)
Nets of generation 224 averaged: 2812.78 (top score: 12276)
Nets of generation 225 averaged: 2851.66 (top score: 12212)
Nets of generation 226 averaged: 2697.97 (top score: 11852)
Nets of generation 227 averaged: 2786.15 (top score: 11556)
Nets of generation 228 averaged: 2915.69 (top score: 12544)
Nets of generation 229 averaged: 2831.01 (top score: 11872)
Nets of generation 230 averaged: 2928.92 (top score: 12256)
Nets of generation 231 averaged: 2820.06 (top score: 11720)
Nets of generation 232 averaged: 2902.66 (top score: 11476)
Nets of generation 233 averaged: 2917.14 (top score: 14440)
Nets of generation 234 averaged: 2909.67 (top score: 11268)
Nets of generation 235 averaged: 2853.13 (top score: 13488)
Nets of generation 236 averaged: 2931.67 (top score: 10396)
Nets of generation 237 averaged: 2841.99 (top score: 11504)
Nets of generation 238 averaged: 2865.62 (top score: 11824)
Nets of generation 239 averaged: 2785.34 (top score: 11376)
Nets of generation 240 averaged: 2823.29 (top score: 9868)
Nets of generation 241 averaged: 2855.51 (top score: 11160)
Nets of generation 242 averaged: 2797.63 (top score: 12808)
Nets of generation 243 averaged: 2867.44 (top score: 12296)
Nets of generation 244 averaged: 2686.05 (top score: 11612)
Nets of generation 245 averaged: 2683.76 (top score: 10488)
Nets of generation 246 averaged: 2786.1 (top score: 10708)
Nets of generation 247 averaged: 2781.12 (top score: 9612)
Nets of generation 248 averaged: 2829.26 (top score: 12576)
Nets of generation 249 averaged: 2867.99 (top score: 12264)
Nets of generation 250 averaged: 2712.67 (top score: 11108)
Nets of generation 251 averaged: 2717.82 (top score: 11596)
Nets of generation 252 averaged: 2764.12 (top score: 8272)
Nets of generation 253 averaged: 2847.57 (top score: 9648)
Nets of generation 254 averaged: 2839.68 (top score: 11504)
Nets of generation 255 averaged: 2816.22 (top score: 11992)
Nets of generation 256 averaged: 2701.56 (top score: 10672)
Nets of generation 257 averaged: 2815.47 (top score: 11704)
Nets of generation 258 averaged: 2718.6 (top score: 11460)
Nets of generation 259 averaged: 2852.16 (top score: 10088)
Nets of generation 260 averaged: 2760.86 (top score: 11396)
Nets of generation 261 averaged: 2764.5 (top score: 10692)
Nets of generation 262 averaged: 2884 (top score: 11664)
Nets of generation 263 averaged: 2957.58 (top score: 10784)
Nets of generation 264 averaged: 2994.12 (top score: 12140)
Nets of generation 265 averaged: 2957.51 (top score: 11352)
Nets of generation 266 averaged: 2840.52 (top score: 14084)
Nets of generation 267 averaged: 2979.5 (top score: 12404)
Nets of generation 268 averaged: 3094.27 (top score: 12432)
Nets of generation 269 averaged: 3008.5 (top score: 11832)
Nets of generation 270 averaged: 2850.36 (top score: 12124)
Nets of generation 271 averaged: 2963.34 (top score: 15448)
Nets of generation 272 averaged: 2948.08 (top score: 12320)
Nets of generation 273 averaged: 2904.68 (top score: 10980)
Nets of generation 274 averaged: 2934.75 (top score: 12176)
Nets of generation 275 averaged: 2911.36 (top score: 10296)
Nets of generation 276 averaged: 2912.35 (top score: 11780)
Nets of generation 277 averaged: 2938.66 (top score: 11672)
Nets of generation 278 averaged: 2965.24 (top score: 10776)
Nets of generation 279 averaged: 2991.64 (top score: 11804)
Nets of generation 280 averaged: 3029.34 (top score: 11708)
Nets of generation 281 averaged: 2941.38 (top score: 12848)
Nets of generation 282 averaged: 2985.22 (top score: 12120)
Nets of generation 283 averaged: 2906.54 (top score: 12188)
Nets of generation 284 averaged: 2962.22 (top score: 11948)
Nets of generation 285 averaged: 2915.08 (top score: 10272)
Nets of generation 286 averaged: 2979.26 (top score: 11084)
Nets of generation 287 averaged: 2978.52 (top score: 12544)
Nets of generation 288 averaged: 2824.55 (top score: 7900)
Nets of generation 289 averaged: 2960.37 (top score: 13092)
Nets of generation 290 averaged: 2944.42 (top score: 12480)
Nets of generation 291 averaged: 2944.62 (top score: 13704)
Nets of generation 292 averaged: 2880.3 (top score: 12368)
Nets of generation 293 averaged: 2963.84 (top score: 13164)
Nets of generation 294 averaged: 3114.24 (top score: 12160)
Nets of generation 295 averaged: 3052.61 (top score: 14452)
Nets of generation 296 averaged: 3073.26 (top score: 15516)
Nets of generation 297 averaged: 3188.66 (top score: 12512)
Nets of generation 298 averaged: 3041.8 (top score: 13564)
Nets of generation 299 averaged: 2950.61 (top score: 11152)
Nets of generation 300 averaged: 2967.98 (top score: 12372)
Nets of generation 301 averaged: 2911.7 (top score: 10720)
Nets of generation 302 averaged: 2942.14 (top score: 13760)
Nets of generation 303 averaged: 2929.57 (top score: 13732)
Nets of generation 304 averaged: 2924.64 (top score: 10952)
Nets of generation 305 averaged: 2952.63 (top score: 12044)
Nets of generation 306 averaged: 2881.51 (top score: 12024)
Nets of generation 307 averaged: 2972.42 (top score: 13208)
Nets of generation 308 averaged: 2983.47 (top score: 12300)
Nets of generation 309 averaged: 2839.09 (top score: 11924)
Nets of generation 310 averaged: 2828.29 (top score: 15204)
Nets of generation 311 averaged: 2890.42 (top score: 11744)
Nets of generation 312 averaged: 2783 (top score: 12164)
Nets of generation 313 averaged: 2808.63 (top score: 12184)
Nets of generation 314 averaged: 2909.22 (top score: 12400)
Nets of generation 315 averaged: 2726.28 (top score: 12508)
Nets of generation 316 averaged: 2875.63 (top score: 10320)
Nets of generation 317 averaged: 2836.47 (top score: 11736)
Nets of generation 318 averaged: 2880.39 (top score: 10956)
Nets of generation 319 averaged: 2944.57 (top score: 10488)
Nets of generation 320 averaged: 2854.56 (top score: 10048)
Nets of generation 321 averaged: 2832.36 (top score: 12888)
Nets of generation 322 averaged: 2948.33 (top score: 10708)
Nets of generation 323 averaged: 2911.38 (top score: 11964)
Nets of generation 324 averaged: 2986.24 (top score: 12248)
Nets of generation 325 averaged: 2945.32 (top score: 12776)
Nets of generation 326 averaged: 2957.1 (top score: 10736)
Nets of generation 327 averaged: 3011.68 (top score: 12776)
Nets of generation 328 averaged: 3003.97 (top score: 12344)
Nets of generation 329 averaged: 2993.32 (top score: 11396)
Nets of generation 330 averaged: 2907.59 (top score: 12716)
Nets of generation 331 averaged: 2931.73 (top score: 10552)
Nets of generation 332 averaged: 2886.06 (top score: 8504)
Nets of generation 333 averaged: 2922.48 (top score: 12524)
Nets of generation 334 averaged: 2889.33 (top score: 13820)
Nets of generation 335 averaged: 2816.81 (top score: 8816)
Nets of generation 336 averaged: 2788.64 (top score: 9456)
Nets of generation 337 averaged: 2725.62 (top score: 12316)
Nets of generation 338 averaged: 2658.81 (top score: 10096)
Nets of generation 339 averaged: 2751.56 (top score: 10416)
Nets of generation 340 averaged: 2884.92 (top score: 12828)
Nets of generation 341 averaged: 2778.24 (top score: 13168)
Nets of generation 342 averaged: 2693.96 (top score: 8380)
Nets of generation 343 averaged: 2649.87 (top score: 11392)
Nets of generation 344 averaged: 2724.07 (top score: 10108)
Nets of generation 345 averaged: 2716.04 (top score: 12248)
Nets of generation 346 averaged: 2789.59 (top score: 11680)
Nets of generation 347 averaged: 2757.22 (top score: 9780)
Nets of generation 348 averaged: 2627.25 (top score: 11624)
Nets of generation 349 averaged: 2705.48 (top score: 11412)
Nets of generation 350 averaged: 2689.17 (top score: 10384)
Nets of generation 351 averaged: 2772.86 (top score: 11776)
Nets of generation 352 averaged: 2806.94 (top score: 12788)
Nets of generation 353 averaged: 2644.07 (top score: 11408)
Nets of generation 354 averaged: 2737.76 (top score: 11028)
Nets of generation 355 averaged: 2698.05 (top score: 12224)
Nets of generation 356 averaged: 2652.55 (top score: 12084)
Nets of generation 357 averaged: 2880.12 (top score: 13020)
Nets of generation 358 averaged: 2749.07 (top score: 12380)
Nets of generation 359 averaged: 2736.92 (top score: 8676)
Nets of generation 360 averaged: 2842.1 (top score: 10172)
Nets of generation 361 averaged: 2772.52 (top score: 11964)
Nets of generation 362 averaged: 2792.27 (top score: 10700)
Nets of generation 363 averaged: 2833.23 (top score: 12156)
Nets of generation 364 averaged: 2794.7 (top score: 11252)
Nets of generation 365 averaged: 2759.12 (top score: 12232)
Nets of generation 366 averaged: 2888.36 (top score: 11852)
Nets of generation 367 averaged: 2864.73 (top score: 15396)
Nets of generation 368 averaged: 2880.23 (top score: 11808)
Nets of generation 369 averaged: 2891.67 (top score: 11436)
Nets of generation 370 averaged: 2844.82 (top score: 15836)
Nets of generation 371 averaged: 2757.73 (top score: 10584)
Nets of generation 372 averaged: 2801.09 (top score: 11568)
Nets of generation 373 averaged: 2705.22 (top score: 12120)
Nets of generation 374 averaged: 2909.6 (top score: 12844)
Nets of generation 375 averaged: 2877.68 (top score: 12868)
Nets of generation 376 averaged: 2893.91 (top score: 11308)
Nets of generation 377 averaged: 2874.97 (top score: 12248)
Nets of generation 378 averaged: 2790.96 (top score: 10288)
Nets of generation 379 averaged: 2837.7 (top score: 12316)
Nets of generation 380 averaged: 2760.4 (top score: 12980)
Nets of generation 381 averaged: 2944.56 (top score: 12844)
Nets of generation 382 averaged: 2820.33 (top score: 12228)
Nets of generation 383 averaged: 2686.03 (top score: 10764)
Nets of generation 384 averaged: 2624.94 (top score: 13908)
Nets of generation 385 averaged: 2638.22 (top score: 10532)
Nets of generation 386 averaged: 2630.84 (top score: 12304)
Nets of generation 387 averaged: 2671 (top score: 9996)
Nets of generation 388 averaged: 2775.18 (top score: 11324)
Nets of generation 389 averaged: 2631.69 (top score: 10312)
Nets of generation 390 averaged: 2707.62 (top score: 11344)
Nets of generation 391 averaged: 2730.45 (top score: 8264)
Nets of generation 392 averaged: 2683.13 (top score: 7952)
Nets of generation 393 averaged: 2830.6 (top score: 11452)
Nets of generation 394 averaged: 2859.96 (top score: 10828)
Nets of generation 395 averaged: 2850.5 (top score: 11280)
Nets of generation 396 averaged: 2792.59 (top score: 10460)
Nets of generation 397 averaged: 2806 (top score: 12496)
Nets of generation 398 averaged: 2754.96 (top score: 11472)
Nets of generation 399 averaged: 2855.34 (top score: 9792)
Nets of generation 400 averaged: 2916.57 (top score: 10688)
Nets of generation 401 averaged: 2885.2 (top score: 10040)
Nets of generation 402 averaged: 2862.99 (top score: 11704)
Nets of generation 403 averaged: 2864.22 (top score: 10484)
Nets of generation 404 averaged: 2991.17 (top score: 12888)
Nets of generation 405 averaged: 2978.32 (top score: 11932)
Nets of generation 406 averaged: 2966.73 (top score: 11188)
Nets of generation 407 averaged: 2846.02 (top score: 11504)
Nets of generation 408 averaged: 2901.84 (top score: 7884)
Nets of generation 409 averaged: 2945.54 (top score: 10672)
Nets of generation 410 averaged: 2891.16 (top score: 12544)
Nets of generation 411 averaged: 2907.8 (top score: 12308)
Nets of generation 412 averaged: 2849.38 (top score: 11480)
Nets of generation 413 averaged: 3112.15 (top score: 12448)
Nets of generation 414 averaged: 2970.82 (top score: 13544)
Nets of generation 415 averaged: 3103.96 (top score: 12584)
Nets of generation 416 averaged: 3047.43 (top score: 12196)
Nets of generation 417 averaged: 3087.13 (top score: 12624)
Nets of generation 418 averaged: 3103.32 (top score: 11788)
Nets of generation 419 averaged: 3087.35 (top score: 12196)
Nets of generation 420 averaged: 3136.56 (top score: 12216)
Nets of generation 421 averaged: 3089.12 (top score: 12432)
Nets of generation 422 averaged: 3118.38 (top score: 11220)
Nets of generation 423 averaged: 3113.1 (top score: 12356)
Nets of generation 424 averaged: 3084.04 (top score: 11436)
Nets of generation 425 averaged: 3115.33 (top score: 11304)
Nets of generation 426 averaged: 3062.06 (top score: 11836)
Nets of generation 427 averaged: 3112.02 (top score: 13524)
Nets of generation 428 averaged: 3139 (top score: 12364)
Nets of generation 429 averaged: 3171.46 (top score: 14700)
Nets of generation 430 averaged: 2975.54 (top score: 12876)
Nets of generation 431 averaged: 3142.24 (top score: 11048)
Nets of generation 432 averaged: 3092.84 (top score: 14388)
Nets of generation 433 averaged: 3161.3 (top score: 12612)
Nets of generation 434 averaged: 3095.34 (top score: 13464)
Nets of generation 435 averaged: 3151.07 (top score: 11736)
Nets of generation 436 averaged: 3151.17 (top score: 12276)
Nets of generation 437 averaged: 3110.62 (top score: 12296)
Nets of generation 438 averaged: 3120 (top score: 12548)
Nets of generation 439 averaged: 3201.56 (top score: 15312)
Nets of generation 440 averaged: 3196.84 (top score: 11780)
Nets of generation 441 averaged: 3162.72 (top score: 12820)
Nets of generation 442 averaged: 3247.33 (top score: 14652)
Nets of generation 443 averaged: 3210.06 (top score: 11996)
Nets of generation 444 averaged: 3258.6 (top score: 14168)
Nets of generation 445 averaged: 3141.8 (top score: 11116)
Nets of generation 446 averaged: 3179.28 (top score: 12868)
Nets of generation 447 averaged: 3330.8 (top score: 13872)
Nets of generation 448 averaged: 3266.38 (top score: 12504)
Nets of generation 449 averaged: 3215.84 (top score: 10984)
Nets of generation 450 averaged: 3161.59 (top score: 12432)
Nets of generation 451 averaged: 3129.53 (top score: 12252)
Nets of generation 452 averaged: 3199.47 (top score: 12152)
Nets of generation 453 averaged: 3156.35 (top score: 13552)
Nets of generation 454 averaged: 3052.49 (top score: 11740)
Nets of generation 455 averaged: 3248.42 (top score: 12684)
Nets of generation 456 averaged: 3110.46 (top score: 14588)
Nets of generation 457 averaged: 3222.81 (top score: 14220)
Nets of generation 458 averaged: 3031.02 (top score: 14736)
Nets of generation 459 averaged: 3010.48 (top score: 13032)
Nets of generation 460 averaged: 3117.68 (top score: 12052)
Nets of generation 461 averaged: 3087.02 (top score: 11000)
Nets of generation 462 averaged: 3133.83 (top score: 11692)
Nets of generation 463 averaged: 3131.84 (top score: 12748)
Nets of generation 464 averaged: 3013.23 (top score: 11812)
Nets of generation 465 averaged: 3084.98 (top score: 11448)
Nets of generation 466 averaged: 3102.28 (top score: 13732)
Nets of generation 467 averaged: 3056.26 (top score: 12336)
Nets of generation 468 averaged: 3028.2 (top score: 12112)
Nets of generation 469 averaged: 3051.59 (top score: 11932)
Nets of generation 470 averaged: 3117.58 (top score: 11444)
Nets of generation 471 averaged: 3012.84 (top score: 10820)
Nets of generation 472 averaged: 2994.32 (top score: 10504)
Nets of generation 473 averaged: 3048.56 (top score: 12260)
Nets of generation 474 averaged: 3168.55 (top score: 10972)
Nets of generation 475 averaged: 2993.25 (top score: 12896)
Nets of generation 476 averaged: 3046.65 (top score: 11772)
Nets of generation 477 averaged: 3099.75 (top score: 11932)
Nets of generation 478 averaged: 3199.52 (top score: 14740)
Nets of generation 479 averaged: 3263.31 (top score: 12688)
Nets of generation 480 averaged: 3305.6 (top score: 12300)
Nets of generation 481 averaged: 3308.63 (top score: 11580)
Nets of generation 482 averaged: 3503.83 (top score: 13420)
Nets of generation 483 averaged: 3606.64 (top score: 12220)
Nets of generation 484 averaged: 3365.73 (top score: 12656)
Nets of generation 485 averaged: 3713.03 (top score: 15800)
Nets of generation 486 averaged: 3557.37 (top score: 14516)
Nets of generation 487 averaged: 3482.18 (top score: 13976)
Nets of generation 488 averaged: 3375.16 (top score: 14068)
Nets of generation 489 averaged: 3436.69 (top score: 16680)
Nets of generation 490 averaged: 3342.35 (top score: 13016)
Nets of generation 491 averaged: 3380.62 (top score: 13488)
Nets of generation 492 averaged: 3506.46 (top score: 12220)
Nets of generation 493 averaged: 3497.24 (top score: 13824)
Nets of generation 494 averaged: 3429.06 (top score: 12556)
Nets of generation 495 averaged: 3537.13 (top score: 14320)
Nets of generation 496 averaged: 3363.37 (top score: 12596)
Nets of generation 497 averaged: 3512.42 (top score: 13112)
Nets of generation 498 averaged: 3470.54 (top score: 12456)
Nets of generation 499 averaged: 3460.32 (top score: 14480)
Nets of generation 500 averaged: 3400.88 (top score: 15512)
Nets of generation 501 averaged: 3554.32 (top score: 14496)
Nets of generation 502 averaged: 3390.12 (top score: 15456)
Nets of generation 503 averaged: 3532.24 (top score: 14856)
Nets of generation 504 averaged: 3357.31 (top score: 15532)
Nets of generation 505 averaged: 3486.37 (top score: 14816)
Nets of generation 506 averaged: 3399.96 (top score: 13004)
Nets of generation 507 averaged: 3407.41 (top score: 15300)
Nets of generation 508 averaged: 3532.82 (top score: 15108)
Nets of generation 509 averaged: 3390.24 (top score: 12492)
Nets of generation 510 averaged: 3408.29 (top score: 13356)
Nets of generation 511 averaged: 3400.92 (top score: 16180)
Nets of generation 512 averaged: 3621.3 (top score: 13052)
Nets of generation 513 averaged: 3558.74 (top score: 15588)
Nets of generation 514 averaged: 3446.55 (top score: 13428)
Nets of generation 515 averaged: 3335.7 (top score: 16396)
Nets of generation 516 averaged: 3539.18 (top score: 12156)
Nets of generation 517 averaged: 3448.91 (top score: 15576)
Nets of generation 518 averaged: 3517.84 (top score: 12976)
Nets of generation 519 averaged: 3591.89 (top score: 13740)
Nets of generation 520 averaged: 3508.59 (top score: 15164)
Nets of generation 521 averaged: 3562.96 (top score: 17252)
Nets of generation 522 averaged: 3626.6 (top score: 14656)
Nets of generation 523 averaged: 3444.36 (top score: 14668)
Nets of generation 524 averaged: 3593.8 (top score: 14660)
Nets of generation 525 averaged: 3645.2 (top score: 14096)
Nets of generation 526 averaged: 3530.52 (top score: 15444)
Nets of generation 527 averaged: 3625.37 (top score: 14812)
Nets of generation 528 averaged: 3658.84 (top score: 14548)
Nets of generation 529 averaged: 3570.62 (top score: 15516)
Nets of generation 530 averaged: 3766.44 (top score: 14032)
Nets of generation 531 averaged: 3688.46 (top score: 14328)
Nets of generation 532 averaged: 3740.88 (top score: 14320)
Nets of generation 533 averaged: 3763.38 (top score: 14624)
Nets of generation 534 averaged: 3662.79 (top score: 16288)
Nets of generation 535 averaged: 3835.96 (top score: 14448)
Nets of generation 536 averaged: 3809.91 (top score: 12212)
Nets of generation 537 averaged: 3841.12 (top score: 15760)
Nets of generation 538 averaged: 3878.59 (top score: 13656)
Nets of generation 539 averaged: 3764.23 (top score: 16228)
Nets of generation 540 averaged: 3650.3 (top score: 12444)
Nets of generation 541 averaged: 3711.05 (top score: 15704)
Nets of generation 542 averaged: 3831.42 (top score: 13148)
Nets of generation 543 averaged: 3833.82 (top score: 14764)
Nets of generation 544 averaged: 3696.98 (top score: 14548)
Nets of generation 545 averaged: 3592.07 (top score: 13984)
Nets of generation 546 averaged: 3638.17 (top score: 14520)
Nets of generation 547 averaged: 3788.01 (top score: 16204)
Nets of generation 548 averaged: 3713.01 (top score: 14104)
Nets of generation 549 averaged: 3758.16 (top score: 12336)
Nets of generation 550 averaged: 3801.12 (top score: 15484)
Nets of generation 551 averaged: 3705.26 (top score: 13688)
Nets of generation 552 averaged: 3795.26 (top score: 14992)
Nets of generation 553 averaged: 3816.65 (top score: 15908)
Nets of generation 554 averaged: 3929.75 (top score: 12700)
Nets of generation 555 averaged: 3871.71 (top score: 15096)
Nets of generation 556 averaged: 3882.02 (top score: 14520)
Nets of generation 557 averaged: 3940.44 (top score: 16664)
Nets of generation 558 averaged: 3914.65 (top score: 15076)
Nets of generation 559 averaged: 3972.5 (top score: 16324)
Nets of generation 560 averaged: 3830.04 (top score: 15984)
Nets of generation 561 averaged: 3936.44 (top score: 15784)
Nets of generation 562 averaged: 3845 (top score: 15856)
Nets of generation 563 averaged: 3837 (top score: 14184)
Nets of generation 564 averaged: 3864.73 (top score: 15648)
Nets of generation 565 averaged: 3782.6 (top score: 15532)
Nets of generation 566 averaged: 3696.67 (top score: 16252)
Nets of generation 567 averaged: 3821.66 (top score: 12856)
Nets of generation 568 averaged: 3758.82 (top score: 14844)
Nets of generation 569 averaged: 3682.68 (top score: 13572)
Nets of generation 570 averaged: 3559.1 (top score: 15800)
Nets of generation 571 averaged: 3706.91 (top score: 15968)
Nets of generation 572 averaged: 3677.44 (top score: 15324)
Nets of generation 573 averaged: 3568.89 (top score: 12456)
Nets of generation 574 averaged: 3697.92 (top score: 14440)
Nets of generation 575 averaged: 3617.83 (top score: 16456)
Nets of generation 576 averaged: 3674.26 (top score: 13940)
Nets of generation 577 averaged: 3811.62 (top score: 16084)
Nets of generation 578 averaged: 3800.59 (top score: 13140)
Nets of generation 579 averaged: 3705.68 (top score: 15332)
Nets of generation 580 averaged: 3774.98 (top score: 15968)
Nets of generation 581 averaged: 3908.09 (top score: 16152)
Nets of generation 582 averaged: 3716.97 (top score: 16112)
Nets of generation 583 averaged: 3897.44 (top score: 16300)
Nets of generation 584 averaged: 3751.27 (top score: 12984)
Nets of generation 585 averaged: 3750.2 (top score: 13408)
Nets of generation 586 averaged: 3795.5 (top score: 16128)
Nets of generation 587 averaged: 3772.94 (top score: 15392)
Nets of generation 588 averaged: 3683.23 (top score: 14880)
Nets of generation 589 averaged: 3726.68 (top score: 14820)
Nets of generation 590 averaged: 3689.99 (top score: 14588)
Nets of generation 591 averaged: 3616.17 (top score: 15612)
Nets of generation 592 averaged: 3678.73 (top score: 15636)
Nets of generation 593 averaged: 3873.41 (top score: 15700)
Nets of generation 594 averaged: 3596.81 (top score: 14412)
Nets of generation 595 averaged: 3689.15 (top score: 14552)
Nets of generation 596 averaged: 3600.84 (top score: 14496)
Nets of generation 597 averaged: 3631.07 (top score: 12864)
Nets of generation 598 averaged: 3645.94 (top score: 14756)
Nets of generation 599 averaged: 3651.21 (top score: 16252)
Nets of generation 600 averaged: 3594.47 (top score: 14184)
Nets of generation 601 averaged: 3597.74 (top score: 14776)
Nets of generation 602 averaged: 3614.44 (top score: 16200)
Nets of generation 603 averaged: 3635.86 (top score: 15692)
Nets of generation 604 averaged: 3714.89 (top score: 14860)
Nets of generation 605 averaged: 3634.9 (top score: 14732)
Nets of generation 606 averaged: 3678.97 (top score: 14104)
Nets of generation 607 averaged: 3709.02 (top score: 15344)
Nets of generation 608 averaged: 3723.86 (top score: 14368)
Nets of generation 609 averaged: 3673.29 (top score: 14616)
Nets of generation 610 averaged: 3613.76 (top score: 13160)
Nets of generation 611 averaged: 3483.67 (top score: 13496)
Nets of generation 612 averaged: 3561.73 (top score: 15052)
Nets of generation 613 averaged: 3616.31 (top score: 12784)
Nets of generation 614 averaged: 3513.71 (top score: 14384)
Nets of generation 615 averaged: 3578.3 (top score: 12548)
Nets of generation 616 averaged: 3418.36 (top score: 14052)
Nets of generation 617 averaged: 3437.51 (top score: 15620)
Nets of generation 618 averaged: 3501.26 (top score: 14008)
Nets of generation 619 averaged: 3487.8 (top score: 12452)
Nets of generation 620 averaged: 3569.06 (top score: 12232)
Nets of generation 621 averaged: 3428.48 (top score: 13616)
Nets of generation 622 averaged: 3520.54 (top score: 12188)
Nets of generation 623 averaged: 3274.82 (top score: 11728)
Nets of generation 624 averaged: 3345.69 (top score: 16176)
Nets of generation 625 averaged: 3407.2 (top score: 11884)
Nets of generation 626 averaged: 3439.61 (top score: 15524)
Nets of generation 627 averaged: 3438.23 (top score: 13752)
Nets of generation 628 averaged: 3622.17 (top score: 14316)
Nets of generation 629 averaged: 3637.6 (top score: 15844)
Nets of generation 630 averaged: 3388.08 (top score: 12900)
Nets of generation 631 averaged: 3500.7 (top score: 22764)
Nets of generation 632 averaged: 3377.93 (top score: 13408)
Nets of generation 633 averaged: 3403.76 (top score: 13456)
Nets of generation 634 averaged: 3483.53 (top score: 14540)
Nets of generation 635 averaged: 3473.75 (top score: 12304)
Nets of generation 636 averaged: 3472.02 (top score: 13476)
Nets of generation 637 averaged: 3379.61 (top score: 13508)
Nets of generation 638 averaged: 3569.87 (top score: 12316)
Nets of generation 639 averaged: 3520.44 (top score: 15048)
Nets of generation 640 averaged: 3638.38 (top score: 12268)
Nets of generation 641 averaged: 3510.19 (top score: 14372)
Nets of generation 642 averaged: 3631.28 (top score: 13960)
Nets of generation 643 averaged: 3555.52 (top score: 13836)
Nets of generation 644 averaged: 3444.04 (top score: 15060)
Nets of generation 645 averaged: 3367.22 (top score: 15404)
Nets of generation 646 averaged: 3555.03 (top score: 14204)
Nets of generation 647 averaged: 3570.08 (top score: 14512)
Nets of generation 648 averaged: 3591.85 (top score: 13772)
Nets of generation 649 averaged: 3546.04 (top score: 14076)
Nets of generation 650 averaged: 3510.47 (top score: 13292)
Nets of generation 651 averaged: 3521.11 (top score: 13908)
Nets of generation 652 averaged: 3505.99 (top score: 13616)
Nets of generation 653 averaged: 3521.8 (top score: 14352)
Nets of generation 654 averaged: 3565.75 (top score: 13200)
Nets of generation 655 averaged: 3656.36 (top score: 17048)
Nets of generation 656 averaged: 3486.69 (top score: 11916)
Nets of generation 657 averaged: 3566.74 (top score: 15744)
Nets of generation 658 averaged: 3588.98 (top score: 12940)
Nets of generation 659 averaged: 3503.57 (top score: 13208)
Nets of generation 660 averaged: 3501.36 (top score: 12976)
Nets of generation 661 averaged: 3530.98 (top score: 14288)
Nets of generation 662 averaged: 3630.49 (top score: 12404)
Nets of generation 663 averaged: 3598.68 (top score: 12308)
Nets of generation 664 averaged: 3604.17 (top score: 14728)
Nets of generation 665 averaged: 3521.84 (top score: 14440)
Nets of generation 666 averaged: 3521.28 (top score: 12876)
Nets of generation 667 averaged: 3648.72 (top score: 15788)
Nets of generation 668 averaged: 3623.62 (top score: 14428)
Nets of generation 669 averaged: 3591.19 (top score: 16464)
Nets of generation 670 averaged: 3782.64 (top score: 14464)
Nets of generation 671 averaged: 3684.95 (top score: 15556)
Nets of generation 672 averaged: 3707.17 (top score: 14088)
Nets of generation 673 averaged: 3513.39 (top score: 15108)
Nets of generation 674 averaged: 3587.86 (top score: 13216)
Nets of generation 675 averaged: 3514.38 (top score: 15152)
Nets of generation 676 averaged: 3525.5 (top score: 14956)
Nets of generation 677 averaged: 3647.78 (top score: 12308)
Nets of generation 678 averaged: 3550.33 (top score: 14256)
Nets of generation 679 averaged: 3594.84 (top score: 14760)
Nets of generation 680 averaged: 3513.78 (top score: 15492)
Nets of generation 681 averaged: 3533.48 (top score: 12216)
Nets of generation 682 averaged: 3618.53 (top score: 16080)
Nets of generation 683 averaged: 3734.3 (top score: 16312)
Nets of generation 684 averaged: 3582.13 (top score: 14056)
Nets of generation 685 averaged: 3627.32 (top score: 13536)
Nets of generation 686 averaged: 3652.56 (top score: 13120)
Nets of generation 687 averaged: 3522.47 (top score: 12480)
Nets of generation 688 averaged: 3653.22 (top score: 13948)
Nets of generation 689 averaged: 3718.4 (top score: 12844)
Nets of generation 690 averaged: 3643.88 (top score: 15140)
Nets of generation 691 averaged: 3588.78 (top score: 13192)
Nets of generation 692 averaged: 3575.22 (top score: 12924)
Nets of generation 693 averaged: 3585.58 (top score: 12676)
Nets of generation 694 averaged: 3617.77 (top score: 14288)
Nets of generation 695 averaged: 3645.09 (top score: 15640)
Nets of generation 696 averaged: 3651.81 (top score: 13908)
Nets of generation 697 averaged: 3620.16 (top score: 14692)
Nets of generation 698 averaged: 3749.21 (top score: 15956)
Nets of generation 699 averaged: 3679.72 (top score: 16116)
Nets of generation 700 averaged: 3674.42 (top score: 14888)
Nets of generation 701 averaged: 3770.84 (top score: 14332)
Nets of generation 702 averaged: 3697.32 (top score: 15448)
Nets of generation 703 averaged: 3666.16 (top score: 13576)
Nets of generation 704 averaged: 3737.35 (top score: 12936)
Nets of generation 705 averaged: 3611.86 (top score: 12152)
Nets of generation 706 averaged: 3526.14 (top score: 16380)
Nets of generation 707 averaged: 3653.98 (top score: 13964)
Nets of generation 708 averaged: 3581.66 (top score: 16052)
Nets of generation 709 averaged: 3656.51 (top score: 15192)
Nets of generation 710 averaged: 3671.94 (top score: 14276)
Nets of generation 711 averaged: 3587.28 (top score: 12500)
Nets of generation 712 averaged: 3622.44 (top score: 13992)
Nets of generation 713 averaged: 3550.41 (top score: 11920)
Nets of generation 714 averaged: 3641.56 (top score: 14528)
Nets of generation 715 averaged: 3813.38 (top score: 14548)
Nets of generation 716 averaged: 3634.34 (top score: 14792)
Nets of generation 717 averaged: 3660.54 (top score: 13660)
Nets of generation 718 averaged: 3731.08 (top score: 15488)
Nets of generation 719 averaged: 3684.05 (top score: 14676)
Nets of generation 720 averaged: 3691.84 (top score: 14848)
Nets of generation 721 averaged: 3675.11 (top score: 15232)
Nets of generation 722 averaged: 3608.81 (top score: 15700)
Nets of generation 723 averaged: 3666.99 (top score: 15464)
Nets of generation 724 averaged: 3588.69 (top score: 15060)
Nets of generation 725 averaged: 3823.37 (top score: 15960)
Nets of generation 726 averaged: 3580.68 (top score: 12208)
Nets of generation 727 averaged: 3579.42 (top score: 14764)
Nets of generation 728 averaged: 3644.11 (top score: 15156)
Nets of generation 729 averaged: 3522.82 (top score: 13832)
Nets of generation 730 averaged: 3515.6 (top score: 14760)
Nets of generation 731 averaged: 3637.2 (top score: 12184)
Nets of generation 732 averaged: 3548.66 (top score: 12400)
Nets of generation 733 averaged: 3482.63 (top score: 12992)
Nets of generation 734 averaged: 3624.72 (top score: 14252)
Nets of generation 735 averaged: 3635.33 (top score: 14596)
Nets of generation 736 averaged: 3520.42 (top score: 13620)
Nets of generation 737 averaged: 3581.5 (top score: 16252)
Nets of generation 738 averaged: 3503.97 (top score: 13100)
Nets of generation 739 averaged: 3505.35 (top score: 14140)
Nets of generation 740 averaged: 3622.8 (top score: 15768)
Nets of generation 741 averaged: 3679.55 (top score: 14660)
Nets of generation 742 averaged: 3558.74 (top score: 12876)
Nets of generation 743 averaged: 3657.44 (top score: 14024)
Nets of generation 744 averaged: 3622.51 (top score: 14216)
Nets of generation 745 averaged: 3490.5 (top score: 12996)
Nets of generation 746 averaged: 3481.32 (top score: 12024)
Nets of generation 747 averaged: 3471.49 (top score: 14716)
Nets of generation 748 averaged: 3380.48 (top score: 12356)
Nets of generation 749 averaged: 3635.9 (top score: 14660)
Nets of generation 750 averaged: 3626.68 (top score: 14212)
Nets of generation 751 averaged: 3503.17 (top score: 12736)
Nets of generation 752 averaged: 3646 (top score: 14548)
Nets of generation 753 averaged: 3567.98 (top score: 13452)
Nets of generation 754 averaged: 3619.83 (top score: 14444)
Nets of generation 755 averaged: 3713.05 (top score: 15408)
Nets of generation 756 averaged: 3663.98 (top score: 14380)
Nets of generation 757 averaged: 3630.95 (top score: 13376)
Nets of generation 758 averaged: 3703.33 (top score: 15360)
Nets of generation 759 averaged: 3666.64 (top score: 16196)
Nets of generation 760 averaged: 3732.59 (top score: 15776)
Nets of generation 761 averaged: 3533.28 (top score: 15596)
Nets of generation 762 averaged: 3621.98 (top score: 14612)
Nets of generation 763 averaged: 3557.95 (top score: 12280)
Nets of generation 764 averaged: 3670.32 (top score: 12812)
Nets of generation 765 averaged: 3602.78 (top score: 14548)
Nets of generation 766 averaged: 3553.1 (top score: 12564)
Nets of generation 767 averaged: 3515.44 (top score: 12900)
Nets of generation 768 averaged: 3570.1 (top score: 14044)
Nets of generation 769 averaged: 3649.09 (top score: 13596)
Nets of generation 770 averaged: 3628.84 (top score: 13784)
Nets of generation 771 averaged: 3443.87 (top score: 12404)
Nets of generation 772 averaged: 3476.28 (top score: 12240)
Nets of generation 773 averaged: 3579.96 (top score: 12588)
Nets of generation 774 averaged: 3570.74 (top score: 13800)
Nets of generation 775 averaged: 3505.23 (top score: 14472)
Nets of generation 776 averaged: 3497.29 (top score: 14460)
Nets of generation 777 averaged: 3583.08 (top score: 14784)
Nets of generation 778 averaged: 3658.79 (top score: 15104)
Nets of generation 779 averaged: 3594.65 (top score: 12280)
Nets of generation 780 averaged: 3476.88 (top score: 14528)
Nets of generation 781 averaged: 3569.86 (top score: 13388)
Nets of generation 782 averaged: 3529.76 (top score: 12332)
Nets of generation 783 averaged: 3496.08 (top score: 14924)
Nets of generation 784 averaged: 3450.72 (top score: 13816)
Nets of generation 785 averaged: 3565.32 (top score: 14352)
Nets of generation 786 averaged: 3418.85 (top score: 16084)
Nets of generation 787 averaged: 3491.77 (top score: 13924)
Nets of generation 788 averaged: 3386.12 (top score: 14812)
Nets of generation 789 averaged: 3539.15 (top score: 14340)
Nets of generation 790 averaged: 3405.8 (top score: 14268)
Nets of generation 791 averaged: 3466.05 (top score: 14524)
Nets of generation 792 averaged: 3430.53 (top score: 16456)
Nets of generation 793 averaged: 3484.84 (top score: 15328)
Nets of generation 794 averaged: 3438.1 (top score: 13512)
Nets of generation 795 averaged: 3445.74 (top score: 15600)
Nets of generation 796 averaged: 3445.64 (top score: 12600)
Nets of generation 797 averaged: 3343.58 (top score: 15004)
Nets of generation 798 averaged: 3458.1 (top score: 12684)
Nets of generation 799 averaged: 3430.85 (top score: 14500)
Nets of generation 800 averaged: 3495.62 (top score: 16248)
Nets of generation 801 averaged: 3321.43 (top score: 15360)
Nets of generation 802 averaged: 3435.7 (top score: 14980)
Nets of generation 803 averaged: 3325.46 (top score: 14840)
Nets of generation 804 averaged: 3479.94 (top score: 12444)
Nets of generation 805 averaged: 3423.11 (top score: 15376)
Nets of generation 806 averaged: 3405.04 (top score: 15460)
Nets of generation 807 averaged: 3604.95 (top score: 15356)
Nets of generation 808 averaged: 3624.4 (top score: 12988)
Nets of generation 809 averaged: 3453.19 (top score: 12716)
Nets of generation 810 averaged: 3642.57 (top score: 15904)
Nets of generation 811 averaged: 3566.56 (top score: 16076)
Nets of generation 812 averaged: 3562.58 (top score: 15244)
Nets of generation 813 averaged: 3579.12 (top score: 13608)
Nets of generation 814 averaged: 3597.32 (top score: 15672)
Nets of generation 815 averaged: 3446.46 (top score: 16656)
Nets of generation 816 averaged: 3625.66 (top score: 12556)
Nets of generation 817 averaged: 3551.65 (top score: 14564)
Nets of generation 818 averaged: 3565.24 (top score: 16256)
Nets of generation 819 averaged: 3608.61 (top score: 13692)
Nets of generation 820 averaged: 3570.46 (top score: 15584)
Nets of generation 821 averaged: 3485.61 (top score: 12420)
Nets of generation 822 averaged: 3770.16 (top score: 15124)
Nets of generation 823 averaged: 3599.91 (top score: 16492)
Nets of generation 824 averaged: 3696.19 (top score: 16584)
Nets of generation 825 averaged: 3506.02 (top score: 15556)
Nets of generation 826 averaged: 3514.93 (top score: 15524)
Nets of generation 827 averaged: 3600.25 (top score: 14536)
Nets of generation 828 averaged: 3476.16 (top score: 12376)
Nets of generation 829 averaged: 3591.58 (top score: 12520)
Nets of generation 830 averaged: 3555.58 (top score: 12484)
Nets of generation 831 averaged: 3607.71 (top score: 14864)
Nets of generation 832 averaged: 3374.79 (top score: 11852)
Nets of generation 833 averaged: 3462.16 (top score: 15428)
Nets of generation 834 averaged: 3504.35 (top score: 13880)
Nets of generation 835 averaged: 3596.19 (top score: 12928)
Nets of generation 836 averaged: 3537.04 (top score: 14896)
Nets of generation 837 averaged: 3600.73 (top score: 14440)
Nets of generation 838 averaged: 3496.31 (top score: 14092)
Nets of generation 839 averaged: 3519.63 (top score: 14360)
Nets of generation 840 averaged: 3373.07 (top score: 12196)
Nets of generation 841 averaged: 3476.04 (top score: 14412)
Nets of generation 842 averaged: 3429.48 (top score: 16120)
Nets of generation 843 averaged: 3442.01 (top score: 22528)
Nets of generation 844 averaged: 3547.13 (top score: 14588)
Nets of generation 845 averaged: 3583.56 (top score: 15808)
Nets of generation 846 averaged: 3415.67 (top score: 12764)
Nets of generation 847 averaged: 3392.53 (top score: 14408)
Nets of generation 848 averaged: 3569.92 (top score: 16916)
Nets of generation 849 averaged: 3455.1 (top score: 12732)
Nets of generation 850 averaged: 3557.89 (top score: 13568)
Nets of generation 851 averaged: 3489.52 (top score: 14000)
Nets of generation 852 averaged: 3633.55 (top score: 14592)
Nets of generation 853 averaged: 3529.01 (top score: 14572)
Nets of generation 854 averaged: 3514.17 (top score: 13588)
Nets of generation 855 averaged: 3621.37 (top score: 12352)
Nets of generation 856 averaged: 3584.44 (top score: 13720)
Nets of generation 857 averaged: 3548.09 (top score: 14728)
Nets of generation 858 averaged: 3635.04 (top score: 14632)
Nets of generation 859 averaged: 3551.81 (top score: 14032)
Nets of generation 860 averaged: 3691.81 (top score: 15080)
Nets of generation 861 averaged: 3574.84 (top score: 14552)
Nets of generation 862 averaged: 3520.61 (top score: 14836)
Nets of generation 863 averaged: 3514.84 (top score: 13032)
Nets of generation 864 averaged: 3370.48 (top score: 14124)
Nets of generation 865 averaged: 3493.92 (top score: 15812)
Nets of generation 866 averaged: 3681.08 (top score: 15496)
Nets of generation 867 averaged: 3553.34 (top score: 15232)
Nets of generation 868 averaged: 3603.34 (top score: 15568)
Nets of generation 869 averaged: 3480.42 (top score: 14336)
Nets of generation 870 averaged: 3399.14 (top score: 13140)
Nets of generation 871 averaged: 3480.21 (top score: 16560)
Nets of generation 872 averaged: 3521.08 (top score: 14232)
Nets of generation 873 averaged: 3490.26 (top score: 15824)
Nets of generation 874 averaged: 3597.01 (top score: 14176)
Nets of generation 875 averaged: 3630.02 (top score: 13316)
Nets of generation 876 averaged: 3513.94 (top score: 16296)
Nets of generation 877 averaged: 3522.26 (top score: 14324)
Nets of generation 878 averaged: 3473.12 (top score: 15508)
Nets of generation 879 averaged: 3547.34 (top score: 14416)
Nets of generation 880 averaged: 3616.71 (top score: 13276)
Nets of generation 881 averaged: 3531.15 (top score: 14320)
Nets of generation 882 averaged: 3386.01 (top score: 15768)
Nets of generation 883 averaged: 3456.83 (top score: 12300)
Nets of generation 884 averaged: 3487.6 (top score: 14456)
Nets of generation 885 averaged: 3494.84 (top score: 14312)
Nets of generation 886 averaged: 3452.32 (top score: 14784)
Nets of generation 887 averaged: 3622.96 (top score: 15988)
Nets of generation 888 averaged: 3482.55 (top score: 14560)
Nets of generation 889 averaged: 3451.69 (top score: 12252)
Nets of generation 890 averaged: 3634.69 (top score: 14112)
Nets of generation 891 averaged: 3382.74 (top score: 12648)
Nets of generation 892 averaged: 3636.4 (top score: 12820)
Nets of generation 893 averaged: 3529.67 (top score: 13288)
Nets of generation 894 averaged: 3634.99 (top score: 13232)
Nets of generation 895 averaged: 3578.85 (top score: 15872)
Nets of generation 896 averaged: 3556.88 (top score: 15836)
Nets of generation 897 averaged: 3434.48 (top score: 12932)
Nets of generation 898 averaged: 3480.07 (top score: 13040)
Nets of generation 899 averaged: 3508.53 (top score: 14648)
Nets of generation 900 averaged: 3686.57 (top score: 14532)
Nets of generation 901 averaged: 3650.64 (top score: 13712)
Nets of generation 902 averaged: 3411 (top score: 15388)
Nets of generation 903 averaged: 3442.42 (top score: 14604)
Nets of generation 904 averaged: 3620.17 (top score: 14048)
Nets of generation 905 averaged: 3606.8 (top score: 15668)
Nets of generation 906 averaged: 3550.82 (top score: 14332)
Nets of generation 907 averaged: 3609.55 (top score: 15588)
Nets of generation 908 averaged: 3636.9 (top score: 14320)
Nets of generation 909 averaged: 3632.16 (top score: 12924)
Nets of generation 910 averaged: 3578.92 (top score: 13860)
Nets of generation 911 averaged: 3633.81 (top score: 14456)
Nets of generation 912 averaged: 3824.92 (top score: 12808)
Nets of generation 913 averaged: 3600.07 (top score: 13952)
Nets of generation 914 averaged: 3647.94 (top score: 13336)
Nets of generation 915 averaged: 3587 (top score: 15664)
Nets of generation 916 averaged: 3705.41 (top score: 13096)
Nets of generation 917 averaged: 3642.73 (top score: 15296)
Nets of generation 918 averaged: 3563.05 (top score: 14504)
Nets of generation 919 averaged: 3584.97 (top score: 16076)
Nets of generation 920 averaged: 3620.62 (top score: 12484)
Nets of generation 921 averaged: 3621.65 (top score: 14812)
Nets of generation 922 averaged: 3460.14 (top score: 14444)
Nets of generation 923 averaged: 3497.53 (top score: 11732)
Nets of generation 924 averaged: 3518.2 (top score: 12692)
Nets of generation 925 averaged: 3603.59 (top score: 13032)
Nets of generation 926 averaged: 3599.12 (top score: 14720)
Nets of generation 927 averaged: 3526.3 (top score: 13208)
Nets of generation 928 averaged: 3541.62 (top score: 14760)
Nets of generation 929 averaged: 3588.16 (top score: 16172)
Nets of generation 930 averaged: 3523.18 (top score: 13064)
Nets of generation 931 averaged: 3511.68 (top score: 13896)
Nets of generation 932 averaged: 3521.83 (top score: 14960)
Nets of generation 933 averaged: 3611.75 (top score: 14312)
Nets of generation 934 averaged: 3542.34 (top score: 13532)
Nets of generation 935 averaged: 3534.48 (top score: 14380)
Nets of generation 936 averaged: 3598.66 (top score: 14672)
Nets of generation 937 averaged: 3535.25 (top score: 13792)
Nets of generation 938 averaged: 3514.27 (top score: 11640)
Nets of generation 939 averaged: 3547.82 (top score: 15736)
Nets of generation 940 averaged: 3553.12 (top score: 14536)
Nets of generation 941 averaged: 3489.67 (top score: 13016)
Nets of generation 942 averaged: 3569.01 (top score: 15340)
Nets of generation 943 averaged: 3552.22 (top score: 13232)
Nets of generation 944 averaged: 3543.46 (top score: 14936)
Nets of generation 945 averaged: 3655.55 (top score: 14668)
Nets of generation 946 averaged: 3588.06 (top score: 15640)
Nets of generation 947 averaged: 3533.26 (top score: 15664)
Nets of generation 948 averaged: 3508.88 (top score: 12520)
Nets of generation 949 averaged: 3585.46 (top score: 15216)
Nets of generation 950 averaged: 3559.76 (top score: 14296)
Nets of generation 951 averaged: 3576 (top score: 12580)
Nets of generation 952 averaged: 3524.51 (top score: 13104)
Nets of generation 953 averaged: 3526.6 (top score: 15672)
Nets of generation 954 averaged: 3491.65 (top score: 12964)
Nets of generation 955 averaged: 3439.02 (top score: 14196)
Nets of generation 956 averaged: 3523.86 (top score: 23716)
Nets of generation 957 averaged: 3423.14 (top score: 12432)
Nets of generation 958 averaged: 3444.66 (top score: 14456)
Nets of generation 959 averaged: 3516.7 (top score: 16408)
Nets of generation 960 averaged: 3630.52 (top score: 15952)
Nets of generation 961 averaged: 3410.88 (top score: 15280)
Nets of generation 962 averaged: 3561.62 (top score: 12728)
Nets of generation 963 averaged: 3489.83 (top score: 14316)
Nets of generation 964 averaged: 3490.89 (top score: 14388)
Nets of generation 965 averaged: 3634.14 (top score: 15328)
Nets of generation 966 averaged: 3586.27 (top score: 14704)
Nets of generation 967 averaged: 3557.56 (top score: 13596)
Nets of generation 968 averaged: 3503.62 (top score: 12584)
Nets of generation 969 averaged: 3578.48 (top score: 14840)
Nets of generation 970 averaged: 3749.74 (top score: 14380)
Nets of generation 971 averaged: 3729.58 (top score: 14972)
Nets of generation 972 averaged: 3582.43 (top score: 14616)
Nets of generation 973 averaged: 3665.68 (top score: 14528)
Nets of generation 974 averaged: 3692.19 (top score: 14384)
Nets of generation 975 averaged: 3609.81 (top score: 12568)
Nets of generation 976 averaged: 3765.63 (top score: 14736)
Nets of generation 977 averaged: 3633.76 (top score: 14292)
Nets of generation 978 averaged: 3585.27 (top score: 15976)
Nets of generation 979 averaged: 3716.48 (top score: 14288)
Nets of generation 980 averaged: 3853.5 (top score: 14208)
Nets of generation 981 averaged: 3753.5 (top score: 16124)
Nets of generation 982 averaged: 3751.14 (top score: 14336)
Nets of generation 983 averaged: 3801.3 (top score: 15660)
Nets of generation 984 averaged: 3739.37 (top score: 14692)
Nets of generation 985 averaged: 3684.8 (top score: 12520)
Nets of generation 986 averaged: 3665.58 (top score: 16260)
Nets of generation 987 averaged: 3565.83 (top score: 14944)
Nets of generation 988 averaged: 3645.14 (top score: 15304)
Nets of generation 989 averaged: 3544.7 (top score: 13652)
Nets of generation 990 averaged: 3551.07 (top score: 12880)
Nets of generation 991 averaged: 3629.38 (top score: 16172)
Nets of generation 992 averaged: 3530.32 (top score: 14944)
Nets of generation 993 averaged: 3605.42 (top score: 13564)
Nets of generation 994 averaged: 3603.3 (top score: 16068)
Nets of generation 995 averaged: 3606.48 (top score: 15064)
Nets of generation 996 averaged: 3668.87 (top score: 12280)
Nets of generation 997 averaged: 3610.11 (top score: 12908)
Nets of generation 998 averaged: 3527.31 (top score: 14560)
Nets of generation 999 averaged: 3521.8 (top score: 16068)
