Initialized with: 
numGenerations: 1000
numNets: 100
numGamesPerNet: 20
netHiddenLayerSize: 16
chMode: h
treeDepth: 2
Nets of generation 0 averaged: 905.434 (top score: 3704)
Nets of generation 1 averaged: 1007.33 (top score: 5028)
Nets of generation 2 averaged: 1001.35 (top score: 5464)
Nets of generation 3 averaged: 1069.41 (top score: 5596)
Nets of generation 4 averaged: 1108 (top score: 5816)
Nets of generation 5 averaged: 1129.03 (top score: 4972)
Nets of generation 6 averaged: 1143.07 (top score: 5700)
Nets of generation 7 averaged: 1181.49 (top score: 6020)
Nets of generation 8 averaged: 1207.14 (top score: 5468)
Nets of generation 9 averaged: 1261.01 (top score: 5656)
Nets of generation 10 averaged: 1307.23 (top score: 5856)
Nets of generation 11 averaged: 1379.6 (top score: 5612)
Nets of generation 12 averaged: 1329.44 (top score: 5384)
Nets of generation 13 averaged: 1368.27 (top score: 6804)
Nets of generation 14 averaged: 1364.36 (top score: 5620)
Nets of generation 15 averaged: 1357.21 (top score: 6072)
Nets of generation 16 averaged: 1381.08 (top score: 6768)
Nets of generation 17 averaged: 1370.32 (top score: 6668)
Nets of generation 18 averaged: 1459.26 (top score: 5812)
Nets of generation 19 averaged: 1368.15 (top score: 5684)
Nets of generation 20 averaged: 1379.22 (top score: 5688)
Nets of generation 21 averaged: 1489.55 (top score: 7008)
Nets of generation 22 averaged: 1471.89 (top score: 5932)
Nets of generation 23 averaged: 1519.8 (top score: 6796)
Nets of generation 24 averaged: 1473.22 (top score: 6320)
Nets of generation 25 averaged: 1470.75 (top score: 7212)
Nets of generation 26 averaged: 1545.2 (top score: 7864)
Nets of generation 27 averaged: 1532.78 (top score: 6260)
Nets of generation 28 averaged: 1515.83 (top score: 5652)
Nets of generation 29 averaged: 1470.16 (top score: 6880)
Nets of generation 30 averaged: 1547 (top score: 6504)
Nets of generation 31 averaged: 1594.72 (top score: 7028)
Nets of generation 32 averaged: 1576.14 (top score: 6320)
Nets of generation 33 averaged: 1609.88 (top score: 6756)
Nets of generation 34 averaged: 1668.44 (top score: 7528)
Nets of generation 35 averaged: 1630.84 (top score: 7380)
Nets of generation 36 averaged: 1721.11 (top score: 6744)
Nets of generation 37 averaged: 1709.5 (top score: 6872)
Nets of generation 38 averaged: 1689.86 (top score: 6828)
Nets of generation 39 averaged: 1638.65 (top score: 6652)
Nets of generation 40 averaged: 1586.31 (top score: 6744)
Nets of generation 41 averaged: 1649.29 (top score: 6540)
Nets of generation 42 averaged: 1694.88 (top score: 6980)
Nets of generation 43 averaged: 1730.41 (top score: 7468)
Nets of generation 44 averaged: 1746.12 (top score: 7520)
Nets of generation 45 averaged: 1691.28 (top score: 6672)
Nets of generation 46 averaged: 1663.68 (top score: 6876)
Nets of generation 47 averaged: 1723.41 (top score: 6396)
Nets of generation 48 averaged: 1768.95 (top score: 7380)
Nets of generation 49 averaged: 1696.86 (top score: 10504)
Nets of generation 50 averaged: 1755.75 (top score: 7012)
Nets of generation 51 averaged: 1745.67 (top score: 6192)
Nets of generation 52 averaged: 1839.25 (top score: 7400)
Nets of generation 53 averaged: 1831.4 (top score: 11328)
Nets of generation 54 averaged: 1920.5 (top score: 11156)
Nets of generation 55 averaged: 1939.43 (top score: 7276)
Nets of generation 56 averaged: 1918.59 (top score: 7476)
Nets of generation 57 averaged: 1913.65 (top score: 9808)
Nets of generation 58 averaged: 1957.1 (top score: 10044)
Nets of generation 59 averaged: 2008.93 (top score: 7304)
Nets of generation 60 averaged: 2085.41 (top score: 11576)
Nets of generation 61 averaged: 2114.35 (top score: 8052)
Nets of generation 62 averaged: 2123.14 (top score: 9912)
Nets of generation 63 averaged: 2174.27 (top score: 8532)
Nets of generation 64 averaged: 2180.97 (top score: 7832)
Nets of generation 65 averaged: 2174.35 (top score: 7488)
Nets of generation 66 averaged: 2214.21 (top score: 11432)
Nets of generation 67 averaged: 2233.78 (top score: 11800)
Nets of generation 68 averaged: 2246.7 (top score: 8584)
Nets of generation 69 averaged: 2231.5 (top score: 10424)
Nets of generation 70 averaged: 2153.25 (top score: 10108)
Nets of generation 71 averaged: 2237.94 (top score: 8736)
Nets of generation 72 averaged: 2246.18 (top score: 11376)
Nets of generation 73 averaged: 2270.35 (top score: 10180)
Nets of generation 74 averaged: 2238.93 (top score: 8024)
Nets of generation 75 averaged: 2301.45 (top score: 9808)
Nets of generation 76 averaged: 2366.16 (top score: 12288)
Nets of generation 77 averaged: 2464.22 (top score: 8444)
Nets of generation 78 averaged: 2399.85 (top score: 12392)
Nets of generation 79 averaged: 2377.65 (top score: 10568)
Nets of generation 80 averaged: 2393.74 (top score: 10292)
Nets of generation 81 averaged: 2481.87 (top score: 11400)
Nets of generation 82 averaged: 2381.48 (top score: 13620)
Nets of generation 83 averaged: 2345.5 (top score: 12408)
Nets of generation 84 averaged: 2391.87 (top score: 11712)
Nets of generation 85 averaged: 2401.85 (top score: 12156)
Nets of generation 86 averaged: 2454.14 (top score: 12632)
Nets of generation 87 averaged: 2404.66 (top score: 12452)
Nets of generation 88 averaged: 2441.09 (top score: 11616)
Nets of generation 89 averaged: 2543.44 (top score: 10448)
Nets of generation 90 averaged: 2528.3 (top score: 12088)
Nets of generation 91 averaged: 2598.87 (top score: 11488)
Nets of generation 92 averaged: 2562.96 (top score: 11264)
Nets of generation 93 averaged: 2458.09 (top score: 10672)
Nets of generation 94 averaged: 2527.94 (top score: 13016)
Nets of generation 95 averaged: 2590.3 (top score: 13976)
Nets of generation 96 averaged: 2681.42 (top score: 12416)
Nets of generation 97 averaged: 2612.84 (top score: 12216)
Nets of generation 98 averaged: 2724.27 (top score: 12180)
Nets of generation 99 averaged: 2601.74 (top score: 12028)
Nets of generation 100 averaged: 2694.21 (top score: 13060)
Nets of generation 101 averaged: 2698.16 (top score: 14088)
Nets of generation 102 averaged: 2614.65 (top score: 11820)
Nets of generation 103 averaged: 2584.97 (top score: 12912)
Nets of generation 104 averaged: 2642.58 (top score: 10684)
Nets of generation 105 averaged: 2684.42 (top score: 11912)
Nets of generation 106 averaged: 2604.13 (top score: 14324)
Nets of generation 107 averaged: 2726.23 (top score: 13040)
Nets of generation 108 averaged: 2642.62 (top score: 12960)
Nets of generation 109 averaged: 2667.69 (top score: 10728)
Nets of generation 110 averaged: 2613.84 (top score: 12380)
Nets of generation 111 averaged: 2689.65 (top score: 13040)
Nets of generation 112 averaged: 2683.43 (top score: 10784)
Nets of generation 113 averaged: 2855.32 (top score: 11524)
Nets of generation 114 averaged: 2804.39 (top score: 14052)
Nets of generation 115 averaged: 2742.09 (top score: 11936)
Nets of generation 116 averaged: 2765.39 (top score: 12292)
Nets of generation 117 averaged: 2655.85 (top score: 12244)
Nets of generation 118 averaged: 2683.12 (top score: 12132)
Nets of generation 119 averaged: 2745.21 (top score: 12508)
Nets of generation 120 averaged: 2736.67 (top score: 11444)
Nets of generation 121 averaged: 2784.9 (top score: 12188)
Nets of generation 122 averaged: 2750.26 (top score: 13864)
Nets of generation 123 averaged: 2764.52 (top score: 12196)
Nets of generation 124 averaged: 2723.96 (top score: 12368)
Nets of generation 125 averaged: 2628.71 (top score: 11464)
Nets of generation 126 averaged: 2666.17 (top score: 12320)
Nets of generation 127 averaged: 2802.92 (top score: 11400)
Nets of generation 128 averaged: 2756.58 (top score: 12192)
Nets of generation 129 averaged: 2804.82 (top score: 11228)
Nets of generation 130 averaged: 2838.63 (top score: 12704)
Nets of generation 131 averaged: 2884.24 (top score: 13732)
Nets of generation 132 averaged: 2825.91 (top score: 12552)
Nets of generation 133 averaged: 2739.96 (top score: 12112)
Nets of generation 134 averaged: 2812.12 (top score: 11736)
Nets of generation 135 averaged: 2801.76 (top score: 11744)
Nets of generation 136 averaged: 2914.28 (top score: 12220)
Nets of generation 137 averaged: 2767.86 (top score: 14500)
Nets of generation 138 averaged: 2804.07 (top score: 12940)
Nets of generation 139 averaged: 2942.45 (top score: 16456)
Nets of generation 140 averaged: 2919.98 (top score: 11712)
Nets of generation 141 averaged: 2784.63 (top score: 12132)
Nets of generation 142 averaged: 2714.39 (top score: 10828)
Nets of generation 143 averaged: 2750.22 (top score: 14880)
Nets of generation 144 averaged: 2774.53 (top score: 13840)
Nets of generation 145 averaged: 2824.61 (top score: 11532)
Nets of generation 146 averaged: 2822.65 (top score: 13664)
Nets of generation 147 averaged: 2762.83 (top score: 14148)
Nets of generation 148 averaged: 2831.51 (top score: 12580)
Nets of generation 149 averaged: 2687.48 (top score: 12048)
Nets of generation 150 averaged: 2848.08 (top score: 11560)
Nets of generation 151 averaged: 2685.46 (top score: 12036)
Nets of generation 152 averaged: 2843.9 (top score: 12072)
Nets of generation 153 averaged: 2869.71 (top score: 14804)
Nets of generation 154 averaged: 2779.31 (top score: 13852)
Nets of generation 155 averaged: 2855.62 (top score: 14136)
Nets of generation 156 averaged: 2859.2 (top score: 15172)
Nets of generation 157 averaged: 2834.54 (top score: 11900)
Nets of generation 158 averaged: 2779.17 (top score: 12100)
Nets of generation 159 averaged: 2744.85 (top score: 12160)
Nets of generation 160 averaged: 2847.25 (top score: 13448)
Nets of generation 161 averaged: 2843.1 (top score: 12412)
Nets of generation 162 averaged: 2811.93 (top score: 12112)
Nets of generation 163 averaged: 2754.76 (top score: 12720)
Nets of generation 164 averaged: 2692.24 (top score: 11344)
Nets of generation 165 averaged: 2676.76 (top score: 13196)
Nets of generation 166 averaged: 2665.88 (top score: 14812)
Nets of generation 167 averaged: 2816.37 (top score: 12328)
Nets of generation 168 averaged: 2739.68 (top score: 12512)
Nets of generation 169 averaged: 2748.42 (top score: 11976)
Nets of generation 170 averaged: 2715.38 (top score: 12768)
Nets of generation 171 averaged: 2820.13 (top score: 15736)
Nets of generation 172 averaged: 2843.4 (top score: 12668)
Nets of generation 173 averaged: 2778.51 (top score: 12416)
Nets of generation 174 averaged: 2725.06 (top score: 14500)
Nets of generation 175 averaged: 2775.57 (top score: 15496)
Nets of generation 176 averaged: 2855.74 (top score: 14664)
Nets of generation 177 averaged: 2814.76 (top score: 12084)
Nets of generation 178 averaged: 2772.18 (top score: 13296)
Nets of generation 179 averaged: 2964.66 (top score: 12352)
Nets of generation 180 averaged: 2947.77 (top score: 15460)
Nets of generation 181 averaged: 2930.1 (top score: 14532)
Nets of generation 182 averaged: 2886.92 (top score: 12460)
Nets of generation 183 averaged: 2850.17 (top score: 13320)
Nets of generation 184 averaged: 2825.4 (top score: 12568)
Nets of generation 185 averaged: 2816.32 (top score: 14636)
Nets of generation 186 averaged: 2718.74 (top score: 13516)
Nets of generation 187 averaged: 2819.61 (top score: 14852)
Nets of generation 188 averaged: 2761.57 (top score: 14648)
Nets of generation 189 averaged: 2845.73 (top score: 14164)
Nets of generation 190 averaged: 2903.04 (top score: 11976)
Nets of generation 191 averaged: 2968.15 (top score: 12876)
Nets of generation 192 averaged: 2947.2 (top score: 13388)
Nets of generation 193 averaged: 2888.32 (top score: 11824)
Nets of generation 194 averaged: 2974.81 (top score: 14104)
Nets of generation 195 averaged: 2960.4 (top score: 12188)
Nets of generation 196 averaged: 3074.29 (top score: 14700)
Nets of generation 197 averaged: 2917.33 (top score: 14548)
Nets of generation 198 averaged: 3037.17 (top score: 16168)
Nets of generation 199 averaged: 2991.17 (top score: 14540)
Nets of generation 200 averaged: 2935.29 (top score: 12424)
Nets of generation 201 averaged: 3058.32 (top score: 14360)
Nets of generation 202 averaged: 3013.61 (top score: 12032)
Nets of generation 203 averaged: 2908.54 (top score: 14588)
Nets of generation 204 averaged: 2967.91 (top score: 14056)
Nets of generation 205 averaged: 2976.24 (top score: 14404)
Nets of generation 206 averaged: 3042.4 (top score: 13588)
Nets of generation 207 averaged: 3012.92 (top score: 14784)
Nets of generation 208 averaged: 2995.02 (top score: 12584)
Nets of generation 209 averaged: 2925.48 (top score: 14636)
Nets of generation 210 averaged: 2957.82 (top score: 12448)
Nets of generation 211 averaged: 2978.5 (top score: 14784)
Nets of generation 212 averaged: 2975.27 (top score: 14564)
Nets of generation 213 averaged: 2955.16 (top score: 14376)
Nets of generation 214 averaged: 2970.1 (top score: 13100)
Nets of generation 215 averaged: 2973.98 (top score: 14488)
Nets of generation 216 averaged: 2940.72 (top score: 12004)
Nets of generation 217 averaged: 3057.65 (top score: 13472)
Nets of generation 218 averaged: 2999.81 (top score: 13704)
Nets of generation 219 averaged: 3033.45 (top score: 14360)
Nets of generation 220 averaged: 3046.83 (top score: 13920)
Nets of generation 221 averaged: 2936.58 (top score: 12292)
Nets of generation 222 averaged: 3040.08 (top score: 14304)
Nets of generation 223 averaged: 2921.33 (top score: 13476)
Nets of generation 224 averaged: 2849.51 (top score: 13264)
Nets of generation 225 averaged: 2846.09 (top score: 14240)
Nets of generation 226 averaged: 2758.57 (top score: 15452)
Nets of generation 227 averaged: 2848.1 (top score: 12492)
Nets of generation 228 averaged: 2866.98 (top score: 15688)
Nets of generation 229 averaged: 2867.74 (top score: 14380)
Nets of generation 230 averaged: 2948.21 (top score: 12592)
Nets of generation 231 averaged: 3035.49 (top score: 14916)
Nets of generation 232 averaged: 2926.58 (top score: 14296)
Nets of generation 233 averaged: 2954.2 (top score: 13696)
Nets of generation 234 averaged: 3032.58 (top score: 14096)
Nets of generation 235 averaged: 3065.19 (top score: 15916)
Nets of generation 236 averaged: 3021.24 (top score: 15192)
Nets of generation 237 averaged: 3068.18 (top score: 13996)
Nets of generation 238 averaged: 2942.5 (top score: 14072)
Nets of generation 239 averaged: 3044.67 (top score: 14908)
Nets of generation 240 averaged: 3071.99 (top score: 14400)
Nets of generation 241 averaged: 2953.43 (top score: 12988)
Nets of generation 242 averaged: 2974.76 (top score: 13576)
Nets of generation 243 averaged: 3002.57 (top score: 16776)
Nets of generation 244 averaged: 3027.02 (top score: 15272)
Nets of generation 245 averaged: 2965.97 (top score: 13348)
Nets of generation 246 averaged: 3105.27 (top score: 14172)
Nets of generation 247 averaged: 3025.12 (top score: 12720)
Nets of generation 248 averaged: 3057.91 (top score: 16016)
Nets of generation 249 averaged: 2931.58 (top score: 14464)
Nets of generation 250 averaged: 2900.79 (top score: 16124)
Nets of generation 251 averaged: 3020.28 (top score: 14196)
Nets of generation 252 averaged: 3089.68 (top score: 16560)
Nets of generation 253 averaged: 3003.97 (top score: 15288)
Nets of generation 254 averaged: 3083.42 (top score: 15484)
Nets of generation 255 averaged: 3133.65 (top score: 14800)
Nets of generation 256 averaged: 3091.54 (top score: 14096)
Nets of generation 257 averaged: 3129.35 (top score: 14888)
Nets of generation 258 averaged: 3241.6 (top score: 14644)
Nets of generation 259 averaged: 3386.19 (top score: 16112)
Nets of generation 260 averaged: 3233.05 (top score: 13616)
Nets of generation 261 averaged: 3289.06 (top score: 16184)
Nets of generation 262 averaged: 3171.15 (top score: 12412)
Nets of generation 263 averaged: 3266.57 (top score: 15556)
Nets of generation 264 averaged: 3318.78 (top score: 12736)
Nets of generation 265 averaged: 3285.84 (top score: 21016)
Nets of generation 266 averaged: 3278.33 (top score: 14776)
Nets of generation 267 averaged: 3200.3 (top score: 15348)
Nets of generation 268 averaged: 3242.8 (top score: 16284)
Nets of generation 269 averaged: 3366.06 (top score: 14952)
Nets of generation 270 averaged: 3329.86 (top score: 14536)
Nets of generation 271 averaged: 3400.8 (top score: 15532)
Nets of generation 272 averaged: 3405.95 (top score: 16148)
Nets of generation 273 averaged: 3422.63 (top score: 15224)
Nets of generation 274 averaged: 3492.8 (top score: 14100)
Nets of generation 275 averaged: 3295.49 (top score: 13528)
Nets of generation 276 averaged: 3457.02 (top score: 13888)
Nets of generation 277 averaged: 3283.13 (top score: 14524)
Nets of generation 278 averaged: 3247.94 (top score: 14412)
Nets of generation 279 averaged: 3350.03 (top score: 12820)
Nets of generation 280 averaged: 3415.22 (top score: 15372)
Nets of generation 281 averaged: 3399.3 (top score: 13980)
Nets of generation 282 averaged: 3443.57 (top score: 15720)
Nets of generation 283 averaged: 3347.09 (top score: 13136)
Nets of generation 284 averaged: 3277.49 (top score: 14292)
Nets of generation 285 averaged: 3381.52 (top score: 14036)
Nets of generation 286 averaged: 3295.47 (top score: 14960)
Nets of generation 287 averaged: 3369.82 (top score: 13980)
Nets of generation 288 averaged: 3238.55 (top score: 14692)
Nets of generation 289 averaged: 3305 (top score: 15824)
Nets of generation 290 averaged: 3282.94 (top score: 14472)
Nets of generation 291 averaged: 3274.79 (top score: 14640)
Nets of generation 292 averaged: 3371.5 (top score: 16284)
Nets of generation 293 averaged: 3470.73 (top score: 14272)
Nets of generation 294 averaged: 3403.6 (top score: 21660)
Nets of generation 295 averaged: 3433.65 (top score: 15396)
Nets of generation 296 averaged: 3439.34 (top score: 14192)
Nets of generation 297 averaged: 3524.03 (top score: 14212)
Nets of generation 298 averaged: 3496.89 (top score: 16732)
Nets of generation 299 averaged: 3407.42 (top score: 15324)
Nets of generation 300 averaged: 3326.65 (top score: 15500)
Nets of generation 301 averaged: 3464.49 (top score: 14100)
Nets of generation 302 averaged: 3382.78 (top score: 17096)
Nets of generation 303 averaged: 3437.34 (top score: 15828)
Nets of generation 304 averaged: 3495.7 (top score: 15176)
Nets of generation 305 averaged: 3432.42 (top score: 14568)
Nets of generation 306 averaged: 3406.53 (top score: 15528)
Nets of generation 307 averaged: 3421.05 (top score: 17236)
Nets of generation 308 averaged: 3434.38 (top score: 14224)
Nets of generation 309 averaged: 3370.56 (top score: 15672)
Nets of generation 310 averaged: 3507.29 (top score: 14612)
Nets of generation 311 averaged: 3477.79 (top score: 16388)
Nets of generation 312 averaged: 3423.94 (top score: 15264)
Nets of generation 313 averaged: 3368.77 (top score: 15224)
Nets of generation 314 averaged: 3414.41 (top score: 16644)
Nets of generation 315 averaged: 3426.6 (top score: 16256)
Nets of generation 316 averaged: 3361.64 (top score: 16972)
Nets of generation 317 averaged: 3425.31 (top score: 15164)
Nets of generation 318 averaged: 3359.95 (top score: 14192)
Nets of generation 319 averaged: 3533.04 (top score: 15888)
Nets of generation 320 averaged: 3366.21 (top score: 14624)
Nets of generation 321 averaged: 3372.38 (top score: 15452)
Nets of generation 322 averaged: 3435.35 (top score: 14544)
Nets of generation 323 averaged: 3501.93 (top score: 16604)
Nets of generation 324 averaged: 3386.65 (top score: 15396)
Nets of generation 325 averaged: 3482.44 (top score: 16104)
Nets of generation 326 averaged: 3450.9 (top score: 15024)
Nets of generation 327 averaged: 3569.73 (top score: 15500)
Nets of generation 328 averaged: 3604.81 (top score: 16384)
Nets of generation 329 averaged: 3521.51 (top score: 16168)
Nets of generation 330 averaged: 3628.03 (top score: 15764)
Nets of generation 331 averaged: 3625.84 (top score: 15860)
Nets of generation 332 averaged: 3561.78 (top score: 25544)
Nets of generation 333 averaged: 3535.87 (top score: 15792)
Nets of generation 334 averaged: 3606.64 (top score: 15884)
Nets of generation 335 averaged: 3500.52 (top score: 16084)
Nets of generation 336 averaged: 3530.19 (top score: 15152)
Nets of generation 337 averaged: 3620.22 (top score: 16020)
Nets of generation 338 averaged: 3614.44 (top score: 13492)
Nets of generation 339 averaged: 3654.25 (top score: 16384)
Nets of generation 340 averaged: 3735.7 (top score: 15512)
Nets of generation 341 averaged: 3629.67 (top score: 16076)
Nets of generation 342 averaged: 3566.27 (top score: 14800)
Nets of generation 343 averaged: 3679.58 (top score: 23084)
Nets of generation 344 averaged: 3578.49 (top score: 22256)
Nets of generation 345 averaged: 3514.51 (top score: 14980)
Nets of generation 346 averaged: 3582.82 (top score: 15468)
Nets of generation 347 averaged: 3569.3 (top score: 23612)
Nets of generation 348 averaged: 3530.71 (top score: 16016)
Nets of generation 349 averaged: 3507.61 (top score: 15128)
Nets of generation 350 averaged: 3570.99 (top score: 14804)
Nets of generation 351 averaged: 3515.4 (top score: 14520)
Nets of generation 352 averaged: 3537.3 (top score: 15128)
Nets of generation 353 averaged: 3557.89 (top score: 21880)
Nets of generation 354 averaged: 3475.78 (top score: 16096)
Nets of generation 355 averaged: 3554.05 (top score: 15532)
Nets of generation 356 averaged: 3566.43 (top score: 14600)
Nets of generation 357 averaged: 3565.15 (top score: 15848)
Nets of generation 358 averaged: 3583.63 (top score: 14540)
Nets of generation 359 averaged: 3617.97 (top score: 14376)
Nets of generation 360 averaged: 3727.6 (top score: 16108)
Nets of generation 361 averaged: 3716.84 (top score: 14672)
Nets of generation 362 averaged: 3690.54 (top score: 14740)
Nets of generation 363 averaged: 3710.61 (top score: 22188)
Nets of generation 364 averaged: 3577.94 (top score: 14776)
Nets of generation 365 averaged: 3722.99 (top score: 14384)
Nets of generation 366 averaged: 3622.32 (top score: 22072)
Nets of generation 367 averaged: 3698.14 (top score: 15400)
Nets of generation 368 averaged: 3678.45 (top score: 14544)
Nets of generation 369 averaged: 3721.74 (top score: 16236)
Nets of generation 370 averaged: 3719.19 (top score: 15812)
Nets of generation 371 averaged: 3821.52 (top score: 22412)
Nets of generation 372 averaged: 3751.08 (top score: 15820)
Nets of generation 373 averaged: 3984.44 (top score: 16468)
Nets of generation 374 averaged: 3883.09 (top score: 16212)
Nets of generation 375 averaged: 3988.44 (top score: 16932)
Nets of generation 376 averaged: 3949.8 (top score: 16076)
Nets of generation 377 averaged: 3844.51 (top score: 15476)
Nets of generation 378 averaged: 3737.5 (top score: 15412)
Nets of generation 379 averaged: 3752.4 (top score: 16112)
Nets of generation 380 averaged: 3752.98 (top score: 14916)
Nets of generation 381 averaged: 3739.12 (top score: 15444)
Nets of generation 382 averaged: 3804.53 (top score: 23180)
Nets of generation 383 averaged: 3818.45 (top score: 16152)
Nets of generation 384 averaged: 3805.88 (top score: 14788)
Nets of generation 385 averaged: 3777.12 (top score: 15920)
Nets of generation 386 averaged: 3886.71 (top score: 16444)
Nets of generation 387 averaged: 3847.65 (top score: 15324)
Nets of generation 388 averaged: 3987.63 (top score: 16880)
Nets of generation 389 averaged: 3804.82 (top score: 15636)
Nets of generation 390 averaged: 4037 (top score: 16360)
Nets of generation 391 averaged: 3815.75 (top score: 16208)
Nets of generation 392 averaged: 3818.7 (top score: 14824)
Nets of generation 393 averaged: 3791.45 (top score: 15344)
Nets of generation 394 averaged: 3758.21 (top score: 15976)
Nets of generation 395 averaged: 3937.35 (top score: 16688)
Nets of generation 396 averaged: 3941.15 (top score: 21416)
Nets of generation 397 averaged: 3936.2 (top score: 16456)
Nets of generation 398 averaged: 3960.29 (top score: 16528)
Nets of generation 399 averaged: 3809.7 (top score: 16424)
Nets of generation 400 averaged: 3873.89 (top score: 16400)
Nets of generation 401 averaged: 3784.17 (top score: 22740)
Nets of generation 402 averaged: 3896.06 (top score: 16512)
Nets of generation 403 averaged: 3753.1 (top score: 16232)
Nets of generation 404 averaged: 3740.44 (top score: 17500)
Nets of generation 405 averaged: 3775.85 (top score: 16212)
Nets of generation 406 averaged: 3909.38 (top score: 25924)
Nets of generation 407 averaged: 4059.24 (top score: 16020)
Nets of generation 408 averaged: 3832.92 (top score: 15640)
Nets of generation 409 averaged: 3979.46 (top score: 15328)
Nets of generation 410 averaged: 4073.51 (top score: 16292)
Nets of generation 411 averaged: 3969.41 (top score: 16776)
Nets of generation 412 averaged: 3909.98 (top score: 16044)
Nets of generation 413 averaged: 3911.84 (top score: 21476)
Nets of generation 414 averaged: 3890 (top score: 16232)
Nets of generation 415 averaged: 4072.77 (top score: 16312)
Nets of generation 416 averaged: 3985.07 (top score: 16156)
Nets of generation 417 averaged: 4005.59 (top score: 15572)
Nets of generation 418 averaged: 4007.2 (top score: 16084)
Nets of generation 419 averaged: 3913.09 (top score: 16116)
Nets of generation 420 averaged: 3995.23 (top score: 22768)
Nets of generation 421 averaged: 3783.85 (top score: 16612)
Nets of generation 422 averaged: 3905.78 (top score: 23052)
Nets of generation 423 averaged: 4041.06 (top score: 16900)
Nets of generation 424 averaged: 4030.59 (top score: 21640)
Nets of generation 425 averaged: 4030.41 (top score: 23220)
Nets of generation 426 averaged: 4009.6 (top score: 21640)
Nets of generation 427 averaged: 4205.74 (top score: 22592)
Nets of generation 428 averaged: 4017.87 (top score: 17032)
Nets of generation 429 averaged: 3887.12 (top score: 15452)
Nets of generation 430 averaged: 3933.93 (top score: 15216)
Nets of generation 431 averaged: 3955.94 (top score: 23636)
Nets of generation 432 averaged: 3896.91 (top score: 16360)
Nets of generation 433 averaged: 3905.9 (top score: 15264)
Nets of generation 434 averaged: 4023.13 (top score: 16096)
Nets of generation 435 averaged: 3949.16 (top score: 16428)
Nets of generation 436 averaged: 3922.56 (top score: 16936)
Nets of generation 437 averaged: 3920.92 (top score: 16264)
Nets of generation 438 averaged: 3927.1 (top score: 16992)
Nets of generation 439 averaged: 3961.56 (top score: 16480)
Nets of generation 440 averaged: 3959.92 (top score: 15540)
Nets of generation 441 averaged: 3922.69 (top score: 15780)
Nets of generation 442 averaged: 3866.94 (top score: 15668)
Nets of generation 443 averaged: 3915.97 (top score: 23252)
Nets of generation 444 averaged: 3913.28 (top score: 16528)
Nets of generation 445 averaged: 3804.09 (top score: 16488)
Nets of generation 446 averaged: 3947.62 (top score: 16692)
Nets of generation 447 averaged: 3961.52 (top score: 16568)
Nets of generation 448 averaged: 3898.25 (top score: 15832)
Nets of generation 449 averaged: 3829.97 (top score: 15296)
Nets of generation 450 averaged: 3950.18 (top score: 16152)
Nets of generation 451 averaged: 3916.92 (top score: 21604)
Nets of generation 452 averaged: 3884.59 (top score: 16548)
Nets of generation 453 averaged: 3903.68 (top score: 16496)
Nets of generation 454 averaged: 3918.09 (top score: 16240)
Nets of generation 455 averaged: 3807.53 (top score: 27412)
Nets of generation 456 averaged: 3817.51 (top score: 16408)
Nets of generation 457 averaged: 3772.9 (top score: 16428)
Nets of generation 458 averaged: 3908.04 (top score: 15712)
Nets of generation 459 averaged: 3836.75 (top score: 14548)
Nets of generation 460 averaged: 3905.13 (top score: 15952)
Nets of generation 461 averaged: 3795.41 (top score: 17404)
Nets of generation 462 averaged: 4064.03 (top score: 20476)
Nets of generation 463 averaged: 3955.82 (top score: 16112)
Nets of generation 464 averaged: 3891.81 (top score: 16444)
Nets of generation 465 averaged: 4060.18 (top score: 16632)
Nets of generation 466 averaged: 3987.58 (top score: 15796)
Nets of generation 467 averaged: 3968.54 (top score: 15160)
Nets of generation 468 averaged: 3856.92 (top score: 16256)
Nets of generation 469 averaged: 3867.71 (top score: 14152)
Nets of generation 470 averaged: 3944.64 (top score: 16040)
Nets of generation 471 averaged: 3831.19 (top score: 15908)
Nets of generation 472 averaged: 3847.75 (top score: 16764)
Nets of generation 473 averaged: 3994.99 (top score: 14888)
Nets of generation 474 averaged: 3942.08 (top score: 16808)
Nets of generation 475 averaged: 4083.21 (top score: 15988)
Nets of generation 476 averaged: 4000.81 (top score: 16364)
Nets of generation 477 averaged: 4161.03 (top score: 20804)
Nets of generation 478 averaged: 3963.39 (top score: 15692)
Nets of generation 479 averaged: 3806.53 (top score: 15944)
Nets of generation 480 averaged: 3840.92 (top score: 16104)
Nets of generation 481 averaged: 3931.75 (top score: 15728)
Nets of generation 482 averaged: 3995.58 (top score: 16420)
Nets of generation 483 averaged: 3988.43 (top score: 16492)
Nets of generation 484 averaged: 3974.85 (top score: 20524)
Nets of generation 485 averaged: 3981.73 (top score: 15972)
Nets of generation 486 averaged: 4096.22 (top score: 16440)
Nets of generation 487 averaged: 3985.29 (top score: 21668)
Nets of generation 488 averaged: 4017.36 (top score: 16196)
Nets of generation 489 averaged: 3979.99 (top score: 16080)
Nets of generation 490 averaged: 3902.62 (top score: 16460)
Nets of generation 491 averaged: 3918.61 (top score: 16256)
Nets of generation 492 averaged: 3863.34 (top score: 15600)
Nets of generation 493 averaged: 3811.64 (top score: 15444)
Nets of generation 494 averaged: 3897.38 (top score: 16232)
Nets of generation 495 averaged: 3852.24 (top score: 17904)
Nets of generation 496 averaged: 4020.06 (top score: 16752)
Nets of generation 497 averaged: 3963.7 (top score: 14712)
Nets of generation 498 averaged: 3853.03 (top score: 21236)
Nets of generation 499 averaged: 3771.61 (top score: 16284)
Nets of generation 500 averaged: 3738.99 (top score: 22368)
Nets of generation 501 averaged: 3810.42 (top score: 16580)
Nets of generation 502 averaged: 3792.78 (top score: 16440)
Nets of generation 503 averaged: 3866.08 (top score: 16016)
Nets of generation 504 averaged: 3747.56 (top score: 15460)
Nets of generation 505 averaged: 3822.55 (top score: 16592)
Nets of generation 506 averaged: 3831.23 (top score: 16412)
Nets of generation 507 averaged: 3720.74 (top score: 14164)
Nets of generation 508 averaged: 3725.6 (top score: 15644)
Nets of generation 509 averaged: 3811.47 (top score: 16456)
Nets of generation 510 averaged: 3758.25 (top score: 16556)
Nets of generation 511 averaged: 3747.8 (top score: 22504)
Nets of generation 512 averaged: 3804.63 (top score: 16296)
Nets of generation 513 averaged: 3947.64 (top score: 23388)
Nets of generation 514 averaged: 3834.58 (top score: 15948)
Nets of generation 515 averaged: 3753.93 (top score: 15444)
Nets of generation 516 averaged: 3754 (top score: 16336)
Nets of generation 517 averaged: 3826.27 (top score: 16188)
Nets of generation 518 averaged: 3845.94 (top score: 15976)
Nets of generation 519 averaged: 3818.75 (top score: 25304)
Nets of generation 520 averaged: 3735.33 (top score: 16304)
Nets of generation 521 averaged: 3815.11 (top score: 15360)
Nets of generation 522 averaged: 3688.56 (top score: 16152)
Nets of generation 523 averaged: 3886.15 (top score: 16016)
Nets of generation 524 averaged: 3871.51 (top score: 16420)
Nets of generation 525 averaged: 3817.77 (top score: 15896)
Nets of generation 526 averaged: 3888.48 (top score: 15164)
Nets of generation 527 averaged: 3863.84 (top score: 15656)
Nets of generation 528 averaged: 3823.85 (top score: 15556)
Nets of generation 529 averaged: 3708.28 (top score: 14812)
Nets of generation 530 averaged: 3692.77 (top score: 17016)
Nets of generation 531 averaged: 3850.09 (top score: 15748)
Nets of generation 532 averaged: 3765.04 (top score: 23520)
Nets of generation 533 averaged: 3921.7 (top score: 21632)
Nets of generation 534 averaged: 3905.4 (top score: 15344)
Nets of generation 535 averaged: 3853.06 (top score: 16736)
Nets of generation 536 averaged: 3877.88 (top score: 20920)
Nets of generation 537 averaged: 3905.73 (top score: 16984)
Nets of generation 538 averaged: 3917.29 (top score: 16064)
Nets of generation 539 averaged: 3905.21 (top score: 16216)
Nets of generation 540 averaged: 4037.59 (top score: 16528)
Nets of generation 541 averaged: 3936.2 (top score: 15688)
Nets of generation 542 averaged: 4065.88 (top score: 16860)
Nets of generation 543 averaged: 3805.37 (top score: 23416)
Nets of generation 544 averaged: 3836.44 (top score: 20760)
Nets of generation 545 averaged: 4039.28 (top score: 26712)
Nets of generation 546 averaged: 3906.75 (top score: 20404)
Nets of generation 547 averaged: 4017.41 (top score: 16440)
Nets of generation 548 averaged: 4012.29 (top score: 16712)
Nets of generation 549 averaged: 3978.38 (top score: 16668)
Nets of generation 550 averaged: 4013.3 (top score: 21768)
Nets of generation 551 averaged: 3999.47 (top score: 16452)
Nets of generation 552 averaged: 4056.86 (top score: 16012)
Nets of generation 553 averaged: 4048.26 (top score: 16536)
Nets of generation 554 averaged: 4084.2 (top score: 16052)
Nets of generation 555 averaged: 4142.46 (top score: 16108)
Nets of generation 556 averaged: 4093.79 (top score: 16200)
Nets of generation 557 averaged: 3989.47 (top score: 16004)
Nets of generation 558 averaged: 3971.23 (top score: 16204)
Nets of generation 559 averaged: 4127.09 (top score: 15816)
Nets of generation 560 averaged: 3968.14 (top score: 16596)
Nets of generation 561 averaged: 3994.73 (top score: 16284)
Nets of generation 562 averaged: 3930.8 (top score: 16196)
Nets of generation 563 averaged: 4024.29 (top score: 16140)
Nets of generation 564 averaged: 3945.68 (top score: 16664)
Nets of generation 565 averaged: 3907.83 (top score: 16420)
Nets of generation 566 averaged: 3905.7 (top score: 16244)
Nets of generation 567 averaged: 3979.53 (top score: 16076)
Nets of generation 568 averaged: 3879.69 (top score: 14572)
Nets of generation 569 averaged: 3867.73 (top score: 15076)
Nets of generation 570 averaged: 3974.61 (top score: 15704)
Nets of generation 571 averaged: 3828.31 (top score: 16516)
Nets of generation 572 averaged: 3901.92 (top score: 17016)
Nets of generation 573 averaged: 3765.33 (top score: 16528)
Nets of generation 574 averaged: 3676.2 (top score: 16840)
Nets of generation 575 averaged: 3697.22 (top score: 25496)
Nets of generation 576 averaged: 3934.04 (top score: 16856)
Nets of generation 577 averaged: 3861.65 (top score: 16436)
Nets of generation 578 averaged: 3652.67 (top score: 16080)
Nets of generation 579 averaged: 3846.89 (top score: 17220)
Nets of generation 580 averaged: 3599.41 (top score: 14616)
Nets of generation 581 averaged: 3606.24 (top score: 15724)
Nets of generation 582 averaged: 3617.2 (top score: 15616)
Nets of generation 583 averaged: 3576.82 (top score: 15476)
Nets of generation 584 averaged: 3521.42 (top score: 16352)
Nets of generation 585 averaged: 3619.37 (top score: 15832)
Nets of generation 586 averaged: 3563.49 (top score: 16516)
Nets of generation 587 averaged: 3594.05 (top score: 16120)
Nets of generation 588 averaged: 3598.92 (top score: 15920)
Nets of generation 589 averaged: 3548.54 (top score: 16348)
Nets of generation 590 averaged: 3597.7 (top score: 16496)
Nets of generation 591 averaged: 3691.29 (top score: 16012)
Nets of generation 592 averaged: 3559.08 (top score: 16676)
Nets of generation 593 averaged: 3566.81 (top score: 16460)
Nets of generation 594 averaged: 3622.86 (top score: 14472)
Nets of generation 595 averaged: 3489.94 (top score: 15572)
Nets of generation 596 averaged: 3624.07 (top score: 15940)
Nets of generation 597 averaged: 3574.99 (top score: 16452)
Nets of generation 598 averaged: 3717.74 (top score: 16640)
Nets of generation 599 averaged: 3601.85 (top score: 17668)
Nets of generation 600 averaged: 3661.85 (top score: 16368)
Nets of generation 601 averaged: 3633.53 (top score: 16848)
Nets of generation 602 averaged: 3680.82 (top score: 15880)
Nets of generation 603 averaged: 3701.5 (top score: 24048)
Nets of generation 604 averaged: 3711.95 (top score: 15796)
Nets of generation 605 averaged: 3919.87 (top score: 20820)
Nets of generation 606 averaged: 3979.05 (top score: 22156)
Nets of generation 607 averaged: 3959.25 (top score: 16112)
Nets of generation 608 averaged: 3861.22 (top score: 15600)
Nets of generation 609 averaged: 3828.2 (top score: 16056)
Nets of generation 610 averaged: 3828.53 (top score: 16316)
Nets of generation 611 averaged: 3974.15 (top score: 16244)
Nets of generation 612 averaged: 3859.48 (top score: 16488)
Nets of generation 613 averaged: 3838.89 (top score: 21396)
Nets of generation 614 averaged: 3686.99 (top score: 21480)
Nets of generation 615 averaged: 3714.95 (top score: 16020)
Nets of generation 616 averaged: 3734.05 (top score: 22056)
Nets of generation 617 averaged: 3702.72 (top score: 16356)
Nets of generation 618 averaged: 3761.42 (top score: 21120)
Nets of generation 619 averaged: 3780.56 (top score: 15420)
Nets of generation 620 averaged: 3766.42 (top score: 23336)
Nets of generation 621 averaged: 3966.98 (top score: 16560)
Nets of generation 622 averaged: 3869.91 (top score: 16372)
Nets of generation 623 averaged: 3881.27 (top score: 21424)
Nets of generation 624 averaged: 3805.45 (top score: 15784)
Nets of generation 625 averaged: 3862.28 (top score: 15340)
Nets of generation 626 averaged: 3924.63 (top score: 16072)
Nets of generation 627 averaged: 3947.34 (top score: 16428)
Nets of generation 628 averaged: 3906.61 (top score: 23444)
Nets of generation 629 averaged: 4077.59 (top score: 21784)
Nets of generation 630 averaged: 3973.01 (top score: 15640)
Nets of generation 631 averaged: 3848.14 (top score: 16344)
Nets of generation 632 averaged: 3899.34 (top score: 16244)
Nets of generation 633 averaged: 3893.07 (top score: 17372)
Nets of generation 634 averaged: 3791.55 (top score: 17244)
Nets of generation 635 averaged: 3820.67 (top score: 16212)
Nets of generation 636 averaged: 3827.09 (top score: 15256)
Nets of generation 637 averaged: 3819.57 (top score: 23040)
Nets of generation 638 averaged: 3814.82 (top score: 15964)
Nets of generation 639 averaged: 3830.09 (top score: 16348)
Nets of generation 640 averaged: 3886.31 (top score: 20692)
Nets of generation 641 averaged: 3863.02 (top score: 16428)
Nets of generation 642 averaged: 3843.14 (top score: 22592)
Nets of generation 643 averaged: 4082.48 (top score: 16132)
Nets of generation 644 averaged: 3955.65 (top score: 21340)
Nets of generation 645 averaged: 3995.33 (top score: 15444)
Nets of generation 646 averaged: 3787.24 (top score: 15828)
Nets of generation 647 averaged: 3879.08 (top score: 21956)
Nets of generation 648 averaged: 3717.81 (top score: 15292)
Nets of generation 649 averaged: 3843.93 (top score: 21564)
Nets of generation 650 averaged: 3987.83 (top score: 15944)
Nets of generation 651 averaged: 3868.06 (top score: 16876)
Nets of generation 652 averaged: 3981.6 (top score: 21448)
Nets of generation 653 averaged: 3882.68 (top score: 17024)
Nets of generation 654 averaged: 3751.31 (top score: 21760)
Nets of generation 655 averaged: 3965.13 (top score: 16248)
Nets of generation 656 averaged: 3745.27 (top score: 22084)
Nets of generation 657 averaged: 3651.79 (top score: 20924)
Nets of generation 658 averaged: 3681.15 (top score: 16780)
Nets of generation 659 averaged: 3710.59 (top score: 16136)
Nets of generation 660 averaged: 3850.02 (top score: 16528)
Nets of generation 661 averaged: 3826.9 (top score: 16664)
Nets of generation 662 averaged: 3911.48 (top score: 20884)
Nets of generation 663 averaged: 3858.85 (top score: 16268)
Nets of generation 664 averaged: 3895.15 (top score: 15900)
Nets of generation 665 averaged: 3963.35 (top score: 16016)
Nets of generation 666 averaged: 3890.43 (top score: 16184)
Nets of generation 667 averaged: 3721.38 (top score: 16068)
Nets of generation 668 averaged: 3969.03 (top score: 17336)
Nets of generation 669 averaged: 3978.54 (top score: 16208)
Nets of generation 670 averaged: 4015.56 (top score: 22780)
Nets of generation 671 averaged: 3986.87 (top score: 16408)
Nets of generation 672 averaged: 3919.1 (top score: 16824)
Nets of generation 673 averaged: 3853.82 (top score: 15584)
Nets of generation 674 averaged: 3961.39 (top score: 17128)
Nets of generation 675 averaged: 4002.86 (top score: 16664)
Nets of generation 676 averaged: 3950.66 (top score: 15996)
Nets of generation 677 averaged: 4018.19 (top score: 16856)
Nets of generation 678 averaged: 3886.25 (top score: 22452)
Nets of generation 679 averaged: 3914.74 (top score: 16408)
Nets of generation 680 averaged: 3992.53 (top score: 17144)
Nets of generation 681 averaged: 3772.48 (top score: 16264)
Nets of generation 682 averaged: 3872.67 (top score: 22816)
Nets of generation 683 averaged: 3962.46 (top score: 23220)
Nets of generation 684 averaged: 3946.95 (top score: 22856)
Nets of generation 685 averaged: 4010.96 (top score: 16712)
Nets of generation 686 averaged: 3995.44 (top score: 21700)
Nets of generation 687 averaged: 3917.84 (top score: 16316)
Nets of generation 688 averaged: 3979.23 (top score: 16660)
Nets of generation 689 averaged: 3980.42 (top score: 23260)
Nets of generation 690 averaged: 3913.86 (top score: 16156)
Nets of generation 691 averaged: 3932.52 (top score: 23588)
Nets of generation 692 averaged: 4025.47 (top score: 16892)
Nets of generation 693 averaged: 4054.56 (top score: 16608)
Nets of generation 694 averaged: 3963.38 (top score: 21456)
Nets of generation 695 averaged: 4001.11 (top score: 16032)
Nets of generation 696 averaged: 3984.01 (top score: 16052)
Nets of generation 697 averaged: 4017.76 (top score: 15884)
Nets of generation 698 averaged: 4119.1 (top score: 27604)
Nets of generation 699 averaged: 4070.99 (top score: 16284)
Nets of generation 700 averaged: 4055.73 (top score: 16532)
Nets of generation 701 averaged: 4135.32 (top score: 21576)
Nets of generation 702 averaged: 4148.31 (top score: 22424)
Nets of generation 703 averaged: 4207.11 (top score: 18112)
Nets of generation 704 averaged: 4205.9 (top score: 16896)
Nets of generation 705 averaged: 4177.28 (top score: 16720)
Nets of generation 706 averaged: 4107.65 (top score: 15916)
Nets of generation 707 averaged: 4143.87 (top score: 16520)
Nets of generation 708 averaged: 4207.83 (top score: 20832)
Nets of generation 709 averaged: 4083.42 (top score: 20648)
Nets of generation 710 averaged: 4109.18 (top score: 21264)
Nets of generation 711 averaged: 4129.82 (top score: 21236)
Nets of generation 712 averaged: 4239.88 (top score: 23860)
Nets of generation 713 averaged: 4119.79 (top score: 21196)
Nets of generation 714 averaged: 4196.37 (top score: 25360)
Nets of generation 715 averaged: 4236.01 (top score: 16536)
Nets of generation 716 averaged: 4273.01 (top score: 17276)
Nets of generation 717 averaged: 4151.18 (top score: 16312)
Nets of generation 718 averaged: 4146.96 (top score: 16212)
Nets of generation 719 averaged: 4211.63 (top score: 16468)
Nets of generation 720 averaged: 4041.73 (top score: 15840)
Nets of generation 721 averaged: 4209.19 (top score: 15892)
Nets of generation 722 averaged: 4260.13 (top score: 16600)
Nets of generation 723 averaged: 4158.64 (top score: 16640)
Nets of generation 724 averaged: 3967.98 (top score: 16100)
Nets of generation 725 averaged: 4062.46 (top score: 23356)
Nets of generation 726 averaged: 4048.02 (top score: 26048)
Nets of generation 727 averaged: 3933.1 (top score: 16476)
Nets of generation 728 averaged: 4001.27 (top score: 15520)
Nets of generation 729 averaged: 4134.34 (top score: 16520)
Nets of generation 730 averaged: 4089.2 (top score: 20988)
Nets of generation 731 averaged: 3905.26 (top score: 16932)
Nets of generation 732 averaged: 4142.83 (top score: 16836)
Nets of generation 733 averaged: 3989.07 (top score: 15724)
Nets of generation 734 averaged: 4013.42 (top score: 15364)
Nets of generation 735 averaged: 4156.56 (top score: 16476)
Nets of generation 736 averaged: 4162.01 (top score: 17108)
Nets of generation 737 averaged: 4317.04 (top score: 20860)
Nets of generation 738 averaged: 4430.5 (top score: 16964)
Nets of generation 739 averaged: 4353.98 (top score: 16392)
Nets of generation 740 averaged: 4359.75 (top score: 16168)
Nets of generation 741 averaged: 4371.41 (top score: 23700)
Nets of generation 742 averaged: 4415.52 (top score: 22632)
Nets of generation 743 averaged: 4589.66 (top score: 22164)
Nets of generation 744 averaged: 4429.7 (top score: 16152)
Nets of generation 745 averaged: 4349.12 (top score: 23560)
Nets of generation 746 averaged: 4310.62 (top score: 16568)
Nets of generation 747 averaged: 4383.57 (top score: 17048)
Nets of generation 748 averaged: 4247.13 (top score: 16612)
Nets of generation 749 averaged: 4151.14 (top score: 20548)
Nets of generation 750 averaged: 4189.54 (top score: 16572)
Nets of generation 751 averaged: 4254.76 (top score: 22428)
Nets of generation 752 averaged: 4426.91 (top score: 16488)
Nets of generation 753 averaged: 4255.45 (top score: 23368)
Nets of generation 754 averaged: 4260.26 (top score: 16444)
Nets of generation 755 averaged: 4379.88 (top score: 20864)
Nets of generation 756 averaged: 4247.09 (top score: 17112)
Nets of generation 757 averaged: 4335.19 (top score: 16188)
Nets of generation 758 averaged: 4229.47 (top score: 16520)
Nets of generation 759 averaged: 4314.89 (top score: 16768)
Nets of generation 760 averaged: 4314.39 (top score: 16544)
Nets of generation 761 averaged: 4179.54 (top score: 19744)
Nets of generation 762 averaged: 4308.19 (top score: 25436)
Nets of generation 763 averaged: 4370.87 (top score: 22872)
Nets of generation 764 averaged: 4373.37 (top score: 16680)
Nets of generation 765 averaged: 4347.16 (top score: 16352)
Nets of generation 766 averaged: 4362.52 (top score: 16472)
Nets of generation 767 averaged: 4307.47 (top score: 17712)
Nets of generation 768 averaged: 4210.67 (top score: 21756)
Nets of generation 769 averaged: 4046.85 (top score: 17084)
Nets of generation 770 averaged: 4202.4 (top score: 16156)
Nets of generation 771 averaged: 4078.05 (top score: 16084)
Nets of generation 772 averaged: 4188.09 (top score: 21640)
Nets of generation 773 averaged: 4197.33 (top score: 20280)
Nets of generation 774 averaged: 4178.22 (top score: 22616)
Nets of generation 775 averaged: 4226.44 (top score: 16032)
Nets of generation 776 averaged: 4195.38 (top score: 17152)
Nets of generation 777 averaged: 4115.04 (top score: 21424)
Nets of generation 778 averaged: 4070.11 (top score: 16328)
Nets of generation 779 averaged: 4072.34 (top score: 15620)
Nets of generation 780 averaged: 4075.41 (top score: 16664)
Nets of generation 781 averaged: 4087.11 (top score: 16272)
Nets of generation 782 averaged: 4101.61 (top score: 15852)
Nets of generation 783 averaged: 4013.64 (top score: 21528)
Nets of generation 784 averaged: 4114.58 (top score: 16476)
Nets of generation 785 averaged: 4165.62 (top score: 16432)
Nets of generation 786 averaged: 4157.28 (top score: 21604)
Nets of generation 787 averaged: 4104.14 (top score: 16764)
Nets of generation 788 averaged: 4173.19 (top score: 16484)
Nets of generation 789 averaged: 4165.53 (top score: 21716)
Nets of generation 790 averaged: 4184.96 (top score: 21816)
Nets of generation 791 averaged: 4247.39 (top score: 16796)
Nets of generation 792 averaged: 4032.62 (top score: 16720)
Nets of generation 793 averaged: 4303.87 (top score: 16820)
Nets of generation 794 averaged: 4228.47 (top score: 23016)
Nets of generation 795 averaged: 4267.31 (top score: 16184)
Nets of generation 796 averaged: 4171.67 (top score: 16380)
Nets of generation 797 averaged: 4146.44 (top score: 25768)
Nets of generation 798 averaged: 4047.15 (top score: 16912)
Nets of generation 799 averaged: 4166.18 (top score: 16556)
Nets of generation 800 averaged: 4177.08 (top score: 23928)
Nets of generation 801 averaged: 4188.83 (top score: 16500)
Nets of generation 802 averaged: 4103.72 (top score: 16652)
Nets of generation 803 averaged: 4242.02 (top score: 16036)
Nets of generation 804 averaged: 4213.04 (top score: 16336)
Nets of generation 805 averaged: 4160.74 (top score: 16724)
Nets of generation 806 averaged: 4205.4 (top score: 23364)
Nets of generation 807 averaged: 4009.13 (top score: 16620)
Nets of generation 808 averaged: 4112.77 (top score: 16592)
Nets of generation 809 averaged: 4196.83 (top score: 17852)
Nets of generation 810 averaged: 4030.79 (top score: 21784)
Nets of generation 811 averaged: 4294.26 (top score: 16368)
Nets of generation 812 averaged: 4307.35 (top score: 16784)
Nets of generation 813 averaged: 4277.53 (top score: 23876)
Nets of generation 814 averaged: 4290.83 (top score: 23276)
Nets of generation 815 averaged: 4206.24 (top score: 16468)
Nets of generation 816 averaged: 4316.13 (top score: 16488)
Nets of generation 817 averaged: 4156.62 (top score: 16520)
Nets of generation 818 averaged: 4145.61 (top score: 16480)
Nets of generation 819 averaged: 4064.18 (top score: 16516)
Nets of generation 820 averaged: 4241.61 (top score: 16592)
Nets of generation 821 averaged: 4110.92 (top score: 21540)
Nets of generation 822 averaged: 4117.29 (top score: 25292)
Nets of generation 823 averaged: 3912.71 (top score: 16800)
Nets of generation 824 averaged: 3967 (top score: 21236)
Nets of generation 825 averaged: 4036.41 (top score: 22872)
Nets of generation 826 averaged: 4132.48 (top score: 17500)
Nets of generation 827 averaged: 4178.03 (top score: 23236)
Nets of generation 828 averaged: 4001.01 (top score: 23472)
Nets of generation 829 averaged: 4016.27 (top score: 21696)
Nets of generation 830 averaged: 4098.06 (top score: 21656)
Nets of generation 831 averaged: 4204.71 (top score: 17440)
Nets of generation 832 averaged: 4311.93 (top score: 17124)
Nets of generation 833 averaged: 4270.18 (top score: 21820)
Nets of generation 834 averaged: 4120.62 (top score: 17236)
Nets of generation 835 averaged: 4299.3 (top score: 23148)
Nets of generation 836 averaged: 4246.29 (top score: 23800)
Nets of generation 837 averaged: 4274.35 (top score: 16980)
Nets of generation 838 averaged: 4145.08 (top score: 16228)
Nets of generation 839 averaged: 4312.96 (top score: 20620)
Nets of generation 840 averaged: 4124.18 (top score: 16352)
Nets of generation 841 averaged: 4038.41 (top score: 22092)
Nets of generation 842 averaged: 3987.39 (top score: 25664)
Nets of generation 843 averaged: 4154.56 (top score: 16904)
Nets of generation 844 averaged: 4109.26 (top score: 23476)
Nets of generation 845 averaged: 4046.67 (top score: 23464)
Nets of generation 846 averaged: 3984.12 (top score: 17572)
Nets of generation 847 averaged: 4103.01 (top score: 16492)
Nets of generation 848 averaged: 4171.37 (top score: 16836)
Nets of generation 849 averaged: 4019.93 (top score: 23560)
Nets of generation 850 averaged: 4145.57 (top score: 24312)
Nets of generation 851 averaged: 4112.16 (top score: 23992)
Nets of generation 852 averaged: 4226.75 (top score: 17028)
Nets of generation 853 averaged: 4152.44 (top score: 17208)
Nets of generation 854 averaged: 3984.68 (top score: 23364)
Nets of generation 855 averaged: 4033.38 (top score: 16188)
Nets of generation 856 averaged: 4133.87 (top score: 21044)
Nets of generation 857 averaged: 4134.64 (top score: 20944)
Nets of generation 858 averaged: 3951.83 (top score: 25560)
Nets of generation 859 averaged: 4192.11 (top score: 16192)
Nets of generation 860 averaged: 4294.32 (top score: 16444)
Nets of generation 861 averaged: 4187.76 (top score: 16976)
Nets of generation 862 averaged: 4225.8 (top score: 22460)
Nets of generation 863 averaged: 4054.09 (top score: 25296)
Nets of generation 864 averaged: 4156.85 (top score: 26880)
Nets of generation 865 averaged: 4238.85 (top score: 16460)
Nets of generation 866 averaged: 4222.79 (top score: 20748)
Nets of generation 867 averaged: 4291.66 (top score: 16924)
Nets of generation 868 averaged: 4231.77 (top score: 16488)
Nets of generation 869 averaged: 4438.42 (top score: 23204)
Nets of generation 870 averaged: 4264.53 (top score: 16960)
Nets of generation 871 averaged: 4423.95 (top score: 22264)
Nets of generation 872 averaged: 4325.36 (top score: 22864)
Nets of generation 873 averaged: 4433.37 (top score: 24968)
Nets of generation 874 averaged: 4455.28 (top score: 24264)
Nets of generation 875 averaged: 4578.68 (top score: 16680)
Nets of generation 876 averaged: 4416.79 (top score: 16920)
Nets of generation 877 averaged: 4460.72 (top score: 23328)
Nets of generation 878 averaged: 4370.78 (top score: 25684)
Nets of generation 879 averaged: 4372.24 (top score: 25456)
Nets of generation 880 averaged: 4203.74 (top score: 26764)
Nets of generation 881 averaged: 4346.31 (top score: 20464)
Nets of generation 882 averaged: 4370.22 (top score: 24676)
Nets of generation 883 averaged: 4257.37 (top score: 16508)
Nets of generation 884 averaged: 4236.49 (top score: 25492)
Nets of generation 885 averaged: 4268.16 (top score: 24024)
Nets of generation 886 averaged: 4231.99 (top score: 22008)
Nets of generation 887 averaged: 4191.17 (top score: 27684)
Nets of generation 888 averaged: 4209.82 (top score: 22428)
Nets of generation 889 averaged: 4211.35 (top score: 16612)
Nets of generation 890 averaged: 4230.47 (top score: 16328)
Nets of generation 891 averaged: 4285.58 (top score: 23576)
Nets of generation 892 averaged: 4196.94 (top score: 22192)
Nets of generation 893 averaged: 4132.29 (top score: 26572)
Nets of generation 894 averaged: 4155.81 (top score: 20996)
Nets of generation 895 averaged: 4208.33 (top score: 24032)
Nets of generation 896 averaged: 4068.09 (top score: 17168)
Nets of generation 897 averaged: 4093.23 (top score: 22328)
Nets of generation 898 averaged: 4102.8 (top score: 16460)
Nets of generation 899 averaged: 4007.72 (top score: 28616)
Nets of generation 900 averaged: 4197.63 (top score: 16100)
Nets of generation 901 averaged: 4116.89 (top score: 16948)
Nets of generation 902 averaged: 4178.58 (top score: 16608)
Nets of generation 903 averaged: 3997.29 (top score: 22452)
Nets of generation 904 averaged: 4036.23 (top score: 16772)
Nets of generation 905 averaged: 4058.37 (top score: 16512)
Nets of generation 906 averaged: 4211.69 (top score: 17096)
Nets of generation 907 averaged: 4208.19 (top score: 22580)
Nets of generation 908 averaged: 4148.54 (top score: 16844)
Nets of generation 909 averaged: 4172.43 (top score: 22632)
Nets of generation 910 averaged: 4036.25 (top score: 16836)
Nets of generation 911 averaged: 4058.34 (top score: 16440)
Nets of generation 912 averaged: 4204.28 (top score: 25460)
Nets of generation 913 averaged: 4152.77 (top score: 16608)
Nets of generation 914 averaged: 4247.09 (top score: 27628)
Nets of generation 915 averaged: 4217.62 (top score: 27172)
Nets of generation 916 averaged: 4010.55 (top score: 21268)
Nets of generation 917 averaged: 3983.63 (top score: 23696)
Nets of generation 918 averaged: 4073.34 (top score: 23336)
Nets of generation 919 averaged: 4251.98 (top score: 16228)
Nets of generation 920 averaged: 4171.38 (top score: 23636)
Nets of generation 921 averaged: 4257.2 (top score: 23856)
Nets of generation 922 averaged: 4083.68 (top score: 16748)
Nets of generation 923 averaged: 4192.05 (top score: 16940)
Nets of generation 924 averaged: 4183.98 (top score: 21676)
Nets of generation 925 averaged: 4262.74 (top score: 27120)
Nets of generation 926 averaged: 4170.73 (top score: 20872)
Nets of generation 927 averaged: 4309.09 (top score: 21424)
Nets of generation 928 averaged: 4108.09 (top score: 22604)
Nets of generation 929 averaged: 4085.93 (top score: 21540)
Nets of generation 930 averaged: 4137.95 (top score: 16612)
Nets of generation 931 averaged: 4139.5 (top score: 30852)
Nets of generation 932 averaged: 4253.89 (top score: 21700)
Nets of generation 933 averaged: 4073.41 (top score: 25776)
Nets of generation 934 averaged: 4313 (top score: 21704)
Nets of generation 935 averaged: 4254.25 (top score: 17192)
Nets of generation 936 averaged: 4147.33 (top score: 17520)
Nets of generation 937 averaged: 4164.56 (top score: 16620)
Nets of generation 938 averaged: 4067.98 (top score: 16508)
Nets of generation 939 averaged: 4302.17 (top score: 21528)
Nets of generation 940 averaged: 4181.86 (top score: 24060)
Nets of generation 941 averaged: 4018.38 (top score: 16672)
Nets of generation 942 averaged: 4239.51 (top score: 23324)
Nets of generation 943 averaged: 4128.33 (top score: 16524)
Nets of generation 944 averaged: 4079.83 (top score: 23140)
Nets of generation 945 averaged: 3926.44 (top score: 16612)
Nets of generation 946 averaged: 4134.72 (top score: 23184)
Nets of generation 947 averaged: 4002.95 (top score: 20784)
Nets of generation 948 averaged: 4016.17 (top score: 16500)
Nets of generation 949 averaged: 3916.73 (top score: 21372)
Nets of generation 950 averaged: 4197.56 (top score: 22972)
Nets of generation 951 averaged: 3835.86 (top score: 24108)
Nets of generation 952 averaged: 3948.22 (top score: 20920)
Nets of generation 953 averaged: 4208.87 (top score: 24888)
Nets of generation 954 averaged: 4136.93 (top score: 17708)
Nets of generation 955 averaged: 4110.44 (top score: 22508)
Nets of generation 956 averaged: 4280.12 (top score: 15964)
Nets of generation 957 averaged: 4223.75 (top score: 23040)
Nets of generation 958 averaged: 4104.17 (top score: 23260)
Nets of generation 959 averaged: 4208.22 (top score: 22708)
Nets of generation 960 averaged: 4328.75 (top score: 21232)
Nets of generation 961 averaged: 4195.59 (top score: 16724)
Nets of generation 962 averaged: 4384.3 (top score: 23288)
Nets of generation 963 averaged: 4581.39 (top score: 25804)
Nets of generation 964 averaged: 4458.19 (top score: 26920)
Nets of generation 965 averaged: 4382.84 (top score: 23652)
Nets of generation 966 averaged: 4386.46 (top score: 23088)
Nets of generation 967 averaged: 4414.41 (top score: 22800)
Nets of generation 968 averaged: 4242.77 (top score: 27068)
Nets of generation 969 averaged: 4314.43 (top score: 17724)
Nets of generation 970 averaged: 4159.06 (top score: 22840)
Nets of generation 971 averaged: 4159 (top score: 16192)
Nets of generation 972 averaged: 4254.1 (top score: 16520)
Nets of generation 973 averaged: 4358.47 (top score: 20856)
Nets of generation 974 averaged: 4337.72 (top score: 16544)
Nets of generation 975 averaged: 4209.92 (top score: 21552)
Nets of generation 976 averaged: 4107.89 (top score: 21544)
Nets of generation 977 averaged: 4071.22 (top score: 21292)
Nets of generation 978 averaged: 4192.01 (top score: 21336)
Nets of generation 979 averaged: 4154.67 (top score: 23620)
Nets of generation 980 averaged: 4253.2 (top score: 21536)
Nets of generation 981 averaged: 4315.11 (top score: 26372)
Nets of generation 982 averaged: 4169.68 (top score: 22832)
Nets of generation 983 averaged: 4106.77 (top score: 16216)
Nets of generation 984 averaged: 4238.72 (top score: 21332)
Nets of generation 985 averaged: 4207.01 (top score: 20828)
Nets of generation 986 averaged: 4221.35 (top score: 20444)
Nets of generation 987 averaged: 4074.98 (top score: 21500)
Nets of generation 988 averaged: 4154.65 (top score: 16468)
Nets of generation 989 averaged: 4194.68 (top score: 22488)
Nets of generation 990 averaged: 4028.43 (top score: 16872)
Nets of generation 991 averaged: 4236.47 (top score: 22796)
Nets of generation 992 averaged: 4241.95 (top score: 23184)
Nets of generation 993 averaged: 4256.82 (top score: 21480)
Nets of generation 994 averaged: 4157.75 (top score: 17196)
Nets of generation 995 averaged: 4300.13 (top score: 21240)
Nets of generation 996 averaged: 4125.22 (top score: 22640)
Nets of generation 997 averaged: 4340.36 (top score: 21872)
Nets of generation 998 averaged: 4141.74 (top score: 21476)
Nets of generation 999 averaged: 4279.96 (top score: 25716)
Best score overall: 30852
