Initialized with: 
numGenerations: 100
numNets: 100
numGamesPerNet: 100
netHiddenLayerSize: 16
chMode: h
Nets of generation 0 averaged: 1021.36 (top score: 5452)
Nets of generation 1 averaged: 1141.42 (top score: 6428)
Nets of generation 2 averaged: 1193.68 (top score: 6664)
Nets of generation 3 averaged: 1218.16 (top score: 7152)
Nets of generation 4 averaged: 1262.28 (top score: 6296)
Nets of generation 5 averaged: 1271.2 (top score: 7552)
Nets of generation 6 averaged: 1348.48 (top score: 10108)
Nets of generation 7 averaged: 1374.27 (top score: 7496)
Nets of generation 8 averaged: 1468.73 (top score: 7628)
Nets of generation 9 averaged: 1539.46 (top score: 7312)
Nets of generation 10 averaged: 1530.91 (top score: 7704)
Nets of generation 11 averaged: 1572.99 (top score: 9612)
Nets of generation 12 averaged: 1574.36 (top score: 9928)
Nets of generation 13 averaged: 1540.36 (top score: 9652)
Nets of generation 14 averaged: 1554.82 (top score: 10472)
Nets of generation 15 averaged: 1638.84 (top score: 9444)
Nets of generation 16 averaged: 1612.07 (top score: 8020)
Nets of generation 17 averaged: 1711.12 (top score: 10980)
Nets of generation 18 averaged: 1759.04 (top score: 8200)
Nets of generation 19 averaged: 1752.17 (top score: 10656)
Nets of generation 20 averaged: 1775.48 (top score: 8632)
Nets of generation 21 averaged: 1871.32 (top score: 10088)
Nets of generation 22 averaged: 1906.74 (top score: 10400)
Nets of generation 23 averaged: 1892.96 (top score: 11188)
Nets of generation 24 averaged: 1965.87 (top score: 10416)
Nets of generation 25 averaged: 1903.27 (top score: 10560)
Nets of generation 26 averaged: 1958.52 (top score: 13092)
Nets of generation 27 averaged: 1981.39 (top score: 10668)
Nets of generation 28 averaged: 1978.72 (top score: 11452)
Nets of generation 29 averaged: 2023.16 (top score: 12128)
Nets of generation 30 averaged: 2044.76 (top score: 12276)
Nets of generation 31 averaged: 2013.75 (top score: 9876)
Nets of generation 32 averaged: 2057.38 (top score: 10800)
Nets of generation 33 averaged: 2143.11 (top score: 11528)
Nets of generation 34 averaged: 2118.71 (top score: 10212)
Nets of generation 35 averaged: 2087.55 (top score: 10724)
Nets of generation 36 averaged: 2161.97 (top score: 10456)
Nets of generation 37 averaged: 2149.44 (top score: 12888)
Nets of generation 38 averaged: 2158.46 (top score: 12104)
Nets of generation 39 averaged: 2186.73 (top score: 10424)
Nets of generation 40 averaged: 2167.73 (top score: 12200)
Nets of generation 41 averaged: 2164.19 (top score: 11480)
Nets of generation 42 averaged: 2181.65 (top score: 10824)
Nets of generation 43 averaged: 2279.43 (top score: 12384)
Nets of generation 44 averaged: 2236.7 (top score: 12852)
Nets of generation 45 averaged: 2269.65 (top score: 12000)
Nets of generation 46 averaged: 2225.11 (top score: 11908)
Nets of generation 47 averaged: 2255.48 (top score: 12260)
Nets of generation 48 averaged: 2297.3 (top score: 11416)
Nets of generation 49 averaged: 2294.84 (top score: 12624)
Nets of generation 50 averaged: 2322.53 (top score: 12268)
Nets of generation 51 averaged: 2446.62 (top score: 13992)
Nets of generation 52 averaged: 2388.81 (top score: 13096)
Nets of generation 53 averaged: 2449.78 (top score: 14204)
Nets of generation 54 averaged: 2481.71 (top score: 11960)
Nets of generation 55 averaged: 2496.58 (top score: 12116)
Nets of generation 56 averaged: 2456.38 (top score: 13140)
Nets of generation 57 averaged: 2470.33 (top score: 12772)
Nets of generation 58 averaged: 2414.28 (top score: 14456)
Nets of generation 59 averaged: 2462.99 (top score: 12208)
Nets of generation 60 averaged: 2461.22 (top score: 15408)
Nets of generation 61 averaged: 2509.42 (top score: 11720)
Nets of generation 62 averaged: 2533.17 (top score: 13928)
Nets of generation 63 averaged: 2542.35 (top score: 11920)
Nets of generation 64 averaged: 2534.79 (top score: 12564)
Nets of generation 65 averaged: 2559.98 (top score: 12484)
Nets of generation 66 averaged: 2502.51 (top score: 14740)
Nets of generation 67 averaged: 2552.9 (top score: 14136)
Nets of generation 68 averaged: 2585.95 (top score: 12852)
Nets of generation 69 averaged: 2581.7 (top score: 12708)
Nets of generation 70 averaged: 2574.61 (top score: 12580)
Nets of generation 71 averaged: 2525.17 (top score: 12868)
Nets of generation 72 averaged: 2610.26 (top score: 13108)
Nets of generation 73 averaged: 2571.2 (top score: 12824)
Nets of generation 74 averaged: 2554.29 (top score: 14024)
Nets of generation 75 averaged: 2502.45 (top score: 11812)
Nets of generation 76 averaged: 2499.26 (top score: 13124)
Nets of generation 77 averaged: 2555.12 (top score: 13588)
Nets of generation 78 averaged: 2569.03 (top score: 12556)
Nets of generation 79 averaged: 2584.77 (top score: 14780)
Nets of generation 80 averaged: 2542.79 (top score: 14076)
Nets of generation 81 averaged: 2512.52 (top score: 14284)
Nets of generation 82 averaged: 2588.97 (top score: 12668)
Nets of generation 83 averaged: 2547.35 (top score: 13200)
Nets of generation 84 averaged: 2563.59 (top score: 12800)
Nets of generation 85 averaged: 2569.28 (top score: 15088)
Nets of generation 86 averaged: 2559.83 (top score: 14100)
Nets of generation 87 averaged: 2500.12 (top score: 14884)
Nets of generation 88 averaged: 2511.12 (top score: 12688)
Nets of generation 89 averaged: 2557.47 (top score: 12588)
Nets of generation 90 averaged: 2623.81 (top score: 15176)
Nets of generation 91 averaged: 2549 (top score: 11488)
Nets of generation 92 averaged: 2549.57 (top score: 12504)
Nets of generation 93 averaged: 2632.51 (top score: 12624)
Nets of generation 94 averaged: 2628.26 (top score: 15872)
Nets of generation 95 averaged: 2607.94 (top score: 13388)
Nets of generation 96 averaged: 2578.93 (top score: 12432)
Nets of generation 97 averaged: 2649.14 (top score: 12852)
Nets of generation 98 averaged: 2611.84 (top score: 13064)
Nets of generation 99 averaged: 2619.74 (top score: 13188)
