Initialized with: 
numGenerations: 1000
numNets: 100
numGamesPerNet: 5
netHiddenLayerSize: 16
chMode: h
treeDepth: 2
Nets of generation 0 averaged: 926.952 (top score: 3780)
Nets of generation 1 averaged: 915.712 (top score: 3840)
Nets of generation 2 averaged: 967.472 (top score: 4864)
Nets of generation 3 averaged: 1033.53 (top score: 3972)
Nets of generation 4 averaged: 1051.12 (top score: 6336)
Nets of generation 5 averaged: 1100.18 (top score: 5068)
Nets of generation 6 averaged: 1093.87 (top score: 5048)
Nets of generation 7 averaged: 1120.26 (top score: 6332)
Nets of generation 8 averaged: 1132.16 (top score: 5040)
Nets of generation 9 averaged: 1197.83 (top score: 5268)
Nets of generation 10 averaged: 1179.89 (top score: 4628)
Nets of generation 11 averaged: 1234.6 (top score: 5684)
Nets of generation 12 averaged: 1241.63 (top score: 5736)
Nets of generation 13 averaged: 1265.06 (top score: 4988)
Nets of generation 14 averaged: 1312.51 (top score: 6404)
Nets of generation 15 averaged: 1319.13 (top score: 6460)
Nets of generation 16 averaged: 1369.29 (top score: 5896)
Nets of generation 17 averaged: 1415.5 (top score: 6488)
Nets of generation 18 averaged: 1348.78 (top score: 8816)
Nets of generation 19 averaged: 1427.58 (top score: 5468)
Nets of generation 20 averaged: 1355.22 (top score: 4740)
Nets of generation 21 averaged: 1397.1 (top score: 6484)
Nets of generation 22 averaged: 1443.86 (top score: 5560)
Nets of generation 23 averaged: 1594.7 (top score: 9624)
Nets of generation 24 averaged: 1584.12 (top score: 6724)
Nets of generation 25 averaged: 1591.46 (top score: 6704)
Nets of generation 26 averaged: 1642.73 (top score: 7188)
Nets of generation 27 averaged: 1639.9 (top score: 6768)
Nets of generation 28 averaged: 1657.6 (top score: 6228)
Nets of generation 29 averaged: 1675.88 (top score: 6772)
Nets of generation 30 averaged: 1852.98 (top score: 6548)
Nets of generation 31 averaged: 1722.66 (top score: 5752)
Nets of generation 32 averaged: 1740.56 (top score: 5512)
Nets of generation 33 averaged: 1758.13 (top score: 11372)
Nets of generation 34 averaged: 1829.81 (top score: 6900)
Nets of generation 35 averaged: 1742.65 (top score: 6696)
Nets of generation 36 averaged: 1776.48 (top score: 6624)
Nets of generation 37 averaged: 1830.45 (top score: 6944)
Nets of generation 38 averaged: 1794.8 (top score: 6640)
Nets of generation 39 averaged: 1728.96 (top score: 7076)
Nets of generation 40 averaged: 1861.58 (top score: 5564)
Nets of generation 41 averaged: 1795.98 (top score: 10892)
Nets of generation 42 averaged: 1869.53 (top score: 7564)
Nets of generation 43 averaged: 1865.54 (top score: 12052)
Nets of generation 44 averaged: 1845.18 (top score: 8540)
Nets of generation 45 averaged: 1942.5 (top score: 8076)
Nets of generation 46 averaged: 1990.34 (top score: 6932)
Nets of generation 47 averaged: 1938.53 (top score: 6960)
Nets of generation 48 averaged: 1934.84 (top score: 7380)
Nets of generation 49 averaged: 2001.4 (top score: 6864)
Nets of generation 50 averaged: 1877.3 (top score: 6752)
Nets of generation 51 averaged: 1917.34 (top score: 6704)
Nets of generation 52 averaged: 2038.8 (top score: 6740)
Nets of generation 53 averaged: 1991.98 (top score: 7232)
Nets of generation 54 averaged: 2089.14 (top score: 7060)
Nets of generation 55 averaged: 2025.91 (top score: 10388)
Nets of generation 56 averaged: 2051.23 (top score: 7084)
Nets of generation 57 averaged: 2053.62 (top score: 6436)
Nets of generation 58 averaged: 2199.26 (top score: 11376)
Nets of generation 59 averaged: 2171 (top score: 6984)
Nets of generation 60 averaged: 2282.22 (top score: 7144)
Nets of generation 61 averaged: 2085.74 (top score: 7236)
Nets of generation 62 averaged: 2208.48 (top score: 7328)
Nets of generation 63 averaged: 2052.34 (top score: 6784)
Nets of generation 64 averaged: 2114.33 (top score: 6408)
Nets of generation 65 averaged: 2124.33 (top score: 6956)
Nets of generation 66 averaged: 2168.53 (top score: 6668)
Nets of generation 67 averaged: 2187.54 (top score: 10400)
Nets of generation 68 averaged: 2107.97 (top score: 6840)
Nets of generation 69 averaged: 2219.2 (top score: 7804)
Nets of generation 70 averaged: 2232.24 (top score: 6980)
Nets of generation 71 averaged: 2226.51 (top score: 7384)
Nets of generation 72 averaged: 2265.57 (top score: 7112)
Nets of generation 73 averaged: 2311.72 (top score: 7180)
Nets of generation 74 averaged: 2211.27 (top score: 7908)
Nets of generation 75 averaged: 2250.06 (top score: 8720)
Nets of generation 76 averaged: 2223.45 (top score: 7072)
Nets of generation 77 averaged: 2308.16 (top score: 7232)
Nets of generation 78 averaged: 2097.4 (top score: 7196)
Nets of generation 79 averaged: 2225.54 (top score: 7656)
Nets of generation 80 averaged: 2261.59 (top score: 7400)
Nets of generation 81 averaged: 2226.74 (top score: 7016)
Nets of generation 82 averaged: 2228.99 (top score: 7024)
Nets of generation 83 averaged: 2296.04 (top score: 11604)
Nets of generation 84 averaged: 2286.9 (top score: 7012)
Nets of generation 85 averaged: 2442.49 (top score: 7944)
Nets of generation 86 averaged: 2460.07 (top score: 8608)
Nets of generation 87 averaged: 2367.68 (top score: 7556)
Nets of generation 88 averaged: 2463.43 (top score: 7344)
Nets of generation 89 averaged: 2492.17 (top score: 8288)
Nets of generation 90 averaged: 2491.7 (top score: 9220)
Nets of generation 91 averaged: 2426.46 (top score: 7984)
Nets of generation 92 averaged: 2502.46 (top score: 10440)
Nets of generation 93 averaged: 2409.61 (top score: 7332)
Nets of generation 94 averaged: 2450.42 (top score: 7088)
Nets of generation 95 averaged: 2489.95 (top score: 7620)
Nets of generation 96 averaged: 2443.44 (top score: 8008)
Nets of generation 97 averaged: 2465.89 (top score: 8408)
Nets of generation 98 averaged: 2491.97 (top score: 8824)
Nets of generation 99 averaged: 2599.74 (top score: 7512)
Nets of generation 100 averaged: 2580.14 (top score: 7612)
Nets of generation 101 averaged: 2502.74 (top score: 8892)
Nets of generation 102 averaged: 2520.49 (top score: 7712)
Nets of generation 103 averaged: 2476.42 (top score: 7428)
Nets of generation 104 averaged: 2571.94 (top score: 9268)
Nets of generation 105 averaged: 2423.37 (top score: 8252)
Nets of generation 106 averaged: 2568.57 (top score: 7596)
Nets of generation 107 averaged: 2553.56 (top score: 8048)
Nets of generation 108 averaged: 2450.83 (top score: 7876)
Nets of generation 109 averaged: 2516.37 (top score: 7624)
Nets of generation 110 averaged: 2663.03 (top score: 10380)
Nets of generation 111 averaged: 2682.66 (top score: 8188)
Nets of generation 112 averaged: 2749.39 (top score: 11572)
Nets of generation 113 averaged: 2712.56 (top score: 10144)
Nets of generation 114 averaged: 2617.68 (top score: 11516)
Nets of generation 115 averaged: 2648.44 (top score: 7672)
Nets of generation 116 averaged: 2655.95 (top score: 10120)
Nets of generation 117 averaged: 2719.74 (top score: 8476)
Nets of generation 118 averaged: 2477.65 (top score: 10780)
Nets of generation 119 averaged: 2571.33 (top score: 7876)
Nets of generation 120 averaged: 2622.4 (top score: 7768)
Nets of generation 121 averaged: 2581.9 (top score: 7184)
Nets of generation 122 averaged: 2633.34 (top score: 8876)
Nets of generation 123 averaged: 2596.69 (top score: 7608)
Nets of generation 124 averaged: 2437.37 (top score: 8064)
Nets of generation 125 averaged: 2497.3 (top score: 9908)
Nets of generation 126 averaged: 2488.7 (top score: 7472)
Nets of generation 127 averaged: 2545.35 (top score: 7204)
Nets of generation 128 averaged: 2461.8 (top score: 7732)
Nets of generation 129 averaged: 2492.57 (top score: 8776)
Nets of generation 130 averaged: 2505.6 (top score: 7916)
Nets of generation 131 averaged: 2617.44 (top score: 7708)
Nets of generation 132 averaged: 2428.34 (top score: 8376)
Nets of generation 133 averaged: 2427.66 (top score: 8424)
Nets of generation 134 averaged: 2613.56 (top score: 10000)
Nets of generation 135 averaged: 2553.78 (top score: 8620)
Nets of generation 136 averaged: 2636.96 (top score: 7716)
Nets of generation 137 averaged: 2605.72 (top score: 8112)
Nets of generation 138 averaged: 2624.98 (top score: 7592)
Nets of generation 139 averaged: 2726.49 (top score: 10332)
Nets of generation 140 averaged: 2804.81 (top score: 7688)
Nets of generation 141 averaged: 2799.78 (top score: 11336)
Nets of generation 142 averaged: 2668.39 (top score: 7512)
Nets of generation 143 averaged: 2598.73 (top score: 10540)
Nets of generation 144 averaged: 2683.72 (top score: 10612)
Nets of generation 145 averaged: 2711.98 (top score: 8012)
Nets of generation 146 averaged: 2606.14 (top score: 10336)
Nets of generation 147 averaged: 2705.54 (top score: 7628)
Nets of generation 148 averaged: 2536.92 (top score: 9988)
Nets of generation 149 averaged: 2644.82 (top score: 7272)
Nets of generation 150 averaged: 2680.54 (top score: 9756)
Nets of generation 151 averaged: 2653.39 (top score: 11468)
Nets of generation 152 averaged: 2767.1 (top score: 7752)
Nets of generation 153 averaged: 2897.08 (top score: 10708)
Nets of generation 154 averaged: 2803.99 (top score: 7556)
Nets of generation 155 averaged: 2871.1 (top score: 9700)
Nets of generation 156 averaged: 2809.79 (top score: 7736)
Nets of generation 157 averaged: 2836.51 (top score: 10496)
Nets of generation 158 averaged: 2875.64 (top score: 10172)
Nets of generation 159 averaged: 2832.58 (top score: 8516)
Nets of generation 160 averaged: 2828.5 (top score: 10352)
Nets of generation 161 averaged: 2984.47 (top score: 10444)
Nets of generation 162 averaged: 2724.37 (top score: 7432)
Nets of generation 163 averaged: 2906.74 (top score: 10520)
Nets of generation 164 averaged: 2952.12 (top score: 11740)
Nets of generation 165 averaged: 2868.4 (top score: 9652)
Nets of generation 166 averaged: 2871.3 (top score: 8192)
Nets of generation 167 averaged: 2842.09 (top score: 11672)
Nets of generation 168 averaged: 2933.64 (top score: 12384)
Nets of generation 169 averaged: 2946.09 (top score: 11232)
Nets of generation 170 averaged: 2832.8 (top score: 12156)
Nets of generation 171 averaged: 2981.17 (top score: 11412)
Nets of generation 172 averaged: 3029.95 (top score: 9232)
Nets of generation 173 averaged: 3059.55 (top score: 11080)
Nets of generation 174 averaged: 3163.54 (top score: 11324)
Nets of generation 175 averaged: 3053.96 (top score: 11440)
Nets of generation 176 averaged: 3101.74 (top score: 11052)
Nets of generation 177 averaged: 3009.62 (top score: 12308)
Nets of generation 178 averaged: 3085.03 (top score: 11476)
Nets of generation 179 averaged: 3282.02 (top score: 12176)
Nets of generation 180 averaged: 3106.76 (top score: 11328)
Nets of generation 181 averaged: 3053.46 (top score: 10444)
Nets of generation 182 averaged: 3015.62 (top score: 10928)
Nets of generation 183 averaged: 3081.36 (top score: 12304)
Nets of generation 184 averaged: 3077.37 (top score: 11368)
Nets of generation 185 averaged: 3000.62 (top score: 12680)
Nets of generation 186 averaged: 3047.83 (top score: 9592)
Nets of generation 187 averaged: 3122.78 (top score: 12540)
Nets of generation 188 averaged: 2982.7 (top score: 11512)
Nets of generation 189 averaged: 3015.9 (top score: 12376)
Nets of generation 190 averaged: 2970.18 (top score: 12324)
Nets of generation 191 averaged: 3141.05 (top score: 13600)
Nets of generation 192 averaged: 3098.66 (top score: 10424)
Nets of generation 193 averaged: 3120.8 (top score: 10040)
Nets of generation 194 averaged: 3025.18 (top score: 10616)
Nets of generation 195 averaged: 3124.38 (top score: 11360)
Nets of generation 196 averaged: 3069.7 (top score: 13924)
Nets of generation 197 averaged: 3115.62 (top score: 11420)
Nets of generation 198 averaged: 3095.31 (top score: 15284)
Nets of generation 199 averaged: 2944.97 (top score: 11424)
Nets of generation 200 averaged: 3115.86 (top score: 12536)
Nets of generation 201 averaged: 3206.44 (top score: 13932)
Nets of generation 202 averaged: 3059.09 (top score: 13920)
Nets of generation 203 averaged: 2934.03 (top score: 11828)
Nets of generation 204 averaged: 3177.05 (top score: 11852)
Nets of generation 205 averaged: 3142.82 (top score: 12628)
Nets of generation 206 averaged: 3117.86 (top score: 12224)
Nets of generation 207 averaged: 3052.03 (top score: 10152)
Nets of generation 208 averaged: 3191.23 (top score: 12404)
Nets of generation 209 averaged: 3116.02 (top score: 9976)
Nets of generation 210 averaged: 3016.22 (top score: 10672)
Nets of generation 211 averaged: 3003.74 (top score: 11868)
Nets of generation 212 averaged: 3121.15 (top score: 12128)
Nets of generation 213 averaged: 3072.53 (top score: 12524)
Nets of generation 214 averaged: 3175.96 (top score: 11140)
Nets of generation 215 averaged: 3160.58 (top score: 15100)
Nets of generation 216 averaged: 2907.71 (top score: 13456)
Nets of generation 217 averaged: 2980.74 (top score: 10136)
Nets of generation 218 averaged: 3051.55 (top score: 13900)
Nets of generation 219 averaged: 3072.63 (top score: 12340)
Nets of generation 220 averaged: 3148.06 (top score: 10344)
Nets of generation 221 averaged: 3056.5 (top score: 11736)
Nets of generation 222 averaged: 3047.25 (top score: 12076)
Nets of generation 223 averaged: 3029.07 (top score: 12556)
Nets of generation 224 averaged: 3101.23 (top score: 10412)
Nets of generation 225 averaged: 3033.31 (top score: 12532)
Nets of generation 226 averaged: 2978.18 (top score: 10348)
Nets of generation 227 averaged: 2898.9 (top score: 10424)
Nets of generation 228 averaged: 2895.26 (top score: 10820)
Nets of generation 229 averaged: 2986.59 (top score: 7892)
Nets of generation 230 averaged: 2922.88 (top score: 9520)
Nets of generation 231 averaged: 3036.72 (top score: 11780)
Nets of generation 232 averaged: 2971.2 (top score: 11996)
Nets of generation 233 averaged: 2939.54 (top score: 10512)
Nets of generation 234 averaged: 3154.25 (top score: 12148)
Nets of generation 235 averaged: 2916.81 (top score: 9892)
Nets of generation 236 averaged: 3050.21 (top score: 12568)
Nets of generation 237 averaged: 3059.45 (top score: 10436)
Nets of generation 238 averaged: 3054.91 (top score: 11308)
Nets of generation 239 averaged: 2983.22 (top score: 12168)
Nets of generation 240 averaged: 3057.8 (top score: 10660)
Nets of generation 241 averaged: 2966.4 (top score: 13688)
Nets of generation 242 averaged: 2905.93 (top score: 11068)
Nets of generation 243 averaged: 3078.07 (top score: 12044)
Nets of generation 244 averaged: 3033.55 (top score: 11448)
Nets of generation 245 averaged: 3297.06 (top score: 12288)
Nets of generation 246 averaged: 3016.98 (top score: 11284)
Nets of generation 247 averaged: 3245.71 (top score: 10648)
Nets of generation 248 averaged: 3131.94 (top score: 13844)
Nets of generation 249 averaged: 3211.46 (top score: 12212)
Nets of generation 250 averaged: 3328.77 (top score: 10328)
Nets of generation 251 averaged: 3127.62 (top score: 11744)
Nets of generation 252 averaged: 3347.6 (top score: 12108)
Nets of generation 253 averaged: 3235.88 (top score: 11492)
Nets of generation 254 averaged: 3237.34 (top score: 12624)
Nets of generation 255 averaged: 3413.62 (top score: 13860)
Nets of generation 256 averaged: 3143.5 (top score: 11872)
Nets of generation 257 averaged: 3262.62 (top score: 11444)
Nets of generation 258 averaged: 3320.83 (top score: 14468)
Nets of generation 259 averaged: 3334.99 (top score: 12064)
Nets of generation 260 averaged: 3433.58 (top score: 14008)
Nets of generation 261 averaged: 3375.04 (top score: 12504)
Nets of generation 262 averaged: 3399.18 (top score: 11908)
Nets of generation 263 averaged: 3411.35 (top score: 13516)
Nets of generation 264 averaged: 3255.1 (top score: 10720)
Nets of generation 265 averaged: 3342.13 (top score: 14592)
Nets of generation 266 averaged: 3356.21 (top score: 12036)
Nets of generation 267 averaged: 3180.96 (top score: 12260)
Nets of generation 268 averaged: 3185.73 (top score: 12100)
Nets of generation 269 averaged: 3432.07 (top score: 14352)
Nets of generation 270 averaged: 3229.17 (top score: 11340)
Nets of generation 271 averaged: 3202.64 (top score: 11344)
Nets of generation 272 averaged: 3163.34 (top score: 11272)
Nets of generation 273 averaged: 3050.25 (top score: 11584)
Nets of generation 274 averaged: 3237.29 (top score: 10752)
Nets of generation 275 averaged: 3155.48 (top score: 14976)
Nets of generation 276 averaged: 3176.57 (top score: 13888)
Nets of generation 277 averaged: 3205.98 (top score: 10496)
Nets of generation 278 averaged: 3197.6 (top score: 12132)
Nets of generation 279 averaged: 3272.82 (top score: 13612)
Nets of generation 280 averaged: 3300.6 (top score: 11780)
Nets of generation 281 averaged: 3386.38 (top score: 12236)
Nets of generation 282 averaged: 3391.39 (top score: 11824)
Nets of generation 283 averaged: 3405.65 (top score: 15132)
Nets of generation 284 averaged: 3365.91 (top score: 10648)
Nets of generation 285 averaged: 3386.03 (top score: 11920)
Nets of generation 286 averaged: 3285.44 (top score: 12088)
Nets of generation 287 averaged: 3478.3 (top score: 12948)
Nets of generation 288 averaged: 3563.42 (top score: 14248)
Nets of generation 289 averaged: 3535.22 (top score: 16120)
Nets of generation 290 averaged: 3302.54 (top score: 11608)
Nets of generation 291 averaged: 3444.53 (top score: 12552)
Nets of generation 292 averaged: 3271.05 (top score: 13360)
Nets of generation 293 averaged: 3396.83 (top score: 11852)
Nets of generation 294 averaged: 3457.6 (top score: 11412)
Nets of generation 295 averaged: 3270.89 (top score: 11660)
Nets of generation 296 averaged: 3311.85 (top score: 12620)
Nets of generation 297 averaged: 3418.33 (top score: 12372)
Nets of generation 298 averaged: 3341.89 (top score: 14248)
Nets of generation 299 averaged: 3311.56 (top score: 13660)
Nets of generation 300 averaged: 3278.24 (top score: 11956)
Nets of generation 301 averaged: 3264.43 (top score: 13180)
Nets of generation 302 averaged: 3290.99 (top score: 9688)
Nets of generation 303 averaged: 3526.06 (top score: 13136)
Nets of generation 304 averaged: 3220.36 (top score: 12160)
Nets of generation 305 averaged: 3350.55 (top score: 14832)
Nets of generation 306 averaged: 3409.93 (top score: 12536)
Nets of generation 307 averaged: 3282.15 (top score: 12188)
Nets of generation 308 averaged: 3475.98 (top score: 11724)
Nets of generation 309 averaged: 3523.31 (top score: 13628)
Nets of generation 310 averaged: 3297.22 (top score: 12236)
Nets of generation 311 averaged: 3382.61 (top score: 12664)
Nets of generation 312 averaged: 3620.6 (top score: 15364)
Nets of generation 313 averaged: 3469.82 (top score: 16640)
Nets of generation 314 averaged: 3419 (top score: 12244)
Nets of generation 315 averaged: 3540.72 (top score: 12340)
Nets of generation 316 averaged: 3544.86 (top score: 12824)
Nets of generation 317 averaged: 3434.19 (top score: 12500)
Nets of generation 318 averaged: 3366.64 (top score: 13576)
Nets of generation 319 averaged: 3336.81 (top score: 14344)
Nets of generation 320 averaged: 3392.43 (top score: 11852)
Nets of generation 321 averaged: 3210.92 (top score: 14388)
Nets of generation 322 averaged: 3336.18 (top score: 10540)
Nets of generation 323 averaged: 3505.34 (top score: 14324)
Nets of generation 324 averaged: 3351.83 (top score: 15112)
Nets of generation 325 averaged: 3389.23 (top score: 12404)
Nets of generation 326 averaged: 3271.26 (top score: 12272)
Nets of generation 327 averaged: 3527.06 (top score: 12176)
Nets of generation 328 averaged: 3417.62 (top score: 12576)
Nets of generation 329 averaged: 3485.01 (top score: 12172)
Nets of generation 330 averaged: 3305.55 (top score: 12128)
Nets of generation 331 averaged: 3551.94 (top score: 12208)
Nets of generation 332 averaged: 3605.41 (top score: 11268)
Nets of generation 333 averaged: 3428.98 (top score: 12588)
Nets of generation 334 averaged: 3330 (top score: 14272)
Nets of generation 335 averaged: 3754.66 (top score: 15268)
Nets of generation 336 averaged: 3681.72 (top score: 13948)
Nets of generation 337 averaged: 3565.62 (top score: 14456)
Nets of generation 338 averaged: 3561.86 (top score: 14372)
Nets of generation 339 averaged: 3513.06 (top score: 14084)
Nets of generation 340 averaged: 3533.7 (top score: 12296)
Nets of generation 341 averaged: 3501.4 (top score: 12188)
Nets of generation 342 averaged: 3469.96 (top score: 14060)
Nets of generation 343 averaged: 3544.51 (top score: 13892)
Nets of generation 344 averaged: 3423.54 (top score: 16372)
Nets of generation 345 averaged: 3437.8 (top score: 15644)
Nets of generation 346 averaged: 3635.18 (top score: 14224)
Nets of generation 347 averaged: 3449.45 (top score: 13740)
Nets of generation 348 averaged: 3455.89 (top score: 14288)
Nets of generation 349 averaged: 3639.15 (top score: 14532)
Nets of generation 350 averaged: 3297.71 (top score: 13128)
Nets of generation 351 averaged: 3415.82 (top score: 15356)
Nets of generation 352 averaged: 3507.46 (top score: 13620)
Nets of generation 353 averaged: 3639.02 (top score: 12456)
Nets of generation 354 averaged: 3365.02 (top score: 12200)
Nets of generation 355 averaged: 3585.19 (top score: 12364)
Nets of generation 356 averaged: 3673.3 (top score: 14744)
Nets of generation 357 averaged: 3676.63 (top score: 15044)
Nets of generation 358 averaged: 3312.3 (top score: 12936)
Nets of generation 359 averaged: 3524.85 (top score: 16484)
Nets of generation 360 averaged: 3620.01 (top score: 12192)
Nets of generation 361 averaged: 3644.02 (top score: 13000)
Nets of generation 362 averaged: 3428.47 (top score: 11780)
Nets of generation 363 averaged: 3449 (top score: 13972)
Nets of generation 364 averaged: 3556.14 (top score: 12528)
Nets of generation 365 averaged: 3593.08 (top score: 12904)
Nets of generation 366 averaged: 3430.87 (top score: 11652)
Nets of generation 367 averaged: 3351.4 (top score: 11796)
Nets of generation 368 averaged: 3463.3 (top score: 11924)
Nets of generation 369 averaged: 3437.85 (top score: 12892)
Nets of generation 370 averaged: 3302.1 (top score: 12252)
Nets of generation 371 averaged: 3355.86 (top score: 12936)
Nets of generation 372 averaged: 3328.83 (top score: 13532)
Nets of generation 373 averaged: 3549.78 (top score: 14980)
Nets of generation 374 averaged: 3369.11 (top score: 13804)
Nets of generation 375 averaged: 3376.82 (top score: 12340)
Nets of generation 376 averaged: 3499.58 (top score: 12228)
Nets of generation 377 averaged: 3367.18 (top score: 11584)
Nets of generation 378 averaged: 3317.44 (top score: 13748)
Nets of generation 379 averaged: 3336.3 (top score: 14312)
Nets of generation 380 averaged: 3398.45 (top score: 11116)
Nets of generation 381 averaged: 3527.74 (top score: 14228)
Nets of generation 382 averaged: 3565.86 (top score: 13436)
Nets of generation 383 averaged: 3491.56 (top score: 13944)
Nets of generation 384 averaged: 3419.73 (top score: 14216)
Nets of generation 385 averaged: 3616.67 (top score: 14776)
Nets of generation 386 averaged: 3466.96 (top score: 12968)
Nets of generation 387 averaged: 3524.89 (top score: 15600)
Nets of generation 388 averaged: 3391.94 (top score: 14628)
Nets of generation 389 averaged: 3479.32 (top score: 14072)
Nets of generation 390 averaged: 3352.58 (top score: 12088)
Nets of generation 391 averaged: 3344.28 (top score: 12196)
Nets of generation 392 averaged: 3177.03 (top score: 12364)
Nets of generation 393 averaged: 3437.74 (top score: 11408)
Nets of generation 394 averaged: 3421.34 (top score: 13720)
Nets of generation 395 averaged: 3430.78 (top score: 12628)
Nets of generation 396 averaged: 3271.21 (top score: 12084)
Nets of generation 397 averaged: 3346.66 (top score: 10520)
Nets of generation 398 averaged: 3375.82 (top score: 15072)
Nets of generation 399 averaged: 3193.5 (top score: 12900)
Nets of generation 400 averaged: 3219.37 (top score: 14840)
Nets of generation 401 averaged: 3312.89 (top score: 10700)
Nets of generation 402 averaged: 3370.64 (top score: 11488)
Nets of generation 403 averaged: 3364.98 (top score: 11440)
Nets of generation 404 averaged: 3299.26 (top score: 10956)
Nets of generation 405 averaged: 3338.23 (top score: 14156)
Nets of generation 406 averaged: 3245.1 (top score: 11860)
Nets of generation 407 averaged: 3255.14 (top score: 10460)
Nets of generation 408 averaged: 3366.38 (top score: 11332)
Nets of generation 409 averaged: 3169.82 (top score: 14200)
Nets of generation 410 averaged: 3262.15 (top score: 11624)
Nets of generation 411 averaged: 3313.82 (top score: 11592)
Nets of generation 412 averaged: 3157.11 (top score: 12260)
Nets of generation 413 averaged: 3252.1 (top score: 12816)
Nets of generation 414 averaged: 3356.57 (top score: 13792)
Nets of generation 415 averaged: 3386.56 (top score: 12208)
Nets of generation 416 averaged: 3328.78 (top score: 12120)
Nets of generation 417 averaged: 3244.34 (top score: 12008)
Nets of generation 418 averaged: 3331.28 (top score: 12764)
Nets of generation 419 averaged: 3382.67 (top score: 13828)
Nets of generation 420 averaged: 3346.66 (top score: 14608)
Nets of generation 421 averaged: 3332.38 (top score: 11372)
Nets of generation 422 averaged: 3437.13 (top score: 13596)
Nets of generation 423 averaged: 3241.7 (top score: 10672)
Nets of generation 424 averaged: 3274.38 (top score: 13944)
Nets of generation 425 averaged: 3280.46 (top score: 11872)
Nets of generation 426 averaged: 3274.86 (top score: 12072)
Nets of generation 427 averaged: 3318.66 (top score: 12144)
Nets of generation 428 averaged: 3428.87 (top score: 12632)
Nets of generation 429 averaged: 3401.32 (top score: 14124)
Nets of generation 430 averaged: 3357.55 (top score: 12236)
Nets of generation 431 averaged: 3224.35 (top score: 12484)
Nets of generation 432 averaged: 3364.96 (top score: 11748)
Nets of generation 433 averaged: 3212.06 (top score: 11860)
Nets of generation 434 averaged: 3206.9 (top score: 16128)
Nets of generation 435 averaged: 3294.45 (top score: 14944)
Nets of generation 436 averaged: 3222.1 (top score: 12088)
Nets of generation 437 averaged: 3177.41 (top score: 14156)
Nets of generation 438 averaged: 3155.41 (top score: 12496)
Nets of generation 439 averaged: 3096.01 (top score: 12972)
Nets of generation 440 averaged: 3149.06 (top score: 10896)
Nets of generation 441 averaged: 3215.62 (top score: 10448)
Nets of generation 442 averaged: 3278.75 (top score: 12352)
Nets of generation 443 averaged: 3230.16 (top score: 11548)
Nets of generation 444 averaged: 3248 (top score: 12148)
Nets of generation 445 averaged: 3365.89 (top score: 12088)
Nets of generation 446 averaged: 3496.71 (top score: 12508)
Nets of generation 447 averaged: 3297.4 (top score: 16532)
Nets of generation 448 averaged: 3448.82 (top score: 12584)
Nets of generation 449 averaged: 3237.79 (top score: 11208)
Nets of generation 450 averaged: 3397.64 (top score: 12712)
Nets of generation 451 averaged: 3538.26 (top score: 12100)
Nets of generation 452 averaged: 3406.22 (top score: 11296)
Nets of generation 453 averaged: 3283.58 (top score: 12028)
Nets of generation 454 averaged: 3230.49 (top score: 11340)
Nets of generation 455 averaged: 3472.04 (top score: 12248)
Nets of generation 456 averaged: 3531.18 (top score: 12828)
Nets of generation 457 averaged: 3416.25 (top score: 12768)
Nets of generation 458 averaged: 3380.94 (top score: 12016)
Nets of generation 459 averaged: 3448.1 (top score: 13540)
Nets of generation 460 averaged: 3555.22 (top score: 14572)
Nets of generation 461 averaged: 3493.38 (top score: 13704)
Nets of generation 462 averaged: 3400.19 (top score: 12296)
Nets of generation 463 averaged: 3331.35 (top score: 13164)
Nets of generation 464 averaged: 3261.47 (top score: 13708)
Nets of generation 465 averaged: 3462.59 (top score: 12716)
Nets of generation 466 averaged: 3362.59 (top score: 16396)
Nets of generation 467 averaged: 3281.61 (top score: 11868)
Nets of generation 468 averaged: 3201.98 (top score: 11880)
Nets of generation 469 averaged: 3263.94 (top score: 12904)
Nets of generation 470 averaged: 3323.47 (top score: 11900)
Nets of generation 471 averaged: 3185.28 (top score: 13580)
Nets of generation 472 averaged: 3386.18 (top score: 12972)
Nets of generation 473 averaged: 3245.27 (top score: 14036)
Nets of generation 474 averaged: 3248.1 (top score: 12576)
Nets of generation 475 averaged: 3223.69 (top score: 12576)
Nets of generation 476 averaged: 3360.22 (top score: 12156)
Nets of generation 477 averaged: 3213.71 (top score: 12268)
Nets of generation 478 averaged: 3251.9 (top score: 12152)
Nets of generation 479 averaged: 3234.19 (top score: 12080)
Nets of generation 480 averaged: 3367.88 (top score: 10564)
Nets of generation 481 averaged: 3324.2 (top score: 12120)
Nets of generation 482 averaged: 3350.34 (top score: 12896)
Nets of generation 483 averaged: 3420.49 (top score: 11680)
Nets of generation 484 averaged: 3383.89 (top score: 12488)
Nets of generation 485 averaged: 3276.88 (top score: 12448)
Nets of generation 486 averaged: 3252.94 (top score: 12692)
Nets of generation 487 averaged: 3527.32 (top score: 14160)
Nets of generation 488 averaged: 3278.1 (top score: 12604)
Nets of generation 489 averaged: 3215.53 (top score: 12316)
Nets of generation 490 averaged: 3165.59 (top score: 12192)
Nets of generation 491 averaged: 3233.01 (top score: 15160)
Nets of generation 492 averaged: 3109.12 (top score: 11764)
Nets of generation 493 averaged: 3235.78 (top score: 12820)
Nets of generation 494 averaged: 3200.14 (top score: 12316)
Nets of generation 495 averaged: 3202.34 (top score: 10392)
Nets of generation 496 averaged: 3195.05 (top score: 11832)
Nets of generation 497 averaged: 3206.84 (top score: 15480)
Nets of generation 498 averaged: 3473.38 (top score: 12296)
Nets of generation 499 averaged: 3192.14 (top score: 11984)
Nets of generation 500 averaged: 3220.04 (top score: 12392)
Nets of generation 501 averaged: 3383.63 (top score: 15916)
Nets of generation 502 averaged: 3458.39 (top score: 13008)
Nets of generation 503 averaged: 3485.33 (top score: 12196)
Nets of generation 504 averaged: 3239.67 (top score: 10724)
Nets of generation 505 averaged: 3434.73 (top score: 12372)
Nets of generation 506 averaged: 3374.84 (top score: 15108)
Nets of generation 507 averaged: 3295.55 (top score: 12252)
Nets of generation 508 averaged: 3368.45 (top score: 14652)
Nets of generation 509 averaged: 3473.29 (top score: 12804)
Nets of generation 510 averaged: 3321.78 (top score: 12560)
Nets of generation 511 averaged: 3348.47 (top score: 13748)
Nets of generation 512 averaged: 3378.41 (top score: 12204)
Nets of generation 513 averaged: 3488.88 (top score: 13616)
Nets of generation 514 averaged: 3490.78 (top score: 14220)
Nets of generation 515 averaged: 3362.78 (top score: 12552)
Nets of generation 516 averaged: 3404.55 (top score: 12264)
Nets of generation 517 averaged: 3384.82 (top score: 12860)
Nets of generation 518 averaged: 3383.22 (top score: 12924)
Nets of generation 519 averaged: 3325.21 (top score: 12156)
Nets of generation 520 averaged: 3312.17 (top score: 12320)
Nets of generation 521 averaged: 3495.05 (top score: 12236)
Nets of generation 522 averaged: 3274.25 (top score: 13028)
Nets of generation 523 averaged: 3196.54 (top score: 12344)
Nets of generation 524 averaged: 3244.36 (top score: 11904)
Nets of generation 525 averaged: 3349.57 (top score: 12312)
Nets of generation 526 averaged: 3395.86 (top score: 13916)
Nets of generation 527 averaged: 3463.21 (top score: 11500)
Nets of generation 528 averaged: 3312.85 (top score: 13904)
Nets of generation 529 averaged: 3156.8 (top score: 7532)
Nets of generation 530 averaged: 3358.25 (top score: 10368)
Nets of generation 531 averaged: 3274.27 (top score: 12060)
Nets of generation 532 averaged: 3397.63 (top score: 11988)
Nets of generation 533 averaged: 3323.87 (top score: 12024)
Nets of generation 534 averaged: 3379.84 (top score: 11760)
Nets of generation 535 averaged: 3376.04 (top score: 13704)
Nets of generation 536 averaged: 3069.94 (top score: 12372)
Nets of generation 537 averaged: 3182.42 (top score: 10660)
Nets of generation 538 averaged: 3566.68 (top score: 11392)
Nets of generation 539 averaged: 3382.33 (top score: 12096)
Nets of generation 540 averaged: 3408.66 (top score: 13812)
Nets of generation 541 averaged: 3341.9 (top score: 11252)
Nets of generation 542 averaged: 3390.08 (top score: 12604)
Nets of generation 543 averaged: 3364.66 (top score: 12152)
Nets of generation 544 averaged: 3140.23 (top score: 11112)
Nets of generation 545 averaged: 3194.89 (top score: 11360)
Nets of generation 546 averaged: 3310.18 (top score: 14328)
Nets of generation 547 averaged: 3227.36 (top score: 11800)
Nets of generation 548 averaged: 3238.43 (top score: 12876)
Nets of generation 549 averaged: 3098.25 (top score: 12036)
Nets of generation 550 averaged: 3181.98 (top score: 12396)
Nets of generation 551 averaged: 3235.5 (top score: 13620)
Nets of generation 552 averaged: 3328.44 (top score: 11708)
Nets of generation 553 averaged: 3189.35 (top score: 12132)
Nets of generation 554 averaged: 3251.79 (top score: 10264)
Nets of generation 555 averaged: 3248.9 (top score: 12880)
Nets of generation 556 averaged: 3115.61 (top score: 11912)
Nets of generation 557 averaged: 3107.14 (top score: 13484)
Nets of generation 558 averaged: 3415.15 (top score: 12180)
Nets of generation 559 averaged: 3221.62 (top score: 10488)
Nets of generation 560 averaged: 3114.94 (top score: 12148)
Nets of generation 561 averaged: 3110.17 (top score: 11320)
Nets of generation 562 averaged: 3365.21 (top score: 12188)
Nets of generation 563 averaged: 3376.04 (top score: 12312)
Nets of generation 564 averaged: 3506.2 (top score: 12476)
Nets of generation 565 averaged: 3346.26 (top score: 12292)
Nets of generation 566 averaged: 3421.21 (top score: 13612)
Nets of generation 567 averaged: 3453.84 (top score: 12228)
Nets of generation 568 averaged: 3250.24 (top score: 12104)
Nets of generation 569 averaged: 3188.1 (top score: 10076)
Nets of generation 570 averaged: 3431.57 (top score: 12940)
Nets of generation 571 averaged: 3391.33 (top score: 11824)
Nets of generation 572 averaged: 3213.6 (top score: 12872)
Nets of generation 573 averaged: 3416.31 (top score: 12376)
Nets of generation 574 averaged: 3420.22 (top score: 12148)
Nets of generation 575 averaged: 3310.41 (top score: 13916)
Nets of generation 576 averaged: 3466.72 (top score: 12204)
Nets of generation 577 averaged: 3450.28 (top score: 13096)
Nets of generation 578 averaged: 3373.74 (top score: 13784)
Nets of generation 579 averaged: 3356.78 (top score: 10580)
Nets of generation 580 averaged: 3287.52 (top score: 12376)
Nets of generation 581 averaged: 3465.7 (top score: 11612)
Nets of generation 582 averaged: 3264.35 (top score: 10232)
Nets of generation 583 averaged: 3262.16 (top score: 13544)
Nets of generation 584 averaged: 3247.61 (top score: 14408)
Nets of generation 585 averaged: 3278.29 (top score: 14116)
Nets of generation 586 averaged: 3296.34 (top score: 12260)
Nets of generation 587 averaged: 3285.42 (top score: 12336)
Nets of generation 588 averaged: 3341.16 (top score: 13728)
Nets of generation 589 averaged: 3161.22 (top score: 10516)
Nets of generation 590 averaged: 3347.35 (top score: 14472)
Nets of generation 591 averaged: 3060.62 (top score: 12272)
Nets of generation 592 averaged: 3231.71 (top score: 11520)
Nets of generation 593 averaged: 3188.23 (top score: 12144)
Nets of generation 594 averaged: 3217.74 (top score: 13512)
Nets of generation 595 averaged: 3399.88 (top score: 11928)
Nets of generation 596 averaged: 3272.46 (top score: 12152)
Nets of generation 597 averaged: 3257.54 (top score: 12508)
Nets of generation 598 averaged: 3197.77 (top score: 12344)
Nets of generation 599 averaged: 3158.82 (top score: 11500)
Nets of generation 600 averaged: 3252.66 (top score: 11988)
Nets of generation 601 averaged: 3173.11 (top score: 12640)
Nets of generation 602 averaged: 3242.14 (top score: 11424)
Nets of generation 603 averaged: 3444.02 (top score: 13016)
Nets of generation 604 averaged: 3137.8 (top score: 10640)
Nets of generation 605 averaged: 3252.02 (top score: 12340)
Nets of generation 606 averaged: 3061.28 (top score: 10624)
Nets of generation 607 averaged: 3155.05 (top score: 12532)
Nets of generation 608 averaged: 3155.23 (top score: 11372)
Nets of generation 609 averaged: 3107.05 (top score: 12536)
Nets of generation 610 averaged: 3048.34 (top score: 11692)
Nets of generation 611 averaged: 3240.48 (top score: 12244)
Nets of generation 612 averaged: 3269.68 (top score: 12372)
Nets of generation 613 averaged: 3229.22 (top score: 11316)
Nets of generation 614 averaged: 3058.86 (top score: 11420)
Nets of generation 615 averaged: 3150.66 (top score: 14300)
Nets of generation 616 averaged: 3012.18 (top score: 12600)
Nets of generation 617 averaged: 3102.02 (top score: 11588)
Nets of generation 618 averaged: 3237.14 (top score: 12288)
Nets of generation 619 averaged: 2994.94 (top score: 12544)
Nets of generation 620 averaged: 3193.74 (top score: 12508)
Nets of generation 621 averaged: 3325.11 (top score: 12124)
Nets of generation 622 averaged: 3281.37 (top score: 11908)
Nets of generation 623 averaged: 3210.96 (top score: 10820)
Nets of generation 624 averaged: 3272.75 (top score: 14588)
Nets of generation 625 averaged: 3081.95 (top score: 11836)
Nets of generation 626 averaged: 3056.44 (top score: 12076)
Nets of generation 627 averaged: 3074.37 (top score: 10924)
Nets of generation 628 averaged: 3060.86 (top score: 12680)
Nets of generation 629 averaged: 3051.49 (top score: 11388)
Nets of generation 630 averaged: 3192.65 (top score: 12192)
Nets of generation 631 averaged: 3237.29 (top score: 11996)
Nets of generation 632 averaged: 3109.86 (top score: 12236)
Nets of generation 633 averaged: 3226.7 (top score: 12196)
Nets of generation 634 averaged: 3263.82 (top score: 12088)
Nets of generation 635 averaged: 3307.94 (top score: 12472)
Nets of generation 636 averaged: 3302.06 (top score: 12152)
Nets of generation 637 averaged: 3333.02 (top score: 13668)
Nets of generation 638 averaged: 3089.46 (top score: 11868)
Nets of generation 639 averaged: 3394.18 (top score: 12176)
Nets of generation 640 averaged: 3349.21 (top score: 10400)
Nets of generation 641 averaged: 3051.86 (top score: 12580)
Nets of generation 642 averaged: 3262.09 (top score: 12216)
Nets of generation 643 averaged: 3249.04 (top score: 11376)
Nets of generation 644 averaged: 3239.22 (top score: 12048)
Nets of generation 645 averaged: 3365.87 (top score: 12132)
Nets of generation 646 averaged: 3154.8 (top score: 10784)
Nets of generation 647 averaged: 3304.81 (top score: 12988)
Nets of generation 648 averaged: 3151.02 (top score: 13716)
Nets of generation 649 averaged: 3389.65 (top score: 14448)
Nets of generation 650 averaged: 3300.06 (top score: 12364)
Nets of generation 651 averaged: 3165.66 (top score: 10780)
Nets of generation 652 averaged: 3199.81 (top score: 10596)
Nets of generation 653 averaged: 3216.32 (top score: 12308)
Nets of generation 654 averaged: 3369.67 (top score: 12500)
Nets of generation 655 averaged: 3299.9 (top score: 14108)
Nets of generation 656 averaged: 3249.94 (top score: 10644)
Nets of generation 657 averaged: 3142.3 (top score: 12504)
Nets of generation 658 averaged: 3311.06 (top score: 12240)
Nets of generation 659 averaged: 3428.38 (top score: 13952)
Nets of generation 660 averaged: 3199.68 (top score: 11652)
Nets of generation 661 averaged: 3301.54 (top score: 12552)
Nets of generation 662 averaged: 3465.84 (top score: 14504)
Nets of generation 663 averaged: 3373.87 (top score: 10364)
Nets of generation 664 averaged: 3582.82 (top score: 14444)
Nets of generation 665 averaged: 3593.63 (top score: 12404)
Nets of generation 666 averaged: 3367.2 (top score: 12364)
Nets of generation 667 averaged: 3558.52 (top score: 15784)
Nets of generation 668 averaged: 3339.48 (top score: 10524)
Nets of generation 669 averaged: 3425.65 (top score: 13680)
Nets of generation 670 averaged: 3394.5 (top score: 13800)
Nets of generation 671 averaged: 3395.92 (top score: 14492)
Nets of generation 672 averaged: 3525.79 (top score: 14328)
Nets of generation 673 averaged: 3420.44 (top score: 12384)
Nets of generation 674 averaged: 3440.54 (top score: 12536)
Nets of generation 675 averaged: 3551.68 (top score: 12404)
Nets of generation 676 averaged: 3412.77 (top score: 15572)
Nets of generation 677 averaged: 3418.6 (top score: 14172)
Nets of generation 678 averaged: 3748.38 (top score: 14020)
Nets of generation 679 averaged: 3453.98 (top score: 12344)
Nets of generation 680 averaged: 3544.15 (top score: 12164)
Nets of generation 681 averaged: 3450.46 (top score: 13756)
Nets of generation 682 averaged: 3571.18 (top score: 12024)
Nets of generation 683 averaged: 3467.22 (top score: 13440)
Nets of generation 684 averaged: 3374.02 (top score: 12336)
Nets of generation 685 averaged: 3429.42 (top score: 14108)
Nets of generation 686 averaged: 3565.38 (top score: 14596)
Nets of generation 687 averaged: 3511.21 (top score: 12264)
Nets of generation 688 averaged: 3680.28 (top score: 15068)
Nets of generation 689 averaged: 3376.58 (top score: 12276)
Nets of generation 690 averaged: 3410.22 (top score: 16000)
Nets of generation 691 averaged: 3504.46 (top score: 13292)
Nets of generation 692 averaged: 3462.86 (top score: 15536)
Nets of generation 693 averaged: 3495.36 (top score: 13480)
Nets of generation 694 averaged: 3476.38 (top score: 12516)
Nets of generation 695 averaged: 3500.67 (top score: 13912)
Nets of generation 696 averaged: 3597.5 (top score: 13452)
Nets of generation 697 averaged: 3784.62 (top score: 12212)
Nets of generation 698 averaged: 3621.35 (top score: 14548)
Nets of generation 699 averaged: 3864.67 (top score: 14552)
Nets of generation 700 averaged: 3806.02 (top score: 12780)
Nets of generation 701 averaged: 3917.16 (top score: 12492)
Nets of generation 702 averaged: 3761.8 (top score: 13436)
Nets of generation 703 averaged: 3739.74 (top score: 12164)
Nets of generation 704 averaged: 3607.47 (top score: 12124)
Nets of generation 705 averaged: 3517.36 (top score: 11828)
Nets of generation 706 averaged: 3750.25 (top score: 12496)
Nets of generation 707 averaged: 3786.21 (top score: 12908)
Nets of generation 708 averaged: 3675.45 (top score: 12352)
Nets of generation 709 averaged: 3585.86 (top score: 12116)
Nets of generation 710 averaged: 3869.59 (top score: 13672)
Nets of generation 711 averaged: 3823.37 (top score: 14464)
Nets of generation 712 averaged: 3672.61 (top score: 11824)
Nets of generation 713 averaged: 3599.34 (top score: 13900)
Nets of generation 714 averaged: 3757.74 (top score: 13048)
Nets of generation 715 averaged: 3755.77 (top score: 13824)
Nets of generation 716 averaged: 3819.95 (top score: 12280)
Nets of generation 717 averaged: 3511.86 (top score: 13644)
Nets of generation 718 averaged: 3667.57 (top score: 14912)
Nets of generation 719 averaged: 3659.69 (top score: 14492)
Nets of generation 720 averaged: 3907.22 (top score: 14868)
Nets of generation 721 averaged: 3915.52 (top score: 12788)
Nets of generation 722 averaged: 3799.84 (top score: 13620)
Nets of generation 723 averaged: 3857.48 (top score: 15472)
Nets of generation 724 averaged: 3880.14 (top score: 13644)
Nets of generation 725 averaged: 3612.48 (top score: 13224)
Nets of generation 726 averaged: 3931.62 (top score: 16032)
Nets of generation 727 averaged: 3737.22 (top score: 13984)
Nets of generation 728 averaged: 3874.53 (top score: 13840)
Nets of generation 729 averaged: 3724.22 (top score: 12256)
Nets of generation 730 averaged: 3658.3 (top score: 14512)
Nets of generation 731 averaged: 3742.34 (top score: 14480)
Nets of generation 732 averaged: 3674.27 (top score: 12320)
Nets of generation 733 averaged: 3854.69 (top score: 15440)
Nets of generation 734 averaged: 3686.55 (top score: 14676)
Nets of generation 735 averaged: 3465.75 (top score: 12088)
Nets of generation 736 averaged: 3565.59 (top score: 12472)
Nets of generation 737 averaged: 3578.43 (top score: 13652)
Nets of generation 738 averaged: 3778.13 (top score: 14380)
Nets of generation 739 averaged: 3717.29 (top score: 14656)
Nets of generation 740 averaged: 3815.52 (top score: 12540)
Nets of generation 741 averaged: 3653.55 (top score: 11640)
Nets of generation 742 averaged: 3564.83 (top score: 12120)
Nets of generation 743 averaged: 3586.87 (top score: 12144)
Nets of generation 744 averaged: 3756.35 (top score: 14536)
Nets of generation 745 averaged: 3668.39 (top score: 12604)
Nets of generation 746 averaged: 3590.38 (top score: 16008)
Nets of generation 747 averaged: 3790.76 (top score: 14784)
Nets of generation 748 averaged: 3728.42 (top score: 14188)
Nets of generation 749 averaged: 3755.98 (top score: 12000)
Nets of generation 750 averaged: 3747.34 (top score: 15380)
Nets of generation 751 averaged: 3823.84 (top score: 13744)
Nets of generation 752 averaged: 3656.66 (top score: 12844)
Nets of generation 753 averaged: 3626.05 (top score: 12900)
Nets of generation 754 averaged: 3623.62 (top score: 12220)
Nets of generation 755 averaged: 3783.61 (top score: 12324)
Nets of generation 756 averaged: 3748.63 (top score: 12560)
Nets of generation 757 averaged: 3861.59 (top score: 13668)
Nets of generation 758 averaged: 3721.82 (top score: 14588)
Nets of generation 759 averaged: 3864.1 (top score: 14012)
Nets of generation 760 averaged: 3738.85 (top score: 12272)
Nets of generation 761 averaged: 3785.75 (top score: 13588)
Nets of generation 762 averaged: 3855.74 (top score: 14624)
Nets of generation 763 averaged: 3757.1 (top score: 14604)
Nets of generation 764 averaged: 3535.54 (top score: 12480)
Nets of generation 765 averaged: 3944.19 (top score: 13600)
Nets of generation 766 averaged: 4100.23 (top score: 14704)
Nets of generation 767 averaged: 3967.81 (top score: 12320)
Nets of generation 768 averaged: 3863.67 (top score: 11360)
Nets of generation 769 averaged: 3819.25 (top score: 12456)
Nets of generation 770 averaged: 3790.35 (top score: 12516)
Nets of generation 771 averaged: 3856.52 (top score: 14508)
Nets of generation 772 averaged: 3856.6 (top score: 12640)
Nets of generation 773 averaged: 3876.5 (top score: 12760)
Nets of generation 774 averaged: 3891.35 (top score: 12244)
Nets of generation 775 averaged: 3813.55 (top score: 12216)
Nets of generation 776 averaged: 3832.86 (top score: 14444)
Nets of generation 777 averaged: 3951.82 (top score: 12396)
Nets of generation 778 averaged: 3715.71 (top score: 12252)
Nets of generation 779 averaged: 4034.13 (top score: 13060)
Nets of generation 780 averaged: 4103.46 (top score: 12468)
Nets of generation 781 averaged: 4058.54 (top score: 13272)
Nets of generation 782 averaged: 3957.76 (top score: 12420)
Nets of generation 783 averaged: 3806.77 (top score: 14252)
Nets of generation 784 averaged: 3915.15 (top score: 12296)
Nets of generation 785 averaged: 4028.18 (top score: 14060)
Nets of generation 786 averaged: 3920.07 (top score: 13788)
Nets of generation 787 averaged: 3829.16 (top score: 13556)
Nets of generation 788 averaged: 3839.15 (top score: 14472)
Nets of generation 789 averaged: 3862.65 (top score: 12260)
Nets of generation 790 averaged: 3913.18 (top score: 14528)
Nets of generation 791 averaged: 3863.07 (top score: 15572)
Nets of generation 792 averaged: 3780.22 (top score: 14692)
Nets of generation 793 averaged: 3769.44 (top score: 15744)
Nets of generation 794 averaged: 3709.46 (top score: 12660)
Nets of generation 795 averaged: 3761.07 (top score: 16052)
Nets of generation 796 averaged: 3911.64 (top score: 14704)
Nets of generation 797 averaged: 3694.35 (top score: 14656)
Nets of generation 798 averaged: 3669.77 (top score: 12432)
Nets of generation 799 averaged: 3888.7 (top score: 14916)
Nets of generation 800 averaged: 3753.92 (top score: 12956)
Nets of generation 801 averaged: 3749.14 (top score: 14444)
Nets of generation 802 averaged: 3757.28 (top score: 12952)
Nets of generation 803 averaged: 3662.92 (top score: 11780)
Nets of generation 804 averaged: 3847.78 (top score: 14104)
Nets of generation 805 averaged: 3862.02 (top score: 16464)
Nets of generation 806 averaged: 3637.63 (top score: 11664)
Nets of generation 807 averaged: 3712.22 (top score: 12028)
Nets of generation 808 averaged: 3697.48 (top score: 12872)
Nets of generation 809 averaged: 3723.1 (top score: 14580)
Nets of generation 810 averaged: 3492.75 (top score: 11420)
Nets of generation 811 averaged: 3666.26 (top score: 12232)
Nets of generation 812 averaged: 3799.47 (top score: 15092)
Nets of generation 813 averaged: 3928.36 (top score: 12392)
Nets of generation 814 averaged: 3707.5 (top score: 13616)
Nets of generation 815 averaged: 3944.18 (top score: 12872)
Nets of generation 816 averaged: 3729.1 (top score: 15236)
Nets of generation 817 averaged: 3819.99 (top score: 12500)
Nets of generation 818 averaged: 3780.53 (top score: 14304)
Nets of generation 819 averaged: 3804.01 (top score: 12592)
Nets of generation 820 averaged: 3837.55 (top score: 12248)
Nets of generation 821 averaged: 3825.63 (top score: 14384)
Nets of generation 822 averaged: 3605.5 (top score: 12096)
Nets of generation 823 averaged: 3765.1 (top score: 14536)
Nets of generation 824 averaged: 3700.31 (top score: 14492)
Nets of generation 825 averaged: 3579.46 (top score: 14492)
Nets of generation 826 averaged: 3659.13 (top score: 13740)
Nets of generation 827 averaged: 3703.84 (top score: 14112)
Nets of generation 828 averaged: 3607.17 (top score: 14556)
Nets of generation 829 averaged: 3593.58 (top score: 12444)
Nets of generation 830 averaged: 3573.78 (top score: 13720)
Nets of generation 831 averaged: 3626.23 (top score: 12404)
Nets of generation 832 averaged: 3608.71 (top score: 12480)
Nets of generation 833 averaged: 3607.54 (top score: 15048)
Nets of generation 834 averaged: 3592.83 (top score: 13844)
Nets of generation 835 averaged: 3546.2 (top score: 15436)
Nets of generation 836 averaged: 3807.26 (top score: 12240)
Nets of generation 837 averaged: 3617.39 (top score: 12396)
Nets of generation 838 averaged: 3695.94 (top score: 11636)
Nets of generation 839 averaged: 3659.17 (top score: 14644)
Nets of generation 840 averaged: 3828.74 (top score: 12908)
Nets of generation 841 averaged: 3500.01 (top score: 13840)
Nets of generation 842 averaged: 3735.55 (top score: 14544)
Nets of generation 843 averaged: 3616.67 (top score: 14512)
Nets of generation 844 averaged: 3529.65 (top score: 12192)
Nets of generation 845 averaged: 3660.47 (top score: 12848)
Nets of generation 846 averaged: 3724.04 (top score: 11916)
Nets of generation 847 averaged: 3695.06 (top score: 15280)
Nets of generation 848 averaged: 3707.72 (top score: 13652)
Nets of generation 849 averaged: 3712.37 (top score: 15440)
Nets of generation 850 averaged: 3695.7 (top score: 14312)
Nets of generation 851 averaged: 3686.42 (top score: 14600)
Nets of generation 852 averaged: 3716.79 (top score: 13064)
Nets of generation 853 averaged: 3648.98 (top score: 12500)
Nets of generation 854 averaged: 3642.13 (top score: 12000)
Nets of generation 855 averaged: 3654.82 (top score: 12352)
Nets of generation 856 averaged: 3623.5 (top score: 13464)
Nets of generation 857 averaged: 3608.66 (top score: 12024)
Nets of generation 858 averaged: 3754.45 (top score: 14492)
Nets of generation 859 averaged: 3621.62 (top score: 14540)
Nets of generation 860 averaged: 3725.69 (top score: 11904)
Nets of generation 861 averaged: 3514.42 (top score: 11960)
Nets of generation 862 averaged: 3551.51 (top score: 12588)
Nets of generation 863 averaged: 3756.66 (top score: 13808)
Nets of generation 864 averaged: 3683.1 (top score: 13108)
Nets of generation 865 averaged: 3801.89 (top score: 15272)
Nets of generation 866 averaged: 3777.45 (top score: 14192)
Nets of generation 867 averaged: 3599.1 (top score: 12384)
Nets of generation 868 averaged: 3699.04 (top score: 12552)
Nets of generation 869 averaged: 3719.68 (top score: 12900)
Nets of generation 870 averaged: 3527.85 (top score: 11676)
Nets of generation 871 averaged: 3910.71 (top score: 14680)
Nets of generation 872 averaged: 3881.77 (top score: 15388)
Nets of generation 873 averaged: 3644.27 (top score: 12172)
Nets of generation 874 averaged: 3701.06 (top score: 14456)
Nets of generation 875 averaged: 3606.2 (top score: 13084)
Nets of generation 876 averaged: 4055.07 (top score: 13200)
Nets of generation 877 averaged: 3903.88 (top score: 14072)
Nets of generation 878 averaged: 3899.95 (top score: 12596)
Nets of generation 879 averaged: 3828.69 (top score: 14552)
Nets of generation 880 averaged: 3786.9 (top score: 14328)
Nets of generation 881 averaged: 3744.85 (top score: 14392)
Nets of generation 882 averaged: 3664.55 (top score: 13280)
Nets of generation 883 averaged: 3882.2 (top score: 14552)
Nets of generation 884 averaged: 3779.3 (top score: 13956)
Nets of generation 885 averaged: 3790.11 (top score: 16284)
Nets of generation 886 averaged: 3613.98 (top score: 14752)
Nets of generation 887 averaged: 3903.42 (top score: 13160)
Nets of generation 888 averaged: 3639.65 (top score: 12660)
Nets of generation 889 averaged: 3643.32 (top score: 11964)
Nets of generation 890 averaged: 3719.9 (top score: 14544)
Nets of generation 891 averaged: 3749.86 (top score: 12736)
Nets of generation 892 averaged: 3855.94 (top score: 13120)
Nets of generation 893 averaged: 3784.06 (top score: 13832)
Nets of generation 894 averaged: 3904.86 (top score: 15216)
Nets of generation 895 averaged: 3791.51 (top score: 12112)
Nets of generation 896 averaged: 3846.94 (top score: 15592)
Nets of generation 897 averaged: 3655.71 (top score: 13452)
Nets of generation 898 averaged: 3963.79 (top score: 14576)
Nets of generation 899 averaged: 3803.47 (top score: 13676)
Nets of generation 900 averaged: 3775.4 (top score: 14392)
Nets of generation 901 averaged: 3789.33 (top score: 14352)
Nets of generation 902 averaged: 3708.17 (top score: 13892)
Nets of generation 903 averaged: 3797.16 (top score: 14896)
Nets of generation 904 averaged: 3954.27 (top score: 14716)
Nets of generation 905 averaged: 3958.25 (top score: 16204)
Nets of generation 906 averaged: 3867.82 (top score: 15748)
Nets of generation 907 averaged: 3724.58 (top score: 14768)
Nets of generation 908 averaged: 3787.74 (top score: 14572)
Nets of generation 909 averaged: 3832.3 (top score: 21464)
Nets of generation 910 averaged: 3914.34 (top score: 15724)
Nets of generation 911 averaged: 3978.61 (top score: 14140)
Nets of generation 912 averaged: 3966.06 (top score: 14468)
Nets of generation 913 averaged: 3929.68 (top score: 14432)
Nets of generation 914 averaged: 3954.67 (top score: 13780)
Nets of generation 915 averaged: 3698.66 (top score: 12412)
Nets of generation 916 averaged: 3879.82 (top score: 14824)
Nets of generation 917 averaged: 3852.9 (top score: 12432)
Nets of generation 918 averaged: 3901.37 (top score: 15696)
Nets of generation 919 averaged: 3706.96 (top score: 14384)
Nets of generation 920 averaged: 3933.74 (top score: 15984)
Nets of generation 921 averaged: 3893.26 (top score: 16268)
Nets of generation 922 averaged: 4039.06 (top score: 16068)
Nets of generation 923 averaged: 4068.12 (top score: 13992)
Nets of generation 924 averaged: 4038.41 (top score: 12128)
Nets of generation 925 averaged: 3973.75 (top score: 13732)
Nets of generation 926 averaged: 3812.94 (top score: 15000)
Nets of generation 927 averaged: 3873.49 (top score: 12236)
Nets of generation 928 averaged: 3879.67 (top score: 15012)
Nets of generation 929 averaged: 3742.86 (top score: 13320)
Nets of generation 930 averaged: 3893.4 (top score: 15524)
Nets of generation 931 averaged: 3989.53 (top score: 13876)
Nets of generation 932 averaged: 3946.08 (top score: 13140)
Nets of generation 933 averaged: 3907.93 (top score: 13624)
Nets of generation 934 averaged: 3893.83 (top score: 14800)
Nets of generation 935 averaged: 3902.12 (top score: 13824)
Nets of generation 936 averaged: 3831.62 (top score: 16288)
Nets of generation 937 averaged: 3849.21 (top score: 15124)
Nets of generation 938 averaged: 3872.44 (top score: 13940)
Nets of generation 939 averaged: 4096.68 (top score: 14648)
Nets of generation 940 averaged: 3911.63 (top score: 13720)
Nets of generation 941 averaged: 3843.5 (top score: 12548)
Nets of generation 942 averaged: 3784.02 (top score: 14944)
Nets of generation 943 averaged: 3874.08 (top score: 12444)
Nets of generation 944 averaged: 3898.91 (top score: 12260)
Nets of generation 945 averaged: 3664.3 (top score: 15844)
Nets of generation 946 averaged: 3949.58 (top score: 15160)
Nets of generation 947 averaged: 3987.98 (top score: 13944)
Nets of generation 948 averaged: 3834.54 (top score: 13072)
Nets of generation 949 averaged: 3720.78 (top score: 14132)
Nets of generation 950 averaged: 3639.83 (top score: 13700)
Nets of generation 951 averaged: 3987.99 (top score: 14624)
Nets of generation 952 averaged: 3615.5 (top score: 12220)
Nets of generation 953 averaged: 3857.42 (top score: 14584)
Nets of generation 954 averaged: 3922.92 (top score: 15300)
Nets of generation 955 averaged: 3947.57 (top score: 14240)
Nets of generation 956 averaged: 3889.26 (top score: 15824)
Nets of generation 957 averaged: 3780.1 (top score: 13136)
Nets of generation 958 averaged: 3825.72 (top score: 13916)
Nets of generation 959 averaged: 3873.38 (top score: 12992)
Nets of generation 960 averaged: 4198.1 (top score: 14472)
Nets of generation 961 averaged: 3853.46 (top score: 12512)
Nets of generation 962 averaged: 3687.09 (top score: 13764)
Nets of generation 963 averaged: 3952.22 (top score: 14556)
Nets of generation 964 averaged: 3859.74 (top score: 13792)
Nets of generation 965 averaged: 3833.53 (top score: 15384)
Nets of generation 966 averaged: 3581.56 (top score: 14348)
Nets of generation 967 averaged: 3766.31 (top score: 14788)
Nets of generation 968 averaged: 3838.38 (top score: 12048)
Nets of generation 969 averaged: 3756.41 (top score: 12392)
Nets of generation 970 averaged: 4098.65 (top score: 14168)
Nets of generation 971 averaged: 3924.31 (top score: 11912)
Nets of generation 972 averaged: 4013.66 (top score: 13456)
Nets of generation 973 averaged: 3938.09 (top score: 14356)
Nets of generation 974 averaged: 3828.02 (top score: 14496)
Nets of generation 975 averaged: 3838.82 (top score: 13080)
Nets of generation 976 averaged: 3983.19 (top score: 14652)
Nets of generation 977 averaged: 3906.41 (top score: 14544)
Nets of generation 978 averaged: 3857.23 (top score: 14492)
Nets of generation 979 averaged: 3865.07 (top score: 14596)
Nets of generation 980 averaged: 3711.11 (top score: 13244)
Nets of generation 981 averaged: 4020.74 (top score: 12384)
Nets of generation 982 averaged: 3932.99 (top score: 15916)
Nets of generation 983 averaged: 3919.83 (top score: 14328)
Nets of generation 984 averaged: 3679.82 (top score: 13744)
Nets of generation 985 averaged: 3648.55 (top score: 14016)
Nets of generation 986 averaged: 3772.62 (top score: 12264)
Nets of generation 987 averaged: 3701.02 (top score: 12976)
Nets of generation 988 averaged: 3724.28 (top score: 14444)
Nets of generation 989 averaged: 3713.07 (top score: 12356)
Nets of generation 990 averaged: 3875.34 (top score: 16104)
Nets of generation 991 averaged: 3893.55 (top score: 14016)
Nets of generation 992 averaged: 3875.38 (top score: 13812)
Nets of generation 993 averaged: 3931.78 (top score: 14984)
Nets of generation 994 averaged: 3900.64 (top score: 14016)
Nets of generation 995 averaged: 3849.32 (top score: 15224)
Nets of generation 996 averaged: 3868.98 (top score: 13448)
Nets of generation 997 averaged: 4058.46 (top score: 14296)
Nets of generation 998 averaged: 3898.18 (top score: 16228)
Nets of generation 999 averaged: 3805.94 (top score: 13876)
Best score overall: 21464
