Initialized with: 
numGenerations: 1000
numNets: 100
numGamesPerNet: 10
netHiddenLayerSize: 16
chMode: h
treeDepth: 2
Nets of generation 0 averaged: 918.988 (top score: 8688)
Nets of generation 1 averaged: 1022.95 (top score: 3556)
Nets of generation 2 averaged: 1036.58 (top score: 4232)
Nets of generation 3 averaged: 1079.32 (top score: 6452)
Nets of generation 4 averaged: 1063.52 (top score: 6012)
Nets of generation 5 averaged: 1111.88 (top score: 5468)
Nets of generation 6 averaged: 1146.87 (top score: 4344)
Nets of generation 7 averaged: 1157.39 (top score: 5636)
Nets of generation 8 averaged: 1215.52 (top score: 6612)
Nets of generation 9 averaged: 1237.38 (top score: 7052)
Nets of generation 10 averaged: 1275.01 (top score: 5516)
Nets of generation 11 averaged: 1271.37 (top score: 6012)
Nets of generation 12 averaged: 1401.18 (top score: 6688)
Nets of generation 13 averaged: 1442.97 (top score: 6312)
Nets of generation 14 averaged: 1431.75 (top score: 5560)
Nets of generation 15 averaged: 1460.55 (top score: 6676)
Nets of generation 16 averaged: 1443.37 (top score: 7028)
Nets of generation 17 averaged: 1511.63 (top score: 5696)
Nets of generation 18 averaged: 1549.24 (top score: 10308)
Nets of generation 19 averaged: 1620.78 (top score: 7300)
Nets of generation 20 averaged: 1612.88 (top score: 7048)
Nets of generation 21 averaged: 1624.37 (top score: 7364)
Nets of generation 22 averaged: 1687.74 (top score: 7196)
Nets of generation 23 averaged: 1737.19 (top score: 6476)
Nets of generation 24 averaged: 1790.95 (top score: 7044)
Nets of generation 25 averaged: 1786.52 (top score: 5772)
Nets of generation 26 averaged: 1777.18 (top score: 7564)
Nets of generation 27 averaged: 1768.11 (top score: 6076)
Nets of generation 28 averaged: 1751.26 (top score: 10872)
Nets of generation 29 averaged: 1824.4 (top score: 6788)
Nets of generation 30 averaged: 1833.31 (top score: 7128)
Nets of generation 31 averaged: 1759.93 (top score: 7372)
Nets of generation 32 averaged: 1869.91 (top score: 7320)
Nets of generation 33 averaged: 1881.98 (top score: 7412)
Nets of generation 34 averaged: 1873.65 (top score: 8084)
Nets of generation 35 averaged: 1946.86 (top score: 7248)
Nets of generation 36 averaged: 1933.14 (top score: 6496)
Nets of generation 37 averaged: 2025.07 (top score: 8892)
Nets of generation 38 averaged: 2035.92 (top score: 7792)
Nets of generation 39 averaged: 2186.37 (top score: 7520)
Nets of generation 40 averaged: 2050.19 (top score: 7284)
Nets of generation 41 averaged: 2094.49 (top score: 7768)
Nets of generation 42 averaged: 2133.95 (top score: 7920)
Nets of generation 43 averaged: 2184.18 (top score: 7556)
Nets of generation 44 averaged: 2146.15 (top score: 10760)
Nets of generation 45 averaged: 2149.87 (top score: 7104)
Nets of generation 46 averaged: 2212.01 (top score: 11296)
Nets of generation 47 averaged: 2160.92 (top score: 10576)
Nets of generation 48 averaged: 2250.5 (top score: 7492)
Nets of generation 49 averaged: 2216.81 (top score: 8148)
Nets of generation 50 averaged: 2346.97 (top score: 10600)
Nets of generation 51 averaged: 2127.03 (top score: 10300)
Nets of generation 52 averaged: 2229.78 (top score: 7424)
Nets of generation 53 averaged: 2218.3 (top score: 7444)
Nets of generation 54 averaged: 2173.98 (top score: 8140)
Nets of generation 55 averaged: 2192.37 (top score: 11556)
Nets of generation 56 averaged: 2354.26 (top score: 9944)
Nets of generation 57 averaged: 2294.37 (top score: 11052)
Nets of generation 58 averaged: 2198.19 (top score: 8132)
Nets of generation 59 averaged: 2140.48 (top score: 10396)
Nets of generation 60 averaged: 2313.29 (top score: 8024)
Nets of generation 61 averaged: 2180.27 (top score: 9828)
Nets of generation 62 averaged: 2397.45 (top score: 10608)
Nets of generation 63 averaged: 2333.73 (top score: 7756)
Nets of generation 64 averaged: 2311.2 (top score: 6892)
Nets of generation 65 averaged: 2217.91 (top score: 6764)
Nets of generation 66 averaged: 2240.11 (top score: 7328)
Nets of generation 67 averaged: 2230.76 (top score: 10204)
Nets of generation 68 averaged: 2293.82 (top score: 8372)
Nets of generation 69 averaged: 2237.83 (top score: 7468)
Nets of generation 70 averaged: 2278.36 (top score: 7776)
Nets of generation 71 averaged: 2268.37 (top score: 8188)
Nets of generation 72 averaged: 2315.86 (top score: 8300)
Nets of generation 73 averaged: 2266.38 (top score: 8432)
Nets of generation 74 averaged: 2278.87 (top score: 7608)
Nets of generation 75 averaged: 2231.03 (top score: 7544)
Nets of generation 76 averaged: 2301.23 (top score: 11320)
Nets of generation 77 averaged: 2319.29 (top score: 9952)
Nets of generation 78 averaged: 2278.1 (top score: 8196)
Nets of generation 79 averaged: 2290.72 (top score: 7972)
Nets of generation 80 averaged: 2319.05 (top score: 9764)
Nets of generation 81 averaged: 2350.18 (top score: 10740)
Nets of generation 82 averaged: 2335.92 (top score: 8380)
Nets of generation 83 averaged: 2411.36 (top score: 7632)
Nets of generation 84 averaged: 2374.38 (top score: 10080)
Nets of generation 85 averaged: 2374.37 (top score: 7496)
Nets of generation 86 averaged: 2361.71 (top score: 10120)
Nets of generation 87 averaged: 2351.64 (top score: 7456)
Nets of generation 88 averaged: 2355.45 (top score: 7732)
Nets of generation 89 averaged: 2268.11 (top score: 7516)
Nets of generation 90 averaged: 2350.81 (top score: 7748)
Nets of generation 91 averaged: 2299.29 (top score: 8076)
Nets of generation 92 averaged: 2309.4 (top score: 9856)
Nets of generation 93 averaged: 2312 (top score: 9000)
Nets of generation 94 averaged: 2212.54 (top score: 7744)
Nets of generation 95 averaged: 2361.68 (top score: 8152)
Nets of generation 96 averaged: 2277.8 (top score: 8852)
Nets of generation 97 averaged: 2350.83 (top score: 10508)
Nets of generation 98 averaged: 2253.45 (top score: 7336)
Nets of generation 99 averaged: 2309.28 (top score: 7628)
Nets of generation 100 averaged: 2370.69 (top score: 11020)
Nets of generation 101 averaged: 2276.48 (top score: 7492)
Nets of generation 102 averaged: 2290.64 (top score: 9924)
Nets of generation 103 averaged: 2238.16 (top score: 8084)
Nets of generation 104 averaged: 2306.81 (top score: 9576)
Nets of generation 105 averaged: 2340.07 (top score: 7632)
Nets of generation 106 averaged: 2353.3 (top score: 7432)
Nets of generation 107 averaged: 2429.98 (top score: 11792)
Nets of generation 108 averaged: 2382.82 (top score: 7944)
Nets of generation 109 averaged: 2439.81 (top score: 8244)
Nets of generation 110 averaged: 2362.43 (top score: 7804)
Nets of generation 111 averaged: 2414.39 (top score: 10192)
Nets of generation 112 averaged: 2382.51 (top score: 8740)
Nets of generation 113 averaged: 2351.81 (top score: 7852)
Nets of generation 114 averaged: 2335.65 (top score: 10528)
Nets of generation 115 averaged: 2427.98 (top score: 9732)
Nets of generation 116 averaged: 2313.44 (top score: 7364)
Nets of generation 117 averaged: 2377.02 (top score: 8024)
Nets of generation 118 averaged: 2301.16 (top score: 9520)
Nets of generation 119 averaged: 2334.05 (top score: 9668)
Nets of generation 120 averaged: 2379.78 (top score: 7588)
Nets of generation 121 averaged: 2379.4 (top score: 9600)
Nets of generation 122 averaged: 2365.35 (top score: 7820)
Nets of generation 123 averaged: 2339.34 (top score: 7472)
Nets of generation 124 averaged: 2444.58 (top score: 9424)
Nets of generation 125 averaged: 2442.87 (top score: 8992)
Nets of generation 126 averaged: 2468.53 (top score: 10636)
Nets of generation 127 averaged: 2407.06 (top score: 9880)
Nets of generation 128 averaged: 2484.63 (top score: 11868)
Nets of generation 129 averaged: 2535.76 (top score: 10996)
Nets of generation 130 averaged: 2553.26 (top score: 12660)
Nets of generation 131 averaged: 2466.85 (top score: 8372)
Nets of generation 132 averaged: 2510.3 (top score: 7892)
Nets of generation 133 averaged: 2528 (top score: 9940)
Nets of generation 134 averaged: 2619.27 (top score: 12780)
Nets of generation 135 averaged: 2506.6 (top score: 7840)
Nets of generation 136 averaged: 2520.49 (top score: 10540)
Nets of generation 137 averaged: 2558.39 (top score: 10880)
Nets of generation 138 averaged: 2608.33 (top score: 12028)
Nets of generation 139 averaged: 2530.98 (top score: 11328)
Nets of generation 140 averaged: 2555.75 (top score: 9068)
Nets of generation 141 averaged: 2658.57 (top score: 12064)
Nets of generation 142 averaged: 2547.8 (top score: 11408)
Nets of generation 143 averaged: 2521.47 (top score: 9776)
Nets of generation 144 averaged: 2642.78 (top score: 12440)
Nets of generation 145 averaged: 2655.66 (top score: 13004)
Nets of generation 146 averaged: 2687.46 (top score: 11740)
Nets of generation 147 averaged: 2588.35 (top score: 11604)
Nets of generation 148 averaged: 2633.52 (top score: 11524)
Nets of generation 149 averaged: 2631.53 (top score: 10564)
Nets of generation 150 averaged: 2630.11 (top score: 10824)
Nets of generation 151 averaged: 2542.21 (top score: 9948)
Nets of generation 152 averaged: 2676.89 (top score: 13996)
Nets of generation 153 averaged: 2677.41 (top score: 8500)
Nets of generation 154 averaged: 2658.6 (top score: 10680)
Nets of generation 155 averaged: 2692.37 (top score: 12092)
Nets of generation 156 averaged: 2716.52 (top score: 12972)
Nets of generation 157 averaged: 2795.7 (top score: 10620)
Nets of generation 158 averaged: 2677.92 (top score: 11772)
Nets of generation 159 averaged: 2647.05 (top score: 10872)
Nets of generation 160 averaged: 2601.93 (top score: 10268)
Nets of generation 161 averaged: 2583.12 (top score: 9504)
Nets of generation 162 averaged: 2693.48 (top score: 12264)
Nets of generation 163 averaged: 2443.53 (top score: 11300)
Nets of generation 164 averaged: 2462.08 (top score: 10916)
Nets of generation 165 averaged: 2444.34 (top score: 12016)
Nets of generation 166 averaged: 2433.03 (top score: 9168)
Nets of generation 167 averaged: 2618.75 (top score: 10764)
Nets of generation 168 averaged: 2597.85 (top score: 12212)
Nets of generation 169 averaged: 2685.53 (top score: 10344)
Nets of generation 170 averaged: 2600.06 (top score: 11432)
Nets of generation 171 averaged: 2703.38 (top score: 10416)
Nets of generation 172 averaged: 2791.92 (top score: 8384)
Nets of generation 173 averaged: 2683.32 (top score: 11488)
Nets of generation 174 averaged: 2773.8 (top score: 10996)
Nets of generation 175 averaged: 2610.47 (top score: 10672)
Nets of generation 176 averaged: 2743.51 (top score: 11908)
Nets of generation 177 averaged: 2888.72 (top score: 10756)
Nets of generation 178 averaged: 2650.08 (top score: 11728)
Nets of generation 179 averaged: 2816.81 (top score: 11656)
Nets of generation 180 averaged: 2805.29 (top score: 10528)
Nets of generation 181 averaged: 2690.79 (top score: 14488)
Nets of generation 182 averaged: 2747.96 (top score: 10628)
Nets of generation 183 averaged: 2795.09 (top score: 9900)
Nets of generation 184 averaged: 2891.39 (top score: 12284)
Nets of generation 185 averaged: 2781.17 (top score: 12152)
Nets of generation 186 averaged: 2753.76 (top score: 11308)
Nets of generation 187 averaged: 2714.64 (top score: 12124)
Nets of generation 188 averaged: 2732.82 (top score: 11516)
Nets of generation 189 averaged: 2772.99 (top score: 9656)
Nets of generation 190 averaged: 2796.94 (top score: 12284)
Nets of generation 191 averaged: 2828.56 (top score: 11716)
Nets of generation 192 averaged: 2802.24 (top score: 11232)
Nets of generation 193 averaged: 2772.62 (top score: 12188)
Nets of generation 194 averaged: 2723.56 (top score: 10752)
Nets of generation 195 averaged: 2767.16 (top score: 12916)
Nets of generation 196 averaged: 2679.83 (top score: 10632)
Nets of generation 197 averaged: 2781.86 (top score: 10280)
Nets of generation 198 averaged: 2742.55 (top score: 11468)
Nets of generation 199 averaged: 2715.73 (top score: 8820)
Nets of generation 200 averaged: 2833.07 (top score: 11492)
Nets of generation 201 averaged: 2647.6 (top score: 10960)
Nets of generation 202 averaged: 2801.35 (top score: 15928)
Nets of generation 203 averaged: 2780.05 (top score: 11364)
Nets of generation 204 averaged: 2789.04 (top score: 10576)
Nets of generation 205 averaged: 2828.27 (top score: 11944)
Nets of generation 206 averaged: 2885.02 (top score: 10368)
Nets of generation 207 averaged: 2840.38 (top score: 12104)
Nets of generation 208 averaged: 2870.61 (top score: 9980)
Nets of generation 209 averaged: 2611.15 (top score: 10004)
Nets of generation 210 averaged: 2794.78 (top score: 14176)
Nets of generation 211 averaged: 2711.54 (top score: 13028)
Nets of generation 212 averaged: 2814.95 (top score: 10528)
Nets of generation 213 averaged: 3027.79 (top score: 12200)
Nets of generation 214 averaged: 2876.43 (top score: 11112)
Nets of generation 215 averaged: 2978.62 (top score: 10356)
Nets of generation 216 averaged: 2864.46 (top score: 13780)
Nets of generation 217 averaged: 2865.76 (top score: 11360)
Nets of generation 218 averaged: 3056.73 (top score: 13184)
Nets of generation 219 averaged: 2853.38 (top score: 11132)
Nets of generation 220 averaged: 2909.39 (top score: 11472)
Nets of generation 221 averaged: 2892.74 (top score: 11984)
Nets of generation 222 averaged: 2961.07 (top score: 12368)
Nets of generation 223 averaged: 2865.71 (top score: 11892)
Nets of generation 224 averaged: 2911.4 (top score: 14456)
Nets of generation 225 averaged: 2913.63 (top score: 12192)
Nets of generation 226 averaged: 2948.1 (top score: 12000)
Nets of generation 227 averaged: 2837.38 (top score: 8592)
Nets of generation 228 averaged: 2948.86 (top score: 13596)
Nets of generation 229 averaged: 2933.54 (top score: 11948)
Nets of generation 230 averaged: 3038.99 (top score: 12140)
Nets of generation 231 averaged: 2895.69 (top score: 12308)
Nets of generation 232 averaged: 2940.08 (top score: 13752)
Nets of generation 233 averaged: 3007.79 (top score: 11660)
Nets of generation 234 averaged: 2996.03 (top score: 11236)
Nets of generation 235 averaged: 2966.28 (top score: 12168)
Nets of generation 236 averaged: 3005.57 (top score: 10984)
Nets of generation 237 averaged: 3014.63 (top score: 13028)
Nets of generation 238 averaged: 2957.45 (top score: 12440)
Nets of generation 239 averaged: 2879.68 (top score: 12084)
Nets of generation 240 averaged: 2904.52 (top score: 13624)
Nets of generation 241 averaged: 2783.38 (top score: 10992)
Nets of generation 242 averaged: 2934.22 (top score: 12292)
Nets of generation 243 averaged: 3001.62 (top score: 14856)
Nets of generation 244 averaged: 2955.5 (top score: 13808)
Nets of generation 245 averaged: 3008.18 (top score: 11356)
Nets of generation 246 averaged: 2912.11 (top score: 12268)
Nets of generation 247 averaged: 2932.9 (top score: 12060)
Nets of generation 248 averaged: 2900.32 (top score: 13680)
Nets of generation 249 averaged: 2898.83 (top score: 14496)
Nets of generation 250 averaged: 2984.07 (top score: 14372)
Nets of generation 251 averaged: 2932.22 (top score: 13940)
Nets of generation 252 averaged: 2797.55 (top score: 14764)
Nets of generation 253 averaged: 2861.74 (top score: 12492)
Nets of generation 254 averaged: 2815.52 (top score: 12356)
Nets of generation 255 averaged: 2898.52 (top score: 12300)
Nets of generation 256 averaged: 3034.64 (top score: 14428)
Nets of generation 257 averaged: 2963.83 (top score: 12548)
Nets of generation 258 averaged: 2952.77 (top score: 12064)
Nets of generation 259 averaged: 3028.28 (top score: 14796)
Nets of generation 260 averaged: 2947.32 (top score: 12276)
Nets of generation 261 averaged: 2898.97 (top score: 12228)
Nets of generation 262 averaged: 2856.51 (top score: 13388)
Nets of generation 263 averaged: 3064.4 (top score: 12308)
Nets of generation 264 averaged: 3057.8 (top score: 13576)
Nets of generation 265 averaged: 2941.37 (top score: 14456)
Nets of generation 266 averaged: 3036.16 (top score: 12636)
Nets of generation 267 averaged: 3117.31 (top score: 15136)
Nets of generation 268 averaged: 3010.72 (top score: 11768)
Nets of generation 269 averaged: 3149.37 (top score: 14708)
Nets of generation 270 averaged: 2998.92 (top score: 13464)
Nets of generation 271 averaged: 3038.35 (top score: 16840)
Nets of generation 272 averaged: 3093.47 (top score: 14540)
Nets of generation 273 averaged: 3080.52 (top score: 12168)
Nets of generation 274 averaged: 2964.18 (top score: 13568)
Nets of generation 275 averaged: 3123.44 (top score: 13664)
Nets of generation 276 averaged: 3042.5 (top score: 14832)
Nets of generation 277 averaged: 3074.16 (top score: 12692)
Nets of generation 278 averaged: 3215.62 (top score: 12164)
Nets of generation 279 averaged: 3073.9 (top score: 15760)
Nets of generation 280 averaged: 3271.86 (top score: 12476)
Nets of generation 281 averaged: 3350.17 (top score: 12284)
Nets of generation 282 averaged: 3205.4 (top score: 12316)
Nets of generation 283 averaged: 3164.78 (top score: 12496)
Nets of generation 284 averaged: 3042.22 (top score: 14852)
Nets of generation 285 averaged: 3048.56 (top score: 15048)
Nets of generation 286 averaged: 3073.87 (top score: 16536)
Nets of generation 287 averaged: 3177.44 (top score: 11852)
Nets of generation 288 averaged: 3048.89 (top score: 14180)
Nets of generation 289 averaged: 3219.98 (top score: 12012)
Nets of generation 290 averaged: 3105.32 (top score: 12308)
Nets of generation 291 averaged: 3217.7 (top score: 12384)
Nets of generation 292 averaged: 3137.05 (top score: 14032)
Nets of generation 293 averaged: 3097.35 (top score: 14068)
Nets of generation 294 averaged: 3143.15 (top score: 11376)
Nets of generation 295 averaged: 3033.32 (top score: 13736)
Nets of generation 296 averaged: 3132.3 (top score: 14476)
Nets of generation 297 averaged: 3078.42 (top score: 12040)
Nets of generation 298 averaged: 3196.4 (top score: 14136)
Nets of generation 299 averaged: 3131.17 (top score: 11660)
Nets of generation 300 averaged: 3014.95 (top score: 13168)
Nets of generation 301 averaged: 3165.92 (top score: 14336)
Nets of generation 302 averaged: 3051.1 (top score: 11852)
Nets of generation 303 averaged: 2912.58 (top score: 12348)
Nets of generation 304 averaged: 2892.04 (top score: 13024)
Nets of generation 305 averaged: 2812.72 (top score: 12632)
Nets of generation 306 averaged: 2901.82 (top score: 12320)
Nets of generation 307 averaged: 3004.01 (top score: 11732)
Nets of generation 308 averaged: 2950.14 (top score: 11212)
Nets of generation 309 averaged: 2852.09 (top score: 12336)
Nets of generation 310 averaged: 2907.3 (top score: 12520)
Nets of generation 311 averaged: 3032.9 (top score: 12344)
Nets of generation 312 averaged: 2962.14 (top score: 14172)
Nets of generation 313 averaged: 3072.29 (top score: 13672)
Nets of generation 314 averaged: 2975.25 (top score: 12180)
Nets of generation 315 averaged: 2955.61 (top score: 12256)
Nets of generation 316 averaged: 2871.86 (top score: 12208)
Nets of generation 317 averaged: 3244.46 (top score: 14436)
Nets of generation 318 averaged: 3099.22 (top score: 12944)
Nets of generation 319 averaged: 3037.71 (top score: 14208)
Nets of generation 320 averaged: 3053.24 (top score: 12400)
Nets of generation 321 averaged: 3054.28 (top score: 12088)
Nets of generation 322 averaged: 3132.92 (top score: 12576)
Nets of generation 323 averaged: 2963.62 (top score: 12492)
Nets of generation 324 averaged: 3130.05 (top score: 11740)
Nets of generation 325 averaged: 3043.68 (top score: 14156)
Nets of generation 326 averaged: 2928.66 (top score: 11128)
Nets of generation 327 averaged: 2931.12 (top score: 11448)
Nets of generation 328 averaged: 3037.46 (top score: 12520)
Nets of generation 329 averaged: 3064.22 (top score: 16088)
Nets of generation 330 averaged: 2928.46 (top score: 12012)
Nets of generation 331 averaged: 2955.25 (top score: 12440)
Nets of generation 332 averaged: 2984.43 (top score: 13876)
Nets of generation 333 averaged: 2981.12 (top score: 12332)
Nets of generation 334 averaged: 3148.88 (top score: 12340)
Nets of generation 335 averaged: 3055.32 (top score: 11712)
Nets of generation 336 averaged: 2985.21 (top score: 12428)
Nets of generation 337 averaged: 2966.6 (top score: 12492)
Nets of generation 338 averaged: 3050.01 (top score: 12288)
Nets of generation 339 averaged: 3016.7 (top score: 11868)
Nets of generation 340 averaged: 2900.82 (top score: 11792)
Nets of generation 341 averaged: 2970.12 (top score: 13960)
Nets of generation 342 averaged: 3062.84 (top score: 13128)
Nets of generation 343 averaged: 3218.32 (top score: 12476)
Nets of generation 344 averaged: 3077.77 (top score: 14268)
Nets of generation 345 averaged: 3127.02 (top score: 12100)
Nets of generation 346 averaged: 3222.12 (top score: 13932)
Nets of generation 347 averaged: 3135.64 (top score: 12044)
Nets of generation 348 averaged: 3162.57 (top score: 11328)
Nets of generation 349 averaged: 3185.54 (top score: 12204)
Nets of generation 350 averaged: 3213.48 (top score: 14080)
Nets of generation 351 averaged: 3255.12 (top score: 14348)
Nets of generation 352 averaged: 3188.57 (top score: 13600)
Nets of generation 353 averaged: 3242.92 (top score: 12328)
Nets of generation 354 averaged: 3156.44 (top score: 12892)
Nets of generation 355 averaged: 3303.86 (top score: 12240)
Nets of generation 356 averaged: 3146.91 (top score: 14596)
Nets of generation 357 averaged: 3135.29 (top score: 12204)
Nets of generation 358 averaged: 3322.1 (top score: 15304)
Nets of generation 359 averaged: 3345.28 (top score: 16416)
Nets of generation 360 averaged: 3271.83 (top score: 13840)
Nets of generation 361 averaged: 3271.86 (top score: 14184)
Nets of generation 362 averaged: 3247.37 (top score: 14824)
Nets of generation 363 averaged: 3287.23 (top score: 14076)
Nets of generation 364 averaged: 3232.8 (top score: 14664)
Nets of generation 365 averaged: 3214.58 (top score: 11812)
Nets of generation 366 averaged: 3299.38 (top score: 14336)
Nets of generation 367 averaged: 3364.17 (top score: 14224)
Nets of generation 368 averaged: 3214.29 (top score: 15848)
Nets of generation 369 averaged: 3315.46 (top score: 13068)
Nets of generation 370 averaged: 3177.7 (top score: 14640)
Nets of generation 371 averaged: 3333.77 (top score: 14472)
Nets of generation 372 averaged: 3384.33 (top score: 14732)
Nets of generation 373 averaged: 3477.98 (top score: 15332)
Nets of generation 374 averaged: 3485.25 (top score: 13248)
Nets of generation 375 averaged: 3471.68 (top score: 16332)
Nets of generation 376 averaged: 3531.55 (top score: 15192)
Nets of generation 377 averaged: 3566.21 (top score: 14700)
Nets of generation 378 averaged: 3592.68 (top score: 14444)
Nets of generation 379 averaged: 3447.21 (top score: 14180)
Nets of generation 380 averaged: 3291.89 (top score: 13576)
Nets of generation 381 averaged: 3545.42 (top score: 13780)
Nets of generation 382 averaged: 3497.66 (top score: 15988)
Nets of generation 383 averaged: 3652.06 (top score: 15044)
Nets of generation 384 averaged: 3707 (top score: 15288)
Nets of generation 385 averaged: 3671.24 (top score: 14656)
Nets of generation 386 averaged: 3458.67 (top score: 15256)
Nets of generation 387 averaged: 3613.1 (top score: 11884)
Nets of generation 388 averaged: 3476.9 (top score: 12912)
Nets of generation 389 averaged: 3511.58 (top score: 14368)
Nets of generation 390 averaged: 3295.64 (top score: 12008)
Nets of generation 391 averaged: 3524.4 (top score: 13320)
Nets of generation 392 averaged: 3400.66 (top score: 12412)
Nets of generation 393 averaged: 3384.14 (top score: 13992)
Nets of generation 394 averaged: 3211.08 (top score: 14012)
Nets of generation 395 averaged: 3324.02 (top score: 14840)
Nets of generation 396 averaged: 3438.05 (top score: 12276)
Nets of generation 397 averaged: 3474.51 (top score: 12848)
Nets of generation 398 averaged: 3406.8 (top score: 14512)
Nets of generation 399 averaged: 3498.84 (top score: 14368)
Nets of generation 400 averaged: 3502.16 (top score: 15728)
Nets of generation 401 averaged: 3241.5 (top score: 12372)
Nets of generation 402 averaged: 3332.55 (top score: 13744)
Nets of generation 403 averaged: 3374.9 (top score: 14728)
Nets of generation 404 averaged: 3492.25 (top score: 15752)
Nets of generation 405 averaged: 3480.72 (top score: 12648)
Nets of generation 406 averaged: 3561.9 (top score: 14028)
Nets of generation 407 averaged: 3592.24 (top score: 14956)
Nets of generation 408 averaged: 3519.49 (top score: 14340)
Nets of generation 409 averaged: 3439.08 (top score: 12244)
Nets of generation 410 averaged: 3357.27 (top score: 12756)
Nets of generation 411 averaged: 3543.91 (top score: 14480)
Nets of generation 412 averaged: 3391.18 (top score: 12024)
Nets of generation 413 averaged: 3561.01 (top score: 14740)
Nets of generation 414 averaged: 3523.63 (top score: 14236)
Nets of generation 415 averaged: 3512.47 (top score: 16216)
Nets of generation 416 averaged: 3464.84 (top score: 16232)
Nets of generation 417 averaged: 3339.18 (top score: 16708)
Nets of generation 418 averaged: 3483.96 (top score: 15580)
Nets of generation 419 averaged: 3584.76 (top score: 14604)
Nets of generation 420 averaged: 3480.79 (top score: 13684)
Nets of generation 421 averaged: 3613.84 (top score: 12372)
Nets of generation 422 averaged: 3496.37 (top score: 14464)
Nets of generation 423 averaged: 3554.04 (top score: 15636)
Nets of generation 424 averaged: 3342.65 (top score: 16068)
Nets of generation 425 averaged: 3369.67 (top score: 15352)
Nets of generation 426 averaged: 3546.83 (top score: 16220)
Nets of generation 427 averaged: 3453.21 (top score: 14000)
Nets of generation 428 averaged: 3559.88 (top score: 14480)
Nets of generation 429 averaged: 3444.54 (top score: 15336)
Nets of generation 430 averaged: 3426.78 (top score: 13484)
Nets of generation 431 averaged: 3493.71 (top score: 15460)
Nets of generation 432 averaged: 3605.37 (top score: 14400)
Nets of generation 433 averaged: 3542.54 (top score: 16212)
Nets of generation 434 averaged: 3641.83 (top score: 13928)
Nets of generation 435 averaged: 3591.67 (top score: 16180)
Nets of generation 436 averaged: 3614.32 (top score: 14684)
Nets of generation 437 averaged: 3650.21 (top score: 14872)
Nets of generation 438 averaged: 3673.14 (top score: 15404)
Nets of generation 439 averaged: 3575.11 (top score: 14316)
Nets of generation 440 averaged: 3690.2 (top score: 16564)
Nets of generation 441 averaged: 3584.37 (top score: 13500)
Nets of generation 442 averaged: 3609.18 (top score: 15316)
Nets of generation 443 averaged: 3497.25 (top score: 15156)
Nets of generation 444 averaged: 3469.5 (top score: 13876)
Nets of generation 445 averaged: 3473.18 (top score: 14272)
Nets of generation 446 averaged: 3566.71 (top score: 14748)
Nets of generation 447 averaged: 3560.82 (top score: 12612)
Nets of generation 448 averaged: 3586 (top score: 13432)
Nets of generation 449 averaged: 3326.36 (top score: 14492)
Nets of generation 450 averaged: 3300.39 (top score: 15200)
Nets of generation 451 averaged: 3372.37 (top score: 14428)
Nets of generation 452 averaged: 3326.74 (top score: 16220)
Nets of generation 453 averaged: 3500.16 (top score: 16384)
Nets of generation 454 averaged: 3751.08 (top score: 16092)
Nets of generation 455 averaged: 3693.98 (top score: 21620)
Nets of generation 456 averaged: 3393.74 (top score: 14316)
Nets of generation 457 averaged: 3388.86 (top score: 13080)
Nets of generation 458 averaged: 3493.82 (top score: 14600)
Nets of generation 459 averaged: 3412.35 (top score: 13552)
Nets of generation 460 averaged: 3378.34 (top score: 16424)
Nets of generation 461 averaged: 3529.82 (top score: 14528)
Nets of generation 462 averaged: 3476.61 (top score: 13596)
Nets of generation 463 averaged: 3612.3 (top score: 14480)
Nets of generation 464 averaged: 3603.13 (top score: 16068)
Nets of generation 465 averaged: 3542.91 (top score: 14640)
Nets of generation 466 averaged: 3709.24 (top score: 16172)
Nets of generation 467 averaged: 3485.23 (top score: 15292)
Nets of generation 468 averaged: 3709.38 (top score: 16092)
Nets of generation 469 averaged: 3575.54 (top score: 12436)
Nets of generation 470 averaged: 3524.36 (top score: 15196)
Nets of generation 471 averaged: 3628.86 (top score: 14300)
Nets of generation 472 averaged: 3519.85 (top score: 20764)
Nets of generation 473 averaged: 3632.12 (top score: 15400)
Nets of generation 474 averaged: 3585.07 (top score: 16088)
Nets of generation 475 averaged: 3685.36 (top score: 14448)
Nets of generation 476 averaged: 3715.25 (top score: 21392)
Nets of generation 477 averaged: 3700.81 (top score: 15196)
Nets of generation 478 averaged: 3636.33 (top score: 14072)
Nets of generation 479 averaged: 3572.05 (top score: 15452)
Nets of generation 480 averaged: 3593.65 (top score: 15836)
Nets of generation 481 averaged: 3501.08 (top score: 12060)
Nets of generation 482 averaged: 3477.66 (top score: 14096)
Nets of generation 483 averaged: 3678.1 (top score: 15564)
Nets of generation 484 averaged: 3693.53 (top score: 13548)
Nets of generation 485 averaged: 3638.37 (top score: 16480)
Nets of generation 486 averaged: 3736.67 (top score: 14492)
Nets of generation 487 averaged: 3624.44 (top score: 14564)
Nets of generation 488 averaged: 3600.45 (top score: 15140)
Nets of generation 489 averaged: 3716.82 (top score: 14860)
Nets of generation 490 averaged: 3765.29 (top score: 14664)
Nets of generation 491 averaged: 3788.1 (top score: 15872)
Nets of generation 492 averaged: 3536.4 (top score: 16508)
Nets of generation 493 averaged: 3703.7 (top score: 14512)
Nets of generation 494 averaged: 3519.22 (top score: 14416)
Nets of generation 495 averaged: 3695.94 (top score: 15796)
Nets of generation 496 averaged: 3742.18 (top score: 16300)
Nets of generation 497 averaged: 3721.58 (top score: 14852)
Nets of generation 498 averaged: 3652.16 (top score: 14496)
Nets of generation 499 averaged: 3865.73 (top score: 16352)
Nets of generation 500 averaged: 3859.74 (top score: 14696)
Nets of generation 501 averaged: 3900.86 (top score: 16456)
Nets of generation 502 averaged: 3695.13 (top score: 16072)
Nets of generation 503 averaged: 3640.88 (top score: 15132)
Nets of generation 504 averaged: 3693.78 (top score: 16064)
Nets of generation 505 averaged: 3741.5 (top score: 16272)
Nets of generation 506 averaged: 3869.08 (top score: 15704)
Nets of generation 507 averaged: 3821.71 (top score: 15596)
Nets of generation 508 averaged: 3610.78 (top score: 15448)
Nets of generation 509 averaged: 3642.56 (top score: 16208)
Nets of generation 510 averaged: 3570.18 (top score: 16852)
Nets of generation 511 averaged: 3619.56 (top score: 14480)
Nets of generation 512 averaged: 3589.95 (top score: 13936)
Nets of generation 513 averaged: 3677.76 (top score: 15148)
Nets of generation 514 averaged: 3612.87 (top score: 15120)
Nets of generation 515 averaged: 3572.48 (top score: 15708)
Nets of generation 516 averaged: 3604.02 (top score: 15200)
Nets of generation 517 averaged: 3731.68 (top score: 16728)
Nets of generation 518 averaged: 3621.28 (top score: 14848)
Nets of generation 519 averaged: 3750.6 (top score: 16188)
Nets of generation 520 averaged: 3761.49 (top score: 14944)
Nets of generation 521 averaged: 3544.13 (top score: 15068)
Nets of generation 522 averaged: 3573.62 (top score: 14600)
Nets of generation 523 averaged: 3614.19 (top score: 16264)
Nets of generation 524 averaged: 3750.55 (top score: 16176)
Nets of generation 525 averaged: 3727.98 (top score: 14460)
Nets of generation 526 averaged: 3793.42 (top score: 14560)
Nets of generation 527 averaged: 3791.36 (top score: 15564)
Nets of generation 528 averaged: 3733.3 (top score: 14964)
Nets of generation 529 averaged: 3696.06 (top score: 15132)
Nets of generation 530 averaged: 3557.57 (top score: 16132)
Nets of generation 531 averaged: 3660.55 (top score: 15816)
Nets of generation 532 averaged: 3526.93 (top score: 15928)
Nets of generation 533 averaged: 3524.39 (top score: 13172)
Nets of generation 534 averaged: 3641.49 (top score: 12564)
Nets of generation 535 averaged: 3808.36 (top score: 14064)
Nets of generation 536 averaged: 3812.54 (top score: 14248)
Nets of generation 537 averaged: 3730.78 (top score: 15340)
Nets of generation 538 averaged: 3678.57 (top score: 14828)
Nets of generation 539 averaged: 3613.95 (top score: 15944)
Nets of generation 540 averaged: 3768.12 (top score: 14480)
Nets of generation 541 averaged: 3722.4 (top score: 15340)
Nets of generation 542 averaged: 3682.93 (top score: 15316)
Nets of generation 543 averaged: 3681.37 (top score: 15352)
Nets of generation 544 averaged: 3585.87 (top score: 15428)
Nets of generation 545 averaged: 3634.94 (top score: 15368)
Nets of generation 546 averaged: 3599.32 (top score: 12600)
Nets of generation 547 averaged: 3700.26 (top score: 15032)
Nets of generation 548 averaged: 3654.85 (top score: 14340)
Nets of generation 549 averaged: 3748.19 (top score: 15708)
Nets of generation 550 averaged: 3659.9 (top score: 14780)
Nets of generation 551 averaged: 3622.76 (top score: 13740)
Nets of generation 552 averaged: 3562.14 (top score: 14696)
Nets of generation 553 averaged: 3675.82 (top score: 13628)
Nets of generation 554 averaged: 3705.22 (top score: 14008)
Nets of generation 555 averaged: 3647.72 (top score: 16108)
Nets of generation 556 averaged: 3747.47 (top score: 15404)
Nets of generation 557 averaged: 3705.2 (top score: 15236)
Nets of generation 558 averaged: 3486.26 (top score: 15900)
Nets of generation 559 averaged: 3606.98 (top score: 15020)
Nets of generation 560 averaged: 3855.67 (top score: 16080)
Nets of generation 561 averaged: 3616.07 (top score: 14348)
Nets of generation 562 averaged: 3548.24 (top score: 13564)
Nets of generation 563 averaged: 3485.24 (top score: 15436)
Nets of generation 564 averaged: 3568.04 (top score: 14240)
Nets of generation 565 averaged: 3600.2 (top score: 16256)
Nets of generation 566 averaged: 3617.39 (top score: 15948)
Nets of generation 567 averaged: 3702.78 (top score: 13900)
Nets of generation 568 averaged: 3609.18 (top score: 16352)
Nets of generation 569 averaged: 3540.76 (top score: 15748)
Nets of generation 570 averaged: 3443.16 (top score: 14552)
Nets of generation 571 averaged: 3387.09 (top score: 12884)
Nets of generation 572 averaged: 3434.89 (top score: 13312)
Nets of generation 573 averaged: 3652.95 (top score: 15624)
Nets of generation 574 averaged: 3394.14 (top score: 15288)
Nets of generation 575 averaged: 3400.69 (top score: 14296)
Nets of generation 576 averaged: 3338.02 (top score: 15832)
Nets of generation 577 averaged: 3481.55 (top score: 17940)
Nets of generation 578 averaged: 3508.78 (top score: 14780)
Nets of generation 579 averaged: 3491.52 (top score: 16348)
Nets of generation 580 averaged: 3699.89 (top score: 16872)
Nets of generation 581 averaged: 3555.93 (top score: 15792)
Nets of generation 582 averaged: 3609.22 (top score: 13392)
Nets of generation 583 averaged: 3560.79 (top score: 15320)
Nets of generation 584 averaged: 3605.12 (top score: 16268)
Nets of generation 585 averaged: 3547.06 (top score: 14516)
Nets of generation 586 averaged: 3724.61 (top score: 14556)
Nets of generation 587 averaged: 3508.76 (top score: 21112)
Nets of generation 588 averaged: 3601.2 (top score: 25812)
Nets of generation 589 averaged: 3633.39 (top score: 16612)
Nets of generation 590 averaged: 3449.52 (top score: 15044)
Nets of generation 591 averaged: 3519.98 (top score: 14916)
Nets of generation 592 averaged: 3475.49 (top score: 16012)
Nets of generation 593 averaged: 3607.58 (top score: 14428)
Nets of generation 594 averaged: 3394.94 (top score: 13604)
Nets of generation 595 averaged: 3647.49 (top score: 14496)
Nets of generation 596 averaged: 3545.57 (top score: 13844)
Nets of generation 597 averaged: 3379.14 (top score: 14748)
Nets of generation 598 averaged: 3594.49 (top score: 15808)
Nets of generation 599 averaged: 3362.72 (top score: 14968)
Nets of generation 600 averaged: 3505.54 (top score: 14508)
Nets of generation 601 averaged: 3387.08 (top score: 14456)
Nets of generation 602 averaged: 3541.32 (top score: 14724)
Nets of generation 603 averaged: 3401.7 (top score: 14484)
Nets of generation 604 averaged: 3515 (top score: 16740)
Nets of generation 605 averaged: 3640.33 (top score: 16204)
Nets of generation 606 averaged: 3624.52 (top score: 15208)
Nets of generation 607 averaged: 3569.07 (top score: 13756)
Nets of generation 608 averaged: 3536.08 (top score: 15124)
Nets of generation 609 averaged: 3660.94 (top score: 15428)
Nets of generation 610 averaged: 3563.48 (top score: 16060)
Nets of generation 611 averaged: 3694.67 (top score: 14364)
Nets of generation 612 averaged: 3661.61 (top score: 14124)
Nets of generation 613 averaged: 3581.04 (top score: 15556)
Nets of generation 614 averaged: 3490.6 (top score: 15228)
Nets of generation 615 averaged: 3527.6 (top score: 14696)
Nets of generation 616 averaged: 3670.06 (top score: 12632)
Nets of generation 617 averaged: 3583.38 (top score: 14192)
Nets of generation 618 averaged: 3603.25 (top score: 15572)
Nets of generation 619 averaged: 3498.16 (top score: 15240)
Nets of generation 620 averaged: 3477.66 (top score: 15388)
Nets of generation 621 averaged: 3679.75 (top score: 15220)
Nets of generation 622 averaged: 3415.1 (top score: 15896)
Nets of generation 623 averaged: 3622.26 (top score: 14404)
Nets of generation 624 averaged: 3491.79 (top score: 14104)
Nets of generation 625 averaged: 3474.67 (top score: 15352)
Nets of generation 626 averaged: 3547.73 (top score: 13996)
Nets of generation 627 averaged: 3534.07 (top score: 16152)
Nets of generation 628 averaged: 3473.8 (top score: 14508)
Nets of generation 629 averaged: 3657.24 (top score: 15088)
Nets of generation 630 averaged: 3636.92 (top score: 14456)
Nets of generation 631 averaged: 3699.87 (top score: 14724)
Nets of generation 632 averaged: 3547.36 (top score: 14016)
Nets of generation 633 averaged: 3588.56 (top score: 12704)
Nets of generation 634 averaged: 3503.56 (top score: 12872)
Nets of generation 635 averaged: 3630.32 (top score: 13660)
Nets of generation 636 averaged: 3617.64 (top score: 16148)
Nets of generation 637 averaged: 3709.26 (top score: 14500)
Nets of generation 638 averaged: 3639.78 (top score: 16456)
Nets of generation 639 averaged: 3667.92 (top score: 21320)
Nets of generation 640 averaged: 3701.04 (top score: 14544)
Nets of generation 641 averaged: 3718.34 (top score: 14792)
Nets of generation 642 averaged: 3802.73 (top score: 16344)
Nets of generation 643 averaged: 3650.36 (top score: 15684)
Nets of generation 644 averaged: 3768.04 (top score: 16492)
Nets of generation 645 averaged: 3711.88 (top score: 16092)
Nets of generation 646 averaged: 3750.83 (top score: 14456)
Nets of generation 647 averaged: 3828.52 (top score: 16104)
Nets of generation 648 averaged: 3757.43 (top score: 16100)
Nets of generation 649 averaged: 3803.35 (top score: 15668)
Nets of generation 650 averaged: 3885.88 (top score: 16092)
Nets of generation 651 averaged: 3808.66 (top score: 15592)
Nets of generation 652 averaged: 3841.17 (top score: 16552)
Nets of generation 653 averaged: 3685.4 (top score: 15948)
Nets of generation 654 averaged: 3797.19 (top score: 16164)
Nets of generation 655 averaged: 3743.15 (top score: 16168)
Nets of generation 656 averaged: 3809.13 (top score: 16404)
Nets of generation 657 averaged: 3883.42 (top score: 16488)
Nets of generation 658 averaged: 3652.62 (top score: 16268)
Nets of generation 659 averaged: 3846.25 (top score: 16124)
Nets of generation 660 averaged: 3761.05 (top score: 16064)
Nets of generation 661 averaged: 3755.26 (top score: 15988)
Nets of generation 662 averaged: 3861.28 (top score: 16292)
Nets of generation 663 averaged: 3747.11 (top score: 17456)
Nets of generation 664 averaged: 3911.44 (top score: 16076)
Nets of generation 665 averaged: 3839.3 (top score: 16452)
Nets of generation 666 averaged: 3893.26 (top score: 15500)
Nets of generation 667 averaged: 3795.91 (top score: 16320)
Nets of generation 668 averaged: 3711.14 (top score: 23360)
Nets of generation 669 averaged: 3798.76 (top score: 15624)
Nets of generation 670 averaged: 3796.27 (top score: 15476)
Nets of generation 671 averaged: 3770.55 (top score: 15736)
Nets of generation 672 averaged: 3742.56 (top score: 14228)
Nets of generation 673 averaged: 3591.63 (top score: 15348)
Nets of generation 674 averaged: 3650.59 (top score: 14408)
Nets of generation 675 averaged: 3804.02 (top score: 15784)
Nets of generation 676 averaged: 3704.05 (top score: 15372)
Nets of generation 677 averaged: 3751.99 (top score: 15784)
Nets of generation 678 averaged: 3738.29 (top score: 14568)
Nets of generation 679 averaged: 3801.66 (top score: 16120)
Nets of generation 680 averaged: 3793.55 (top score: 16336)
Nets of generation 681 averaged: 3608.62 (top score: 14432)
Nets of generation 682 averaged: 3610.79 (top score: 15464)
Nets of generation 683 averaged: 3611.89 (top score: 16208)
Nets of generation 684 averaged: 3771.55 (top score: 16060)
Nets of generation 685 averaged: 3707.62 (top score: 15456)
Nets of generation 686 averaged: 3716.16 (top score: 15612)
Nets of generation 687 averaged: 3678.05 (top score: 14776)
Nets of generation 688 averaged: 3686.52 (top score: 15972)
Nets of generation 689 averaged: 3747.04 (top score: 14508)
Nets of generation 690 averaged: 3574.31 (top score: 15820)
Nets of generation 691 averaged: 3620.04 (top score: 15868)
Nets of generation 692 averaged: 3641.77 (top score: 16336)
Nets of generation 693 averaged: 3573.3 (top score: 15240)
Nets of generation 694 averaged: 3492.02 (top score: 15964)
Nets of generation 695 averaged: 3401.58 (top score: 15844)
Nets of generation 696 averaged: 3620.94 (top score: 15648)
Nets of generation 697 averaged: 3606.72 (top score: 15456)
Nets of generation 698 averaged: 3481.44 (top score: 15620)
Nets of generation 699 averaged: 3582.91 (top score: 14528)
Nets of generation 700 averaged: 3569.98 (top score: 14748)
Nets of generation 701 averaged: 3569.3 (top score: 16168)
Nets of generation 702 averaged: 3448.18 (top score: 20944)
Nets of generation 703 averaged: 3635.78 (top score: 14396)
Nets of generation 704 averaged: 3703.2 (top score: 14744)
Nets of generation 705 averaged: 3629.26 (top score: 16492)
Nets of generation 706 averaged: 3452.38 (top score: 15496)
Nets of generation 707 averaged: 3610.34 (top score: 15460)
Nets of generation 708 averaged: 3737.58 (top score: 15796)
Nets of generation 709 averaged: 3781.06 (top score: 15488)
Nets of generation 710 averaged: 3705 (top score: 17328)
Nets of generation 711 averaged: 3527.37 (top score: 16884)
Nets of generation 712 averaged: 3545.06 (top score: 15784)
Nets of generation 713 averaged: 3520.96 (top score: 21132)
Nets of generation 714 averaged: 3566.87 (top score: 15684)
Nets of generation 715 averaged: 3561.84 (top score: 15372)
Nets of generation 716 averaged: 3635.19 (top score: 16004)
Nets of generation 717 averaged: 3857.24 (top score: 16240)
Nets of generation 718 averaged: 3735.94 (top score: 16684)
Nets of generation 719 averaged: 3646.54 (top score: 21468)
Nets of generation 720 averaged: 3525.17 (top score: 16568)
Nets of generation 721 averaged: 3675.28 (top score: 22168)
Nets of generation 722 averaged: 3697.36 (top score: 15812)
Nets of generation 723 averaged: 3580.86 (top score: 14264)
Nets of generation 724 averaged: 3545.86 (top score: 17208)
Nets of generation 725 averaged: 3606.62 (top score: 16168)
Nets of generation 726 averaged: 3566.4 (top score: 15612)
Nets of generation 727 averaged: 3570.34 (top score: 15528)
Nets of generation 728 averaged: 3626.29 (top score: 21292)
Nets of generation 729 averaged: 3507.77 (top score: 21744)
Nets of generation 730 averaged: 3556.22 (top score: 14516)
Nets of generation 731 averaged: 3640.65 (top score: 15092)
Nets of generation 732 averaged: 3583.89 (top score: 15724)
Nets of generation 733 averaged: 3728.37 (top score: 21520)
Nets of generation 734 averaged: 3685.78 (top score: 16116)
Nets of generation 735 averaged: 3602.36 (top score: 16208)
Nets of generation 736 averaged: 3542.33 (top score: 15292)
Nets of generation 737 averaged: 3448.09 (top score: 16104)
Nets of generation 738 averaged: 3535.48 (top score: 14652)
Nets of generation 739 averaged: 3466.46 (top score: 15408)
Nets of generation 740 averaged: 3571.12 (top score: 14204)
Nets of generation 741 averaged: 3621.89 (top score: 15876)
Nets of generation 742 averaged: 3448.76 (top score: 25852)
Nets of generation 743 averaged: 3640.87 (top score: 16328)
Nets of generation 744 averaged: 3534.55 (top score: 15524)
Nets of generation 745 averaged: 3675.92 (top score: 16496)
Nets of generation 746 averaged: 3764.42 (top score: 17144)
Nets of generation 747 averaged: 3889.31 (top score: 14468)
Nets of generation 748 averaged: 3710.82 (top score: 16112)
Nets of generation 749 averaged: 3626.9 (top score: 16924)
Nets of generation 750 averaged: 3716.6 (top score: 16768)
Nets of generation 751 averaged: 3566.01 (top score: 14960)
Nets of generation 752 averaged: 3638.22 (top score: 14500)
Nets of generation 753 averaged: 3747.96 (top score: 16240)
Nets of generation 754 averaged: 3775.34 (top score: 17012)
Nets of generation 755 averaged: 3641.52 (top score: 14360)
Nets of generation 756 averaged: 3370.02 (top score: 14700)
Nets of generation 757 averaged: 3677.78 (top score: 14516)
Nets of generation 758 averaged: 3623.83 (top score: 16232)
Nets of generation 759 averaged: 3683.9 (top score: 15660)
Nets of generation 760 averaged: 3542.81 (top score: 15752)
Nets of generation 761 averaged: 3644.81 (top score: 16204)
Nets of generation 762 averaged: 3668.47 (top score: 15012)
Nets of generation 763 averaged: 3703.16 (top score: 16024)
Nets of generation 764 averaged: 3519.72 (top score: 14528)
Nets of generation 765 averaged: 3673.26 (top score: 16704)
Nets of generation 766 averaged: 3559.72 (top score: 14232)
Nets of generation 767 averaged: 3631.3 (top score: 15576)
Nets of generation 768 averaged: 3409.96 (top score: 15764)
Nets of generation 769 averaged: 3520.42 (top score: 15720)
Nets of generation 770 averaged: 3589.18 (top score: 15072)
Nets of generation 771 averaged: 3543.98 (top score: 15636)
Nets of generation 772 averaged: 3616.44 (top score: 16596)
Nets of generation 773 averaged: 3575.05 (top score: 16340)
Nets of generation 774 averaged: 3518.79 (top score: 16516)
Nets of generation 775 averaged: 3616.26 (top score: 16600)
Nets of generation 776 averaged: 3674.17 (top score: 21812)
Nets of generation 777 averaged: 3634.95 (top score: 16436)
Nets of generation 778 averaged: 3658.04 (top score: 14392)
Nets of generation 779 averaged: 3597.21 (top score: 14748)
Nets of generation 780 averaged: 3552.57 (top score: 16368)
Nets of generation 781 averaged: 3677.49 (top score: 16180)
Nets of generation 782 averaged: 3682.73 (top score: 16004)
Nets of generation 783 averaged: 3637.76 (top score: 17212)
Nets of generation 784 averaged: 3716.5 (top score: 14420)
Nets of generation 785 averaged: 3702.19 (top score: 15368)
Nets of generation 786 averaged: 3748.24 (top score: 15752)
Nets of generation 787 averaged: 3852.06 (top score: 14884)
Nets of generation 788 averaged: 3739.32 (top score: 15952)
Nets of generation 789 averaged: 3766.2 (top score: 14328)
Nets of generation 790 averaged: 3725.76 (top score: 13244)
Nets of generation 791 averaged: 3659.04 (top score: 16056)
Nets of generation 792 averaged: 3683 (top score: 15028)
Nets of generation 793 averaged: 3706.07 (top score: 16332)
Nets of generation 794 averaged: 3729.67 (top score: 15456)
Nets of generation 795 averaged: 3597.33 (top score: 14680)
Nets of generation 796 averaged: 3697.1 (top score: 14948)
Nets of generation 797 averaged: 3662.56 (top score: 15988)
Nets of generation 798 averaged: 3554.04 (top score: 16136)
Nets of generation 799 averaged: 3656.55 (top score: 14660)
Nets of generation 800 averaged: 3777.02 (top score: 14528)
Nets of generation 801 averaged: 3604.71 (top score: 16436)
Nets of generation 802 averaged: 3603.42 (top score: 14508)
Nets of generation 803 averaged: 3639.47 (top score: 14460)
Nets of generation 804 averaged: 3740.17 (top score: 24928)
Nets of generation 805 averaged: 3664.75 (top score: 15080)
Nets of generation 806 averaged: 3779.74 (top score: 14636)
Nets of generation 807 averaged: 3905.7 (top score: 16448)
Nets of generation 808 averaged: 3866.16 (top score: 15616)
Nets of generation 809 averaged: 3807.7 (top score: 14520)
Nets of generation 810 averaged: 3927.2 (top score: 14356)
Nets of generation 811 averaged: 3956.93 (top score: 16156)
Nets of generation 812 averaged: 3895.37 (top score: 15208)
Nets of generation 813 averaged: 4075.2 (top score: 15884)
Nets of generation 814 averaged: 3884.7 (top score: 15792)
Nets of generation 815 averaged: 4026.08 (top score: 15600)
Nets of generation 816 averaged: 3998.19 (top score: 16328)
Nets of generation 817 averaged: 4129.34 (top score: 15908)
Nets of generation 818 averaged: 4044.01 (top score: 14856)
Nets of generation 819 averaged: 4067.42 (top score: 16604)
Nets of generation 820 averaged: 4221.02 (top score: 15700)
Nets of generation 821 averaged: 4064.41 (top score: 15512)
Nets of generation 822 averaged: 4057.43 (top score: 16216)
Nets of generation 823 averaged: 3881.24 (top score: 16260)
Nets of generation 824 averaged: 4084.72 (top score: 21580)
Nets of generation 825 averaged: 3958.18 (top score: 16344)
Nets of generation 826 averaged: 4030.11 (top score: 15184)
Nets of generation 827 averaged: 3924.15 (top score: 15324)
Nets of generation 828 averaged: 3970.24 (top score: 14720)
Nets of generation 829 averaged: 3958.12 (top score: 15100)
Nets of generation 830 averaged: 3989.46 (top score: 14420)
Nets of generation 831 averaged: 3872.43 (top score: 12916)
Nets of generation 832 averaged: 3863.9 (top score: 14484)
Nets of generation 833 averaged: 4019.51 (top score: 13384)
Nets of generation 834 averaged: 3945.78 (top score: 14508)
Nets of generation 835 averaged: 4001.61 (top score: 17020)
Nets of generation 836 averaged: 4048.42 (top score: 14356)
Nets of generation 837 averaged: 4042.29 (top score: 12888)
Nets of generation 838 averaged: 4126.16 (top score: 15952)
Nets of generation 839 averaged: 4182.31 (top score: 14544)
Nets of generation 840 averaged: 4040.88 (top score: 13668)
Nets of generation 841 averaged: 4187.54 (top score: 13412)
Nets of generation 842 averaged: 4115.25 (top score: 16252)
Nets of generation 843 averaged: 4022.94 (top score: 16456)
Nets of generation 844 averaged: 4168.01 (top score: 14080)
Nets of generation 845 averaged: 4244.94 (top score: 16312)
Nets of generation 846 averaged: 4150.22 (top score: 14776)
Nets of generation 847 averaged: 4141.3 (top score: 16728)
Nets of generation 848 averaged: 4309.34 (top score: 16576)
Nets of generation 849 averaged: 4352.75 (top score: 15456)
Nets of generation 850 averaged: 4334.68 (top score: 15200)
Nets of generation 851 averaged: 4243.96 (top score: 15536)
Nets of generation 852 averaged: 4115.1 (top score: 16236)
Nets of generation 853 averaged: 4351.7 (top score: 16200)
Nets of generation 854 averaged: 4130.11 (top score: 14504)
Nets of generation 855 averaged: 4192.46 (top score: 15736)
Nets of generation 856 averaged: 4037.1 (top score: 15820)
Nets of generation 857 averaged: 4243.53 (top score: 15764)
Nets of generation 858 averaged: 4181.24 (top score: 15316)
Nets of generation 859 averaged: 4195.85 (top score: 16296)
Nets of generation 860 averaged: 4088.95 (top score: 14700)
Nets of generation 861 averaged: 4117 (top score: 15800)
Nets of generation 862 averaged: 4115.56 (top score: 15592)
Nets of generation 863 averaged: 3968.03 (top score: 15300)
Nets of generation 864 averaged: 4002.9 (top score: 13980)
Nets of generation 865 averaged: 4019.48 (top score: 15396)
Nets of generation 866 averaged: 4045.71 (top score: 15928)
Nets of generation 867 averaged: 4096 (top score: 14372)
Nets of generation 868 averaged: 4162.72 (top score: 16624)
Nets of generation 869 averaged: 3980.77 (top score: 16704)
Nets of generation 870 averaged: 4101.98 (top score: 15744)
Nets of generation 871 averaged: 3917.62 (top score: 16448)
Nets of generation 872 averaged: 3957.75 (top score: 15384)
Nets of generation 873 averaged: 4018.36 (top score: 16520)
Nets of generation 874 averaged: 3921.3 (top score: 15552)
Nets of generation 875 averaged: 3990.92 (top score: 14960)
Nets of generation 876 averaged: 4197.66 (top score: 15652)
Nets of generation 877 averaged: 4108.76 (top score: 15308)
Nets of generation 878 averaged: 4134.89 (top score: 15268)
Nets of generation 879 averaged: 4070.86 (top score: 14428)
Nets of generation 880 averaged: 4048.98 (top score: 15748)
Nets of generation 881 averaged: 3921.52 (top score: 16044)
Nets of generation 882 averaged: 4054.25 (top score: 16388)
Nets of generation 883 averaged: 4027.66 (top score: 15416)
Nets of generation 884 averaged: 4074.22 (top score: 16412)
Nets of generation 885 averaged: 4035.47 (top score: 16172)
Nets of generation 886 averaged: 4067.78 (top score: 14552)
Nets of generation 887 averaged: 4073.8 (top score: 16252)
Nets of generation 888 averaged: 4182.37 (top score: 16124)
Nets of generation 889 averaged: 4226.62 (top score: 16164)
Nets of generation 890 averaged: 4237.26 (top score: 15812)
Nets of generation 891 averaged: 4146.28 (top score: 16108)
Nets of generation 892 averaged: 4290.16 (top score: 15448)
Nets of generation 893 averaged: 4218.08 (top score: 16140)
Nets of generation 894 averaged: 4078.14 (top score: 16916)
Nets of generation 895 averaged: 4164.67 (top score: 14768)
Nets of generation 896 averaged: 4053.15 (top score: 16400)
Nets of generation 897 averaged: 4225.97 (top score: 16544)
Nets of generation 898 averaged: 4375.39 (top score: 15420)
Nets of generation 899 averaged: 4410.42 (top score: 16088)
Nets of generation 900 averaged: 4231.89 (top score: 14440)
Nets of generation 901 averaged: 4330.48 (top score: 16676)
Nets of generation 902 averaged: 4141.31 (top score: 14584)
Nets of generation 903 averaged: 4353.83 (top score: 14508)
Nets of generation 904 averaged: 4215.5 (top score: 15696)
Nets of generation 905 averaged: 4263.62 (top score: 14484)
Nets of generation 906 averaged: 4138.73 (top score: 15348)
Nets of generation 907 averaged: 4145.51 (top score: 16084)
Nets of generation 908 averaged: 4272.76 (top score: 16680)
Nets of generation 909 averaged: 4206.16 (top score: 15788)
Nets of generation 910 averaged: 4137.56 (top score: 15360)
Nets of generation 911 averaged: 4179.33 (top score: 16664)
Nets of generation 912 averaged: 4406.17 (top score: 14648)
Nets of generation 913 averaged: 4464.63 (top score: 18036)
Nets of generation 914 averaged: 4308.39 (top score: 21868)
Nets of generation 915 averaged: 4436.24 (top score: 17212)
Nets of generation 916 averaged: 4246.82 (top score: 15928)
Nets of generation 917 averaged: 4229.8 (top score: 15588)
Nets of generation 918 averaged: 4294.7 (top score: 16128)
Nets of generation 919 averaged: 4429.72 (top score: 15500)
Nets of generation 920 averaged: 4297.38 (top score: 15528)
Nets of generation 921 averaged: 4340.62 (top score: 16288)
Nets of generation 922 averaged: 4422.04 (top score: 15428)
Nets of generation 923 averaged: 4313.12 (top score: 15364)
Nets of generation 924 averaged: 4182.71 (top score: 15332)
Nets of generation 925 averaged: 4187.38 (top score: 16712)
Nets of generation 926 averaged: 4285.78 (top score: 14900)
Nets of generation 927 averaged: 4399.44 (top score: 16132)
Nets of generation 928 averaged: 4113.08 (top score: 15052)
Nets of generation 929 averaged: 4238.18 (top score: 15596)
Nets of generation 930 averaged: 4258.96 (top score: 16048)
Nets of generation 931 averaged: 4331.36 (top score: 14608)
Nets of generation 932 averaged: 4389.41 (top score: 16228)
Nets of generation 933 averaged: 4452.31 (top score: 16200)
Nets of generation 934 averaged: 4454.57 (top score: 16172)
Nets of generation 935 averaged: 4448.25 (top score: 17828)
Nets of generation 936 averaged: 4495.04 (top score: 16564)
Nets of generation 937 averaged: 4475.22 (top score: 17348)
Nets of generation 938 averaged: 4403.86 (top score: 16160)
Nets of generation 939 averaged: 4457.19 (top score: 16300)
Nets of generation 940 averaged: 4510.87 (top score: 31724)
Nets of generation 941 averaged: 4441.64 (top score: 15260)
Nets of generation 942 averaged: 4391.89 (top score: 21712)
Nets of generation 943 averaged: 4476.32 (top score: 14872)
Nets of generation 944 averaged: 4587.69 (top score: 16980)
Nets of generation 945 averaged: 4290.12 (top score: 15996)
Nets of generation 946 averaged: 4432.63 (top score: 14624)
Nets of generation 947 averaged: 4420.91 (top score: 16204)
Nets of generation 948 averaged: 4272.82 (top score: 21724)
Nets of generation 949 averaged: 4163.95 (top score: 12836)
Nets of generation 950 averaged: 4202.74 (top score: 16364)
Nets of generation 951 averaged: 4329.52 (top score: 15564)
Nets of generation 952 averaged: 4452.99 (top score: 21468)
Nets of generation 953 averaged: 4351.8 (top score: 15764)
Nets of generation 954 averaged: 4380.96 (top score: 15536)
Nets of generation 955 averaged: 4414.83 (top score: 15780)
Nets of generation 956 averaged: 4185.77 (top score: 16260)
Nets of generation 957 averaged: 4288.96 (top score: 16196)
Nets of generation 958 averaged: 4294.42 (top score: 16272)
Nets of generation 959 averaged: 4108.08 (top score: 16060)
Nets of generation 960 averaged: 4230.64 (top score: 15940)
Nets of generation 961 averaged: 4392.89 (top score: 14572)
Nets of generation 962 averaged: 4237.18 (top score: 15460)
Nets of generation 963 averaged: 4264.16 (top score: 15292)
Nets of generation 964 averaged: 4346.93 (top score: 16548)
Nets of generation 965 averaged: 4213.6 (top score: 17044)
Nets of generation 966 averaged: 4256.7 (top score: 22620)
Nets of generation 967 averaged: 4419.7 (top score: 15400)
Nets of generation 968 averaged: 4285.47 (top score: 17256)
Nets of generation 969 averaged: 4386.44 (top score: 15688)
Nets of generation 970 averaged: 4482.42 (top score: 16352)
Nets of generation 971 averaged: 4316.06 (top score: 18540)
Nets of generation 972 averaged: 4239.63 (top score: 23456)
Nets of generation 973 averaged: 4431.86 (top score: 15864)
Nets of generation 974 averaged: 4208.83 (top score: 16948)
Nets of generation 975 averaged: 4269.48 (top score: 15264)
Nets of generation 976 averaged: 4395.8 (top score: 15588)
Nets of generation 977 averaged: 4457.51 (top score: 15544)
Nets of generation 978 averaged: 4388.46 (top score: 16312)
Nets of generation 979 averaged: 4290.34 (top score: 15272)
Nets of generation 980 averaged: 4269.17 (top score: 16192)
Nets of generation 981 averaged: 4406.2 (top score: 16264)
Nets of generation 982 averaged: 4241.96 (top score: 16760)
Nets of generation 983 averaged: 4304.24 (top score: 14752)
Nets of generation 984 averaged: 4328.85 (top score: 15748)
Nets of generation 985 averaged: 4458.96 (top score: 16516)
Nets of generation 986 averaged: 4416.3 (top score: 15704)
Nets of generation 987 averaged: 4458.76 (top score: 16192)
Nets of generation 988 averaged: 4366.43 (top score: 15784)
Nets of generation 989 averaged: 4529.57 (top score: 21956)
Nets of generation 990 averaged: 4345.26 (top score: 16256)
Nets of generation 991 averaged: 4328.56 (top score: 16452)
Nets of generation 992 averaged: 4395.08 (top score: 22948)
Nets of generation 993 averaged: 4334.16 (top score: 16580)
Nets of generation 994 averaged: 4258.48 (top score: 15676)
Nets of generation 995 averaged: 4274.36 (top score: 16480)
Nets of generation 996 averaged: 4236.45 (top score: 16408)
Nets of generation 997 averaged: 4284.09 (top score: 16256)
Nets of generation 998 averaged: 4340.13 (top score: 22432)
Nets of generation 999 averaged: 4182.91 (top score: 16352)
Best score overall: 31724
