Initialized with: 
numGenerations: 1000
numNets: 100
numGamesPerNet: 10
netHiddenLayerSize: 16
chMode: h
treeDepth: 1
Nets of generation 0 averaged: 1081.64 (top score: 5620)
Nets of generation 1 averaged: 1122.51 (top score: 6484)
Nets of generation 2 averaged: 1119.96 (top score: 6340)
Nets of generation 3 averaged: 1223.3 (top score: 5524)
Nets of generation 4 averaged: 1274.35 (top score: 6892)
Nets of generation 5 averaged: 1266.36 (top score: 6592)
Nets of generation 6 averaged: 1273.01 (top score: 7736)
Nets of generation 7 averaged: 1332 (top score: 5756)
Nets of generation 8 averaged: 1379.04 (top score: 6376)
Nets of generation 9 averaged: 1374.19 (top score: 5848)
Nets of generation 10 averaged: 1327.9 (top score: 6128)
Nets of generation 11 averaged: 1445.48 (top score: 7164)
Nets of generation 12 averaged: 1390.33 (top score: 5508)
Nets of generation 13 averaged: 1489.21 (top score: 6080)
Nets of generation 14 averaged: 1541.11 (top score: 6916)
Nets of generation 15 averaged: 1487.88 (top score: 6436)
Nets of generation 16 averaged: 1534.41 (top score: 7372)
Nets of generation 17 averaged: 1574.38 (top score: 7208)
Nets of generation 18 averaged: 1629.56 (top score: 6580)
Nets of generation 19 averaged: 1700.39 (top score: 7464)
Nets of generation 20 averaged: 1774.76 (top score: 9060)
Nets of generation 21 averaged: 1791.91 (top score: 11256)
Nets of generation 22 averaged: 1782.07 (top score: 7204)
Nets of generation 23 averaged: 1835.79 (top score: 7140)
Nets of generation 24 averaged: 1844.86 (top score: 7384)
Nets of generation 25 averaged: 1863.9 (top score: 6924)
Nets of generation 26 averaged: 1862.19 (top score: 7280)
Nets of generation 27 averaged: 1941.66 (top score: 7956)
Nets of generation 28 averaged: 1942.64 (top score: 7140)
Nets of generation 29 averaged: 2032.7 (top score: 7020)
Nets of generation 30 averaged: 2067.51 (top score: 8188)
Nets of generation 31 averaged: 1983.75 (top score: 7448)
Nets of generation 32 averaged: 2076.4 (top score: 7196)
Nets of generation 33 averaged: 1994.79 (top score: 7556)
Nets of generation 34 averaged: 2069.24 (top score: 7880)
Nets of generation 35 averaged: 2070.65 (top score: 8048)
Nets of generation 36 averaged: 2054.91 (top score: 7328)
Nets of generation 37 averaged: 2060.07 (top score: 7060)
Nets of generation 38 averaged: 2220.19 (top score: 9296)
Nets of generation 39 averaged: 2216.61 (top score: 8160)
Nets of generation 40 averaged: 2274.76 (top score: 7760)
Nets of generation 41 averaged: 2198.91 (top score: 7700)
Nets of generation 42 averaged: 2096.19 (top score: 7476)
Nets of generation 43 averaged: 2275.26 (top score: 9912)
Nets of generation 44 averaged: 2265.98 (top score: 9836)
Nets of generation 45 averaged: 2300.28 (top score: 8192)
Nets of generation 46 averaged: 2273.71 (top score: 8436)
Nets of generation 47 averaged: 2380.88 (top score: 10076)
Nets of generation 48 averaged: 2296.24 (top score: 10148)
Nets of generation 49 averaged: 2284.87 (top score: 7424)
Nets of generation 50 averaged: 2375.2 (top score: 7792)
Nets of generation 51 averaged: 2402.66 (top score: 7260)
Nets of generation 52 averaged: 2337.14 (top score: 7468)
Nets of generation 53 averaged: 2389.86 (top score: 8228)
Nets of generation 54 averaged: 2449.71 (top score: 11384)
Nets of generation 55 averaged: 2472.14 (top score: 7540)
Nets of generation 56 averaged: 2446.8 (top score: 7732)
Nets of generation 57 averaged: 2451.07 (top score: 7908)
Nets of generation 58 averaged: 2521.18 (top score: 9016)
Nets of generation 59 averaged: 2511.18 (top score: 7844)
Nets of generation 60 averaged: 2591.32 (top score: 8932)
Nets of generation 61 averaged: 2586.61 (top score: 8256)
Nets of generation 62 averaged: 2655.61 (top score: 8852)
Nets of generation 63 averaged: 2667.45 (top score: 10336)
Nets of generation 64 averaged: 2580.98 (top score: 7924)
Nets of generation 65 averaged: 2600.54 (top score: 12300)
Nets of generation 66 averaged: 2801.34 (top score: 8628)
Nets of generation 67 averaged: 2818.11 (top score: 11764)
Nets of generation 68 averaged: 2767.48 (top score: 10988)
Nets of generation 69 averaged: 2863.24 (top score: 11952)
Nets of generation 70 averaged: 2807.99 (top score: 11364)
Nets of generation 71 averaged: 2958.11 (top score: 10636)
Nets of generation 72 averaged: 2916.17 (top score: 12852)
Nets of generation 73 averaged: 2923.93 (top score: 11940)
Nets of generation 74 averaged: 2864.37 (top score: 8780)
Nets of generation 75 averaged: 2980.63 (top score: 14664)
Nets of generation 76 averaged: 2815.04 (top score: 11404)
Nets of generation 77 averaged: 2887.95 (top score: 10712)
Nets of generation 78 averaged: 2825.54 (top score: 10288)
Nets of generation 79 averaged: 2949.36 (top score: 11912)
Nets of generation 80 averaged: 2751.2 (top score: 10668)
Nets of generation 81 averaged: 2914.29 (top score: 11000)
Nets of generation 82 averaged: 2934.26 (top score: 8424)
Nets of generation 83 averaged: 2779.49 (top score: 10704)
Nets of generation 84 averaged: 2843.82 (top score: 8224)
Nets of generation 85 averaged: 2889.98 (top score: 12472)
Nets of generation 86 averaged: 2881.11 (top score: 12456)
Nets of generation 87 averaged: 2781.89 (top score: 11392)
Nets of generation 88 averaged: 2860.82 (top score: 11416)
Nets of generation 89 averaged: 2831.62 (top score: 10840)
Nets of generation 90 averaged: 2858.74 (top score: 10020)
Nets of generation 91 averaged: 2807.54 (top score: 10144)
Nets of generation 92 averaged: 2972.67 (top score: 12704)
Nets of generation 93 averaged: 2857.36 (top score: 11552)
Nets of generation 94 averaged: 2835.51 (top score: 12496)
Nets of generation 95 averaged: 2856.07 (top score: 14552)
Nets of generation 96 averaged: 2945.08 (top score: 12068)
Nets of generation 97 averaged: 2861.12 (top score: 11448)
Nets of generation 98 averaged: 2910.44 (top score: 10672)
Nets of generation 99 averaged: 2833.82 (top score: 10272)
Nets of generation 100 averaged: 2928.58 (top score: 12912)
Nets of generation 101 averaged: 2958.06 (top score: 11472)
Nets of generation 102 averaged: 2869.37 (top score: 13956)
Nets of generation 103 averaged: 2963.64 (top score: 9592)
Nets of generation 104 averaged: 2824.93 (top score: 11184)
Nets of generation 105 averaged: 2889.56 (top score: 11492)
Nets of generation 106 averaged: 2895.94 (top score: 10352)
Nets of generation 107 averaged: 2899.68 (top score: 10656)
Nets of generation 108 averaged: 2939.8 (top score: 10948)
Nets of generation 109 averaged: 3080.96 (top score: 11232)
Nets of generation 110 averaged: 2851.99 (top score: 11404)
Nets of generation 111 averaged: 3033.72 (top score: 12320)
Nets of generation 112 averaged: 2933.91 (top score: 11780)
Nets of generation 113 averaged: 2852.78 (top score: 11440)
Nets of generation 114 averaged: 3063.25 (top score: 11656)
Nets of generation 115 averaged: 2920.53 (top score: 10760)
Nets of generation 116 averaged: 2909.59 (top score: 10688)
Nets of generation 117 averaged: 2944.09 (top score: 10608)
Nets of generation 118 averaged: 3064.62 (top score: 10572)
Nets of generation 119 averaged: 2954.69 (top score: 12212)
Nets of generation 120 averaged: 2970.31 (top score: 10876)
Nets of generation 121 averaged: 3014.74 (top score: 11360)
Nets of generation 122 averaged: 3027.06 (top score: 14640)
Nets of generation 123 averaged: 3015.12 (top score: 16640)
Nets of generation 124 averaged: 3079.15 (top score: 11112)
Nets of generation 125 averaged: 3116.42 (top score: 11892)
Nets of generation 126 averaged: 3066.62 (top score: 12220)
Nets of generation 127 averaged: 3112.44 (top score: 16544)
Nets of generation 128 averaged: 3062.87 (top score: 10028)
Nets of generation 129 averaged: 3052.14 (top score: 10648)
Nets of generation 130 averaged: 2983.45 (top score: 11988)
Nets of generation 131 averaged: 3026.51 (top score: 12156)
Nets of generation 132 averaged: 2961.59 (top score: 12008)
Nets of generation 133 averaged: 3052.86 (top score: 11128)
Nets of generation 134 averaged: 3147.57 (top score: 13228)
Nets of generation 135 averaged: 3132.68 (top score: 12432)
Nets of generation 136 averaged: 3242.1 (top score: 12280)
Nets of generation 137 averaged: 3169.44 (top score: 11976)
Nets of generation 138 averaged: 3192.98 (top score: 12124)
Nets of generation 139 averaged: 3154.77 (top score: 12252)
Nets of generation 140 averaged: 3161.03 (top score: 12196)
Nets of generation 141 averaged: 3028.73 (top score: 12240)
Nets of generation 142 averaged: 3180.98 (top score: 12328)
Nets of generation 143 averaged: 3149.82 (top score: 12128)
Nets of generation 144 averaged: 3288.48 (top score: 15364)
Nets of generation 145 averaged: 3139.41 (top score: 11776)
Nets of generation 146 averaged: 3151.18 (top score: 15860)
Nets of generation 147 averaged: 3195.73 (top score: 14020)
Nets of generation 148 averaged: 3132.95 (top score: 12476)
Nets of generation 149 averaged: 3176.81 (top score: 14360)
Nets of generation 150 averaged: 3126.95 (top score: 13864)
Nets of generation 151 averaged: 3063.06 (top score: 14460)
Nets of generation 152 averaged: 3032.92 (top score: 12340)
Nets of generation 153 averaged: 3096.44 (top score: 12528)
Nets of generation 154 averaged: 3052.32 (top score: 14468)
Nets of generation 155 averaged: 3006.57 (top score: 10996)
Nets of generation 156 averaged: 3049.42 (top score: 11996)
Nets of generation 157 averaged: 3094.46 (top score: 11676)
Nets of generation 158 averaged: 3071.26 (top score: 12836)
Nets of generation 159 averaged: 3055.54 (top score: 12208)
Nets of generation 160 averaged: 3111.45 (top score: 11772)
Nets of generation 161 averaged: 3070.42 (top score: 12180)
Nets of generation 162 averaged: 3159.9 (top score: 12404)
Nets of generation 163 averaged: 3139.31 (top score: 12868)
Nets of generation 164 averaged: 3199.6 (top score: 14460)
Nets of generation 165 averaged: 3149.44 (top score: 12168)
Nets of generation 166 averaged: 3029.71 (top score: 12436)
Nets of generation 167 averaged: 2968.91 (top score: 16108)
Nets of generation 168 averaged: 2904.12 (top score: 11984)
Nets of generation 169 averaged: 3043 (top score: 12864)
Nets of generation 170 averaged: 2969.72 (top score: 12724)
Nets of generation 171 averaged: 3091.37 (top score: 14288)
Nets of generation 172 averaged: 3125.86 (top score: 11124)
Nets of generation 173 averaged: 3289.59 (top score: 12300)
Nets of generation 174 averaged: 3219.42 (top score: 11804)
Nets of generation 175 averaged: 3220.96 (top score: 12808)
Nets of generation 176 averaged: 3301.58 (top score: 12752)
Nets of generation 177 averaged: 3203.18 (top score: 12644)
Nets of generation 178 averaged: 3214.42 (top score: 11640)
Nets of generation 179 averaged: 3422.56 (top score: 14180)
Nets of generation 180 averaged: 3323.08 (top score: 12864)
Nets of generation 181 averaged: 3348.65 (top score: 11560)
Nets of generation 182 averaged: 3519.74 (top score: 12668)
Nets of generation 183 averaged: 3342.54 (top score: 12816)
Nets of generation 184 averaged: 3423.07 (top score: 14548)
Nets of generation 185 averaged: 3323.83 (top score: 12296)
Nets of generation 186 averaged: 3335.24 (top score: 15116)
Nets of generation 187 averaged: 3489.18 (top score: 13492)
Nets of generation 188 averaged: 3530.04 (top score: 11164)
Nets of generation 189 averaged: 3576.86 (top score: 12140)
Nets of generation 190 averaged: 3549.6 (top score: 14224)
Nets of generation 191 averaged: 3538.74 (top score: 14716)
Nets of generation 192 averaged: 3587.6 (top score: 13764)
Nets of generation 193 averaged: 3576.6 (top score: 11792)
Nets of generation 194 averaged: 3521.53 (top score: 11920)
Nets of generation 195 averaged: 3552.16 (top score: 15656)
Nets of generation 196 averaged: 3365.59 (top score: 15800)
Nets of generation 197 averaged: 3448.8 (top score: 14032)
Nets of generation 198 averaged: 3551.73 (top score: 12964)
Nets of generation 199 averaged: 3340.28 (top score: 13188)
Nets of generation 200 averaged: 3424.58 (top score: 13672)
Nets of generation 201 averaged: 3509 (top score: 12772)
Nets of generation 202 averaged: 3487.52 (top score: 14348)
Nets of generation 203 averaged: 3480.22 (top score: 14644)
Nets of generation 204 averaged: 3604.28 (top score: 13876)
Nets of generation 205 averaged: 3626.94 (top score: 14732)
Nets of generation 206 averaged: 3497.86 (top score: 16036)
Nets of generation 207 averaged: 3626.83 (top score: 14644)
Nets of generation 208 averaged: 3451.75 (top score: 14420)
Nets of generation 209 averaged: 3448.91 (top score: 13868)
Nets of generation 210 averaged: 3472.7 (top score: 15556)
Nets of generation 211 averaged: 3456.34 (top score: 11560)
Nets of generation 212 averaged: 3529.86 (top score: 14480)
Nets of generation 213 averaged: 3510.58 (top score: 12656)
Nets of generation 214 averaged: 3426.64 (top score: 13204)
Nets of generation 215 averaged: 3516.52 (top score: 13032)
Nets of generation 216 averaged: 3402.76 (top score: 12944)
Nets of generation 217 averaged: 3598.08 (top score: 13876)
Nets of generation 218 averaged: 3543.76 (top score: 15464)
Nets of generation 219 averaged: 3572.39 (top score: 15384)
Nets of generation 220 averaged: 3443.44 (top score: 14276)
Nets of generation 221 averaged: 3592.66 (top score: 14420)
Nets of generation 222 averaged: 3447.5 (top score: 12908)
Nets of generation 223 averaged: 3525.83 (top score: 14272)
Nets of generation 224 averaged: 3399.08 (top score: 16180)
Nets of generation 225 averaged: 3260.09 (top score: 12976)
Nets of generation 226 averaged: 3453.68 (top score: 16300)
Nets of generation 227 averaged: 3387.32 (top score: 21620)
Nets of generation 228 averaged: 3513.01 (top score: 15212)
Nets of generation 229 averaged: 3458.16 (top score: 14408)
Nets of generation 230 averaged: 3435.01 (top score: 14680)
Nets of generation 231 averaged: 3552.73 (top score: 13788)
Nets of generation 232 averaged: 3365.42 (top score: 14048)
Nets of generation 233 averaged: 3471.51 (top score: 12188)
Nets of generation 234 averaged: 3315.92 (top score: 13420)
Nets of generation 235 averaged: 3384.74 (top score: 13340)
Nets of generation 236 averaged: 3445.9 (top score: 14916)
Nets of generation 237 averaged: 3327.83 (top score: 14848)
Nets of generation 238 averaged: 3441.14 (top score: 16124)
Nets of generation 239 averaged: 3420.65 (top score: 14808)
Nets of generation 240 averaged: 3282.23 (top score: 12624)
Nets of generation 241 averaged: 3491.76 (top score: 14596)
Nets of generation 242 averaged: 3528.03 (top score: 12312)
Nets of generation 243 averaged: 3566.02 (top score: 13644)
Nets of generation 244 averaged: 3392.16 (top score: 12980)
Nets of generation 245 averaged: 3453.72 (top score: 14508)
Nets of generation 246 averaged: 3465.33 (top score: 15720)
Nets of generation 247 averaged: 3509.82 (top score: 12376)
Nets of generation 248 averaged: 3610.22 (top score: 14528)
Nets of generation 249 averaged: 3566.38 (top score: 15908)
Nets of generation 250 averaged: 3529.89 (top score: 13920)
Nets of generation 251 averaged: 3450.06 (top score: 14352)
Nets of generation 252 averaged: 3619.92 (top score: 13808)
Nets of generation 253 averaged: 3587.95 (top score: 15120)
Nets of generation 254 averaged: 3462.18 (top score: 14144)
Nets of generation 255 averaged: 3620 (top score: 14528)
Nets of generation 256 averaged: 3666.29 (top score: 14100)
Nets of generation 257 averaged: 3563.59 (top score: 14308)
Nets of generation 258 averaged: 3590.76 (top score: 15944)
Nets of generation 259 averaged: 3690.04 (top score: 17528)
Nets of generation 260 averaged: 3438.35 (top score: 14192)
Nets of generation 261 averaged: 3613.06 (top score: 15336)
Nets of generation 262 averaged: 3499.29 (top score: 12580)
Nets of generation 263 averaged: 3624.1 (top score: 13796)
Nets of generation 264 averaged: 3482.6 (top score: 13176)
Nets of generation 265 averaged: 3409.63 (top score: 12652)
Nets of generation 266 averaged: 3574.63 (top score: 14704)
Nets of generation 267 averaged: 3591.38 (top score: 14508)
Nets of generation 268 averaged: 3543.05 (top score: 15016)
Nets of generation 269 averaged: 3787.84 (top score: 14628)
Nets of generation 270 averaged: 3694.36 (top score: 12928)
Nets of generation 271 averaged: 3683.53 (top score: 13372)
Nets of generation 272 averaged: 3567.3 (top score: 15948)
Nets of generation 273 averaged: 3560.56 (top score: 14636)
Nets of generation 274 averaged: 3733.12 (top score: 14656)
Nets of generation 275 averaged: 3500.77 (top score: 13448)
Nets of generation 276 averaged: 3618.06 (top score: 15268)
Nets of generation 277 averaged: 3706.62 (top score: 15228)
Nets of generation 278 averaged: 3453.5 (top score: 12792)
Nets of generation 279 averaged: 3640.05 (top score: 14668)
Nets of generation 280 averaged: 3588.08 (top score: 13568)
Nets of generation 281 averaged: 3648.85 (top score: 13856)
Nets of generation 282 averaged: 3612.56 (top score: 14544)
Nets of generation 283 averaged: 3563.75 (top score: 13044)
Nets of generation 284 averaged: 3586.34 (top score: 15436)
Nets of generation 285 averaged: 3543.76 (top score: 14392)
Nets of generation 286 averaged: 3641.36 (top score: 12540)
Nets of generation 287 averaged: 3717.79 (top score: 16216)
Nets of generation 288 averaged: 3639.35 (top score: 15084)
Nets of generation 289 averaged: 3784.5 (top score: 15456)
Nets of generation 290 averaged: 3594.76 (top score: 15508)
Nets of generation 291 averaged: 3539.01 (top score: 15588)
Nets of generation 292 averaged: 3658.04 (top score: 14520)
Nets of generation 293 averaged: 3883.72 (top score: 15144)
Nets of generation 294 averaged: 3743.67 (top score: 15660)
Nets of generation 295 averaged: 3710.11 (top score: 14176)
Nets of generation 296 averaged: 3620.63 (top score: 15348)
Nets of generation 297 averaged: 3503.65 (top score: 14752)
Nets of generation 298 averaged: 3524.2 (top score: 11896)
Nets of generation 299 averaged: 3537.75 (top score: 14416)
Nets of generation 300 averaged: 3478.79 (top score: 14488)
Nets of generation 301 averaged: 3424.01 (top score: 12040)
Nets of generation 302 averaged: 3511.5 (top score: 12316)
Nets of generation 303 averaged: 3564.3 (top score: 15508)
Nets of generation 304 averaged: 3713.65 (top score: 22508)
Nets of generation 305 averaged: 3578.7 (top score: 14504)
Nets of generation 306 averaged: 3529.93 (top score: 15484)
Nets of generation 307 averaged: 3696.91 (top score: 14012)
Nets of generation 308 averaged: 3591.87 (top score: 14332)
Nets of generation 309 averaged: 3544.13 (top score: 12680)
Nets of generation 310 averaged: 3586.12 (top score: 13740)
Nets of generation 311 averaged: 3512.5 (top score: 12628)
Nets of generation 312 averaged: 3496.47 (top score: 12892)
Nets of generation 313 averaged: 3464.66 (top score: 13892)
Nets of generation 314 averaged: 3537.19 (top score: 23660)
Nets of generation 315 averaged: 3565.38 (top score: 14384)
Nets of generation 316 averaged: 3483.62 (top score: 13928)
Nets of generation 317 averaged: 3402.5 (top score: 14352)
Nets of generation 318 averaged: 3452.85 (top score: 12536)
Nets of generation 319 averaged: 3584.28 (top score: 15424)
Nets of generation 320 averaged: 3490 (top score: 13800)
Nets of generation 321 averaged: 3555.62 (top score: 12256)
Nets of generation 322 averaged: 3608.88 (top score: 14372)
Nets of generation 323 averaged: 3671.14 (top score: 16220)
Nets of generation 324 averaged: 3627.84 (top score: 14268)
Nets of generation 325 averaged: 3650 (top score: 15432)
Nets of generation 326 averaged: 3478.17 (top score: 14536)
Nets of generation 327 averaged: 3518.64 (top score: 16088)
Nets of generation 328 averaged: 3606.51 (top score: 15788)
Nets of generation 329 averaged: 3713.24 (top score: 14896)
Nets of generation 330 averaged: 3755.18 (top score: 14216)
Nets of generation 331 averaged: 3737.02 (top score: 14456)
Nets of generation 332 averaged: 3754.6 (top score: 16236)
Nets of generation 333 averaged: 3737.88 (top score: 15736)
Nets of generation 334 averaged: 3770.54 (top score: 14352)
Nets of generation 335 averaged: 3658.82 (top score: 15656)
Nets of generation 336 averaged: 3585.25 (top score: 14492)
Nets of generation 337 averaged: 3698.97 (top score: 16332)
Nets of generation 338 averaged: 3624.97 (top score: 15796)
Nets of generation 339 averaged: 3717.56 (top score: 12696)
Nets of generation 340 averaged: 3727.36 (top score: 16140)
Nets of generation 341 averaged: 3688.89 (top score: 14552)
Nets of generation 342 averaged: 3808.24 (top score: 15020)
Nets of generation 343 averaged: 3775.96 (top score: 16136)
Nets of generation 344 averaged: 3613.74 (top score: 15728)
Nets of generation 345 averaged: 3559.8 (top score: 13512)
Nets of generation 346 averaged: 3560.52 (top score: 14616)
Nets of generation 347 averaged: 3622.03 (top score: 12832)
Nets of generation 348 averaged: 3541.1 (top score: 13020)
Nets of generation 349 averaged: 3570.51 (top score: 14684)
Nets of generation 350 averaged: 3433.18 (top score: 12312)
Nets of generation 351 averaged: 3601.66 (top score: 12608)
Nets of generation 352 averaged: 3460.21 (top score: 13984)
Nets of generation 353 averaged: 3463.92 (top score: 15516)
Nets of generation 354 averaged: 3631.05 (top score: 16488)
Nets of generation 355 averaged: 3442.07 (top score: 14512)
Nets of generation 356 averaged: 3599.62 (top score: 15900)
Nets of generation 357 averaged: 3420.18 (top score: 15240)
Nets of generation 358 averaged: 3531.38 (top score: 13848)
Nets of generation 359 averaged: 3436.12 (top score: 15692)
Nets of generation 360 averaged: 3531.3 (top score: 14772)
Nets of generation 361 averaged: 3596.64 (top score: 16656)
Nets of generation 362 averaged: 3579.88 (top score: 16724)
Nets of generation 363 averaged: 3691.21 (top score: 14784)
Nets of generation 364 averaged: 3764.96 (top score: 14284)
Nets of generation 365 averaged: 3685.93 (top score: 15592)
Nets of generation 366 averaged: 3832.41 (top score: 21332)
Nets of generation 367 averaged: 3720.39 (top score: 15464)
Nets of generation 368 averaged: 3770.94 (top score: 14208)
Nets of generation 369 averaged: 3887.48 (top score: 16704)
Nets of generation 370 averaged: 3913.42 (top score: 14436)
Nets of generation 371 averaged: 3775.03 (top score: 16400)
Nets of generation 372 averaged: 3726.56 (top score: 15056)
Nets of generation 373 averaged: 3759.32 (top score: 13764)
Nets of generation 374 averaged: 3650.86 (top score: 12448)
Nets of generation 375 averaged: 3622.36 (top score: 14844)
Nets of generation 376 averaged: 3853.88 (top score: 14116)
Nets of generation 377 averaged: 3739.52 (top score: 16332)
Nets of generation 378 averaged: 3883.37 (top score: 14580)
Nets of generation 379 averaged: 3790.62 (top score: 13924)
Nets of generation 380 averaged: 3787.07 (top score: 15464)
Nets of generation 381 averaged: 3861.91 (top score: 14764)
Nets of generation 382 averaged: 3911.44 (top score: 15760)
Nets of generation 383 averaged: 3957.6 (top score: 14188)
Nets of generation 384 averaged: 4066.46 (top score: 14900)
Nets of generation 385 averaged: 3797.87 (top score: 15072)
Nets of generation 386 averaged: 4142.98 (top score: 16028)
Nets of generation 387 averaged: 3873.02 (top score: 15388)
Nets of generation 388 averaged: 3773.07 (top score: 16068)
Nets of generation 389 averaged: 3928.16 (top score: 16232)
Nets of generation 390 averaged: 3844.19 (top score: 15348)
Nets of generation 391 averaged: 4015.61 (top score: 15960)
Nets of generation 392 averaged: 3856.13 (top score: 16568)
Nets of generation 393 averaged: 3890.21 (top score: 16976)
Nets of generation 394 averaged: 3751.69 (top score: 16036)
Nets of generation 395 averaged: 3890.61 (top score: 16196)
Nets of generation 396 averaged: 3848.76 (top score: 14664)
Nets of generation 397 averaged: 3930.53 (top score: 16368)
Nets of generation 398 averaged: 3941.12 (top score: 14152)
Nets of generation 399 averaged: 3934.53 (top score: 17868)
Nets of generation 400 averaged: 3852.66 (top score: 21520)
Nets of generation 401 averaged: 4095.76 (top score: 15140)
Nets of generation 402 averaged: 4079.49 (top score: 16620)
Nets of generation 403 averaged: 4012.08 (top score: 17860)
Nets of generation 404 averaged: 3923.19 (top score: 15420)
Nets of generation 405 averaged: 4136.34 (top score: 16192)
Nets of generation 406 averaged: 3998.65 (top score: 15772)
Nets of generation 407 averaged: 4109.54 (top score: 16664)
Nets of generation 408 averaged: 3725.88 (top score: 14128)
Nets of generation 409 averaged: 3774.47 (top score: 16572)
Nets of generation 410 averaged: 3772.77 (top score: 14652)
Nets of generation 411 averaged: 3756.7 (top score: 13824)
Nets of generation 412 averaged: 3720.31 (top score: 16460)
Nets of generation 413 averaged: 3802.98 (top score: 16372)
Nets of generation 414 averaged: 3834.09 (top score: 15352)
Nets of generation 415 averaged: 3766.72 (top score: 15612)
Nets of generation 416 averaged: 3826.7 (top score: 14096)
Nets of generation 417 averaged: 3825.1 (top score: 13812)
Nets of generation 418 averaged: 3965.07 (top score: 17312)
Nets of generation 419 averaged: 3833.72 (top score: 16236)
Nets of generation 420 averaged: 3851.87 (top score: 15508)
Nets of generation 421 averaged: 3992.42 (top score: 14732)
Nets of generation 422 averaged: 3939.15 (top score: 21044)
Nets of generation 423 averaged: 3743.52 (top score: 13528)
Nets of generation 424 averaged: 3746.29 (top score: 14576)
Nets of generation 425 averaged: 3649.51 (top score: 15116)
Nets of generation 426 averaged: 3838.65 (top score: 15268)
Nets of generation 427 averaged: 3897.84 (top score: 16188)
Nets of generation 428 averaged: 3802.58 (top score: 16208)
Nets of generation 429 averaged: 3881.04 (top score: 16256)
Nets of generation 430 averaged: 3822.13 (top score: 16324)
Nets of generation 431 averaged: 3853.06 (top score: 15148)
Nets of generation 432 averaged: 3854.06 (top score: 16100)
Nets of generation 433 averaged: 3827.9 (top score: 16976)
Nets of generation 434 averaged: 3931.67 (top score: 16516)
Nets of generation 435 averaged: 3876.15 (top score: 13900)
Nets of generation 436 averaged: 3853.76 (top score: 15760)
Nets of generation 437 averaged: 4066.61 (top score: 14468)
Nets of generation 438 averaged: 3857.08 (top score: 15916)
Nets of generation 439 averaged: 4025.75 (top score: 15708)
Nets of generation 440 averaged: 4001.98 (top score: 15368)
Nets of generation 441 averaged: 3915.56 (top score: 21104)
Nets of generation 442 averaged: 3850.66 (top score: 16156)
Nets of generation 443 averaged: 4019.94 (top score: 16076)
Nets of generation 444 averaged: 4063.69 (top score: 15068)
Nets of generation 445 averaged: 3764.59 (top score: 16644)
Nets of generation 446 averaged: 3758.66 (top score: 14472)
Nets of generation 447 averaged: 3824.75 (top score: 15352)
Nets of generation 448 averaged: 3912.42 (top score: 15572)
Nets of generation 449 averaged: 3926.28 (top score: 15988)
Nets of generation 450 averaged: 3929.62 (top score: 15532)
Nets of generation 451 averaged: 3804.72 (top score: 16460)
Nets of generation 452 averaged: 3863.89 (top score: 15668)
Nets of generation 453 averaged: 3995.71 (top score: 14456)
Nets of generation 454 averaged: 3667.72 (top score: 15604)
Nets of generation 455 averaged: 3569.33 (top score: 14740)
Nets of generation 456 averaged: 3583.8 (top score: 15936)
Nets of generation 457 averaged: 3635.59 (top score: 13812)
Nets of generation 458 averaged: 3510.5 (top score: 12084)
Nets of generation 459 averaged: 3587.24 (top score: 14688)
Nets of generation 460 averaged: 3585.94 (top score: 13784)
Nets of generation 461 averaged: 3599.46 (top score: 15756)
Nets of generation 462 averaged: 3672.65 (top score: 15476)
Nets of generation 463 averaged: 3632.38 (top score: 16000)
Nets of generation 464 averaged: 3698.57 (top score: 13084)
Nets of generation 465 averaged: 3677.16 (top score: 25232)
Nets of generation 466 averaged: 3643.63 (top score: 14688)
Nets of generation 467 averaged: 3641.28 (top score: 13724)
Nets of generation 468 averaged: 3725.09 (top score: 16140)
Nets of generation 469 averaged: 3520.05 (top score: 14372)
Nets of generation 470 averaged: 3660.59 (top score: 12880)
Nets of generation 471 averaged: 3615.13 (top score: 16516)
Nets of generation 472 averaged: 3784.7 (top score: 13988)
Nets of generation 473 averaged: 3610.6 (top score: 16152)
Nets of generation 474 averaged: 3746.9 (top score: 13872)
Nets of generation 475 averaged: 3792.89 (top score: 16444)
Nets of generation 476 averaged: 3690.41 (top score: 12768)
Nets of generation 477 averaged: 3589.4 (top score: 12528)
Nets of generation 478 averaged: 3589.23 (top score: 15336)
Nets of generation 479 averaged: 3576.81 (top score: 15476)
Nets of generation 480 averaged: 3696.38 (top score: 14648)
Nets of generation 481 averaged: 3577.08 (top score: 16152)
Nets of generation 482 averaged: 3608.76 (top score: 27420)
Nets of generation 483 averaged: 3553.76 (top score: 12828)
Nets of generation 484 averaged: 3524.47 (top score: 14568)
Nets of generation 485 averaged: 3648.35 (top score: 14224)
Nets of generation 486 averaged: 3509.33 (top score: 14680)
Nets of generation 487 averaged: 3709.54 (top score: 14004)
Nets of generation 488 averaged: 3605.42 (top score: 16224)
Nets of generation 489 averaged: 3732.8 (top score: 15548)
Nets of generation 490 averaged: 3828.22 (top score: 14092)
Nets of generation 491 averaged: 3600.77 (top score: 14420)
Nets of generation 492 averaged: 3653.31 (top score: 13808)
Nets of generation 493 averaged: 3800.85 (top score: 14440)
Nets of generation 494 averaged: 3757.73 (top score: 15836)
Nets of generation 495 averaged: 3660.7 (top score: 14540)
Nets of generation 496 averaged: 3807.41 (top score: 13796)
Nets of generation 497 averaged: 3694.14 (top score: 14372)
Nets of generation 498 averaged: 3698.52 (top score: 15980)
Nets of generation 499 averaged: 3782.12 (top score: 12308)
Nets of generation 500 averaged: 3716.34 (top score: 17196)
Nets of generation 501 averaged: 3736.96 (top score: 14164)
Nets of generation 502 averaged: 3718.84 (top score: 16044)
Nets of generation 503 averaged: 3694.46 (top score: 13716)
Nets of generation 504 averaged: 3816.51 (top score: 16504)
Nets of generation 505 averaged: 3770.6 (top score: 15968)
Nets of generation 506 averaged: 3843.99 (top score: 16432)
Nets of generation 507 averaged: 3671.39 (top score: 13700)
Nets of generation 508 averaged: 3930.02 (top score: 14384)
Nets of generation 509 averaged: 3857.84 (top score: 15652)
Nets of generation 510 averaged: 3794.67 (top score: 15348)
Nets of generation 511 averaged: 3687.97 (top score: 15972)
Nets of generation 512 averaged: 3660.47 (top score: 14216)
Nets of generation 513 averaged: 3727.41 (top score: 23180)
Nets of generation 514 averaged: 3878.01 (top score: 15856)
Nets of generation 515 averaged: 3746.19 (top score: 14532)
Nets of generation 516 averaged: 3727.01 (top score: 13984)
Nets of generation 517 averaged: 3874.53 (top score: 14520)
Nets of generation 518 averaged: 3765.74 (top score: 14952)
Nets of generation 519 averaged: 3768.7 (top score: 15240)
Nets of generation 520 averaged: 3674.46 (top score: 14548)
Nets of generation 521 averaged: 3694.44 (top score: 15484)
Nets of generation 522 averaged: 3708.68 (top score: 14664)
Nets of generation 523 averaged: 3683.21 (top score: 15204)
Nets of generation 524 averaged: 3735.28 (top score: 15164)
Nets of generation 525 averaged: 3886.36 (top score: 14264)
Nets of generation 526 averaged: 3668.38 (top score: 14800)
Nets of generation 527 averaged: 3878.55 (top score: 14612)
Nets of generation 528 averaged: 3736.12 (top score: 14428)
Nets of generation 529 averaged: 3864.25 (top score: 13960)
Nets of generation 530 averaged: 4046.63 (top score: 15860)
Nets of generation 531 averaged: 3766.76 (top score: 14404)
Nets of generation 532 averaged: 3848.68 (top score: 13848)
Nets of generation 533 averaged: 4046.35 (top score: 15404)
Nets of generation 534 averaged: 3802.11 (top score: 15060)
Nets of generation 535 averaged: 4112.1 (top score: 15580)
Nets of generation 536 averaged: 3972.55 (top score: 15976)
Nets of generation 537 averaged: 3971.52 (top score: 16264)
Nets of generation 538 averaged: 4055.88 (top score: 20720)
Nets of generation 539 averaged: 4110.72 (top score: 14912)
Nets of generation 540 averaged: 4094.74 (top score: 15820)
Nets of generation 541 averaged: 3855.92 (top score: 14360)
Nets of generation 542 averaged: 3871.1 (top score: 15380)
Nets of generation 543 averaged: 4016.78 (top score: 14532)
Nets of generation 544 averaged: 3889.53 (top score: 16388)
Nets of generation 545 averaged: 3892.2 (top score: 15912)
Nets of generation 546 averaged: 3899.51 (top score: 15848)
Nets of generation 547 averaged: 3834.99 (top score: 12396)
Nets of generation 548 averaged: 3818.03 (top score: 14636)
Nets of generation 549 averaged: 3827.79 (top score: 15700)
Nets of generation 550 averaged: 3853.88 (top score: 14444)
Nets of generation 551 averaged: 3828.58 (top score: 15744)
Nets of generation 552 averaged: 3899.15 (top score: 15924)
Nets of generation 553 averaged: 3904.4 (top score: 22456)
Nets of generation 554 averaged: 4014.58 (top score: 15872)
Nets of generation 555 averaged: 3948.81 (top score: 14676)
Nets of generation 556 averaged: 3849.12 (top score: 15904)
Nets of generation 557 averaged: 3853.73 (top score: 15424)
Nets of generation 558 averaged: 4030.17 (top score: 22504)
Nets of generation 559 averaged: 3795.02 (top score: 15208)
Nets of generation 560 averaged: 3793.99 (top score: 16312)
Nets of generation 561 averaged: 3689.88 (top score: 14476)
Nets of generation 562 averaged: 3850.09 (top score: 13776)
Nets of generation 563 averaged: 3920.55 (top score: 14504)
Nets of generation 564 averaged: 3904.95 (top score: 15300)
Nets of generation 565 averaged: 3892.42 (top score: 16296)
Nets of generation 566 averaged: 3813.97 (top score: 15020)
Nets of generation 567 averaged: 3849.56 (top score: 15932)
Nets of generation 568 averaged: 3788.34 (top score: 14216)
Nets of generation 569 averaged: 3853.12 (top score: 13812)
Nets of generation 570 averaged: 3689.98 (top score: 22648)
Nets of generation 571 averaged: 3770.57 (top score: 15936)
Nets of generation 572 averaged: 4010.88 (top score: 14336)
Nets of generation 573 averaged: 3993.14 (top score: 13856)
Nets of generation 574 averaged: 3970.01 (top score: 15056)
Nets of generation 575 averaged: 4033.5 (top score: 14532)
Nets of generation 576 averaged: 4162.88 (top score: 15452)
Nets of generation 577 averaged: 3933.04 (top score: 16096)
Nets of generation 578 averaged: 3988.18 (top score: 15232)
Nets of generation 579 averaged: 3735.92 (top score: 14180)
Nets of generation 580 averaged: 3855.92 (top score: 15032)
Nets of generation 581 averaged: 3907.28 (top score: 14496)
Nets of generation 582 averaged: 3981.47 (top score: 14392)
Nets of generation 583 averaged: 4089.32 (top score: 25532)
Nets of generation 584 averaged: 3915.12 (top score: 15864)
Nets of generation 585 averaged: 3741.9 (top score: 14444)
Nets of generation 586 averaged: 3832.06 (top score: 21188)
Nets of generation 587 averaged: 3879.77 (top score: 14804)
Nets of generation 588 averaged: 3857.43 (top score: 15652)
Nets of generation 589 averaged: 3968.01 (top score: 14372)
Nets of generation 590 averaged: 3909.37 (top score: 14396)
Nets of generation 591 averaged: 3791.38 (top score: 16212)
Nets of generation 592 averaged: 3889.77 (top score: 14288)
Nets of generation 593 averaged: 4025.32 (top score: 16948)
Nets of generation 594 averaged: 4030.46 (top score: 16140)
Nets of generation 595 averaged: 3925.95 (top score: 21820)
Nets of generation 596 averaged: 3969.8 (top score: 15104)
Nets of generation 597 averaged: 3983.9 (top score: 15136)
Nets of generation 598 averaged: 3851.57 (top score: 16236)
Nets of generation 599 averaged: 3960.54 (top score: 15896)
Nets of generation 600 averaged: 3923.6 (top score: 15108)
Nets of generation 601 averaged: 3974.3 (top score: 16008)
Nets of generation 602 averaged: 3987.14 (top score: 16696)
Nets of generation 603 averaged: 4164.73 (top score: 16428)
Nets of generation 604 averaged: 4113 (top score: 15416)
Nets of generation 605 averaged: 4058.01 (top score: 15960)
Nets of generation 606 averaged: 4105.62 (top score: 16156)
Nets of generation 607 averaged: 4107.88 (top score: 14524)
Nets of generation 608 averaged: 3904.33 (top score: 16648)
Nets of generation 609 averaged: 4055.12 (top score: 23336)
Nets of generation 610 averaged: 4012.34 (top score: 15100)
Nets of generation 611 averaged: 4214.4 (top score: 14640)
Nets of generation 612 averaged: 3993.54 (top score: 15740)
Nets of generation 613 averaged: 4015.51 (top score: 14700)
Nets of generation 614 averaged: 4072.32 (top score: 16456)
Nets of generation 615 averaged: 3938.32 (top score: 16704)
Nets of generation 616 averaged: 4070.83 (top score: 17232)
Nets of generation 617 averaged: 3924.94 (top score: 16144)
Nets of generation 618 averaged: 4001.39 (top score: 14704)
Nets of generation 619 averaged: 3984.18 (top score: 14788)
Nets of generation 620 averaged: 3970.68 (top score: 22736)
Nets of generation 621 averaged: 4018.79 (top score: 14488)
Nets of generation 622 averaged: 3758.78 (top score: 16096)
Nets of generation 623 averaged: 3935.04 (top score: 14528)
Nets of generation 624 averaged: 3996.1 (top score: 18032)
Nets of generation 625 averaged: 4108.09 (top score: 14760)
Nets of generation 626 averaged: 3971.85 (top score: 15120)
Nets of generation 627 averaged: 3957.46 (top score: 16424)
Nets of generation 628 averaged: 3888.06 (top score: 17100)
Nets of generation 629 averaged: 3948.86 (top score: 16128)
Nets of generation 630 averaged: 4099.05 (top score: 16524)
Nets of generation 631 averaged: 4118.44 (top score: 15428)
Nets of generation 632 averaged: 4169.39 (top score: 16324)
Nets of generation 633 averaged: 4187.31 (top score: 23336)
Nets of generation 634 averaged: 4147.27 (top score: 14440)
Nets of generation 635 averaged: 4022.91 (top score: 15508)
Nets of generation 636 averaged: 4019.99 (top score: 16296)
Nets of generation 637 averaged: 4024.59 (top score: 15732)
Nets of generation 638 averaged: 4085.26 (top score: 16668)
Nets of generation 639 averaged: 4053.85 (top score: 16188)
Nets of generation 640 averaged: 4082.78 (top score: 14332)
Nets of generation 641 averaged: 4037.63 (top score: 15512)
Nets of generation 642 averaged: 4147.32 (top score: 15184)
Nets of generation 643 averaged: 4100.02 (top score: 14596)
Nets of generation 644 averaged: 4102.62 (top score: 12744)
Nets of generation 645 averaged: 4122.59 (top score: 16256)
Nets of generation 646 averaged: 3970.42 (top score: 14760)
Nets of generation 647 averaged: 4098.1 (top score: 15612)
Nets of generation 648 averaged: 4303.71 (top score: 16412)
Nets of generation 649 averaged: 3972.94 (top score: 15848)
Nets of generation 650 averaged: 4168 (top score: 15792)
Nets of generation 651 averaged: 4087.13 (top score: 14380)
Nets of generation 652 averaged: 4092.7 (top score: 16052)
Nets of generation 653 averaged: 4203.67 (top score: 16044)
Nets of generation 654 averaged: 4046.24 (top score: 15948)
Nets of generation 655 averaged: 3954.05 (top score: 15548)
Nets of generation 656 averaged: 4140.52 (top score: 16360)
Nets of generation 657 averaged: 4215.5 (top score: 16952)
Nets of generation 658 averaged: 4307.1 (top score: 15468)
Nets of generation 659 averaged: 4298.92 (top score: 16380)
Nets of generation 660 averaged: 4328.6 (top score: 16080)
Nets of generation 661 averaged: 4414.48 (top score: 15872)
Nets of generation 662 averaged: 4326.69 (top score: 15244)
Nets of generation 663 averaged: 4214.18 (top score: 16604)
Nets of generation 664 averaged: 4197.46 (top score: 16272)
Nets of generation 665 averaged: 4290.2 (top score: 16844)
Nets of generation 666 averaged: 4121.66 (top score: 16936)
Nets of generation 667 averaged: 4304.66 (top score: 25476)
Nets of generation 668 averaged: 4305.16 (top score: 16004)
Nets of generation 669 averaged: 4340.06 (top score: 16320)
Nets of generation 670 averaged: 4105.41 (top score: 23440)
Nets of generation 671 averaged: 3980.7 (top score: 15764)
Nets of generation 672 averaged: 4021.73 (top score: 14940)
Nets of generation 673 averaged: 4074.24 (top score: 17312)
Nets of generation 674 averaged: 3926.35 (top score: 15160)
Nets of generation 675 averaged: 4007 (top score: 15472)
Nets of generation 676 averaged: 4056.51 (top score: 15968)
Nets of generation 677 averaged: 4016.71 (top score: 16492)
Nets of generation 678 averaged: 4096.33 (top score: 14724)
Nets of generation 679 averaged: 4146.87 (top score: 21520)
Nets of generation 680 averaged: 4149.18 (top score: 16560)
Nets of generation 681 averaged: 4154.04 (top score: 16372)
Nets of generation 682 averaged: 4171.74 (top score: 16844)
Nets of generation 683 averaged: 4135.87 (top score: 23368)
Nets of generation 684 averaged: 3984.23 (top score: 14872)
Nets of generation 685 averaged: 4060.97 (top score: 17296)
Nets of generation 686 averaged: 4209.59 (top score: 15392)
Nets of generation 687 averaged: 4250.4 (top score: 16200)
Nets of generation 688 averaged: 4172.48 (top score: 15880)
Nets of generation 689 averaged: 4240.75 (top score: 17048)
Nets of generation 690 averaged: 4202.95 (top score: 16176)
Nets of generation 691 averaged: 4289.36 (top score: 21040)
Nets of generation 692 averaged: 4160.91 (top score: 14192)
Nets of generation 693 averaged: 4286.18 (top score: 16340)
Nets of generation 694 averaged: 4030.08 (top score: 14468)
Nets of generation 695 averaged: 4107.66 (top score: 23532)
Nets of generation 696 averaged: 4290.2 (top score: 16228)
Nets of generation 697 averaged: 4136.32 (top score: 15780)
Nets of generation 698 averaged: 4215.62 (top score: 14588)
Nets of generation 699 averaged: 4123.45 (top score: 14608)
Nets of generation 700 averaged: 4082.28 (top score: 20668)
Nets of generation 701 averaged: 4078.44 (top score: 15348)
Nets of generation 702 averaged: 4104.9 (top score: 23240)
Nets of generation 703 averaged: 4193.94 (top score: 15756)
Nets of generation 704 averaged: 4110.24 (top score: 15860)
Nets of generation 705 averaged: 3972.81 (top score: 16036)
Nets of generation 706 averaged: 4016.48 (top score: 14552)
Nets of generation 707 averaged: 3887.22 (top score: 14784)
Nets of generation 708 averaged: 4020.56 (top score: 14792)
Nets of generation 709 averaged: 4126.65 (top score: 15436)
Nets of generation 710 averaged: 4006.88 (top score: 16528)
Nets of generation 711 averaged: 4075.68 (top score: 15536)
Nets of generation 712 averaged: 4058.7 (top score: 15260)
Nets of generation 713 averaged: 4090.07 (top score: 15604)
Nets of generation 714 averaged: 4062.02 (top score: 17252)
Nets of generation 715 averaged: 3854.64 (top score: 14876)
Nets of generation 716 averaged: 3951.87 (top score: 15840)
Nets of generation 717 averaged: 3806.64 (top score: 16992)
Nets of generation 718 averaged: 3877.93 (top score: 21256)
Nets of generation 719 averaged: 3993.26 (top score: 16144)
Nets of generation 720 averaged: 3967.11 (top score: 13784)
Nets of generation 721 averaged: 4005.72 (top score: 15168)
Nets of generation 722 averaged: 3994.88 (top score: 15808)
Nets of generation 723 averaged: 4022.01 (top score: 16112)
Nets of generation 724 averaged: 4054.44 (top score: 15624)
Nets of generation 725 averaged: 4048.52 (top score: 16076)
Nets of generation 726 averaged: 3907.22 (top score: 14696)
Nets of generation 727 averaged: 4090.66 (top score: 16100)
Nets of generation 728 averaged: 4075.12 (top score: 15888)
Nets of generation 729 averaged: 3940.97 (top score: 14040)
Nets of generation 730 averaged: 4013.11 (top score: 16992)
Nets of generation 731 averaged: 4028.52 (top score: 16180)
Nets of generation 732 averaged: 4037.36 (top score: 15992)
Nets of generation 733 averaged: 3861.93 (top score: 14912)
Nets of generation 734 averaged: 4039.92 (top score: 16328)
Nets of generation 735 averaged: 4058.29 (top score: 16236)
Nets of generation 736 averaged: 3893.91 (top score: 13292)
Nets of generation 737 averaged: 3890.63 (top score: 16212)
Nets of generation 738 averaged: 3926.5 (top score: 15492)
Nets of generation 739 averaged: 4075.49 (top score: 15816)
Nets of generation 740 averaged: 3950.27 (top score: 15320)
Nets of generation 741 averaged: 3969.28 (top score: 15984)
Nets of generation 742 averaged: 4005.79 (top score: 16404)
Nets of generation 743 averaged: 4054.6 (top score: 15576)
Nets of generation 744 averaged: 4193.36 (top score: 16004)
Nets of generation 745 averaged: 4040.34 (top score: 14336)
Nets of generation 746 averaged: 4088.58 (top score: 16252)
Nets of generation 747 averaged: 3892.48 (top score: 15120)
Nets of generation 748 averaged: 3986.93 (top score: 14792)
Nets of generation 749 averaged: 4043.37 (top score: 21460)
Nets of generation 750 averaged: 3898.04 (top score: 16948)
Nets of generation 751 averaged: 3962.47 (top score: 16320)
Nets of generation 752 averaged: 4093.2 (top score: 16384)
Nets of generation 753 averaged: 3940.43 (top score: 15652)
Nets of generation 754 averaged: 3924.82 (top score: 14500)
Nets of generation 755 averaged: 3873.87 (top score: 15364)
Nets of generation 756 averaged: 3902.41 (top score: 15732)
Nets of generation 757 averaged: 3863.25 (top score: 14224)
Nets of generation 758 averaged: 3980.14 (top score: 15564)
Nets of generation 759 averaged: 3855.5 (top score: 14412)
Nets of generation 760 averaged: 3824.94 (top score: 16808)
Nets of generation 761 averaged: 3655.58 (top score: 15800)
Nets of generation 762 averaged: 3856.32 (top score: 16140)
Nets of generation 763 averaged: 3918.82 (top score: 14876)
Nets of generation 764 averaged: 3911.6 (top score: 16836)
Nets of generation 765 averaged: 3721.9 (top score: 16040)
Nets of generation 766 averaged: 3800.22 (top score: 15160)
Nets of generation 767 averaged: 3916.12 (top score: 15568)
Nets of generation 768 averaged: 3940.28 (top score: 14776)
Nets of generation 769 averaged: 3785.82 (top score: 16112)
Nets of generation 770 averaged: 3952.92 (top score: 14632)
Nets of generation 771 averaged: 3874.1 (top score: 16248)
Nets of generation 772 averaged: 3844.2 (top score: 16016)
Nets of generation 773 averaged: 3970.79 (top score: 15980)
Nets of generation 774 averaged: 3910.66 (top score: 15920)
Nets of generation 775 averaged: 3636.6 (top score: 16652)
Nets of generation 776 averaged: 3749.16 (top score: 21676)
Nets of generation 777 averaged: 3884 (top score: 14864)
Nets of generation 778 averaged: 3654.71 (top score: 16088)
Nets of generation 779 averaged: 3901.58 (top score: 14388)
Nets of generation 780 averaged: 3922.25 (top score: 14856)
Nets of generation 781 averaged: 3885.61 (top score: 14512)
Nets of generation 782 averaged: 3861.12 (top score: 14720)
Nets of generation 783 averaged: 3870 (top score: 15560)
Nets of generation 784 averaged: 3852.05 (top score: 16392)
Nets of generation 785 averaged: 3820.14 (top score: 16348)
Nets of generation 786 averaged: 3754.48 (top score: 13804)
Nets of generation 787 averaged: 3828.47 (top score: 16196)
Nets of generation 788 averaged: 3564.23 (top score: 16736)
Nets of generation 789 averaged: 3727.66 (top score: 15440)
Nets of generation 790 averaged: 3828.12 (top score: 15588)
Nets of generation 791 averaged: 3726.87 (top score: 15840)
Nets of generation 792 averaged: 3748.66 (top score: 13744)
Nets of generation 793 averaged: 3782.14 (top score: 14440)
Nets of generation 794 averaged: 3838.39 (top score: 15604)
Nets of generation 795 averaged: 3702.65 (top score: 14640)
Nets of generation 796 averaged: 3883.55 (top score: 15684)
Nets of generation 797 averaged: 3781.52 (top score: 15404)
Nets of generation 798 averaged: 3768.46 (top score: 13944)
Nets of generation 799 averaged: 3830.49 (top score: 16016)
Nets of generation 800 averaged: 3846.66 (top score: 15996)
Nets of generation 801 averaged: 3958.68 (top score: 15408)
Nets of generation 802 averaged: 3880.89 (top score: 16196)
Nets of generation 803 averaged: 3955 (top score: 15996)
Nets of generation 804 averaged: 3843.91 (top score: 15204)
Nets of generation 805 averaged: 4004.48 (top score: 15048)
Nets of generation 806 averaged: 3987.31 (top score: 14908)
Nets of generation 807 averaged: 4039.44 (top score: 16404)
Nets of generation 808 averaged: 3975.63 (top score: 16068)
Nets of generation 809 averaged: 3905.76 (top score: 15464)
Nets of generation 810 averaged: 3932.79 (top score: 15748)
Nets of generation 811 averaged: 3798.88 (top score: 15784)
Nets of generation 812 averaged: 3801.69 (top score: 16460)
Nets of generation 813 averaged: 3681.33 (top score: 15980)
Nets of generation 814 averaged: 3657.8 (top score: 14772)
Nets of generation 815 averaged: 3696.09 (top score: 16644)
Nets of generation 816 averaged: 3756.08 (top score: 17840)
Nets of generation 817 averaged: 3665.77 (top score: 16072)
Nets of generation 818 averaged: 3883.36 (top score: 16452)
Nets of generation 819 averaged: 3693.5 (top score: 13772)
Nets of generation 820 averaged: 3770.81 (top score: 16912)
Nets of generation 821 averaged: 3831.62 (top score: 16116)
Nets of generation 822 averaged: 3801.16 (top score: 16216)
Nets of generation 823 averaged: 3819.9 (top score: 16052)
Nets of generation 824 averaged: 3825 (top score: 15996)
Nets of generation 825 averaged: 3819.3 (top score: 15620)
Nets of generation 826 averaged: 3859.92 (top score: 16100)
Nets of generation 827 averaged: 3872.77 (top score: 14760)
Nets of generation 828 averaged: 3923.04 (top score: 15356)
Nets of generation 829 averaged: 3942.47 (top score: 14928)
Nets of generation 830 averaged: 3791.29 (top score: 14740)
Nets of generation 831 averaged: 3982.85 (top score: 15160)
Nets of generation 832 averaged: 3983.24 (top score: 16252)
Nets of generation 833 averaged: 3862.16 (top score: 16392)
Nets of generation 834 averaged: 3887.38 (top score: 15628)
Nets of generation 835 averaged: 4105.48 (top score: 18076)
Nets of generation 836 averaged: 3752.47 (top score: 14340)
Nets of generation 837 averaged: 3999.87 (top score: 16184)
Nets of generation 838 averaged: 4013.43 (top score: 15880)
Nets of generation 839 averaged: 3976.21 (top score: 16012)
Nets of generation 840 averaged: 3875.27 (top score: 15228)
Nets of generation 841 averaged: 3997.75 (top score: 14720)
Nets of generation 842 averaged: 4062.55 (top score: 14748)
Nets of generation 843 averaged: 3889.48 (top score: 13584)
Nets of generation 844 averaged: 4114.02 (top score: 16104)
Nets of generation 845 averaged: 3874.95 (top score: 16788)
Nets of generation 846 averaged: 4092.46 (top score: 22648)
Nets of generation 847 averaged: 3907.34 (top score: 15120)
Nets of generation 848 averaged: 3921.5 (top score: 16104)
Nets of generation 849 averaged: 4000.92 (top score: 15472)
Nets of generation 850 averaged: 4014.8 (top score: 14856)
Nets of generation 851 averaged: 3775.46 (top score: 13396)
Nets of generation 852 averaged: 3978.93 (top score: 16532)
Nets of generation 853 averaged: 3900.55 (top score: 16228)
Nets of generation 854 averaged: 3757.56 (top score: 15456)
Nets of generation 855 averaged: 3837.55 (top score: 14136)
Nets of generation 856 averaged: 3834.78 (top score: 14972)
Nets of generation 857 averaged: 3756.85 (top score: 15580)
Nets of generation 858 averaged: 3946.66 (top score: 15148)
Nets of generation 859 averaged: 3927.25 (top score: 15444)
Nets of generation 860 averaged: 3874 (top score: 16528)
Nets of generation 861 averaged: 3788.79 (top score: 16184)
Nets of generation 862 averaged: 3852.54 (top score: 15672)
Nets of generation 863 averaged: 3823.31 (top score: 15336)
Nets of generation 864 averaged: 3908.14 (top score: 14604)
Nets of generation 865 averaged: 3788.06 (top score: 13076)
Nets of generation 866 averaged: 3722.19 (top score: 15320)
Nets of generation 867 averaged: 3833.4 (top score: 15432)
Nets of generation 868 averaged: 3814.59 (top score: 14352)
Nets of generation 869 averaged: 3760.93 (top score: 14356)
Nets of generation 870 averaged: 3830.06 (top score: 16636)
Nets of generation 871 averaged: 3611.6 (top score: 14912)
Nets of generation 872 averaged: 3749.14 (top score: 15916)
Nets of generation 873 averaged: 3691.99 (top score: 14448)
Nets of generation 874 averaged: 3677.34 (top score: 16220)
Nets of generation 875 averaged: 3746.63 (top score: 14340)
Nets of generation 876 averaged: 3762.29 (top score: 15664)
Nets of generation 877 averaged: 3669.81 (top score: 15788)
Nets of generation 878 averaged: 3786.14 (top score: 12936)
Nets of generation 879 averaged: 3677.03 (top score: 13836)
Nets of generation 880 averaged: 3805.9 (top score: 12792)
Nets of generation 881 averaged: 3959.73 (top score: 16388)
Nets of generation 882 averaged: 3988.93 (top score: 14768)
Nets of generation 883 averaged: 3997.59 (top score: 15576)
Nets of generation 884 averaged: 3963.55 (top score: 15952)
Nets of generation 885 averaged: 4085.53 (top score: 15276)
Nets of generation 886 averaged: 3850.05 (top score: 13268)
Nets of generation 887 averaged: 3782.44 (top score: 14248)
Nets of generation 888 averaged: 3856.03 (top score: 16508)
Nets of generation 889 averaged: 3969.02 (top score: 15444)
Nets of generation 890 averaged: 3855.58 (top score: 15200)
Nets of generation 891 averaged: 3753.26 (top score: 15376)
Nets of generation 892 averaged: 3804.7 (top score: 14476)
Nets of generation 893 averaged: 3823.95 (top score: 14580)
Nets of generation 894 averaged: 4048.87 (top score: 16188)
Nets of generation 895 averaged: 3917.2 (top score: 14776)
Nets of generation 896 averaged: 3866.54 (top score: 16332)
Nets of generation 897 averaged: 3876.74 (top score: 16456)
Nets of generation 898 averaged: 3950.46 (top score: 14528)
Nets of generation 899 averaged: 3940.82 (top score: 14720)
Nets of generation 900 averaged: 3483.02 (top score: 15864)
Nets of generation 901 averaged: 3665.78 (top score: 15964)
Nets of generation 902 averaged: 3701.37 (top score: 16432)
Nets of generation 903 averaged: 3882.69 (top score: 13848)
Nets of generation 904 averaged: 3731.39 (top score: 16492)
Nets of generation 905 averaged: 3852.78 (top score: 14720)
Nets of generation 906 averaged: 3763.08 (top score: 15968)
Nets of generation 907 averaged: 3811.08 (top score: 15472)
Nets of generation 908 averaged: 3854.12 (top score: 16004)
Nets of generation 909 averaged: 3704.65 (top score: 13936)
Nets of generation 910 averaged: 3678.33 (top score: 15196)
Nets of generation 911 averaged: 3802.39 (top score: 14528)
Nets of generation 912 averaged: 3669.8 (top score: 15448)
Nets of generation 913 averaged: 3809.77 (top score: 16120)
Nets of generation 914 averaged: 3787.76 (top score: 16308)
Nets of generation 915 averaged: 3914.24 (top score: 16168)
Nets of generation 916 averaged: 3849.43 (top score: 15912)
Nets of generation 917 averaged: 3885.18 (top score: 14540)
Nets of generation 918 averaged: 3939.58 (top score: 15144)
Nets of generation 919 averaged: 3817.76 (top score: 14972)
Nets of generation 920 averaged: 3861.18 (top score: 16228)
Nets of generation 921 averaged: 3795.02 (top score: 14412)
Nets of generation 922 averaged: 3815.92 (top score: 14472)
Nets of generation 923 averaged: 3905.77 (top score: 15640)
Nets of generation 924 averaged: 3850.77 (top score: 14356)
Nets of generation 925 averaged: 3843.86 (top score: 14012)
Nets of generation 926 averaged: 3785.5 (top score: 14184)
Nets of generation 927 averaged: 3683.02 (top score: 14528)
Nets of generation 928 averaged: 3765.42 (top score: 13704)
Nets of generation 929 averaged: 3743.1 (top score: 16168)
Nets of generation 930 averaged: 3753.48 (top score: 15328)
Nets of generation 931 averaged: 3741.12 (top score: 15772)
Nets of generation 932 averaged: 3685.6 (top score: 15700)
Nets of generation 933 averaged: 3654.04 (top score: 15676)
Nets of generation 934 averaged: 3730.87 (top score: 14520)
Nets of generation 935 averaged: 3752.52 (top score: 14832)
Nets of generation 936 averaged: 3673.56 (top score: 16216)
Nets of generation 937 averaged: 3730.06 (top score: 14712)
Nets of generation 938 averaged: 3767.64 (top score: 14868)
Nets of generation 939 averaged: 3704.28 (top score: 14688)
Nets of generation 940 averaged: 3715.02 (top score: 13768)
Nets of generation 941 averaged: 3775 (top score: 15380)
Nets of generation 942 averaged: 3854.72 (top score: 14744)
Nets of generation 943 averaged: 3641.78 (top score: 13080)
Nets of generation 944 averaged: 3555.34 (top score: 14872)
Nets of generation 945 averaged: 3736.93 (top score: 15740)
Nets of generation 946 averaged: 3825.62 (top score: 14236)
Nets of generation 947 averaged: 3584.51 (top score: 14864)
Nets of generation 948 averaged: 3822.64 (top score: 16328)
Nets of generation 949 averaged: 3767.45 (top score: 14212)
Nets of generation 950 averaged: 3806.04 (top score: 15500)
Nets of generation 951 averaged: 3932.46 (top score: 12868)
Nets of generation 952 averaged: 3772.19 (top score: 14820)
Nets of generation 953 averaged: 3826.11 (top score: 16648)
Nets of generation 954 averaged: 3805.03 (top score: 15156)
Nets of generation 955 averaged: 3930.08 (top score: 15940)
Nets of generation 956 averaged: 3799.78 (top score: 15280)
Nets of generation 957 averaged: 3811.31 (top score: 16196)
Nets of generation 958 averaged: 3908.7 (top score: 16284)
Nets of generation 959 averaged: 3898.95 (top score: 14592)
Nets of generation 960 averaged: 3874.83 (top score: 14388)
Nets of generation 961 averaged: 3937.76 (top score: 15656)
Nets of generation 962 averaged: 3714.8 (top score: 16096)
Nets of generation 963 averaged: 3929.38 (top score: 16192)
Nets of generation 964 averaged: 3832.76 (top score: 14744)
Nets of generation 965 averaged: 3850.97 (top score: 16732)
Nets of generation 966 averaged: 3775.84 (top score: 17356)
Nets of generation 967 averaged: 3933.81 (top score: 16180)
Nets of generation 968 averaged: 3878.49 (top score: 17208)
Nets of generation 969 averaged: 3842.32 (top score: 15860)
Nets of generation 970 averaged: 3763.72 (top score: 17000)
Nets of generation 971 averaged: 3749.72 (top score: 15260)
Nets of generation 972 averaged: 3652.57 (top score: 15248)
Nets of generation 973 averaged: 3540.04 (top score: 12772)
Nets of generation 974 averaged: 3893.72 (top score: 16176)
Nets of generation 975 averaged: 3612.2 (top score: 14444)
Nets of generation 976 averaged: 3747.48 (top score: 15468)
Nets of generation 977 averaged: 3845.74 (top score: 15204)
Nets of generation 978 averaged: 3903.63 (top score: 14452)
Nets of generation 979 averaged: 3850.06 (top score: 14124)
Nets of generation 980 averaged: 3663.37 (top score: 14288)
Nets of generation 981 averaged: 3723.23 (top score: 15056)
Nets of generation 982 averaged: 3661.37 (top score: 14004)
Nets of generation 983 averaged: 3628.87 (top score: 14604)
Nets of generation 984 averaged: 3821.13 (top score: 14632)
Nets of generation 985 averaged: 3801.32 (top score: 14316)
Nets of generation 986 averaged: 3752.87 (top score: 14540)
Nets of generation 987 averaged: 3835.52 (top score: 14668)
Nets of generation 988 averaged: 3849.63 (top score: 14740)
Nets of generation 989 averaged: 3807.18 (top score: 14688)
Nets of generation 990 averaged: 3762.22 (top score: 15808)
Nets of generation 991 averaged: 3759.8 (top score: 15652)
Nets of generation 992 averaged: 3992.76 (top score: 16368)
Nets of generation 993 averaged: 3644.56 (top score: 15188)
Nets of generation 994 averaged: 3768.54 (top score: 16192)
Nets of generation 995 averaged: 3987.04 (top score: 15192)
Nets of generation 996 averaged: 3756.97 (top score: 16280)
Nets of generation 997 averaged: 3734.5 (top score: 15932)
Nets of generation 998 averaged: 3846.42 (top score: 14488)
Nets of generation 999 averaged: 3660.45 (top score: 12928)
Best score overall: 27420
