Initialized with: 
numGenerations: 1000
numNets: 100
numGamesPerNet: 10
netHiddenLayerSize: 16
chMode: h
treeDepth: 2
Nets of generation 0 averaged: 904.056 (top score: 7068)
Nets of generation 1 averaged: 982.28 (top score: 5452)
Nets of generation 2 averaged: 1012.87 (top score: 7116)
Nets of generation 3 averaged: 1084.77 (top score: 5668)
Nets of generation 4 averaged: 1060.09 (top score: 5784)
Nets of generation 5 averaged: 1140.9 (top score: 5720)
Nets of generation 6 averaged: 1216.49 (top score: 5420)
Nets of generation 7 averaged: 1214.33 (top score: 6900)
Nets of generation 8 averaged: 1263.75 (top score: 6448)
Nets of generation 9 averaged: 1258.25 (top score: 6252)
Nets of generation 10 averaged: 1284.42 (top score: 5128)
Nets of generation 11 averaged: 1266.26 (top score: 5816)
Nets of generation 12 averaged: 1277.05 (top score: 5440)
Nets of generation 13 averaged: 1330.1 (top score: 6556)
Nets of generation 14 averaged: 1380.82 (top score: 6252)
Nets of generation 15 averaged: 1390.43 (top score: 7152)
Nets of generation 16 averaged: 1471.89 (top score: 6804)
Nets of generation 17 averaged: 1462.85 (top score: 5504)
Nets of generation 18 averaged: 1399.18 (top score: 6240)
Nets of generation 19 averaged: 1514.98 (top score: 7164)
Nets of generation 20 averaged: 1588.55 (top score: 6496)
Nets of generation 21 averaged: 1556.2 (top score: 6816)
Nets of generation 22 averaged: 1586.58 (top score: 6140)
Nets of generation 23 averaged: 1585.23 (top score: 6616)
Nets of generation 24 averaged: 1597.78 (top score: 7076)
Nets of generation 25 averaged: 1672.66 (top score: 7424)
Nets of generation 26 averaged: 1702.87 (top score: 7100)
Nets of generation 27 averaged: 1606.02 (top score: 6312)
Nets of generation 28 averaged: 1657.23 (top score: 7392)
Nets of generation 29 averaged: 1642.2 (top score: 7308)
Nets of generation 30 averaged: 1661.22 (top score: 6420)
Nets of generation 31 averaged: 1692.19 (top score: 5904)
Nets of generation 32 averaged: 1765.14 (top score: 7224)
Nets of generation 33 averaged: 1857.73 (top score: 5736)
Nets of generation 34 averaged: 1771.89 (top score: 6948)
Nets of generation 35 averaged: 1746.88 (top score: 6536)
Nets of generation 36 averaged: 1861.85 (top score: 7376)
Nets of generation 37 averaged: 1812.57 (top score: 7060)
Nets of generation 38 averaged: 1716.3 (top score: 7612)
Nets of generation 39 averaged: 1820.2 (top score: 6648)
Nets of generation 40 averaged: 1914.54 (top score: 7004)
Nets of generation 41 averaged: 1862.03 (top score: 7164)
Nets of generation 42 averaged: 1940.9 (top score: 7224)
Nets of generation 43 averaged: 1902.29 (top score: 7056)
Nets of generation 44 averaged: 1925.37 (top score: 7292)
Nets of generation 45 averaged: 1925.66 (top score: 7296)
Nets of generation 46 averaged: 1897.84 (top score: 7444)
Nets of generation 47 averaged: 1878.46 (top score: 8516)
Nets of generation 48 averaged: 1988.08 (top score: 9740)
Nets of generation 49 averaged: 1984.74 (top score: 7508)
Nets of generation 50 averaged: 2060.68 (top score: 11660)
Nets of generation 51 averaged: 1954.02 (top score: 7552)
Nets of generation 52 averaged: 1977.63 (top score: 7184)
Nets of generation 53 averaged: 1995.87 (top score: 10292)
Nets of generation 54 averaged: 1902.32 (top score: 7820)
Nets of generation 55 averaged: 1938.18 (top score: 9908)
Nets of generation 56 averaged: 1905.12 (top score: 7928)
Nets of generation 57 averaged: 1970.17 (top score: 7160)
Nets of generation 58 averaged: 1926.93 (top score: 7592)
Nets of generation 59 averaged: 1972.75 (top score: 9580)
Nets of generation 60 averaged: 1960.36 (top score: 10532)
Nets of generation 61 averaged: 1884.02 (top score: 7240)
Nets of generation 62 averaged: 2034.8 (top score: 7232)
Nets of generation 63 averaged: 2106.62 (top score: 9628)
Nets of generation 64 averaged: 2029.98 (top score: 7700)
Nets of generation 65 averaged: 2006.18 (top score: 7468)
Nets of generation 66 averaged: 1991.09 (top score: 7460)
Nets of generation 67 averaged: 1958.29 (top score: 6952)
Nets of generation 68 averaged: 2076.34 (top score: 11236)
Nets of generation 69 averaged: 2146.84 (top score: 7628)
Nets of generation 70 averaged: 2128.62 (top score: 7216)
Nets of generation 71 averaged: 2131.41 (top score: 8364)
Nets of generation 72 averaged: 2138.62 (top score: 9764)
Nets of generation 73 averaged: 2179.69 (top score: 7888)
Nets of generation 74 averaged: 2145.3 (top score: 7316)
Nets of generation 75 averaged: 2223.62 (top score: 10888)
Nets of generation 76 averaged: 2302.84 (top score: 7772)
Nets of generation 77 averaged: 2096.89 (top score: 8208)
Nets of generation 78 averaged: 2158.32 (top score: 7512)
Nets of generation 79 averaged: 2251.22 (top score: 7676)
Nets of generation 80 averaged: 2304.29 (top score: 10448)
Nets of generation 81 averaged: 2257.64 (top score: 11280)
Nets of generation 82 averaged: 2350.33 (top score: 11588)
Nets of generation 83 averaged: 2188.41 (top score: 11256)
Nets of generation 84 averaged: 2273.92 (top score: 11304)
Nets of generation 85 averaged: 2257.5 (top score: 11436)
Nets of generation 86 averaged: 2238.4 (top score: 14348)
Nets of generation 87 averaged: 2203.93 (top score: 12552)
Nets of generation 88 averaged: 2194.96 (top score: 9624)
Nets of generation 89 averaged: 2191.99 (top score: 9612)
Nets of generation 90 averaged: 2128.22 (top score: 7588)
Nets of generation 91 averaged: 2187.06 (top score: 7484)
Nets of generation 92 averaged: 2236.54 (top score: 7876)
Nets of generation 93 averaged: 2306.62 (top score: 10196)
Nets of generation 94 averaged: 2165.75 (top score: 11984)
Nets of generation 95 averaged: 2238.06 (top score: 12220)
Nets of generation 96 averaged: 2345.6 (top score: 11776)
Nets of generation 97 averaged: 2408.77 (top score: 12032)
Nets of generation 98 averaged: 2276.52 (top score: 9700)
Nets of generation 99 averaged: 2203.3 (top score: 7780)
Nets of generation 100 averaged: 2214.96 (top score: 7692)
Nets of generation 101 averaged: 2359.7 (top score: 12272)
Nets of generation 102 averaged: 2257.8 (top score: 11104)
Nets of generation 103 averaged: 2323.17 (top score: 10112)
Nets of generation 104 averaged: 2231.18 (top score: 9820)
Nets of generation 105 averaged: 2334.1 (top score: 8104)
Nets of generation 106 averaged: 2224.91 (top score: 11436)
Nets of generation 107 averaged: 2426.37 (top score: 11820)
Nets of generation 108 averaged: 2302.74 (top score: 11516)
Nets of generation 109 averaged: 2389.74 (top score: 14288)
Nets of generation 110 averaged: 2367.46 (top score: 9460)
Nets of generation 111 averaged: 2366.73 (top score: 11708)
Nets of generation 112 averaged: 2333.33 (top score: 11552)
Nets of generation 113 averaged: 2322.08 (top score: 10460)
Nets of generation 114 averaged: 2254.7 (top score: 11848)
Nets of generation 115 averaged: 2349.72 (top score: 13740)
Nets of generation 116 averaged: 2356.86 (top score: 10740)
Nets of generation 117 averaged: 2411 (top score: 11652)
Nets of generation 118 averaged: 2378.34 (top score: 11388)
Nets of generation 119 averaged: 2427.98 (top score: 12064)
Nets of generation 120 averaged: 2382.61 (top score: 7864)
Nets of generation 121 averaged: 2331.92 (top score: 11568)
Nets of generation 122 averaged: 2436.16 (top score: 10520)
Nets of generation 123 averaged: 2382.18 (top score: 11452)
Nets of generation 124 averaged: 2486.6 (top score: 9728)
Nets of generation 125 averaged: 2468.4 (top score: 10052)
Nets of generation 126 averaged: 2424.24 (top score: 8596)
Nets of generation 127 averaged: 2356.95 (top score: 11240)
Nets of generation 128 averaged: 2466.13 (top score: 7860)
Nets of generation 129 averaged: 2449.86 (top score: 13712)
Nets of generation 130 averaged: 2520.04 (top score: 10072)
Nets of generation 131 averaged: 2322.48 (top score: 9728)
Nets of generation 132 averaged: 2323.31 (top score: 10896)
Nets of generation 133 averaged: 2388.42 (top score: 10984)
Nets of generation 134 averaged: 2380.69 (top score: 12112)
Nets of generation 135 averaged: 2456.2 (top score: 9804)
Nets of generation 136 averaged: 2490.53 (top score: 11956)
Nets of generation 137 averaged: 2358.9 (top score: 12592)
Nets of generation 138 averaged: 2446.13 (top score: 10788)
Nets of generation 139 averaged: 2312.3 (top score: 11280)
Nets of generation 140 averaged: 2440.62 (top score: 11972)
Nets of generation 141 averaged: 2370.43 (top score: 10020)
Nets of generation 142 averaged: 2375.79 (top score: 12264)
Nets of generation 143 averaged: 2460.44 (top score: 11096)
Nets of generation 144 averaged: 2421.55 (top score: 9836)
Nets of generation 145 averaged: 2432.43 (top score: 11476)
Nets of generation 146 averaged: 2428.18 (top score: 10592)
Nets of generation 147 averaged: 2331.84 (top score: 10160)
Nets of generation 148 averaged: 2471.26 (top score: 11544)
Nets of generation 149 averaged: 2379.04 (top score: 10116)
Nets of generation 150 averaged: 2445.1 (top score: 10600)
Nets of generation 151 averaged: 2482.94 (top score: 9588)
Nets of generation 152 averaged: 2502.1 (top score: 11728)
Nets of generation 153 averaged: 2539.18 (top score: 10736)
Nets of generation 154 averaged: 2559.11 (top score: 10076)
Nets of generation 155 averaged: 2534.34 (top score: 9744)
Nets of generation 156 averaged: 2532.92 (top score: 12280)
Nets of generation 157 averaged: 2533.7 (top score: 10220)
Nets of generation 158 averaged: 2532.41 (top score: 11388)
Nets of generation 159 averaged: 2475.9 (top score: 9696)
Nets of generation 160 averaged: 2466.03 (top score: 10824)
Nets of generation 161 averaged: 2463.7 (top score: 13444)
Nets of generation 162 averaged: 2501.23 (top score: 11332)
Nets of generation 163 averaged: 2416.78 (top score: 11656)
Nets of generation 164 averaged: 2416.56 (top score: 11420)
Nets of generation 165 averaged: 2424.01 (top score: 9340)
Nets of generation 166 averaged: 2487.08 (top score: 11276)
Nets of generation 167 averaged: 2481.54 (top score: 12904)
Nets of generation 168 averaged: 2655.99 (top score: 10856)
Nets of generation 169 averaged: 2662.25 (top score: 9996)
Nets of generation 170 averaged: 2534.02 (top score: 13012)
Nets of generation 171 averaged: 2610.02 (top score: 10784)
Nets of generation 172 averaged: 2567.06 (top score: 12816)
Nets of generation 173 averaged: 2785.62 (top score: 12224)
Nets of generation 174 averaged: 2738.79 (top score: 9788)
Nets of generation 175 averaged: 2694.18 (top score: 8172)
Nets of generation 176 averaged: 2571.52 (top score: 8268)
Nets of generation 177 averaged: 2718.98 (top score: 10544)
Nets of generation 178 averaged: 2820.26 (top score: 11904)
Nets of generation 179 averaged: 2686.35 (top score: 11144)
Nets of generation 180 averaged: 2844.47 (top score: 11040)
Nets of generation 181 averaged: 2771.28 (top score: 12100)
Nets of generation 182 averaged: 2688.38 (top score: 9596)
Nets of generation 183 averaged: 2725.88 (top score: 12564)
Nets of generation 184 averaged: 2693.23 (top score: 11884)
Nets of generation 185 averaged: 2649.46 (top score: 12028)
Nets of generation 186 averaged: 2765.52 (top score: 11472)
Nets of generation 187 averaged: 2753.56 (top score: 12196)
Nets of generation 188 averaged: 2729.02 (top score: 13516)
Nets of generation 189 averaged: 2667.16 (top score: 10420)
Nets of generation 190 averaged: 2787.18 (top score: 10628)
Nets of generation 191 averaged: 2728.81 (top score: 10512)
Nets of generation 192 averaged: 2730.29 (top score: 11528)
Nets of generation 193 averaged: 2759.72 (top score: 9860)
Nets of generation 194 averaged: 2868.46 (top score: 12220)
Nets of generation 195 averaged: 2752.35 (top score: 13972)
Nets of generation 196 averaged: 2887.46 (top score: 14148)
Nets of generation 197 averaged: 2823.77 (top score: 12396)
Nets of generation 198 averaged: 2756.57 (top score: 12772)
Nets of generation 199 averaged: 2828.87 (top score: 11816)
Nets of generation 200 averaged: 2730.1 (top score: 12228)
Nets of generation 201 averaged: 2768.56 (top score: 11404)
Nets of generation 202 averaged: 2737.52 (top score: 14800)
Nets of generation 203 averaged: 2728 (top score: 15436)
Nets of generation 204 averaged: 2850.69 (top score: 10660)
Nets of generation 205 averaged: 2879.29 (top score: 14360)
Nets of generation 206 averaged: 2939.17 (top score: 12464)
Nets of generation 207 averaged: 2881.25 (top score: 11960)
Nets of generation 208 averaged: 2768.72 (top score: 12084)
Nets of generation 209 averaged: 2761.95 (top score: 14452)
Nets of generation 210 averaged: 2743.64 (top score: 12912)
Nets of generation 211 averaged: 2734.58 (top score: 14376)
Nets of generation 212 averaged: 2852.88 (top score: 12212)
Nets of generation 213 averaged: 2949.12 (top score: 12132)
Nets of generation 214 averaged: 2881.14 (top score: 12368)
Nets of generation 215 averaged: 2795.73 (top score: 11996)
Nets of generation 216 averaged: 2708.64 (top score: 11876)
Nets of generation 217 averaged: 2771.92 (top score: 15852)
Nets of generation 218 averaged: 2745.39 (top score: 14500)
Nets of generation 219 averaged: 2858.01 (top score: 11940)
Nets of generation 220 averaged: 2737.02 (top score: 11004)
Nets of generation 221 averaged: 2912.43 (top score: 14500)
Nets of generation 222 averaged: 2913.26 (top score: 14392)
Nets of generation 223 averaged: 2859.63 (top score: 13404)
Nets of generation 224 averaged: 3004.32 (top score: 11440)
Nets of generation 225 averaged: 3000.71 (top score: 10532)
Nets of generation 226 averaged: 3055.76 (top score: 11888)
Nets of generation 227 averaged: 2927.33 (top score: 11752)
Nets of generation 228 averaged: 2917.8 (top score: 11216)
Nets of generation 229 averaged: 2940.91 (top score: 14704)
Nets of generation 230 averaged: 2904.33 (top score: 11764)
Nets of generation 231 averaged: 2879.45 (top score: 12380)
Nets of generation 232 averaged: 2922.32 (top score: 12688)
Nets of generation 233 averaged: 2938.24 (top score: 12112)
Nets of generation 234 averaged: 2848.56 (top score: 14340)
Nets of generation 235 averaged: 2838.14 (top score: 10480)
Nets of generation 236 averaged: 2833.16 (top score: 11588)
Nets of generation 237 averaged: 2844.58 (top score: 10776)
Nets of generation 238 averaged: 2931.97 (top score: 11700)
Nets of generation 239 averaged: 2960.91 (top score: 11800)
Nets of generation 240 averaged: 2976.99 (top score: 12268)
Nets of generation 241 averaged: 2993.57 (top score: 13752)
Nets of generation 242 averaged: 3042.48 (top score: 13080)
Nets of generation 243 averaged: 2911.44 (top score: 12208)
Nets of generation 244 averaged: 2977.26 (top score: 12092)
Nets of generation 245 averaged: 2926.06 (top score: 15516)
Nets of generation 246 averaged: 2920.61 (top score: 11696)
Nets of generation 247 averaged: 2985.98 (top score: 12356)
Nets of generation 248 averaged: 3059.39 (top score: 12504)
Nets of generation 249 averaged: 3015.3 (top score: 14608)
Nets of generation 250 averaged: 3109.26 (top score: 12040)
Nets of generation 251 averaged: 3128 (top score: 11368)
Nets of generation 252 averaged: 3070.72 (top score: 21288)
Nets of generation 253 averaged: 2940.79 (top score: 15376)
Nets of generation 254 averaged: 3096.67 (top score: 14220)
Nets of generation 255 averaged: 3184.45 (top score: 14468)
Nets of generation 256 averaged: 3030.78 (top score: 12288)
Nets of generation 257 averaged: 2924.12 (top score: 12312)
Nets of generation 258 averaged: 3021.06 (top score: 12300)
Nets of generation 259 averaged: 2928.45 (top score: 12996)
Nets of generation 260 averaged: 3141.78 (top score: 14708)
Nets of generation 261 averaged: 3164.63 (top score: 13248)
Nets of generation 262 averaged: 3051.62 (top score: 16096)
Nets of generation 263 averaged: 3137.82 (top score: 11924)
Nets of generation 264 averaged: 3005.66 (top score: 12196)
Nets of generation 265 averaged: 2938.6 (top score: 12140)
Nets of generation 266 averaged: 2947.28 (top score: 14048)
Nets of generation 267 averaged: 3067.98 (top score: 12232)
Nets of generation 268 averaged: 2948.08 (top score: 14748)
Nets of generation 269 averaged: 2928.3 (top score: 14340)
Nets of generation 270 averaged: 2951.27 (top score: 14272)
Nets of generation 271 averaged: 2909.66 (top score: 12156)
Nets of generation 272 averaged: 2828.59 (top score: 14484)
Nets of generation 273 averaged: 2835.42 (top score: 13772)
Nets of generation 274 averaged: 3102.28 (top score: 12988)
Nets of generation 275 averaged: 2999.4 (top score: 14244)
Nets of generation 276 averaged: 3058.47 (top score: 15964)
Nets of generation 277 averaged: 3157.83 (top score: 14428)
Nets of generation 278 averaged: 3139.6 (top score: 14100)
Nets of generation 279 averaged: 2964.86 (top score: 13584)
Nets of generation 280 averaged: 3214.38 (top score: 14632)
Nets of generation 281 averaged: 3050.95 (top score: 14312)
Nets of generation 282 averaged: 3049.94 (top score: 12652)
Nets of generation 283 averaged: 3135.62 (top score: 11696)
Nets of generation 284 averaged: 3169.88 (top score: 12428)
Nets of generation 285 averaged: 3265.37 (top score: 15776)
Nets of generation 286 averaged: 3137.62 (top score: 14748)
Nets of generation 287 averaged: 3271.19 (top score: 15696)
Nets of generation 288 averaged: 3294.86 (top score: 12312)
Nets of generation 289 averaged: 3187.6 (top score: 14432)
Nets of generation 290 averaged: 3286.49 (top score: 12976)
Nets of generation 291 averaged: 3292.95 (top score: 13108)
Nets of generation 292 averaged: 3208.05 (top score: 15600)
Nets of generation 293 averaged: 3065.29 (top score: 12236)
Nets of generation 294 averaged: 3224.14 (top score: 16124)
Nets of generation 295 averaged: 3159.49 (top score: 15244)
Nets of generation 296 averaged: 3185.77 (top score: 14824)
Nets of generation 297 averaged: 3323.61 (top score: 14320)
Nets of generation 298 averaged: 3292.25 (top score: 12500)
Nets of generation 299 averaged: 3367.71 (top score: 16372)
Nets of generation 300 averaged: 3432.44 (top score: 14616)
Nets of generation 301 averaged: 3274.86 (top score: 14320)
Nets of generation 302 averaged: 3258.38 (top score: 14512)
Nets of generation 303 averaged: 3243.63 (top score: 14160)
Nets of generation 304 averaged: 3244.16 (top score: 14124)
Nets of generation 305 averaged: 3166.69 (top score: 13840)
Nets of generation 306 averaged: 3319.31 (top score: 14444)
Nets of generation 307 averaged: 3302.51 (top score: 14608)
Nets of generation 308 averaged: 3275.17 (top score: 12284)
Nets of generation 309 averaged: 3413.82 (top score: 15040)
Nets of generation 310 averaged: 3332.52 (top score: 14808)
Nets of generation 311 averaged: 3446.98 (top score: 14352)
Nets of generation 312 averaged: 3490.45 (top score: 13756)
Nets of generation 313 averaged: 3410.88 (top score: 16184)
Nets of generation 314 averaged: 3469.91 (top score: 13720)
Nets of generation 315 averaged: 3432.57 (top score: 14532)
Nets of generation 316 averaged: 3622.64 (top score: 14540)
Nets of generation 317 averaged: 3411.42 (top score: 12000)
Nets of generation 318 averaged: 3468.57 (top score: 15084)
Nets of generation 319 averaged: 3444.57 (top score: 16104)
Nets of generation 320 averaged: 3494.03 (top score: 15384)
Nets of generation 321 averaged: 3448.74 (top score: 14256)
Nets of generation 322 averaged: 3314.78 (top score: 14928)
Nets of generation 323 averaged: 3361.94 (top score: 12368)
Nets of generation 324 averaged: 3527.36 (top score: 15640)
Nets of generation 325 averaged: 3289.78 (top score: 15096)
Nets of generation 326 averaged: 3524.18 (top score: 13620)
Nets of generation 327 averaged: 3649.26 (top score: 14868)
Nets of generation 328 averaged: 3539.68 (top score: 14724)
Nets of generation 329 averaged: 3404.77 (top score: 14044)
Nets of generation 330 averaged: 3387.54 (top score: 13732)
Nets of generation 331 averaged: 3555.9 (top score: 16192)
Nets of generation 332 averaged: 3582.19 (top score: 14436)
Nets of generation 333 averaged: 3501.16 (top score: 15432)
Nets of generation 334 averaged: 3449.98 (top score: 16236)
Nets of generation 335 averaged: 3517 (top score: 14532)
Nets of generation 336 averaged: 3310.05 (top score: 13748)
Nets of generation 337 averaged: 3441.33 (top score: 15864)
Nets of generation 338 averaged: 3607.56 (top score: 16544)
Nets of generation 339 averaged: 3458.87 (top score: 14640)
Nets of generation 340 averaged: 3647.61 (top score: 15920)
Nets of generation 341 averaged: 3533.2 (top score: 15220)
Nets of generation 342 averaged: 3496.23 (top score: 14468)
Nets of generation 343 averaged: 3672.73 (top score: 25772)
Nets of generation 344 averaged: 3621.18 (top score: 15592)
Nets of generation 345 averaged: 3716.82 (top score: 15260)
Nets of generation 346 averaged: 3463.08 (top score: 14604)
Nets of generation 347 averaged: 3592.68 (top score: 15492)
Nets of generation 348 averaged: 3695.29 (top score: 14332)
Nets of generation 349 averaged: 3620.53 (top score: 15964)
Nets of generation 350 averaged: 3682.15 (top score: 15856)
Nets of generation 351 averaged: 3729.41 (top score: 15600)
Nets of generation 352 averaged: 3741.98 (top score: 21504)
Nets of generation 353 averaged: 3545.04 (top score: 15108)
Nets of generation 354 averaged: 3480.45 (top score: 15896)
Nets of generation 355 averaged: 3584.52 (top score: 14516)
Nets of generation 356 averaged: 3650.16 (top score: 16840)
Nets of generation 357 averaged: 3513.5 (top score: 16252)
Nets of generation 358 averaged: 3669.81 (top score: 15584)
Nets of generation 359 averaged: 3412.96 (top score: 16252)
Nets of generation 360 averaged: 3569.39 (top score: 16372)
Nets of generation 361 averaged: 3557.34 (top score: 14588)
Nets of generation 362 averaged: 3544.12 (top score: 14920)
Nets of generation 363 averaged: 3590.52 (top score: 15844)
Nets of generation 364 averaged: 3669.48 (top score: 15968)
Nets of generation 365 averaged: 3411.64 (top score: 15976)
Nets of generation 366 averaged: 3538.75 (top score: 14340)
Nets of generation 367 averaged: 3453.75 (top score: 15904)
Nets of generation 368 averaged: 3511.68 (top score: 15540)
Nets of generation 369 averaged: 3481.24 (top score: 16496)
Nets of generation 370 averaged: 3314.22 (top score: 14760)
Nets of generation 371 averaged: 3466.64 (top score: 14164)
Nets of generation 372 averaged: 3553.2 (top score: 22584)
Nets of generation 373 averaged: 3661.47 (top score: 17540)
Nets of generation 374 averaged: 3570.43 (top score: 15392)
Nets of generation 375 averaged: 3688.13 (top score: 14204)
Nets of generation 376 averaged: 3649.59 (top score: 15992)
Nets of generation 377 averaged: 3696.92 (top score: 14944)
Nets of generation 378 averaged: 3573.52 (top score: 15104)
Nets of generation 379 averaged: 3635.41 (top score: 16452)
Nets of generation 380 averaged: 3633.48 (top score: 14904)
Nets of generation 381 averaged: 3676.85 (top score: 15356)
Nets of generation 382 averaged: 3553.56 (top score: 15532)
Nets of generation 383 averaged: 3687.31 (top score: 15068)
Nets of generation 384 averaged: 3808.2 (top score: 17216)
Nets of generation 385 averaged: 3609.81 (top score: 16528)
Nets of generation 386 averaged: 3524.66 (top score: 16692)
Nets of generation 387 averaged: 3489.49 (top score: 15976)
Nets of generation 388 averaged: 3612.58 (top score: 16036)
Nets of generation 389 averaged: 3687.81 (top score: 14876)
Nets of generation 390 averaged: 3690.59 (top score: 16192)
Nets of generation 391 averaged: 3653.83 (top score: 16628)
Nets of generation 392 averaged: 3576.85 (top score: 13756)
Nets of generation 393 averaged: 3765.24 (top score: 15024)
Nets of generation 394 averaged: 3792.57 (top score: 15788)
Nets of generation 395 averaged: 3700.08 (top score: 15368)
Nets of generation 396 averaged: 3387.4 (top score: 15716)
Nets of generation 397 averaged: 3687.43 (top score: 14836)
Nets of generation 398 averaged: 3603.25 (top score: 14540)
Nets of generation 399 averaged: 3696.26 (top score: 15752)
Nets of generation 400 averaged: 3765.19 (top score: 15500)
Nets of generation 401 averaged: 3719.89 (top score: 15420)
Nets of generation 402 averaged: 3689.69 (top score: 16108)
Nets of generation 403 averaged: 3631.92 (top score: 16132)
Nets of generation 404 averaged: 3806.32 (top score: 16204)
Nets of generation 405 averaged: 3865.8 (top score: 21344)
Nets of generation 406 averaged: 3773.54 (top score: 15464)
Nets of generation 407 averaged: 3640.22 (top score: 14780)
Nets of generation 408 averaged: 3941.48 (top score: 14484)
Nets of generation 409 averaged: 3670.74 (top score: 15444)
Nets of generation 410 averaged: 3674.02 (top score: 16204)
Nets of generation 411 averaged: 3789.83 (top score: 15644)
Nets of generation 412 averaged: 3846.6 (top score: 16280)
Nets of generation 413 averaged: 4045.1 (top score: 22196)
Nets of generation 414 averaged: 3853.89 (top score: 16444)
Nets of generation 415 averaged: 3863.79 (top score: 16880)
Nets of generation 416 averaged: 3742.71 (top score: 14472)
Nets of generation 417 averaged: 3710.12 (top score: 23400)
Nets of generation 418 averaged: 3747.33 (top score: 14440)
Nets of generation 419 averaged: 3572.03 (top score: 14564)
Nets of generation 420 averaged: 3807.52 (top score: 14992)
Nets of generation 421 averaged: 3707.35 (top score: 16092)
Nets of generation 422 averaged: 3827.46 (top score: 17416)
Nets of generation 423 averaged: 3831.6 (top score: 21112)
Nets of generation 424 averaged: 3836.86 (top score: 14668)
Nets of generation 425 averaged: 3573.16 (top score: 15624)
Nets of generation 426 averaged: 3874.43 (top score: 16308)
Nets of generation 427 averaged: 3744.53 (top score: 16452)
Nets of generation 428 averaged: 3726.38 (top score: 21420)
Nets of generation 429 averaged: 3599.48 (top score: 14832)
Nets of generation 430 averaged: 3623.73 (top score: 13704)
Nets of generation 431 averaged: 3699.33 (top score: 14856)
Nets of generation 432 averaged: 3580.87 (top score: 13716)
Nets of generation 433 averaged: 3672.2 (top score: 14412)
Nets of generation 434 averaged: 3763.15 (top score: 15524)
Nets of generation 435 averaged: 3685.7 (top score: 15464)
Nets of generation 436 averaged: 3657.41 (top score: 15108)
Nets of generation 437 averaged: 3634.77 (top score: 16264)
Nets of generation 438 averaged: 3800.15 (top score: 14304)
Nets of generation 439 averaged: 3925.42 (top score: 15368)
Nets of generation 440 averaged: 3646.84 (top score: 21564)
Nets of generation 441 averaged: 3728.39 (top score: 14828)
Nets of generation 442 averaged: 3732.3 (top score: 16840)
Nets of generation 443 averaged: 3838.36 (top score: 15352)
Nets of generation 444 averaged: 3715.86 (top score: 14448)
Nets of generation 445 averaged: 3808.54 (top score: 15488)
Nets of generation 446 averaged: 3627.3 (top score: 16196)
Nets of generation 447 averaged: 3769.59 (top score: 21732)
Nets of generation 448 averaged: 3617.57 (top score: 15076)
Nets of generation 449 averaged: 3890.1 (top score: 16336)
Nets of generation 450 averaged: 3806 (top score: 16140)
Nets of generation 451 averaged: 3901.82 (top score: 16176)
Nets of generation 452 averaged: 3826.48 (top score: 23612)
Nets of generation 453 averaged: 3691.07 (top score: 16532)
Nets of generation 454 averaged: 3800.54 (top score: 14784)
Nets of generation 455 averaged: 3739.69 (top score: 15280)
Nets of generation 456 averaged: 3769.02 (top score: 26968)
Nets of generation 457 averaged: 3857.69 (top score: 15496)
Nets of generation 458 averaged: 3759.72 (top score: 13676)
Nets of generation 459 averaged: 3827.54 (top score: 21764)
Nets of generation 460 averaged: 3898.08 (top score: 17920)
Nets of generation 461 averaged: 3769.7 (top score: 15288)
Nets of generation 462 averaged: 3792.52 (top score: 16132)
Nets of generation 463 averaged: 3795.95 (top score: 15368)
Nets of generation 464 averaged: 3538.5 (top score: 13988)
Nets of generation 465 averaged: 3555.77 (top score: 20876)
Nets of generation 466 averaged: 3779.09 (top score: 15408)
Nets of generation 467 averaged: 3504.36 (top score: 15784)
Nets of generation 468 averaged: 3684.64 (top score: 14508)
Nets of generation 469 averaged: 3652.98 (top score: 15400)
Nets of generation 470 averaged: 3816.58 (top score: 15724)
Nets of generation 471 averaged: 3736.61 (top score: 14556)
Nets of generation 472 averaged: 3813.93 (top score: 21648)
Nets of generation 473 averaged: 3943.48 (top score: 16228)
Nets of generation 474 averaged: 4011.08 (top score: 21676)
Nets of generation 475 averaged: 3724.13 (top score: 14228)
Nets of generation 476 averaged: 3877.75 (top score: 16576)
Nets of generation 477 averaged: 3771.32 (top score: 15900)
Nets of generation 478 averaged: 3750.57 (top score: 16992)
Nets of generation 479 averaged: 3670.76 (top score: 15432)
Nets of generation 480 averaged: 3781.22 (top score: 16096)
Nets of generation 481 averaged: 3766.62 (top score: 15792)
Nets of generation 482 averaged: 3848.72 (top score: 21464)
Nets of generation 483 averaged: 3792.49 (top score: 15284)
Nets of generation 484 averaged: 3727.9 (top score: 15216)
Nets of generation 485 averaged: 3822.35 (top score: 15140)
Nets of generation 486 averaged: 3788 (top score: 16448)
Nets of generation 487 averaged: 3780.04 (top score: 16944)
Nets of generation 488 averaged: 3825.77 (top score: 16244)
Nets of generation 489 averaged: 3801.07 (top score: 15852)
Nets of generation 490 averaged: 3924.67 (top score: 15784)
Nets of generation 491 averaged: 3884.21 (top score: 14652)
Nets of generation 492 averaged: 3738.8 (top score: 21324)
Nets of generation 493 averaged: 3730.75 (top score: 21724)
Nets of generation 494 averaged: 3743.76 (top score: 17324)
Nets of generation 495 averaged: 3839.28 (top score: 21456)
Nets of generation 496 averaged: 3959.18 (top score: 16384)
Nets of generation 497 averaged: 3727.7 (top score: 15700)
Nets of generation 498 averaged: 3650.2 (top score: 16228)
Nets of generation 499 averaged: 3745.03 (top score: 15404)
Nets of generation 500 averaged: 3759.88 (top score: 23396)
Nets of generation 501 averaged: 3758.98 (top score: 14780)
Nets of generation 502 averaged: 3695 (top score: 15852)
Nets of generation 503 averaged: 3890.42 (top score: 16220)
Nets of generation 504 averaged: 3912.89 (top score: 14692)
Nets of generation 505 averaged: 3592.77 (top score: 16276)
Nets of generation 506 averaged: 3685.82 (top score: 16064)
Nets of generation 507 averaged: 3666.94 (top score: 14904)
Nets of generation 508 averaged: 3790.52 (top score: 14144)
Nets of generation 509 averaged: 3910.45 (top score: 25292)
Nets of generation 510 averaged: 4036.14 (top score: 16228)
Nets of generation 511 averaged: 3830.89 (top score: 16268)
Nets of generation 512 averaged: 3871.05 (top score: 14432)
Nets of generation 513 averaged: 3769.28 (top score: 15164)
Nets of generation 514 averaged: 3781.26 (top score: 14232)
Nets of generation 515 averaged: 3713.16 (top score: 14304)
Nets of generation 516 averaged: 3922.89 (top score: 16252)
Nets of generation 517 averaged: 3664.44 (top score: 14168)
Nets of generation 518 averaged: 3825.41 (top score: 15396)
Nets of generation 519 averaged: 3694.31 (top score: 14560)
Nets of generation 520 averaged: 3711.99 (top score: 21192)
Nets of generation 521 averaged: 3703.68 (top score: 16288)
Nets of generation 522 averaged: 3681.13 (top score: 17132)
Nets of generation 523 averaged: 3784.74 (top score: 14432)
Nets of generation 524 averaged: 3804.49 (top score: 14548)
Nets of generation 525 averaged: 3852.18 (top score: 14980)
Nets of generation 526 averaged: 3783.91 (top score: 15532)
Nets of generation 527 averaged: 3748.98 (top score: 15860)
Nets of generation 528 averaged: 3751.34 (top score: 15860)
Nets of generation 529 averaged: 3645.44 (top score: 15136)
Nets of generation 530 averaged: 3547.05 (top score: 13700)
Nets of generation 531 averaged: 3629.54 (top score: 13984)
Nets of generation 532 averaged: 3711.3 (top score: 16420)
Nets of generation 533 averaged: 3728.95 (top score: 14480)
Nets of generation 534 averaged: 3514.37 (top score: 14600)
Nets of generation 535 averaged: 3705.95 (top score: 16148)
Nets of generation 536 averaged: 3660.44 (top score: 16732)
Nets of generation 537 averaged: 3834.69 (top score: 15408)
Nets of generation 538 averaged: 3685.34 (top score: 16208)
Nets of generation 539 averaged: 3635.1 (top score: 15892)
Nets of generation 540 averaged: 3664.34 (top score: 14280)
Nets of generation 541 averaged: 3648.51 (top score: 14416)
Nets of generation 542 averaged: 3589.42 (top score: 15796)
Nets of generation 543 averaged: 3778.3 (top score: 15336)
Nets of generation 544 averaged: 3631.8 (top score: 15292)
Nets of generation 545 averaged: 3705.78 (top score: 14684)
Nets of generation 546 averaged: 3875.14 (top score: 15268)
Nets of generation 547 averaged: 3655.74 (top score: 15988)
Nets of generation 548 averaged: 3578.16 (top score: 16404)
Nets of generation 549 averaged: 3799.72 (top score: 15164)
Nets of generation 550 averaged: 3761.03 (top score: 24980)
Nets of generation 551 averaged: 3746.39 (top score: 14448)
Nets of generation 552 averaged: 3573.65 (top score: 14228)
Nets of generation 553 averaged: 3676.71 (top score: 16180)
Nets of generation 554 averaged: 3709.04 (top score: 14780)
Nets of generation 555 averaged: 3718.72 (top score: 14356)
Nets of generation 556 averaged: 3629.2 (top score: 15920)
Nets of generation 557 averaged: 3851.48 (top score: 14420)
Nets of generation 558 averaged: 3860.87 (top score: 14752)
Nets of generation 559 averaged: 3707.64 (top score: 13952)
Nets of generation 560 averaged: 3880.61 (top score: 15380)
Nets of generation 561 averaged: 3943.86 (top score: 22808)
Nets of generation 562 averaged: 4018.1 (top score: 16196)
Nets of generation 563 averaged: 3654.08 (top score: 15932)
Nets of generation 564 averaged: 3959.49 (top score: 16128)
Nets of generation 565 averaged: 4108.45 (top score: 15380)
Nets of generation 566 averaged: 3927.74 (top score: 14564)
Nets of generation 567 averaged: 3976.61 (top score: 15388)
Nets of generation 568 averaged: 3948.24 (top score: 16300)
Nets of generation 569 averaged: 3809.92 (top score: 16232)
Nets of generation 570 averaged: 3886.01 (top score: 15104)
Nets of generation 571 averaged: 3726.8 (top score: 20820)
Nets of generation 572 averaged: 3763.74 (top score: 15088)
Nets of generation 573 averaged: 3982.86 (top score: 15068)
Nets of generation 574 averaged: 3759.13 (top score: 15208)
Nets of generation 575 averaged: 3676.7 (top score: 12484)
Nets of generation 576 averaged: 3779.74 (top score: 14828)
Nets of generation 577 averaged: 3859.48 (top score: 16292)
Nets of generation 578 averaged: 3734.15 (top score: 13724)
Nets of generation 579 averaged: 3941.24 (top score: 15680)
Nets of generation 580 averaged: 3982.47 (top score: 16348)
Nets of generation 581 averaged: 3745.25 (top score: 14712)
Nets of generation 582 averaged: 3983.11 (top score: 15480)
Nets of generation 583 averaged: 3881.21 (top score: 16308)
Nets of generation 584 averaged: 3875.86 (top score: 15892)
Nets of generation 585 averaged: 3951.24 (top score: 24052)
Nets of generation 586 averaged: 3915.66 (top score: 15100)
Nets of generation 587 averaged: 3904.21 (top score: 15668)
Nets of generation 588 averaged: 3745.38 (top score: 16420)
Nets of generation 589 averaged: 3850.99 (top score: 16260)
Nets of generation 590 averaged: 3932.71 (top score: 15808)
Nets of generation 591 averaged: 3921.16 (top score: 21572)
Nets of generation 592 averaged: 3928.59 (top score: 15868)
Nets of generation 593 averaged: 3889.55 (top score: 15348)
Nets of generation 594 averaged: 3726.05 (top score: 15532)
Nets of generation 595 averaged: 3810.26 (top score: 16236)
Nets of generation 596 averaged: 3705.45 (top score: 14328)
Nets of generation 597 averaged: 3637.55 (top score: 13640)
Nets of generation 598 averaged: 3632.86 (top score: 15584)
Nets of generation 599 averaged: 3746.25 (top score: 14856)
Nets of generation 600 averaged: 3833.19 (top score: 15048)
Nets of generation 601 averaged: 3742.2 (top score: 17084)
Nets of generation 602 averaged: 3654.95 (top score: 16036)
Nets of generation 603 averaged: 3842.9 (top score: 14532)
Nets of generation 604 averaged: 3822.09 (top score: 21632)
Nets of generation 605 averaged: 3887.81 (top score: 15496)
Nets of generation 606 averaged: 3846.08 (top score: 22672)
Nets of generation 607 averaged: 3688.01 (top score: 14608)
Nets of generation 608 averaged: 3812.28 (top score: 16936)
Nets of generation 609 averaged: 3775.76 (top score: 14384)
Nets of generation 610 averaged: 3865.64 (top score: 16468)
Nets of generation 611 averaged: 3746.66 (top score: 21848)
Nets of generation 612 averaged: 3878.56 (top score: 14748)
Nets of generation 613 averaged: 3686.88 (top score: 16272)
Nets of generation 614 averaged: 3738.86 (top score: 15744)
Nets of generation 615 averaged: 3634.06 (top score: 16416)
Nets of generation 616 averaged: 3785.08 (top score: 15768)
Nets of generation 617 averaged: 3811.99 (top score: 16200)
Nets of generation 618 averaged: 3676.68 (top score: 15932)
Nets of generation 619 averaged: 3720 (top score: 15516)
Nets of generation 620 averaged: 3903.89 (top score: 16172)
Nets of generation 621 averaged: 3865.66 (top score: 16320)
Nets of generation 622 averaged: 3805.78 (top score: 15544)
Nets of generation 623 averaged: 3703.69 (top score: 14040)
Nets of generation 624 averaged: 3684.57 (top score: 15584)
Nets of generation 625 averaged: 3735.13 (top score: 16220)
Nets of generation 626 averaged: 3756.72 (top score: 16556)
Nets of generation 627 averaged: 3676.46 (top score: 16308)
Nets of generation 628 averaged: 3701.56 (top score: 15820)
Nets of generation 629 averaged: 3789.32 (top score: 25540)
Nets of generation 630 averaged: 3645.78 (top score: 16264)
Nets of generation 631 averaged: 3772.53 (top score: 27252)
Nets of generation 632 averaged: 3763.23 (top score: 16280)
Nets of generation 633 averaged: 3679.18 (top score: 15944)
Nets of generation 634 averaged: 3622.71 (top score: 14852)
Nets of generation 635 averaged: 3603.6 (top score: 21104)
Nets of generation 636 averaged: 3464.28 (top score: 15624)
Nets of generation 637 averaged: 3632.94 (top score: 15948)
Nets of generation 638 averaged: 3861.07 (top score: 16176)
Nets of generation 639 averaged: 3434.59 (top score: 15076)
Nets of generation 640 averaged: 3680.37 (top score: 14520)
Nets of generation 641 averaged: 3893.5 (top score: 15400)
Nets of generation 642 averaged: 3828.35 (top score: 16416)
Nets of generation 643 averaged: 3624.93 (top score: 16620)
Nets of generation 644 averaged: 3603.8 (top score: 16072)
Nets of generation 645 averaged: 3659.37 (top score: 21816)
Nets of generation 646 averaged: 3829.43 (top score: 15968)
Nets of generation 647 averaged: 3665.69 (top score: 15464)
Nets of generation 648 averaged: 3779.86 (top score: 16296)
Nets of generation 649 averaged: 3734.43 (top score: 15768)
Nets of generation 650 averaged: 3831.12 (top score: 16472)
Nets of generation 651 averaged: 3606.56 (top score: 14444)
Nets of generation 652 averaged: 3535.02 (top score: 15940)
Nets of generation 653 averaged: 3614.79 (top score: 15896)
Nets of generation 654 averaged: 3616.2 (top score: 14668)
Nets of generation 655 averaged: 3720.05 (top score: 16780)
Nets of generation 656 averaged: 3649.52 (top score: 13980)
Nets of generation 657 averaged: 3710.58 (top score: 16272)
Nets of generation 658 averaged: 3897.91 (top score: 22708)
Nets of generation 659 averaged: 3596.94 (top score: 15148)
Nets of generation 660 averaged: 3953.48 (top score: 16152)
Nets of generation 661 averaged: 3980.06 (top score: 16480)
Nets of generation 662 averaged: 3729.61 (top score: 15248)
Nets of generation 663 averaged: 3699.9 (top score: 15336)
Nets of generation 664 averaged: 3711.53 (top score: 14932)
Nets of generation 665 averaged: 3947.7 (top score: 16180)
Nets of generation 666 averaged: 3752.75 (top score: 15604)
Nets of generation 667 averaged: 3786.7 (top score: 14644)
Nets of generation 668 averaged: 3785.27 (top score: 15460)
Nets of generation 669 averaged: 3904.02 (top score: 15776)
Nets of generation 670 averaged: 3767.84 (top score: 16528)
Nets of generation 671 averaged: 3706.36 (top score: 15820)
Nets of generation 672 averaged: 3896.91 (top score: 14344)
Nets of generation 673 averaged: 4055.77 (top score: 15048)
Nets of generation 674 averaged: 3763.83 (top score: 16408)
Nets of generation 675 averaged: 3676.52 (top score: 14540)
Nets of generation 676 averaged: 3723.01 (top score: 14528)
Nets of generation 677 averaged: 3796.66 (top score: 16304)
Nets of generation 678 averaged: 3734.36 (top score: 16152)
Nets of generation 679 averaged: 3737.03 (top score: 20728)
Nets of generation 680 averaged: 3790.73 (top score: 21884)
Nets of generation 681 averaged: 3862.59 (top score: 16300)
Nets of generation 682 averaged: 3845.69 (top score: 16336)
Nets of generation 683 averaged: 3807.03 (top score: 16332)
Nets of generation 684 averaged: 3791.84 (top score: 16316)
Nets of generation 685 averaged: 3881.41 (top score: 15028)
Nets of generation 686 averaged: 3875.65 (top score: 16248)
Nets of generation 687 averaged: 3735.92 (top score: 16128)
Nets of generation 688 averaged: 3801.29 (top score: 15364)
Nets of generation 689 averaged: 4005.88 (top score: 16124)
Nets of generation 690 averaged: 4021.16 (top score: 15944)
Nets of generation 691 averaged: 3910.62 (top score: 21012)
Nets of generation 692 averaged: 3740.14 (top score: 16188)
Nets of generation 693 averaged: 3789.86 (top score: 14436)
Nets of generation 694 averaged: 3855.68 (top score: 15828)
Nets of generation 695 averaged: 3805.29 (top score: 15180)
Nets of generation 696 averaged: 3873.29 (top score: 16320)
Nets of generation 697 averaged: 3927.8 (top score: 15756)
Nets of generation 698 averaged: 3713.28 (top score: 15836)
Nets of generation 699 averaged: 3814.48 (top score: 16268)
Nets of generation 700 averaged: 3949.71 (top score: 16324)
Nets of generation 701 averaged: 3933.56 (top score: 15820)
Nets of generation 702 averaged: 3913.51 (top score: 15968)
Nets of generation 703 averaged: 3926.43 (top score: 16552)
Nets of generation 704 averaged: 3887.29 (top score: 16964)
Nets of generation 705 averaged: 3742.5 (top score: 15268)
Nets of generation 706 averaged: 3710.37 (top score: 14444)
Nets of generation 707 averaged: 3788.08 (top score: 14396)
Nets of generation 708 averaged: 3743 (top score: 15792)
Nets of generation 709 averaged: 3693.38 (top score: 13924)
Nets of generation 710 averaged: 3710.29 (top score: 16532)
Nets of generation 711 averaged: 3618.11 (top score: 16148)
Nets of generation 712 averaged: 3640.88 (top score: 14788)
Nets of generation 713 averaged: 3691.74 (top score: 14448)
Nets of generation 714 averaged: 3648.33 (top score: 15228)
Nets of generation 715 averaged: 3753.19 (top score: 18460)
Nets of generation 716 averaged: 3658.74 (top score: 15760)
Nets of generation 717 averaged: 3494.19 (top score: 14204)
Nets of generation 718 averaged: 3720.41 (top score: 15736)
Nets of generation 719 averaged: 3667.54 (top score: 14780)
Nets of generation 720 averaged: 3752.31 (top score: 16028)
Nets of generation 721 averaged: 3861.3 (top score: 15816)
Nets of generation 722 averaged: 3671.82 (top score: 14920)
Nets of generation 723 averaged: 3790.89 (top score: 16632)
Nets of generation 724 averaged: 3767.28 (top score: 16128)
Nets of generation 725 averaged: 3759.65 (top score: 15984)
Nets of generation 726 averaged: 3850.13 (top score: 15680)
Nets of generation 727 averaged: 3941.26 (top score: 16452)
Nets of generation 728 averaged: 3881.43 (top score: 15944)
Nets of generation 729 averaged: 3699.74 (top score: 15932)
Nets of generation 730 averaged: 3922.85 (top score: 16448)
Nets of generation 731 averaged: 3857.88 (top score: 16248)
Nets of generation 732 averaged: 3845.67 (top score: 15236)
Nets of generation 733 averaged: 3752.9 (top score: 16016)
Nets of generation 734 averaged: 3744.93 (top score: 15220)
Nets of generation 735 averaged: 3652.72 (top score: 15424)
Nets of generation 736 averaged: 3629.45 (top score: 14464)
Nets of generation 737 averaged: 3697.27 (top score: 14644)
Nets of generation 738 averaged: 3846.94 (top score: 14488)
Nets of generation 739 averaged: 3831.16 (top score: 15972)
Nets of generation 740 averaged: 3657.8 (top score: 14132)
Nets of generation 741 averaged: 3746.2 (top score: 16052)
Nets of generation 742 averaged: 3775.65 (top score: 14508)
Nets of generation 743 averaged: 3880.29 (top score: 16064)
Nets of generation 744 averaged: 3765.55 (top score: 15696)
Nets of generation 745 averaged: 3678.8 (top score: 14008)
Nets of generation 746 averaged: 3905.6 (top score: 14676)
Nets of generation 747 averaged: 3663.28 (top score: 14088)
Nets of generation 748 averaged: 3747.15 (top score: 14380)
Nets of generation 749 averaged: 3656.86 (top score: 12868)
Nets of generation 750 averaged: 3704.15 (top score: 15844)
Nets of generation 751 averaged: 3851.49 (top score: 15888)
Nets of generation 752 averaged: 3715.2 (top score: 21692)
Nets of generation 753 averaged: 3902.54 (top score: 15636)
Nets of generation 754 averaged: 3730.75 (top score: 15600)
Nets of generation 755 averaged: 4051.51 (top score: 14324)
Nets of generation 756 averaged: 3833.1 (top score: 14144)
Nets of generation 757 averaged: 3943.17 (top score: 15536)
Nets of generation 758 averaged: 3915.89 (top score: 15692)
Nets of generation 759 averaged: 3949.18 (top score: 15252)
Nets of generation 760 averaged: 3832.87 (top score: 16000)
Nets of generation 761 averaged: 3916.06 (top score: 16240)
Nets of generation 762 averaged: 3931.88 (top score: 14812)
Nets of generation 763 averaged: 3908.62 (top score: 16688)
Nets of generation 764 averaged: 3631.52 (top score: 16084)
Nets of generation 765 averaged: 3850.48 (top score: 14240)
Nets of generation 766 averaged: 3862.96 (top score: 14416)
Nets of generation 767 averaged: 3920.84 (top score: 14336)
Nets of generation 768 averaged: 4081.01 (top score: 16756)
Nets of generation 769 averaged: 3860.76 (top score: 16552)
Nets of generation 770 averaged: 3765.39 (top score: 15628)
Nets of generation 771 averaged: 3878.31 (top score: 14828)
Nets of generation 772 averaged: 3762.45 (top score: 14388)
Nets of generation 773 averaged: 3981.76 (top score: 14532)
Nets of generation 774 averaged: 3832.17 (top score: 15812)
Nets of generation 775 averaged: 3922.95 (top score: 14504)
Nets of generation 776 averaged: 3830.15 (top score: 15440)
Nets of generation 777 averaged: 3832.4 (top score: 22468)
Nets of generation 778 averaged: 3941.92 (top score: 15380)
Nets of generation 779 averaged: 3937.42 (top score: 16584)
Nets of generation 780 averaged: 3764.23 (top score: 16000)
Nets of generation 781 averaged: 3858.04 (top score: 14280)
Nets of generation 782 averaged: 3858.78 (top score: 14752)
Nets of generation 783 averaged: 3817 (top score: 16536)
Nets of generation 784 averaged: 3846.86 (top score: 16452)
Nets of generation 785 averaged: 3902.64 (top score: 16060)
Nets of generation 786 averaged: 3971.64 (top score: 16548)
Nets of generation 787 averaged: 3942.06 (top score: 15744)
Nets of generation 788 averaged: 3919.38 (top score: 16384)
Nets of generation 789 averaged: 4111.16 (top score: 15968)
Nets of generation 790 averaged: 3930.75 (top score: 16260)
Nets of generation 791 averaged: 3957.46 (top score: 14764)
Nets of generation 792 averaged: 3996.1 (top score: 22724)
Nets of generation 793 averaged: 3957.68 (top score: 17048)
Nets of generation 794 averaged: 4001.62 (top score: 17128)
Nets of generation 795 averaged: 3989.03 (top score: 16492)
Nets of generation 796 averaged: 3876.3 (top score: 15020)
Nets of generation 797 averaged: 3811.63 (top score: 16360)
Nets of generation 798 averaged: 3710.16 (top score: 14136)
Nets of generation 799 averaged: 3807.82 (top score: 15552)
Nets of generation 800 averaged: 3832.52 (top score: 14476)
Nets of generation 801 averaged: 3941.02 (top score: 15960)
Nets of generation 802 averaged: 3750.21 (top score: 16560)
Nets of generation 803 averaged: 3754.49 (top score: 15748)
Nets of generation 804 averaged: 3913.62 (top score: 15660)
Nets of generation 805 averaged: 3769.46 (top score: 15876)
Nets of generation 806 averaged: 3943.32 (top score: 14564)
Nets of generation 807 averaged: 3892.16 (top score: 16208)
Nets of generation 808 averaged: 3987.8 (top score: 21844)
Nets of generation 809 averaged: 3956.99 (top score: 15964)
Nets of generation 810 averaged: 3945.6 (top score: 16156)
Nets of generation 811 averaged: 3976.18 (top score: 13216)
Nets of generation 812 averaged: 4107.17 (top score: 16192)
Nets of generation 813 averaged: 4006.56 (top score: 15252)
Nets of generation 814 averaged: 4113.1 (top score: 17004)
Nets of generation 815 averaged: 3879.03 (top score: 15444)
Nets of generation 816 averaged: 3940.82 (top score: 16168)
Nets of generation 817 averaged: 4015.11 (top score: 13124)
Nets of generation 818 averaged: 3901.92 (top score: 16528)
Nets of generation 819 averaged: 3925.06 (top score: 15172)
Nets of generation 820 averaged: 3940.74 (top score: 15164)
Nets of generation 821 averaged: 3919.42 (top score: 15796)
Nets of generation 822 averaged: 3920.93 (top score: 15988)
Nets of generation 823 averaged: 3960.51 (top score: 16244)
Nets of generation 824 averaged: 3859.39 (top score: 15532)
Nets of generation 825 averaged: 3963.9 (top score: 15468)
Nets of generation 826 averaged: 3808.49 (top score: 14836)
Nets of generation 827 averaged: 3815.21 (top score: 16636)
Nets of generation 828 averaged: 4007.64 (top score: 15052)
Nets of generation 829 averaged: 3883.42 (top score: 16312)
Nets of generation 830 averaged: 3929.57 (top score: 21764)
Nets of generation 831 averaged: 3933.8 (top score: 16444)
Nets of generation 832 averaged: 3868.01 (top score: 16156)
Nets of generation 833 averaged: 3867.44 (top score: 14352)
Nets of generation 834 averaged: 3940.47 (top score: 16048)
Nets of generation 835 averaged: 3825.31 (top score: 15576)
Nets of generation 836 averaged: 3822.8 (top score: 14372)
Nets of generation 837 averaged: 3765.03 (top score: 15844)
Nets of generation 838 averaged: 3940.61 (top score: 14336)
Nets of generation 839 averaged: 3721.75 (top score: 12968)
Nets of generation 840 averaged: 3894.54 (top score: 17144)
Nets of generation 841 averaged: 3913.14 (top score: 15692)
Nets of generation 842 averaged: 4007.38 (top score: 17288)
Nets of generation 843 averaged: 3939.13 (top score: 16376)
Nets of generation 844 averaged: 3862.11 (top score: 16388)
Nets of generation 845 averaged: 3905.31 (top score: 14840)
Nets of generation 846 averaged: 3876.31 (top score: 16180)
Nets of generation 847 averaged: 3957 (top score: 16552)
Nets of generation 848 averaged: 3917.76 (top score: 15476)
Nets of generation 849 averaged: 3942.86 (top score: 16436)
Nets of generation 850 averaged: 3929.21 (top score: 14464)
Nets of generation 851 averaged: 3952.39 (top score: 15392)
Nets of generation 852 averaged: 3728.7 (top score: 24992)
Nets of generation 853 averaged: 3802.16 (top score: 14520)
Nets of generation 854 averaged: 3917.38 (top score: 16204)
Nets of generation 855 averaged: 3799.38 (top score: 16684)
Nets of generation 856 averaged: 3891.12 (top score: 16560)
Nets of generation 857 averaged: 3928.2 (top score: 15548)
Nets of generation 858 averaged: 3838.09 (top score: 16164)
Nets of generation 859 averaged: 3730.72 (top score: 14512)
Nets of generation 860 averaged: 3779.75 (top score: 16296)
Nets of generation 861 averaged: 3688.55 (top score: 15276)
Nets of generation 862 averaged: 3899.4 (top score: 15604)
Nets of generation 863 averaged: 3632.71 (top score: 15808)
Nets of generation 864 averaged: 3763.99 (top score: 16220)
Nets of generation 865 averaged: 3984.16 (top score: 15356)
Nets of generation 866 averaged: 3695.6 (top score: 16020)
Nets of generation 867 averaged: 3876.01 (top score: 16504)
Nets of generation 868 averaged: 3794.99 (top score: 15448)
Nets of generation 869 averaged: 3728.78 (top score: 16104)
Nets of generation 870 averaged: 3717.45 (top score: 15224)
Nets of generation 871 averaged: 3785.64 (top score: 26900)
Nets of generation 872 averaged: 3781.39 (top score: 16148)
Nets of generation 873 averaged: 3933.11 (top score: 15464)
Nets of generation 874 averaged: 3709.04 (top score: 14688)
Nets of generation 875 averaged: 3648.56 (top score: 14560)
Nets of generation 876 averaged: 3711.21 (top score: 15752)
Nets of generation 877 averaged: 3750.38 (top score: 16116)
Nets of generation 878 averaged: 3873.27 (top score: 16540)
Nets of generation 879 averaged: 3813.2 (top score: 15452)
Nets of generation 880 averaged: 3812.62 (top score: 15288)
Nets of generation 881 averaged: 3915.78 (top score: 16404)
Nets of generation 882 averaged: 3847.28 (top score: 16400)
Nets of generation 883 averaged: 3740.82 (top score: 16888)
Nets of generation 884 averaged: 3935.04 (top score: 16952)
Nets of generation 885 averaged: 3905.43 (top score: 14472)
Nets of generation 886 averaged: 3787.04 (top score: 16576)
Nets of generation 887 averaged: 3797.9 (top score: 14888)
Nets of generation 888 averaged: 3925.4 (top score: 15812)
Nets of generation 889 averaged: 3775.74 (top score: 12572)
Nets of generation 890 averaged: 3672.4 (top score: 15532)
Nets of generation 891 averaged: 3858.23 (top score: 16152)
Nets of generation 892 averaged: 3549.34 (top score: 14412)
Nets of generation 893 averaged: 3737.56 (top score: 15704)
Nets of generation 894 averaged: 3897.15 (top score: 16324)
Nets of generation 895 averaged: 3829.38 (top score: 16400)
Nets of generation 896 averaged: 3890.54 (top score: 16388)
Nets of generation 897 averaged: 3802.6 (top score: 16248)
Nets of generation 898 averaged: 3966.24 (top score: 15868)
Nets of generation 899 averaged: 3713.34 (top score: 15160)
Nets of generation 900 averaged: 3905.87 (top score: 16216)
Nets of generation 901 averaged: 3809.15 (top score: 14444)
Nets of generation 902 averaged: 4075.58 (top score: 30284)
Nets of generation 903 averaged: 3920.41 (top score: 15332)
Nets of generation 904 averaged: 3789.34 (top score: 16364)
Nets of generation 905 averaged: 3746.43 (top score: 15648)
Nets of generation 906 averaged: 3924.72 (top score: 21708)
Nets of generation 907 averaged: 3955.55 (top score: 16184)
Nets of generation 908 averaged: 3940.43 (top score: 15948)
Nets of generation 909 averaged: 3969.72 (top score: 15612)
Nets of generation 910 averaged: 3919.17 (top score: 16128)
Nets of generation 911 averaged: 4051.79 (top score: 17136)
Nets of generation 912 averaged: 4040.59 (top score: 16804)
Nets of generation 913 averaged: 4221.79 (top score: 15336)
Nets of generation 914 averaged: 3974.25 (top score: 16220)
Nets of generation 915 averaged: 3910.1 (top score: 14188)
Nets of generation 916 averaged: 3913.99 (top score: 16564)
Nets of generation 917 averaged: 3940.88 (top score: 15316)
Nets of generation 918 averaged: 4058.5 (top score: 16432)
Nets of generation 919 averaged: 4007.83 (top score: 16300)
Nets of generation 920 averaged: 3833.52 (top score: 16144)
Nets of generation 921 averaged: 4132.06 (top score: 16244)
Nets of generation 922 averaged: 3788.6 (top score: 14728)
Nets of generation 923 averaged: 3869.86 (top score: 14240)
Nets of generation 924 averaged: 4021.02 (top score: 15856)
Nets of generation 925 averaged: 4005.09 (top score: 15204)
Nets of generation 926 averaged: 3847.77 (top score: 16048)
Nets of generation 927 averaged: 3887.71 (top score: 15656)
Nets of generation 928 averaged: 4107.96 (top score: 16048)
Nets of generation 929 averaged: 3979.84 (top score: 15536)
Nets of generation 930 averaged: 4130.34 (top score: 16192)
Nets of generation 931 averaged: 3965.73 (top score: 16600)
Nets of generation 932 averaged: 3914.64 (top score: 22056)
Nets of generation 933 averaged: 3882.4 (top score: 15332)
Nets of generation 934 averaged: 3852.94 (top score: 15968)
Nets of generation 935 averaged: 4013.06 (top score: 16216)
Nets of generation 936 averaged: 3858.54 (top score: 14720)
Nets of generation 937 averaged: 4100.99 (top score: 16388)
Nets of generation 938 averaged: 3986.6 (top score: 16312)
Nets of generation 939 averaged: 3803.58 (top score: 14860)
Nets of generation 940 averaged: 3897.1 (top score: 16184)
Nets of generation 941 averaged: 3737.09 (top score: 14840)
Nets of generation 942 averaged: 3849.09 (top score: 16224)
Nets of generation 943 averaged: 3841.86 (top score: 14492)
Nets of generation 944 averaged: 3704.78 (top score: 14868)
Nets of generation 945 averaged: 3907.18 (top score: 14604)
Nets of generation 946 averaged: 3993.66 (top score: 16148)
Nets of generation 947 averaged: 3864.78 (top score: 14276)
Nets of generation 948 averaged: 4025.26 (top score: 22516)
Nets of generation 949 averaged: 4087.22 (top score: 14540)
Nets of generation 950 averaged: 4137.6 (top score: 15384)
Nets of generation 951 averaged: 4231.12 (top score: 20852)
Nets of generation 952 averaged: 4130.57 (top score: 15784)
Nets of generation 953 averaged: 4211.6 (top score: 16444)
Nets of generation 954 averaged: 4281.42 (top score: 15872)
Nets of generation 955 averaged: 4020.2 (top score: 16360)
Nets of generation 956 averaged: 4175.43 (top score: 16212)
Nets of generation 957 averaged: 4192.09 (top score: 16316)
Nets of generation 958 averaged: 4044.16 (top score: 16492)
Nets of generation 959 averaged: 4173.38 (top score: 14452)
Nets of generation 960 averaged: 4180.27 (top score: 14724)
Nets of generation 961 averaged: 4119.43 (top score: 15928)
Nets of generation 962 averaged: 4237.84 (top score: 16068)
Nets of generation 963 averaged: 4065.11 (top score: 16068)
Nets of generation 964 averaged: 4052.93 (top score: 16088)
Nets of generation 965 averaged: 4124.44 (top score: 16052)
Nets of generation 966 averaged: 4012.3 (top score: 14556)
Nets of generation 967 averaged: 4232.94 (top score: 15092)
Nets of generation 968 averaged: 4170.88 (top score: 15784)
Nets of generation 969 averaged: 4134.35 (top score: 14724)
Nets of generation 970 averaged: 4233.7 (top score: 16500)
Nets of generation 971 averaged: 4116.59 (top score: 15828)
Nets of generation 972 averaged: 4056.04 (top score: 16216)
Nets of generation 973 averaged: 4103.62 (top score: 16100)
Nets of generation 974 averaged: 3966.88 (top score: 23896)
Nets of generation 975 averaged: 3969.61 (top score: 14412)
Nets of generation 976 averaged: 3972.05 (top score: 14388)
Nets of generation 977 averaged: 4110.75 (top score: 16420)
Nets of generation 978 averaged: 4170.58 (top score: 15540)
Nets of generation 979 averaged: 4207.61 (top score: 16600)
Nets of generation 980 averaged: 4084.55 (top score: 16172)
Nets of generation 981 averaged: 4099.36 (top score: 22364)
Nets of generation 982 averaged: 4077.44 (top score: 15908)
Nets of generation 983 averaged: 3975.04 (top score: 14848)
Nets of generation 984 averaged: 4012.96 (top score: 15672)
Nets of generation 985 averaged: 3988.36 (top score: 16184)
Nets of generation 986 averaged: 4130.87 (top score: 15796)
Nets of generation 987 averaged: 3987.6 (top score: 15948)
Nets of generation 988 averaged: 3993.75 (top score: 16148)
Nets of generation 989 averaged: 4019.36 (top score: 15272)
Nets of generation 990 averaged: 4112.11 (top score: 16164)
Nets of generation 991 averaged: 4066.52 (top score: 14228)
Nets of generation 992 averaged: 4162.26 (top score: 14524)
Nets of generation 993 averaged: 4100.6 (top score: 16148)
Nets of generation 994 averaged: 3996.93 (top score: 14836)
Nets of generation 995 averaged: 4002.28 (top score: 15820)
Nets of generation 996 averaged: 3993.14 (top score: 14592)
Nets of generation 997 averaged: 4097.52 (top score: 16104)
Nets of generation 998 averaged: 4065.45 (top score: 16368)
Nets of generation 999 averaged: 4024.65 (top score: 15024)
Best score overall: 30284
