Initialized with: 
numGenerations: 1000
numNets: 100
numGamesPerNet: 10
netHiddenLayerSize: 16
chMode: t
Nets of generation 0 averaged: 1069.23 (top score: 5580)
Nets of generation 1 averaged: 1215.58 (top score: 6608)
Nets of generation 2 averaged: 1254.83 (top score: 6260)
Nets of generation 3 averaged: 1280.85 (top score: 5424)
Nets of generation 4 averaged: 1292.67 (top score: 5448)
Nets of generation 5 averaged: 1321.37 (top score: 6048)
Nets of generation 6 averaged: 1328.01 (top score: 5752)
Nets of generation 7 averaged: 1460.23 (top score: 6184)
Nets of generation 8 averaged: 1412.19 (top score: 6788)
Nets of generation 9 averaged: 1447.97 (top score: 6024)
Nets of generation 10 averaged: 1397.81 (top score: 6776)
Nets of generation 11 averaged: 1539.44 (top score: 5992)
Nets of generation 12 averaged: 1580.6 (top score: 6708)
Nets of generation 13 averaged: 1520.82 (top score: 7192)
Nets of generation 14 averaged: 1638.12 (top score: 7136)
Nets of generation 15 averaged: 1609.85 (top score: 6248)
Nets of generation 16 averaged: 1682.25 (top score: 7132)
Nets of generation 17 averaged: 1585.38 (top score: 5824)
Nets of generation 18 averaged: 1708.47 (top score: 7640)
Nets of generation 19 averaged: 1765.89 (top score: 6692)
Nets of generation 20 averaged: 1780.76 (top score: 7292)
Nets of generation 21 averaged: 1869.1 (top score: 6904)
Nets of generation 22 averaged: 1896.79 (top score: 6540)
Nets of generation 23 averaged: 1941.45 (top score: 7032)
Nets of generation 24 averaged: 1971.26 (top score: 6476)
Nets of generation 25 averaged: 2062.44 (top score: 7444)
Nets of generation 26 averaged: 2170.8 (top score: 12660)
Nets of generation 27 averaged: 2149.02 (top score: 9688)
Nets of generation 28 averaged: 2168.48 (top score: 8796)
Nets of generation 29 averaged: 2289.71 (top score: 11224)
Nets of generation 30 averaged: 2271.69 (top score: 9712)
Nets of generation 31 averaged: 2293.43 (top score: 7844)
Nets of generation 32 averaged: 2301.46 (top score: 8112)
Nets of generation 33 averaged: 2297.96 (top score: 7636)
Nets of generation 34 averaged: 2237.44 (top score: 7224)
Nets of generation 35 averaged: 2269.27 (top score: 8564)
Nets of generation 36 averaged: 2372.3 (top score: 10748)
Nets of generation 37 averaged: 2380.99 (top score: 7556)
Nets of generation 38 averaged: 2298.64 (top score: 7428)
Nets of generation 39 averaged: 2382.61 (top score: 7244)
Nets of generation 40 averaged: 2418.36 (top score: 10192)
Nets of generation 41 averaged: 2397.34 (top score: 11468)
Nets of generation 42 averaged: 2390.18 (top score: 8756)
Nets of generation 43 averaged: 2361.82 (top score: 7924)
Nets of generation 44 averaged: 2401.05 (top score: 8012)
Nets of generation 45 averaged: 2397.64 (top score: 7552)
Nets of generation 46 averaged: 2315.69 (top score: 10196)
Nets of generation 47 averaged: 2335.22 (top score: 8776)
Nets of generation 48 averaged: 2398.49 (top score: 7852)
Nets of generation 49 averaged: 2394.24 (top score: 8800)
Nets of generation 50 averaged: 2479.82 (top score: 12232)
Nets of generation 51 averaged: 2501.1 (top score: 9784)
Nets of generation 52 averaged: 2428.62 (top score: 9548)
Nets of generation 53 averaged: 2351.67 (top score: 7352)
Nets of generation 54 averaged: 2441.08 (top score: 11416)
Nets of generation 55 averaged: 2441.27 (top score: 7468)
Nets of generation 56 averaged: 2478.06 (top score: 8504)
Nets of generation 57 averaged: 2504.16 (top score: 9928)
Nets of generation 58 averaged: 2468.77 (top score: 11968)
Nets of generation 59 averaged: 2440.64 (top score: 8124)
Nets of generation 60 averaged: 2371.8 (top score: 8352)
Nets of generation 61 averaged: 2406.16 (top score: 11924)
Nets of generation 62 averaged: 2565.9 (top score: 10548)
Nets of generation 63 averaged: 2535.07 (top score: 8648)
Nets of generation 64 averaged: 2423.24 (top score: 10872)
Nets of generation 65 averaged: 2546.12 (top score: 11108)
Nets of generation 66 averaged: 2499.7 (top score: 8120)
Nets of generation 67 averaged: 2508.45 (top score: 10668)
Nets of generation 68 averaged: 2533.44 (top score: 11568)
Nets of generation 69 averaged: 2586.18 (top score: 10396)
Nets of generation 70 averaged: 2512.22 (top score: 13164)
Nets of generation 71 averaged: 2547.18 (top score: 7428)
Nets of generation 72 averaged: 2704.56 (top score: 16312)
Nets of generation 73 averaged: 2597.75 (top score: 12264)
Nets of generation 74 averaged: 2581.38 (top score: 10588)
Nets of generation 75 averaged: 2555.81 (top score: 10756)
Nets of generation 76 averaged: 2562.39 (top score: 8928)
Nets of generation 77 averaged: 2612.83 (top score: 10508)
Nets of generation 78 averaged: 2646.36 (top score: 7868)
Nets of generation 79 averaged: 2660.52 (top score: 10108)
Nets of generation 80 averaged: 2569.73 (top score: 8124)
Nets of generation 81 averaged: 2568 (top score: 10032)
Nets of generation 82 averaged: 2653.32 (top score: 10420)
Nets of generation 83 averaged: 2673.55 (top score: 8444)
Nets of generation 84 averaged: 2595.48 (top score: 8096)
Nets of generation 85 averaged: 2648.9 (top score: 11732)
Nets of generation 86 averaged: 2612.24 (top score: 12068)
Nets of generation 87 averaged: 2564.16 (top score: 11300)
Nets of generation 88 averaged: 2701.71 (top score: 11568)
Nets of generation 89 averaged: 2651.3 (top score: 11516)
Nets of generation 90 averaged: 2646.57 (top score: 7568)
Nets of generation 91 averaged: 2592.52 (top score: 7892)
Nets of generation 92 averaged: 2626.95 (top score: 9444)
Nets of generation 93 averaged: 2701.16 (top score: 10492)
Nets of generation 94 averaged: 2653.91 (top score: 10700)
Nets of generation 95 averaged: 2730.85 (top score: 9916)
Nets of generation 96 averaged: 2775.85 (top score: 7932)
Nets of generation 97 averaged: 2749.45 (top score: 11800)
Nets of generation 98 averaged: 2794.24 (top score: 12204)
Nets of generation 99 averaged: 2728.36 (top score: 10568)
Nets of generation 100 averaged: 2832.06 (top score: 14988)
Nets of generation 101 averaged: 2799.47 (top score: 12608)
Nets of generation 102 averaged: 2740.86 (top score: 9764)
Nets of generation 103 averaged: 2751.66 (top score: 11456)
Nets of generation 104 averaged: 2778.37 (top score: 10596)
Nets of generation 105 averaged: 2808.03 (top score: 10684)
Nets of generation 106 averaged: 2804.44 (top score: 10036)
Nets of generation 107 averaged: 2809.74 (top score: 10520)
Nets of generation 108 averaged: 2913.68 (top score: 12208)
Nets of generation 109 averaged: 2816.98 (top score: 11700)
Nets of generation 110 averaged: 2865.74 (top score: 11384)
Nets of generation 111 averaged: 2895.95 (top score: 12376)
Nets of generation 112 averaged: 2755.72 (top score: 14524)
Nets of generation 113 averaged: 2883.45 (top score: 12280)
Nets of generation 114 averaged: 2734.12 (top score: 12264)
Nets of generation 115 averaged: 2751.96 (top score: 11364)
Nets of generation 116 averaged: 2786.2 (top score: 11580)
Nets of generation 117 averaged: 2790.1 (top score: 11464)
Nets of generation 118 averaged: 2840.08 (top score: 10440)
Nets of generation 119 averaged: 2867.42 (top score: 11936)
Nets of generation 120 averaged: 2897.9 (top score: 10532)
Nets of generation 121 averaged: 2912.89 (top score: 10516)
Nets of generation 122 averaged: 2917.51 (top score: 8776)
Nets of generation 123 averaged: 3042.08 (top score: 14228)
Nets of generation 124 averaged: 2928.82 (top score: 11608)
Nets of generation 125 averaged: 2905.28 (top score: 14168)
Nets of generation 126 averaged: 3020.08 (top score: 12624)
Nets of generation 127 averaged: 3055.03 (top score: 12968)
Nets of generation 128 averaged: 3053.62 (top score: 14328)
Nets of generation 129 averaged: 3141.43 (top score: 13232)
Nets of generation 130 averaged: 3053.18 (top score: 11268)
Nets of generation 131 averaged: 3046.95 (top score: 12768)
Nets of generation 132 averaged: 3155.67 (top score: 14372)
Nets of generation 133 averaged: 3105.35 (top score: 10824)
Nets of generation 134 averaged: 3210.6 (top score: 12352)
Nets of generation 135 averaged: 3003.39 (top score: 14476)
Nets of generation 136 averaged: 3073.79 (top score: 14764)
Nets of generation 137 averaged: 3089.52 (top score: 12528)
Nets of generation 138 averaged: 3143.88 (top score: 10756)
Nets of generation 139 averaged: 3081.34 (top score: 10692)
Nets of generation 140 averaged: 3083.7 (top score: 14452)
Nets of generation 141 averaged: 3085.24 (top score: 11916)
Nets of generation 142 averaged: 3070.25 (top score: 11928)
Nets of generation 143 averaged: 3149.2 (top score: 12628)
Nets of generation 144 averaged: 3051.5 (top score: 12392)
Nets of generation 145 averaged: 3076.66 (top score: 12132)
Nets of generation 146 averaged: 3074.24 (top score: 12752)
Nets of generation 147 averaged: 2984.1 (top score: 11748)
Nets of generation 148 averaged: 2956.82 (top score: 11188)
Nets of generation 149 averaged: 3049.85 (top score: 10912)
Nets of generation 150 averaged: 3194.46 (top score: 10544)
Nets of generation 151 averaged: 3168.46 (top score: 15484)
Nets of generation 152 averaged: 2993.76 (top score: 12092)
Nets of generation 153 averaged: 3210.64 (top score: 12324)
Nets of generation 154 averaged: 3147.76 (top score: 14392)
Nets of generation 155 averaged: 3117.4 (top score: 12092)
Nets of generation 156 averaged: 3054.04 (top score: 12612)
Nets of generation 157 averaged: 3035.1 (top score: 12984)
Nets of generation 158 averaged: 3115.61 (top score: 15380)
Nets of generation 159 averaged: 3223.32 (top score: 13020)
Nets of generation 160 averaged: 3210.08 (top score: 12984)
Nets of generation 161 averaged: 3261.44 (top score: 14256)
Nets of generation 162 averaged: 3297.54 (top score: 14376)
Nets of generation 163 averaged: 3246.58 (top score: 13112)
Nets of generation 164 averaged: 3308.62 (top score: 16348)
Nets of generation 165 averaged: 3258.41 (top score: 13352)
Nets of generation 166 averaged: 3175.72 (top score: 11892)
Nets of generation 167 averaged: 3303.41 (top score: 16216)
Nets of generation 168 averaged: 3312 (top score: 16384)
Nets of generation 169 averaged: 3267.92 (top score: 11748)
Nets of generation 170 averaged: 3184.04 (top score: 12444)
Nets of generation 171 averaged: 3177.9 (top score: 12900)
Nets of generation 172 averaged: 3314.52 (top score: 14232)
Nets of generation 173 averaged: 3256.12 (top score: 12680)
Nets of generation 174 averaged: 3275.26 (top score: 15332)
Nets of generation 175 averaged: 3300.63 (top score: 12364)
Nets of generation 176 averaged: 3289.13 (top score: 12188)
Nets of generation 177 averaged: 3251.92 (top score: 13380)
Nets of generation 178 averaged: 3256.8 (top score: 11272)
Nets of generation 179 averaged: 3473.99 (top score: 17124)
Nets of generation 180 averaged: 3206.04 (top score: 13844)
Nets of generation 181 averaged: 3238.6 (top score: 14044)
Nets of generation 182 averaged: 3367.8 (top score: 17116)
Nets of generation 183 averaged: 3306.65 (top score: 13600)
Nets of generation 184 averaged: 3346.2 (top score: 11684)
Nets of generation 185 averaged: 3427.32 (top score: 14640)
Nets of generation 186 averaged: 3201.24 (top score: 14236)
Nets of generation 187 averaged: 3261.89 (top score: 12768)
Nets of generation 188 averaged: 3390.68 (top score: 16236)
Nets of generation 189 averaged: 3320.2 (top score: 15192)
Nets of generation 190 averaged: 3300.91 (top score: 13816)
Nets of generation 191 averaged: 3316.63 (top score: 13520)
Nets of generation 192 averaged: 3354.07 (top score: 13712)
Nets of generation 193 averaged: 3335.54 (top score: 12624)
Nets of generation 194 averaged: 3409.54 (top score: 13448)
Nets of generation 195 averaged: 3343.2 (top score: 15828)
Nets of generation 196 averaged: 3229.08 (top score: 14740)
Nets of generation 197 averaged: 3259.89 (top score: 12344)
Nets of generation 198 averaged: 3219.12 (top score: 14104)
Nets of generation 199 averaged: 3180.83 (top score: 12548)
Nets of generation 200 averaged: 3237.78 (top score: 12840)
Nets of generation 201 averaged: 3288.38 (top score: 14788)
Nets of generation 202 averaged: 3278.24 (top score: 15804)
Nets of generation 203 averaged: 3184.03 (top score: 13588)
Nets of generation 204 averaged: 3297.84 (top score: 15760)
Nets of generation 205 averaged: 3272.13 (top score: 14196)
Nets of generation 206 averaged: 3370.35 (top score: 12796)
Nets of generation 207 averaged: 3321.05 (top score: 14348)
Nets of generation 208 averaged: 3375.69 (top score: 15084)
Nets of generation 209 averaged: 3306.64 (top score: 15224)
Nets of generation 210 averaged: 3372 (top score: 15372)
Nets of generation 211 averaged: 3399.58 (top score: 12452)
Nets of generation 212 averaged: 3309.53 (top score: 12164)
Nets of generation 213 averaged: 3477.7 (top score: 14744)
Nets of generation 214 averaged: 3419.78 (top score: 13648)
Nets of generation 215 averaged: 3489.09 (top score: 15380)
Nets of generation 216 averaged: 3430 (top score: 15348)
Nets of generation 217 averaged: 3566.74 (top score: 16380)
Nets of generation 218 averaged: 3581.62 (top score: 13792)
Nets of generation 219 averaged: 3456.51 (top score: 20676)
Nets of generation 220 averaged: 3476.06 (top score: 16356)
Nets of generation 221 averaged: 3573.14 (top score: 14464)
Nets of generation 222 averaged: 3516.15 (top score: 16276)
Nets of generation 223 averaged: 3655.03 (top score: 14852)
Nets of generation 224 averaged: 3640.77 (top score: 15340)
Nets of generation 225 averaged: 3460.8 (top score: 16320)
Nets of generation 226 averaged: 3485.76 (top score: 15184)
Nets of generation 227 averaged: 3590.84 (top score: 12640)
Nets of generation 228 averaged: 3568.03 (top score: 12292)
Nets of generation 229 averaged: 3659.05 (top score: 15956)
Nets of generation 230 averaged: 3483.2 (top score: 12380)
Nets of generation 231 averaged: 3543.15 (top score: 14532)
Nets of generation 232 averaged: 3594.48 (top score: 15528)
Nets of generation 233 averaged: 3390.67 (top score: 14456)
Nets of generation 234 averaged: 3479.65 (top score: 13944)
Nets of generation 235 averaged: 3472.43 (top score: 11928)
Nets of generation 236 averaged: 3481.12 (top score: 12876)
Nets of generation 237 averaged: 3516.6 (top score: 12124)
Nets of generation 238 averaged: 3359.52 (top score: 14416)
Nets of generation 239 averaged: 3505.12 (top score: 12676)
Nets of generation 240 averaged: 3597.9 (top score: 13380)
Nets of generation 241 averaged: 3568.5 (top score: 13484)
Nets of generation 242 averaged: 3634.95 (top score: 14156)
Nets of generation 243 averaged: 3484.45 (top score: 14332)
Nets of generation 244 averaged: 3650.14 (top score: 12100)
Nets of generation 245 averaged: 3489.09 (top score: 14788)
Nets of generation 246 averaged: 3504.12 (top score: 12564)
Nets of generation 247 averaged: 3432.87 (top score: 14308)
Nets of generation 248 averaged: 3524.09 (top score: 13956)
Nets of generation 249 averaged: 3596.28 (top score: 15304)
Nets of generation 250 averaged: 3580.17 (top score: 16128)
Nets of generation 251 averaged: 3586.19 (top score: 13720)
Nets of generation 252 averaged: 3382.43 (top score: 15460)
Nets of generation 253 averaged: 3451.76 (top score: 13752)
Nets of generation 254 averaged: 3406.03 (top score: 13700)
Nets of generation 255 averaged: 3327.66 (top score: 12408)
Nets of generation 256 averaged: 3450.18 (top score: 15912)
Nets of generation 257 averaged: 3427.4 (top score: 12376)
Nets of generation 258 averaged: 3405.63 (top score: 12576)
Nets of generation 259 averaged: 3542.61 (top score: 13240)
Nets of generation 260 averaged: 3567.26 (top score: 14444)
Nets of generation 261 averaged: 3554.05 (top score: 14480)
Nets of generation 262 averaged: 3581.32 (top score: 16412)
Nets of generation 263 averaged: 3581.88 (top score: 12740)
Nets of generation 264 averaged: 3537.6 (top score: 12096)
Nets of generation 265 averaged: 3571.12 (top score: 13552)
Nets of generation 266 averaged: 3473.6 (top score: 14064)
Nets of generation 267 averaged: 3440.18 (top score: 12668)
Nets of generation 268 averaged: 3504.34 (top score: 15520)
Nets of generation 269 averaged: 3403.58 (top score: 14084)
Nets of generation 270 averaged: 3420.4 (top score: 14096)
Nets of generation 271 averaged: 3551.56 (top score: 12660)
Nets of generation 272 averaged: 3463.22 (top score: 14064)
Nets of generation 273 averaged: 3495.77 (top score: 13200)
Nets of generation 274 averaged: 3522.03 (top score: 14136)
Nets of generation 275 averaged: 3489.72 (top score: 14208)
Nets of generation 276 averaged: 3530.24 (top score: 12060)
Nets of generation 277 averaged: 3469.61 (top score: 14788)
Nets of generation 278 averaged: 3398.13 (top score: 15632)
Nets of generation 279 averaged: 3443.17 (top score: 12748)
Nets of generation 280 averaged: 3368.58 (top score: 14772)
Nets of generation 281 averaged: 3535.9 (top score: 16420)
Nets of generation 282 averaged: 3529.23 (top score: 14484)
Nets of generation 283 averaged: 3504.61 (top score: 15488)
Nets of generation 284 averaged: 3539.03 (top score: 12536)
Nets of generation 285 averaged: 3631.67 (top score: 13868)
Nets of generation 286 averaged: 3518 (top score: 12908)
Nets of generation 287 averaged: 3454.96 (top score: 13896)
Nets of generation 288 averaged: 3541.66 (top score: 16448)
Nets of generation 289 averaged: 3396.81 (top score: 11608)
Nets of generation 290 averaged: 3537.92 (top score: 15516)
Nets of generation 291 averaged: 3444.79 (top score: 15800)
Nets of generation 292 averaged: 3445.24 (top score: 13632)
Nets of generation 293 averaged: 3491.75 (top score: 13872)
Nets of generation 294 averaged: 3498.42 (top score: 13204)
Nets of generation 295 averaged: 3418.93 (top score: 13448)
Nets of generation 296 averaged: 3426.91 (top score: 16016)
Nets of generation 297 averaged: 3458.91 (top score: 13668)
Nets of generation 298 averaged: 3360.38 (top score: 14492)
Nets of generation 299 averaged: 3363.48 (top score: 12696)
Nets of generation 300 averaged: 3441.39 (top score: 11912)
Nets of generation 301 averaged: 3290.54 (top score: 10960)
Nets of generation 302 averaged: 3482.54 (top score: 16544)
Nets of generation 303 averaged: 3542.9 (top score: 14564)
Nets of generation 304 averaged: 3587.66 (top score: 13616)
Nets of generation 305 averaged: 3567.74 (top score: 14364)
Nets of generation 306 averaged: 3491.58 (top score: 14348)
Nets of generation 307 averaged: 3436.39 (top score: 14632)
Nets of generation 308 averaged: 3423.27 (top score: 15444)
Nets of generation 309 averaged: 3503.2 (top score: 12796)
Nets of generation 310 averaged: 3641.62 (top score: 14636)
Nets of generation 311 averaged: 3558.83 (top score: 14380)
Nets of generation 312 averaged: 3560.08 (top score: 14664)
Nets of generation 313 averaged: 3390.16 (top score: 12712)
Nets of generation 314 averaged: 3587.39 (top score: 12340)
Nets of generation 315 averaged: 3601.77 (top score: 12440)
Nets of generation 316 averaged: 3645.23 (top score: 12500)
Nets of generation 317 averaged: 3567.81 (top score: 15476)
Nets of generation 318 averaged: 3560.89 (top score: 12232)
Nets of generation 319 averaged: 3626.49 (top score: 16352)
Nets of generation 320 averaged: 3590.85 (top score: 12216)
Nets of generation 321 averaged: 3555.71 (top score: 13208)
Nets of generation 322 averaged: 3483.72 (top score: 14348)
Nets of generation 323 averaged: 3420.68 (top score: 12316)
Nets of generation 324 averaged: 3465.2 (top score: 14332)
Nets of generation 325 averaged: 3641.86 (top score: 12616)
Nets of generation 326 averaged: 3404.52 (top score: 14440)
Nets of generation 327 averaged: 3625.99 (top score: 13492)
Nets of generation 328 averaged: 3681.48 (top score: 14168)
Nets of generation 329 averaged: 3589.41 (top score: 15404)
Nets of generation 330 averaged: 3728.09 (top score: 15212)
Nets of generation 331 averaged: 3677.48 (top score: 13084)
Nets of generation 332 averaged: 3529.96 (top score: 14932)
Nets of generation 333 averaged: 3565.72 (top score: 14060)
Nets of generation 334 averaged: 3691.77 (top score: 13912)
Nets of generation 335 averaged: 3653.35 (top score: 14016)
Nets of generation 336 averaged: 3549.26 (top score: 13620)
Nets of generation 337 averaged: 3543.81 (top score: 14916)
Nets of generation 338 averaged: 3519.45 (top score: 14464)
Nets of generation 339 averaged: 3554.47 (top score: 12532)
Nets of generation 340 averaged: 3418.71 (top score: 12088)
Nets of generation 341 averaged: 3369.41 (top score: 12524)
Nets of generation 342 averaged: 3406.42 (top score: 11452)
Nets of generation 343 averaged: 3484.97 (top score: 11792)
Nets of generation 344 averaged: 3465.3 (top score: 16240)
Nets of generation 345 averaged: 3447.11 (top score: 12488)
Nets of generation 346 averaged: 3513.49 (top score: 11952)
Nets of generation 347 averaged: 3525.8 (top score: 13728)
Nets of generation 348 averaged: 3378.84 (top score: 11736)
Nets of generation 349 averaged: 3468.24 (top score: 12936)
Nets of generation 350 averaged: 3408.99 (top score: 12276)
Nets of generation 351 averaged: 3494.61 (top score: 14516)
Nets of generation 352 averaged: 3539.41 (top score: 12824)
Nets of generation 353 averaged: 3401.8 (top score: 13888)
Nets of generation 354 averaged: 3562.22 (top score: 12232)
Nets of generation 355 averaged: 3451.4 (top score: 14332)
Nets of generation 356 averaged: 3543.19 (top score: 14416)
Nets of generation 357 averaged: 3576.08 (top score: 14204)
Nets of generation 358 averaged: 3527.52 (top score: 14524)
Nets of generation 359 averaged: 3525.37 (top score: 12380)
Nets of generation 360 averaged: 3427.9 (top score: 14768)
Nets of generation 361 averaged: 3404.34 (top score: 12876)
Nets of generation 362 averaged: 3423.25 (top score: 12004)
Nets of generation 363 averaged: 3461.05 (top score: 14184)
Nets of generation 364 averaged: 3358.58 (top score: 13640)
Nets of generation 365 averaged: 3319.98 (top score: 12280)
Nets of generation 366 averaged: 3437.19 (top score: 14408)
Nets of generation 367 averaged: 3481.18 (top score: 12272)
Nets of generation 368 averaged: 3488.86 (top score: 13156)
Nets of generation 369 averaged: 3474.89 (top score: 14540)
Nets of generation 370 averaged: 3323.29 (top score: 11848)
Nets of generation 371 averaged: 3399.37 (top score: 13120)
Nets of generation 372 averaged: 3432.82 (top score: 12356)
Nets of generation 373 averaged: 3539.87 (top score: 13320)
Nets of generation 374 averaged: 3404.17 (top score: 14388)
Nets of generation 375 averaged: 3374.29 (top score: 12180)
Nets of generation 376 averaged: 3592.41 (top score: 14396)
Nets of generation 377 averaged: 3447.55 (top score: 12708)
Nets of generation 378 averaged: 3440.44 (top score: 12312)
Nets of generation 379 averaged: 3384.92 (top score: 12784)
Nets of generation 380 averaged: 3412.58 (top score: 12316)
Nets of generation 381 averaged: 3433.17 (top score: 12164)
Nets of generation 382 averaged: 3411.87 (top score: 14992)
Nets of generation 383 averaged: 3507.96 (top score: 14012)
Nets of generation 384 averaged: 3404.75 (top score: 15388)
Nets of generation 385 averaged: 3373.72 (top score: 12620)
Nets of generation 386 averaged: 3361.89 (top score: 15892)
Nets of generation 387 averaged: 3459.54 (top score: 12008)
Nets of generation 388 averaged: 3371.21 (top score: 13720)
Nets of generation 389 averaged: 3389.14 (top score: 12056)
Nets of generation 390 averaged: 3352.42 (top score: 12764)
Nets of generation 391 averaged: 3454.89 (top score: 12732)
Nets of generation 392 averaged: 3557.07 (top score: 12616)
Nets of generation 393 averaged: 3384.75 (top score: 13584)
Nets of generation 394 averaged: 3261.88 (top score: 14728)
Nets of generation 395 averaged: 3334.64 (top score: 13116)
Nets of generation 396 averaged: 3351.8 (top score: 12900)
Nets of generation 397 averaged: 3213.31 (top score: 10448)
Nets of generation 398 averaged: 3450.58 (top score: 12516)
Nets of generation 399 averaged: 3325.48 (top score: 11776)
Nets of generation 400 averaged: 3526.84 (top score: 13212)
Nets of generation 401 averaged: 3312.92 (top score: 14724)
Nets of generation 402 averaged: 3359.81 (top score: 12904)
Nets of generation 403 averaged: 3287.11 (top score: 12828)
Nets of generation 404 averaged: 3421.42 (top score: 12580)
Nets of generation 405 averaged: 3480.31 (top score: 16316)
Nets of generation 406 averaged: 3398.4 (top score: 15820)
Nets of generation 407 averaged: 3368.16 (top score: 11744)
Nets of generation 408 averaged: 3411.32 (top score: 12900)
Nets of generation 409 averaged: 3403.11 (top score: 12840)
Nets of generation 410 averaged: 3306.08 (top score: 12520)
Nets of generation 411 averaged: 3464.26 (top score: 12776)
Nets of generation 412 averaged: 3397.39 (top score: 12192)
Nets of generation 413 averaged: 3381.46 (top score: 13224)
Nets of generation 414 averaged: 3378.81 (top score: 13728)
Nets of generation 415 averaged: 3472.47 (top score: 12580)
Nets of generation 416 averaged: 3317.1 (top score: 13416)
Nets of generation 417 averaged: 3266.86 (top score: 14048)
Nets of generation 418 averaged: 3356.2 (top score: 15516)
Nets of generation 419 averaged: 3396.94 (top score: 12252)
Nets of generation 420 averaged: 3299.46 (top score: 15236)
Nets of generation 421 averaged: 3308.72 (top score: 11584)
Nets of generation 422 averaged: 3315.74 (top score: 12568)
Nets of generation 423 averaged: 3270.18 (top score: 10780)
Nets of generation 424 averaged: 3364.1 (top score: 16056)
Nets of generation 425 averaged: 3381.18 (top score: 14380)
Nets of generation 426 averaged: 3298.53 (top score: 11548)
Nets of generation 427 averaged: 3469.93 (top score: 15580)
Nets of generation 428 averaged: 3434.81 (top score: 12572)
Nets of generation 429 averaged: 3435.38 (top score: 12328)
Nets of generation 430 averaged: 3435.13 (top score: 12144)
Nets of generation 431 averaged: 3580.4 (top score: 12668)
Nets of generation 432 averaged: 3544.75 (top score: 13728)
Nets of generation 433 averaged: 3413.18 (top score: 14232)
Nets of generation 434 averaged: 3498.43 (top score: 14636)
Nets of generation 435 averaged: 3649.12 (top score: 14252)
Nets of generation 436 averaged: 3627.5 (top score: 14628)
Nets of generation 437 averaged: 3460.71 (top score: 12524)
Nets of generation 438 averaged: 3729.29 (top score: 15044)
Nets of generation 439 averaged: 3539.19 (top score: 14104)
Nets of generation 440 averaged: 3656.2 (top score: 12440)
Nets of generation 441 averaged: 3573.03 (top score: 12816)
Nets of generation 442 averaged: 3564.27 (top score: 14100)
Nets of generation 443 averaged: 3583.49 (top score: 14316)
Nets of generation 444 averaged: 3577.04 (top score: 13544)
Nets of generation 445 averaged: 3593.16 (top score: 12488)
Nets of generation 446 averaged: 3489.21 (top score: 12352)
Nets of generation 447 averaged: 3554.85 (top score: 14392)
Nets of generation 448 averaged: 3451.72 (top score: 13660)
Nets of generation 449 averaged: 3627.1 (top score: 14468)
Nets of generation 450 averaged: 3462.79 (top score: 12328)
Nets of generation 451 averaged: 3671.62 (top score: 14672)
Nets of generation 452 averaged: 3648.73 (top score: 12224)
Nets of generation 453 averaged: 3706.64 (top score: 14540)
Nets of generation 454 averaged: 3792.52 (top score: 14480)
Nets of generation 455 averaged: 3797.03 (top score: 16220)
Nets of generation 456 averaged: 3817.85 (top score: 15212)
Nets of generation 457 averaged: 3714.79 (top score: 16052)
Nets of generation 458 averaged: 3758.33 (top score: 15224)
Nets of generation 459 averaged: 3779.69 (top score: 12404)
Nets of generation 460 averaged: 3762.52 (top score: 15280)
Nets of generation 461 averaged: 3680.89 (top score: 14592)
Nets of generation 462 averaged: 3643.92 (top score: 12848)
Nets of generation 463 averaged: 3642.63 (top score: 16292)
Nets of generation 464 averaged: 3736.56 (top score: 12408)
Nets of generation 465 averaged: 3679.6 (top score: 12420)
Nets of generation 466 averaged: 3606.45 (top score: 13656)
Nets of generation 467 averaged: 3556.59 (top score: 12248)
Nets of generation 468 averaged: 3678.28 (top score: 13048)
Nets of generation 469 averaged: 3698.73 (top score: 12484)
Nets of generation 470 averaged: 3677.39 (top score: 12412)
Nets of generation 471 averaged: 3723.92 (top score: 15588)
Nets of generation 472 averaged: 3848.94 (top score: 16360)
Nets of generation 473 averaged: 3674.13 (top score: 14596)
Nets of generation 474 averaged: 3769.62 (top score: 11572)
Nets of generation 475 averaged: 3667.65 (top score: 14372)
Nets of generation 476 averaged: 3643.12 (top score: 15952)
Nets of generation 477 averaged: 3568.67 (top score: 12648)
Nets of generation 478 averaged: 3671.79 (top score: 14536)
Nets of generation 479 averaged: 3716.88 (top score: 12368)
Nets of generation 480 averaged: 3718.24 (top score: 16012)
Nets of generation 481 averaged: 3611.85 (top score: 16308)
Nets of generation 482 averaged: 3691.96 (top score: 12632)
Nets of generation 483 averaged: 3692.47 (top score: 12064)
Nets of generation 484 averaged: 3776.28 (top score: 14416)
Nets of generation 485 averaged: 3580.68 (top score: 11924)
Nets of generation 486 averaged: 3612.93 (top score: 15292)
Nets of generation 487 averaged: 3541.36 (top score: 14428)
Nets of generation 488 averaged: 3596.69 (top score: 14136)
Nets of generation 489 averaged: 3711.17 (top score: 15584)
Nets of generation 490 averaged: 3709.3 (top score: 14236)
Nets of generation 491 averaged: 3539.69 (top score: 12508)
Nets of generation 492 averaged: 3545.44 (top score: 14220)
Nets of generation 493 averaged: 3570.71 (top score: 13876)
Nets of generation 494 averaged: 3563.1 (top score: 22792)
Nets of generation 495 averaged: 3538.74 (top score: 13900)
Nets of generation 496 averaged: 3531.89 (top score: 12476)
Nets of generation 497 averaged: 3527.93 (top score: 16220)
Nets of generation 498 averaged: 3400.39 (top score: 11656)
Nets of generation 499 averaged: 3732.2 (top score: 14292)
Nets of generation 500 averaged: 3444.82 (top score: 14556)
Nets of generation 501 averaged: 3494.96 (top score: 15284)
Nets of generation 502 averaged: 3574.44 (top score: 12856)
Nets of generation 503 averaged: 3605.01 (top score: 14296)
Nets of generation 504 averaged: 3513.72 (top score: 12488)
Nets of generation 505 averaged: 3589.97 (top score: 15548)
Nets of generation 506 averaged: 3727.64 (top score: 14016)
Nets of generation 507 averaged: 3630.55 (top score: 14828)
Nets of generation 508 averaged: 3699.23 (top score: 16224)
Nets of generation 509 averaged: 3638.41 (top score: 12256)
Nets of generation 510 averaged: 3700.52 (top score: 12712)
Nets of generation 511 averaged: 3600.64 (top score: 15008)
Nets of generation 512 averaged: 3695.87 (top score: 12880)
Nets of generation 513 averaged: 3606.96 (top score: 12016)
Nets of generation 514 averaged: 3563.5 (top score: 12272)
Nets of generation 515 averaged: 3493.54 (top score: 14404)
Nets of generation 516 averaged: 3552.42 (top score: 12364)
Nets of generation 517 averaged: 3455.53 (top score: 12972)
Nets of generation 518 averaged: 3663.88 (top score: 15176)
Nets of generation 519 averaged: 3623.48 (top score: 12552)
Nets of generation 520 averaged: 3468.08 (top score: 14440)
Nets of generation 521 averaged: 3643.74 (top score: 12556)
Nets of generation 522 averaged: 3541.92 (top score: 12340)
Nets of generation 523 averaged: 3619.09 (top score: 12916)
Nets of generation 524 averaged: 3566.77 (top score: 12212)
Nets of generation 525 averaged: 3564.56 (top score: 16392)
Nets of generation 526 averaged: 3532.96 (top score: 12800)
Nets of generation 527 averaged: 3567.19 (top score: 13340)
Nets of generation 528 averaged: 3458.36 (top score: 13804)
Nets of generation 529 averaged: 3558.37 (top score: 14884)
Nets of generation 530 averaged: 3459.44 (top score: 13736)
Nets of generation 531 averaged: 3555.14 (top score: 15352)
Nets of generation 532 averaged: 3379.73 (top score: 14604)
Nets of generation 533 averaged: 3353.47 (top score: 15376)
Nets of generation 534 averaged: 3614.01 (top score: 13896)
Nets of generation 535 averaged: 3386.23 (top score: 13172)
Nets of generation 536 averaged: 3555.78 (top score: 14304)
Nets of generation 537 averaged: 3572.72 (top score: 15036)
Nets of generation 538 averaged: 3806.36 (top score: 14940)
Nets of generation 539 averaged: 3613.78 (top score: 12720)
Nets of generation 540 averaged: 3540.61 (top score: 14040)
Nets of generation 541 averaged: 3525.87 (top score: 11648)
Nets of generation 542 averaged: 3537.08 (top score: 14128)
Nets of generation 543 averaged: 3555.51 (top score: 11840)
Nets of generation 544 averaged: 3812.24 (top score: 14496)
Nets of generation 545 averaged: 3696.8 (top score: 14896)
Nets of generation 546 averaged: 3521.54 (top score: 14224)
Nets of generation 547 averaged: 3608.32 (top score: 14736)
Nets of generation 548 averaged: 3505.21 (top score: 12328)
Nets of generation 549 averaged: 3619.33 (top score: 15572)
Nets of generation 550 averaged: 3539.17 (top score: 14516)
Nets of generation 551 averaged: 3695.81 (top score: 15428)
Nets of generation 552 averaged: 3746.76 (top score: 14072)
Nets of generation 553 averaged: 3772.23 (top score: 13872)
Nets of generation 554 averaged: 3716.38 (top score: 14412)
Nets of generation 555 averaged: 3876.78 (top score: 13804)
Nets of generation 556 averaged: 3709.65 (top score: 16364)
Nets of generation 557 averaged: 3610.86 (top score: 14544)
Nets of generation 558 averaged: 3716.28 (top score: 14592)
Nets of generation 559 averaged: 3641.06 (top score: 12236)
Nets of generation 560 averaged: 3694.23 (top score: 14384)
Nets of generation 561 averaged: 3680.45 (top score: 15960)
Nets of generation 562 averaged: 3677.05 (top score: 12604)
Nets of generation 563 averaged: 3674.85 (top score: 14404)
Nets of generation 564 averaged: 3603.44 (top score: 14568)
Nets of generation 565 averaged: 3721.04 (top score: 14412)
Nets of generation 566 averaged: 3707.53 (top score: 13932)
Nets of generation 567 averaged: 3767.8 (top score: 15612)
Nets of generation 568 averaged: 3649.94 (top score: 16100)
Nets of generation 569 averaged: 3717.18 (top score: 14740)
Nets of generation 570 averaged: 3747.32 (top score: 13344)
Nets of generation 571 averaged: 3723.48 (top score: 14384)
Nets of generation 572 averaged: 3853.48 (top score: 14788)
Nets of generation 573 averaged: 3763.28 (top score: 16220)
Nets of generation 574 averaged: 3733.66 (top score: 13808)
Nets of generation 575 averaged: 3732.18 (top score: 16092)
Nets of generation 576 averaged: 3645.31 (top score: 15656)
Nets of generation 577 averaged: 3752.42 (top score: 16612)
Nets of generation 578 averaged: 3717.3 (top score: 15300)
Nets of generation 579 averaged: 3778.85 (top score: 15648)
Nets of generation 580 averaged: 3800.64 (top score: 14292)
Nets of generation 581 averaged: 3612.65 (top score: 14684)
Nets of generation 582 averaged: 3695.12 (top score: 14524)
Nets of generation 583 averaged: 3692.26 (top score: 12324)
Nets of generation 584 averaged: 3744.72 (top score: 17356)
Nets of generation 585 averaged: 3703.2 (top score: 14104)
Nets of generation 586 averaged: 3704.23 (top score: 15296)
Nets of generation 587 averaged: 3657.35 (top score: 14588)
Nets of generation 588 averaged: 3709.94 (top score: 14448)
Nets of generation 589 averaged: 3748.52 (top score: 17504)
Nets of generation 590 averaged: 3662.68 (top score: 12356)
Nets of generation 591 averaged: 3785.86 (top score: 20972)
Nets of generation 592 averaged: 3601.13 (top score: 16216)
Nets of generation 593 averaged: 3728.32 (top score: 16128)
Nets of generation 594 averaged: 3716.57 (top score: 12928)
Nets of generation 595 averaged: 3580.26 (top score: 14572)
Nets of generation 596 averaged: 3705.33 (top score: 13832)
Nets of generation 597 averaged: 3648.01 (top score: 12212)
Nets of generation 598 averaged: 3751.92 (top score: 13740)
Nets of generation 599 averaged: 3733.51 (top score: 16140)
Nets of generation 600 averaged: 3691.22 (top score: 12588)
Nets of generation 601 averaged: 3663.44 (top score: 15452)
Nets of generation 602 averaged: 3671.71 (top score: 14488)
Nets of generation 603 averaged: 3819.78 (top score: 15652)
Nets of generation 604 averaged: 3512.69 (top score: 12224)
Nets of generation 605 averaged: 3696.28 (top score: 14704)
Nets of generation 606 averaged: 3596.06 (top score: 14028)
Nets of generation 607 averaged: 3588.3 (top score: 14020)
Nets of generation 608 averaged: 3703.64 (top score: 14692)
Nets of generation 609 averaged: 3657.37 (top score: 13088)
Nets of generation 610 averaged: 3688.51 (top score: 13052)
Nets of generation 611 averaged: 3706.26 (top score: 13460)
Nets of generation 612 averaged: 3632.74 (top score: 12496)
Nets of generation 613 averaged: 3759.57 (top score: 15156)
Nets of generation 614 averaged: 3753.7 (top score: 14388)
Nets of generation 615 averaged: 3745.56 (top score: 15536)
Nets of generation 616 averaged: 3691.48 (top score: 12292)
Nets of generation 617 averaged: 3495.82 (top score: 14708)
Nets of generation 618 averaged: 3693.73 (top score: 14604)
Nets of generation 619 averaged: 3674.52 (top score: 14696)
Nets of generation 620 averaged: 3657.23 (top score: 13332)
Nets of generation 621 averaged: 3510.55 (top score: 16216)
Nets of generation 622 averaged: 3466.3 (top score: 14568)
Nets of generation 623 averaged: 3535.87 (top score: 14612)
Nets of generation 624 averaged: 3467.19 (top score: 14180)
Nets of generation 625 averaged: 3523.77 (top score: 13384)
Nets of generation 626 averaged: 3538.64 (top score: 14600)
Nets of generation 627 averaged: 3431.58 (top score: 12800)
Nets of generation 628 averaged: 3478.38 (top score: 12268)
Nets of generation 629 averaged: 3665.9 (top score: 12840)
Nets of generation 630 averaged: 3516.24 (top score: 11872)
Nets of generation 631 averaged: 3475.66 (top score: 15464)
Nets of generation 632 averaged: 3527.84 (top score: 13764)
Nets of generation 633 averaged: 3548.41 (top score: 13356)
Nets of generation 634 averaged: 3518.48 (top score: 12368)
Nets of generation 635 averaged: 3536.75 (top score: 12384)
Nets of generation 636 averaged: 3639.46 (top score: 14748)
Nets of generation 637 averaged: 3634.02 (top score: 13360)
Nets of generation 638 averaged: 3654.74 (top score: 14440)
Nets of generation 639 averaged: 3688.77 (top score: 14636)
Nets of generation 640 averaged: 3723.71 (top score: 14640)
Nets of generation 641 averaged: 3615.17 (top score: 13748)
Nets of generation 642 averaged: 3526.8 (top score: 15216)
Nets of generation 643 averaged: 3581.32 (top score: 14176)
Nets of generation 644 averaged: 3717.39 (top score: 12992)
Nets of generation 645 averaged: 3673.78 (top score: 15416)
Nets of generation 646 averaged: 3675.73 (top score: 14588)
Nets of generation 647 averaged: 3744.09 (top score: 16656)
Nets of generation 648 averaged: 3740.53 (top score: 12604)
Nets of generation 649 averaged: 3614.07 (top score: 14708)
Nets of generation 650 averaged: 3822.08 (top score: 14820)
Nets of generation 651 averaged: 3780.18 (top score: 14824)
Nets of generation 652 averaged: 3728.37 (top score: 16436)
Nets of generation 653 averaged: 3785.02 (top score: 14540)
Nets of generation 654 averaged: 3791.07 (top score: 14416)
Nets of generation 655 averaged: 3877.22 (top score: 23720)
Nets of generation 656 averaged: 3636.16 (top score: 13736)
Nets of generation 657 averaged: 3858.94 (top score: 13760)
Nets of generation 658 averaged: 3724.65 (top score: 13260)
Nets of generation 659 averaged: 3872.86 (top score: 13676)
Nets of generation 660 averaged: 3888 (top score: 15284)
Nets of generation 661 averaged: 3789.64 (top score: 14692)
Nets of generation 662 averaged: 3694.43 (top score: 14744)
Nets of generation 663 averaged: 3959.45 (top score: 16248)
Nets of generation 664 averaged: 3981.74 (top score: 14300)
Nets of generation 665 averaged: 3842.8 (top score: 16408)
Nets of generation 666 averaged: 3835.28 (top score: 12692)
Nets of generation 667 averaged: 3903.61 (top score: 14620)
Nets of generation 668 averaged: 3605.96 (top score: 14316)
Nets of generation 669 averaged: 3866.74 (top score: 14836)
Nets of generation 670 averaged: 3759.46 (top score: 12356)
Nets of generation 671 averaged: 3646.61 (top score: 12540)
Nets of generation 672 averaged: 3622.02 (top score: 14520)
Nets of generation 673 averaged: 3789.9 (top score: 15664)
Nets of generation 674 averaged: 3821.62 (top score: 14916)
Nets of generation 675 averaged: 3843.98 (top score: 12672)
Nets of generation 676 averaged: 3814.4 (top score: 12872)
Nets of generation 677 averaged: 3907.68 (top score: 14864)
Nets of generation 678 averaged: 3876.64 (top score: 14340)
Nets of generation 679 averaged: 3924.22 (top score: 14652)
Nets of generation 680 averaged: 4034.2 (top score: 14416)
Nets of generation 681 averaged: 3945.39 (top score: 14804)
Nets of generation 682 averaged: 4042.38 (top score: 14320)
Nets of generation 683 averaged: 3935.8 (top score: 14068)
Nets of generation 684 averaged: 3946.08 (top score: 13268)
Nets of generation 685 averaged: 3880.07 (top score: 16020)
Nets of generation 686 averaged: 3987.82 (top score: 15528)
Nets of generation 687 averaged: 3909.31 (top score: 14632)
Nets of generation 688 averaged: 3827.7 (top score: 12796)
Nets of generation 689 averaged: 3959.89 (top score: 15916)
Nets of generation 690 averaged: 3860.3 (top score: 12852)
Nets of generation 691 averaged: 3885.2 (top score: 16388)
Nets of generation 692 averaged: 3899.36 (top score: 13244)
Nets of generation 693 averaged: 3823.54 (top score: 12528)
Nets of generation 694 averaged: 3982.34 (top score: 16176)
Nets of generation 695 averaged: 3910.01 (top score: 14476)
Nets of generation 696 averaged: 3906.72 (top score: 14868)
Nets of generation 697 averaged: 3914.72 (top score: 14976)
Nets of generation 698 averaged: 3910.09 (top score: 14588)
Nets of generation 699 averaged: 3853.82 (top score: 14812)
Nets of generation 700 averaged: 3952.18 (top score: 14344)
Nets of generation 701 averaged: 3926.83 (top score: 15096)
Nets of generation 702 averaged: 3935.87 (top score: 12488)
Nets of generation 703 averaged: 3984.74 (top score: 11988)
Nets of generation 704 averaged: 3808.14 (top score: 15356)
Nets of generation 705 averaged: 3913.4 (top score: 14164)
Nets of generation 706 averaged: 3939.07 (top score: 13740)
Nets of generation 707 averaged: 3894.92 (top score: 12812)
Nets of generation 708 averaged: 3919.62 (top score: 15364)
Nets of generation 709 averaged: 3911.49 (top score: 14824)
Nets of generation 710 averaged: 3916.35 (top score: 13132)
Nets of generation 711 averaged: 3926.22 (top score: 14380)
Nets of generation 712 averaged: 3940.08 (top score: 16200)
Nets of generation 713 averaged: 3923.22 (top score: 12948)
Nets of generation 714 averaged: 3874.33 (top score: 13152)
Nets of generation 715 averaged: 3817.99 (top score: 15596)
Nets of generation 716 averaged: 3912.85 (top score: 12852)
Nets of generation 717 averaged: 3937 (top score: 12472)
Nets of generation 718 averaged: 3814.66 (top score: 13276)
Nets of generation 719 averaged: 3755.59 (top score: 12416)
Nets of generation 720 averaged: 3853.48 (top score: 16068)
Nets of generation 721 averaged: 3887.41 (top score: 15516)
Nets of generation 722 averaged: 3937.53 (top score: 13832)
Nets of generation 723 averaged: 3898.64 (top score: 14312)
Nets of generation 724 averaged: 3928.97 (top score: 12916)
Nets of generation 725 averaged: 3971.81 (top score: 15436)
Nets of generation 726 averaged: 3955.81 (top score: 15548)
Nets of generation 727 averaged: 3973.42 (top score: 16100)
Nets of generation 728 averaged: 3985.69 (top score: 16080)
Nets of generation 729 averaged: 3948.78 (top score: 14860)
Nets of generation 730 averaged: 3788.69 (top score: 12836)
Nets of generation 731 averaged: 3955.21 (top score: 14368)
Nets of generation 732 averaged: 3924 (top score: 12844)
Nets of generation 733 averaged: 4016.74 (top score: 16524)
Nets of generation 734 averaged: 4167.8 (top score: 14588)
Nets of generation 735 averaged: 3891.28 (top score: 14512)
Nets of generation 736 averaged: 4028.18 (top score: 14436)
Nets of generation 737 averaged: 4054.67 (top score: 14772)
Nets of generation 738 averaged: 3982.45 (top score: 16156)
Nets of generation 739 averaged: 3978.4 (top score: 14568)
Nets of generation 740 averaged: 3887.8 (top score: 14516)
Nets of generation 741 averaged: 3700.16 (top score: 14740)
Nets of generation 742 averaged: 3963 (top score: 15400)
Nets of generation 743 averaged: 3746.65 (top score: 15200)
Nets of generation 744 averaged: 3889.75 (top score: 12892)
Nets of generation 745 averaged: 3815.96 (top score: 13088)
Nets of generation 746 averaged: 3800.71 (top score: 14192)
Nets of generation 747 averaged: 3933.75 (top score: 21056)
Nets of generation 748 averaged: 3861.88 (top score: 14024)
Nets of generation 749 averaged: 3833.84 (top score: 14596)
Nets of generation 750 averaged: 3762.02 (top score: 14452)
Nets of generation 751 averaged: 3870.35 (top score: 14568)
Nets of generation 752 averaged: 3842.46 (top score: 16268)
Nets of generation 753 averaged: 3856.22 (top score: 15372)
Nets of generation 754 averaged: 3806.26 (top score: 12624)
Nets of generation 755 averaged: 3786.8 (top score: 12960)
Nets of generation 756 averaged: 3916.08 (top score: 14108)
Nets of generation 757 averaged: 3892.65 (top score: 14164)
Nets of generation 758 averaged: 3983.34 (top score: 13704)
Nets of generation 759 averaged: 3940.03 (top score: 14716)
Nets of generation 760 averaged: 3896.28 (top score: 12208)
Nets of generation 761 averaged: 3910.42 (top score: 14664)
Nets of generation 762 averaged: 3806.18 (top score: 12404)
Nets of generation 763 averaged: 3693.94 (top score: 13420)
Nets of generation 764 averaged: 3873.99 (top score: 13140)
Nets of generation 765 averaged: 3771.02 (top score: 13888)
Nets of generation 766 averaged: 3779.01 (top score: 15960)
Nets of generation 767 averaged: 3856.57 (top score: 12168)
Nets of generation 768 averaged: 3788.64 (top score: 12544)
Nets of generation 769 averaged: 3849.35 (top score: 13052)
Nets of generation 770 averaged: 3818.63 (top score: 14396)
Nets of generation 771 averaged: 3927.22 (top score: 16184)
Nets of generation 772 averaged: 3951.1 (top score: 13288)
Nets of generation 773 averaged: 3929.76 (top score: 12424)
Nets of generation 774 averaged: 3926.18 (top score: 13524)
Nets of generation 775 averaged: 3789.39 (top score: 14488)
Nets of generation 776 averaged: 3842.63 (top score: 14308)
Nets of generation 777 averaged: 3870.88 (top score: 12272)
Nets of generation 778 averaged: 3826.67 (top score: 14656)
Nets of generation 779 averaged: 3963.39 (top score: 14668)
Nets of generation 780 averaged: 3897.34 (top score: 12552)
Nets of generation 781 averaged: 3797.99 (top score: 12448)
Nets of generation 782 averaged: 3796.09 (top score: 12208)
Nets of generation 783 averaged: 3728.92 (top score: 21048)
Nets of generation 784 averaged: 3792.52 (top score: 13948)
Nets of generation 785 averaged: 3910.45 (top score: 15244)
Nets of generation 786 averaged: 3806.12 (top score: 14448)
Nets of generation 787 averaged: 3880.48 (top score: 15236)
Nets of generation 788 averaged: 4045.92 (top score: 15388)
Nets of generation 789 averaged: 3943.51 (top score: 12576)
Nets of generation 790 averaged: 3970.84 (top score: 16224)
Nets of generation 791 averaged: 3794.3 (top score: 14460)
Nets of generation 792 averaged: 3953.89 (top score: 14384)
Nets of generation 793 averaged: 3847.67 (top score: 15356)
Nets of generation 794 averaged: 4026.31 (top score: 15444)
Nets of generation 795 averaged: 4090.03 (top score: 13660)
Nets of generation 796 averaged: 3976.82 (top score: 16304)
Nets of generation 797 averaged: 4037.75 (top score: 14796)
Nets of generation 798 averaged: 4133.77 (top score: 15148)
Nets of generation 799 averaged: 4038.03 (top score: 22448)
Nets of generation 800 averaged: 3943.91 (top score: 13644)
Nets of generation 801 averaged: 3892.32 (top score: 13272)
Nets of generation 802 averaged: 4119.62 (top score: 14748)
Nets of generation 803 averaged: 4141.11 (top score: 16016)
Nets of generation 804 averaged: 4101.85 (top score: 14736)
Nets of generation 805 averaged: 3953.74 (top score: 22516)
Nets of generation 806 averaged: 3977.61 (top score: 15200)
Nets of generation 807 averaged: 3967.12 (top score: 14756)
Nets of generation 808 averaged: 4026.57 (top score: 14576)
Nets of generation 809 averaged: 3900.24 (top score: 14448)
Nets of generation 810 averaged: 4033.74 (top score: 14800)
Nets of generation 811 averaged: 3906.63 (top score: 12712)
Nets of generation 812 averaged: 4012.37 (top score: 14212)
Nets of generation 813 averaged: 3852.38 (top score: 12304)
Nets of generation 814 averaged: 3924.58 (top score: 15368)
Nets of generation 815 averaged: 3956.3 (top score: 15056)
Nets of generation 816 averaged: 3875.29 (top score: 15504)
Nets of generation 817 averaged: 3866.78 (top score: 14744)
Nets of generation 818 averaged: 3897.55 (top score: 22532)
Nets of generation 819 averaged: 3906.4 (top score: 15804)
Nets of generation 820 averaged: 3842.68 (top score: 13620)
Nets of generation 821 averaged: 3901.74 (top score: 14372)
Nets of generation 822 averaged: 3871.2 (top score: 13264)
Nets of generation 823 averaged: 3886.36 (top score: 14772)
Nets of generation 824 averaged: 3954.08 (top score: 15536)
Nets of generation 825 averaged: 3923.32 (top score: 13540)
Nets of generation 826 averaged: 4061.15 (top score: 16516)
Nets of generation 827 averaged: 4028.76 (top score: 16224)
Nets of generation 828 averaged: 4170.39 (top score: 15480)
Nets of generation 829 averaged: 4058.68 (top score: 23000)
Nets of generation 830 averaged: 4207.37 (top score: 15496)
Nets of generation 831 averaged: 4181.35 (top score: 16248)
Nets of generation 832 averaged: 4071.87 (top score: 15604)
Nets of generation 833 averaged: 4234.54 (top score: 26312)
Nets of generation 834 averaged: 3971.63 (top score: 15320)
Nets of generation 835 averaged: 4089.05 (top score: 14988)
Nets of generation 836 averaged: 4114.66 (top score: 16060)
Nets of generation 837 averaged: 4246.29 (top score: 15188)
Nets of generation 838 averaged: 4317 (top score: 16412)
Nets of generation 839 averaged: 4264.68 (top score: 14576)
Nets of generation 840 averaged: 4168 (top score: 15480)
Nets of generation 841 averaged: 4310.41 (top score: 20776)
Nets of generation 842 averaged: 4237.45 (top score: 14908)
Nets of generation 843 averaged: 4140.32 (top score: 12448)
Nets of generation 844 averaged: 4237.37 (top score: 14352)
Nets of generation 845 averaged: 4161.72 (top score: 13248)
Nets of generation 846 averaged: 4325.84 (top score: 14556)
Nets of generation 847 averaged: 4147.3 (top score: 15808)
Nets of generation 848 averaged: 4180.48 (top score: 14644)
Nets of generation 849 averaged: 4191.11 (top score: 16292)
Nets of generation 850 averaged: 4237.27 (top score: 15888)
Nets of generation 851 averaged: 4309.86 (top score: 16032)
Nets of generation 852 averaged: 4227.72 (top score: 16884)
Nets of generation 853 averaged: 4324.02 (top score: 15992)
Nets of generation 854 averaged: 4370.71 (top score: 16404)
Nets of generation 855 averaged: 4406.85 (top score: 15416)
Nets of generation 856 averaged: 4552.46 (top score: 15784)
Nets of generation 857 averaged: 4343.04 (top score: 15716)
Nets of generation 858 averaged: 4310.12 (top score: 15048)
Nets of generation 859 averaged: 4435.27 (top score: 15828)
Nets of generation 860 averaged: 4323.24 (top score: 14036)
Nets of generation 861 averaged: 4218.26 (top score: 16756)
Nets of generation 862 averaged: 4232.41 (top score: 15468)
Nets of generation 863 averaged: 4380.03 (top score: 16168)
Nets of generation 864 averaged: 4486.02 (top score: 15840)
Nets of generation 865 averaged: 4468.83 (top score: 14444)
Nets of generation 866 averaged: 4474.42 (top score: 14776)
Nets of generation 867 averaged: 4318.48 (top score: 14388)
Nets of generation 868 averaged: 4489.92 (top score: 15496)
Nets of generation 869 averaged: 4330.89 (top score: 14504)
Nets of generation 870 averaged: 4250.27 (top score: 13964)
Nets of generation 871 averaged: 4293.57 (top score: 16116)
Nets of generation 872 averaged: 4485.44 (top score: 14184)
Nets of generation 873 averaged: 4320.93 (top score: 14856)
Nets of generation 874 averaged: 4406.86 (top score: 14600)
Nets of generation 875 averaged: 4645.6 (top score: 21780)
Nets of generation 876 averaged: 4286.04 (top score: 14508)
Nets of generation 877 averaged: 4333.34 (top score: 14172)
Nets of generation 878 averaged: 4387.97 (top score: 16396)
Nets of generation 879 averaged: 4500.58 (top score: 15864)
Nets of generation 880 averaged: 4538.25 (top score: 16236)
Nets of generation 881 averaged: 4507.84 (top score: 15848)
Nets of generation 882 averaged: 4379.09 (top score: 14800)
Nets of generation 883 averaged: 4320.56 (top score: 15908)
Nets of generation 884 averaged: 4381.71 (top score: 15324)
Nets of generation 885 averaged: 4328.75 (top score: 14576)
Nets of generation 886 averaged: 4341.47 (top score: 15036)
Nets of generation 887 averaged: 4379.49 (top score: 16036)
Nets of generation 888 averaged: 4526.23 (top score: 14852)
Nets of generation 889 averaged: 4533.1 (top score: 15776)
Nets of generation 890 averaged: 4494.68 (top score: 16788)
Nets of generation 891 averaged: 4475.13 (top score: 14628)
Nets of generation 892 averaged: 4573.12 (top score: 15992)
Nets of generation 893 averaged: 4287.02 (top score: 17076)
Nets of generation 894 averaged: 4425.7 (top score: 14768)
Nets of generation 895 averaged: 4384.22 (top score: 15840)
Nets of generation 896 averaged: 4392.06 (top score: 15568)
Nets of generation 897 averaged: 4502.08 (top score: 14880)
Nets of generation 898 averaged: 4415.59 (top score: 14596)
Nets of generation 899 averaged: 4552.32 (top score: 16360)
Nets of generation 900 averaged: 4469.02 (top score: 14676)
Nets of generation 901 averaged: 4569.31 (top score: 15388)
Nets of generation 902 averaged: 4325.93 (top score: 16004)
Nets of generation 903 averaged: 4422.09 (top score: 15356)
Nets of generation 904 averaged: 4401.95 (top score: 15416)
Nets of generation 905 averaged: 4303.88 (top score: 16232)
Nets of generation 906 averaged: 4450.1 (top score: 15184)
Nets of generation 907 averaged: 4455.8 (top score: 16068)
Nets of generation 908 averaged: 4373.38 (top score: 14840)
Nets of generation 909 averaged: 4364.55 (top score: 16188)
Nets of generation 910 averaged: 4470.22 (top score: 15244)
Nets of generation 911 averaged: 4409.62 (top score: 14988)
Nets of generation 912 averaged: 4286.91 (top score: 15432)
Nets of generation 913 averaged: 4208.15 (top score: 15508)
Nets of generation 914 averaged: 4419.74 (top score: 14680)
Nets of generation 915 averaged: 4336.48 (top score: 15336)
Nets of generation 916 averaged: 4152.6 (top score: 15984)
Nets of generation 917 averaged: 4273.65 (top score: 15832)
Nets of generation 918 averaged: 4128.85 (top score: 15980)
Nets of generation 919 averaged: 4185.12 (top score: 16980)
Nets of generation 920 averaged: 4303.98 (top score: 16184)
Nets of generation 921 averaged: 4219.81 (top score: 15832)
Nets of generation 922 averaged: 4392.18 (top score: 16136)
Nets of generation 923 averaged: 4452.66 (top score: 15920)
Nets of generation 924 averaged: 4282.53 (top score: 15572)
Nets of generation 925 averaged: 4306.91 (top score: 14820)
Nets of generation 926 averaged: 4311.78 (top score: 16288)
Nets of generation 927 averaged: 4292.44 (top score: 25160)
Nets of generation 928 averaged: 4326.18 (top score: 15400)
Nets of generation 929 averaged: 4366.04 (top score: 14676)
Nets of generation 930 averaged: 4182.68 (top score: 14492)
Nets of generation 931 averaged: 4287.02 (top score: 16540)
Nets of generation 932 averaged: 4358.06 (top score: 16308)
Nets of generation 933 averaged: 4313.5 (top score: 17200)
Nets of generation 934 averaged: 4323 (top score: 14652)
Nets of generation 935 averaged: 4374.89 (top score: 15220)
Nets of generation 936 averaged: 4262.85 (top score: 14732)
Nets of generation 937 averaged: 4310.28 (top score: 22628)
Nets of generation 938 averaged: 4291.12 (top score: 14620)
Nets of generation 939 averaged: 4248.52 (top score: 14368)
Nets of generation 940 averaged: 4340.72 (top score: 15872)
Nets of generation 941 averaged: 4489.58 (top score: 16040)
Nets of generation 942 averaged: 4398.43 (top score: 14640)
Nets of generation 943 averaged: 4357.66 (top score: 16824)
Nets of generation 944 averaged: 4403.1 (top score: 16144)
Nets of generation 945 averaged: 4423.03 (top score: 15320)
Nets of generation 946 averaged: 4386.04 (top score: 16332)
Nets of generation 947 averaged: 4520.6 (top score: 16528)
Nets of generation 948 averaged: 4426.5 (top score: 21248)
Nets of generation 949 averaged: 4330.94 (top score: 14892)
Nets of generation 950 averaged: 4386.97 (top score: 16044)
Nets of generation 951 averaged: 4336.53 (top score: 15816)
Nets of generation 952 averaged: 4340.97 (top score: 15300)
Nets of generation 953 averaged: 4236.23 (top score: 14772)
Nets of generation 954 averaged: 4395.24 (top score: 15440)
Nets of generation 955 averaged: 4325.11 (top score: 16648)
Nets of generation 956 averaged: 4311.47 (top score: 14312)
Nets of generation 957 averaged: 4390.25 (top score: 15544)
Nets of generation 958 averaged: 4571.64 (top score: 16220)
Nets of generation 959 averaged: 4453.94 (top score: 15968)
Nets of generation 960 averaged: 4374.78 (top score: 16740)
Nets of generation 961 averaged: 4375.07 (top score: 16364)
Nets of generation 962 averaged: 4482.62 (top score: 14860)
Nets of generation 963 averaged: 4403.68 (top score: 16760)
Nets of generation 964 averaged: 4482.3 (top score: 16480)
Nets of generation 965 averaged: 4311.56 (top score: 15556)
Nets of generation 966 averaged: 4533.85 (top score: 14364)
Nets of generation 967 averaged: 4433.18 (top score: 16000)
Nets of generation 968 averaged: 4329.6 (top score: 15396)
Nets of generation 969 averaged: 4266.03 (top score: 15340)
Nets of generation 970 averaged: 4273.41 (top score: 14908)
Nets of generation 971 averaged: 4309.6 (top score: 17092)
Nets of generation 972 averaged: 4247.67 (top score: 18600)
Nets of generation 973 averaged: 4224.76 (top score: 14616)
Nets of generation 974 averaged: 4311.65 (top score: 21432)
Nets of generation 975 averaged: 4295.83 (top score: 12948)
Nets of generation 976 averaged: 4347.11 (top score: 15344)
Nets of generation 977 averaged: 4386.23 (top score: 15936)
Nets of generation 978 averaged: 4502.55 (top score: 15556)
Nets of generation 979 averaged: 4386.79 (top score: 15140)
Nets of generation 980 averaged: 4525.82 (top score: 14496)
Nets of generation 981 averaged: 4337.95 (top score: 14196)
Nets of generation 982 averaged: 4380.55 (top score: 15888)
Nets of generation 983 averaged: 4467.58 (top score: 14404)
Nets of generation 984 averaged: 4389.27 (top score: 15856)
Nets of generation 985 averaged: 4385.3 (top score: 15656)
Nets of generation 986 averaged: 4507.09 (top score: 15140)
Nets of generation 987 averaged: 4570.11 (top score: 15776)
Nets of generation 988 averaged: 4431.39 (top score: 16008)
Nets of generation 989 averaged: 4560.96 (top score: 15288)
Nets of generation 990 averaged: 4442.66 (top score: 14892)
Nets of generation 991 averaged: 4410.9 (top score: 15528)
Nets of generation 992 averaged: 4440.64 (top score: 16052)
Nets of generation 993 averaged: 4708.13 (top score: 16356)
Nets of generation 994 averaged: 4601.44 (top score: 16088)
Nets of generation 995 averaged: 4508.36 (top score: 15184)
Nets of generation 996 averaged: 4495.24 (top score: 16468)
Nets of generation 997 averaged: 4669.01 (top score: 15060)
Nets of generation 998 averaged: 4539.96 (top score: 15956)
Nets of generation 999 averaged: 4471.63 (top score: 15980)
