Initialized with: 
numGenerations: 1000
numNets: 100
numGamesPerNet: 10
netHiddenLayerSize: 16
chMode: h
Nets of generation 0 averaged: 1074.09 (top score: 6736)
Nets of generation 1 averaged: 1121.26 (top score: 5420)
Nets of generation 2 averaged: 1203.7 (top score: 6492)
Nets of generation 3 averaged: 1236.44 (top score: 6452)
Nets of generation 4 averaged: 1271.08 (top score: 6164)
Nets of generation 5 averaged: 1320.26 (top score: 5512)
Nets of generation 6 averaged: 1312.76 (top score: 6364)
Nets of generation 7 averaged: 1367.94 (top score: 7236)
Nets of generation 8 averaged: 1460.96 (top score: 6632)
Nets of generation 9 averaged: 1482.6 (top score: 6584)
Nets of generation 10 averaged: 1549.2 (top score: 5956)
Nets of generation 11 averaged: 1604.04 (top score: 6648)
Nets of generation 12 averaged: 1643.05 (top score: 7060)
Nets of generation 13 averaged: 1675.26 (top score: 7104)
Nets of generation 14 averaged: 1616.93 (top score: 6372)
Nets of generation 15 averaged: 1655.09 (top score: 6196)
Nets of generation 16 averaged: 1755.06 (top score: 8000)
Nets of generation 17 averaged: 1750.36 (top score: 7016)
Nets of generation 18 averaged: 1790.6 (top score: 7396)
Nets of generation 19 averaged: 1781.56 (top score: 7464)
Nets of generation 20 averaged: 1915.89 (top score: 7172)
Nets of generation 21 averaged: 1929.7 (top score: 7260)
Nets of generation 22 averaged: 1991.28 (top score: 8136)
Nets of generation 23 averaged: 1972.82 (top score: 7360)
Nets of generation 24 averaged: 1998.72 (top score: 7800)
Nets of generation 25 averaged: 2008.83 (top score: 8016)
Nets of generation 26 averaged: 2135.08 (top score: 8196)
Nets of generation 27 averaged: 2142.9 (top score: 14424)
Nets of generation 28 averaged: 2020.21 (top score: 11800)
Nets of generation 29 averaged: 2166.82 (top score: 7520)
Nets of generation 30 averaged: 2256.85 (top score: 7148)
Nets of generation 31 averaged: 2110.16 (top score: 7676)
Nets of generation 32 averaged: 2067.26 (top score: 12336)
Nets of generation 33 averaged: 2247.71 (top score: 10556)
Nets of generation 34 averaged: 2224.41 (top score: 10468)
Nets of generation 35 averaged: 2269.74 (top score: 7376)
Nets of generation 36 averaged: 2192.53 (top score: 9304)
Nets of generation 37 averaged: 2245.34 (top score: 8256)
Nets of generation 38 averaged: 2190.98 (top score: 11296)
Nets of generation 39 averaged: 2200.47 (top score: 7464)
Nets of generation 40 averaged: 2209.07 (top score: 11416)
Nets of generation 41 averaged: 2212.06 (top score: 7476)
Nets of generation 42 averaged: 2194.66 (top score: 8828)
Nets of generation 43 averaged: 2179.5 (top score: 10500)
Nets of generation 44 averaged: 2318.12 (top score: 12792)
Nets of generation 45 averaged: 2263.24 (top score: 8868)
Nets of generation 46 averaged: 2183.74 (top score: 10568)
Nets of generation 47 averaged: 2185.5 (top score: 7956)
Nets of generation 48 averaged: 2199.86 (top score: 16108)
Nets of generation 49 averaged: 2297.18 (top score: 9536)
Nets of generation 50 averaged: 2258.09 (top score: 11728)
Nets of generation 51 averaged: 2380.8 (top score: 10564)
Nets of generation 52 averaged: 2265.76 (top score: 7848)
Nets of generation 53 averaged: 2370.31 (top score: 11792)
Nets of generation 54 averaged: 2458.63 (top score: 10536)
Nets of generation 55 averaged: 2382.69 (top score: 7360)
Nets of generation 56 averaged: 2308.24 (top score: 7884)
Nets of generation 57 averaged: 2357.43 (top score: 9992)
Nets of generation 58 averaged: 2405.33 (top score: 10944)
Nets of generation 59 averaged: 2429.24 (top score: 11888)
Nets of generation 60 averaged: 2354.7 (top score: 10168)
Nets of generation 61 averaged: 2499.35 (top score: 11068)
Nets of generation 62 averaged: 2392.88 (top score: 9212)
Nets of generation 63 averaged: 2363.41 (top score: 9172)
Nets of generation 64 averaged: 2330.6 (top score: 8148)
Nets of generation 65 averaged: 2334.3 (top score: 9316)
Nets of generation 66 averaged: 2425.94 (top score: 11440)
Nets of generation 67 averaged: 2373.81 (top score: 8636)
Nets of generation 68 averaged: 2247.05 (top score: 7976)
Nets of generation 69 averaged: 2362.67 (top score: 8188)
Nets of generation 70 averaged: 2320.32 (top score: 8908)
Nets of generation 71 averaged: 2341.72 (top score: 7608)
Nets of generation 72 averaged: 2462.87 (top score: 10208)
Nets of generation 73 averaged: 2366.63 (top score: 10452)
Nets of generation 74 averaged: 2311.22 (top score: 11936)
Nets of generation 75 averaged: 2340.41 (top score: 11360)
Nets of generation 76 averaged: 2378.76 (top score: 10776)
Nets of generation 77 averaged: 2295.9 (top score: 11024)
Nets of generation 78 averaged: 2369.66 (top score: 7728)
Nets of generation 79 averaged: 2317.59 (top score: 12908)
Nets of generation 80 averaged: 2335.62 (top score: 10180)
Nets of generation 81 averaged: 2498.1 (top score: 8356)
Nets of generation 82 averaged: 2363.46 (top score: 7920)
Nets of generation 83 averaged: 2401.43 (top score: 10484)
Nets of generation 84 averaged: 2363.21 (top score: 10516)
Nets of generation 85 averaged: 2395.27 (top score: 11968)
Nets of generation 86 averaged: 2547.6 (top score: 10644)
Nets of generation 87 averaged: 2402.78 (top score: 9748)
Nets of generation 88 averaged: 2463.72 (top score: 11120)
Nets of generation 89 averaged: 2396.41 (top score: 12028)
Nets of generation 90 averaged: 2413.9 (top score: 11836)
Nets of generation 91 averaged: 2370.04 (top score: 10180)
Nets of generation 92 averaged: 2405.36 (top score: 12032)
Nets of generation 93 averaged: 2426.2 (top score: 10056)
Nets of generation 94 averaged: 2504.75 (top score: 14900)
Nets of generation 95 averaged: 2473.59 (top score: 11356)
Nets of generation 96 averaged: 2554.36 (top score: 9716)
Nets of generation 97 averaged: 2413.98 (top score: 12024)
Nets of generation 98 averaged: 2472.85 (top score: 9808)
Nets of generation 99 averaged: 2467.32 (top score: 11204)
Nets of generation 100 averaged: 2501.46 (top score: 11808)
Nets of generation 101 averaged: 2512.58 (top score: 12596)
Nets of generation 102 averaged: 2473.77 (top score: 12040)
Nets of generation 103 averaged: 2551.12 (top score: 12988)
Nets of generation 104 averaged: 2537.67 (top score: 11024)
Nets of generation 105 averaged: 2437.68 (top score: 10852)
Nets of generation 106 averaged: 2575.28 (top score: 14740)
Nets of generation 107 averaged: 2453.84 (top score: 10804)
Nets of generation 108 averaged: 2550.29 (top score: 10956)
Nets of generation 109 averaged: 2595.12 (top score: 10844)
Nets of generation 110 averaged: 2664.32 (top score: 8232)
Nets of generation 111 averaged: 2547.71 (top score: 12284)
Nets of generation 112 averaged: 2625.27 (top score: 12248)
Nets of generation 113 averaged: 2594.77 (top score: 11220)
Nets of generation 114 averaged: 2501.31 (top score: 11148)
Nets of generation 115 averaged: 2497.31 (top score: 10636)
Nets of generation 116 averaged: 2446.11 (top score: 10464)
Nets of generation 117 averaged: 2448.02 (top score: 9912)
Nets of generation 118 averaged: 2432.24 (top score: 10212)
Nets of generation 119 averaged: 2474.38 (top score: 10028)
Nets of generation 120 averaged: 2450.55 (top score: 11140)
Nets of generation 121 averaged: 2537.11 (top score: 11548)
Nets of generation 122 averaged: 2521.17 (top score: 8104)
Nets of generation 123 averaged: 2506.28 (top score: 10756)
Nets of generation 124 averaged: 2599.97 (top score: 10920)
Nets of generation 125 averaged: 2529.26 (top score: 12516)
Nets of generation 126 averaged: 2528.75 (top score: 10640)
Nets of generation 127 averaged: 2472.84 (top score: 12064)
Nets of generation 128 averaged: 2500.52 (top score: 7744)
Nets of generation 129 averaged: 2514.5 (top score: 11628)
Nets of generation 130 averaged: 2524.91 (top score: 10392)
Nets of generation 131 averaged: 2634.88 (top score: 10936)
Nets of generation 132 averaged: 2511.95 (top score: 9596)
Nets of generation 133 averaged: 2582.72 (top score: 8132)
Nets of generation 134 averaged: 2663.36 (top score: 10956)
Nets of generation 135 averaged: 2575 (top score: 8284)
Nets of generation 136 averaged: 2596.51 (top score: 11864)
Nets of generation 137 averaged: 2526.44 (top score: 9492)
Nets of generation 138 averaged: 2564.26 (top score: 11992)
Nets of generation 139 averaged: 2581.35 (top score: 11288)
Nets of generation 140 averaged: 2524.36 (top score: 9524)
Nets of generation 141 averaged: 2545.12 (top score: 9508)
Nets of generation 142 averaged: 2485.52 (top score: 8452)
Nets of generation 143 averaged: 2486.04 (top score: 8512)
Nets of generation 144 averaged: 2599.19 (top score: 11408)
Nets of generation 145 averaged: 2525.02 (top score: 10920)
Nets of generation 146 averaged: 2567.2 (top score: 10680)
Nets of generation 147 averaged: 2515.13 (top score: 7964)
Nets of generation 148 averaged: 2595.19 (top score: 10660)
Nets of generation 149 averaged: 2588.35 (top score: 13580)
Nets of generation 150 averaged: 2615.96 (top score: 10692)
Nets of generation 151 averaged: 2645.78 (top score: 11756)
Nets of generation 152 averaged: 2632.46 (top score: 12816)
Nets of generation 153 averaged: 2635.12 (top score: 10556)
Nets of generation 154 averaged: 2657.74 (top score: 10356)
Nets of generation 155 averaged: 2492.22 (top score: 7412)
Nets of generation 156 averaged: 2535.89 (top score: 10848)
Nets of generation 157 averaged: 2684.05 (top score: 12420)
Nets of generation 158 averaged: 2647.21 (top score: 12496)
Nets of generation 159 averaged: 2670.14 (top score: 12132)
Nets of generation 160 averaged: 2654.94 (top score: 11408)
Nets of generation 161 averaged: 2682.66 (top score: 11152)
Nets of generation 162 averaged: 2747.11 (top score: 12240)
Nets of generation 163 averaged: 2761.74 (top score: 10812)
Nets of generation 164 averaged: 2775.64 (top score: 13912)
Nets of generation 165 averaged: 2827.31 (top score: 10692)
Nets of generation 166 averaged: 2716.36 (top score: 11884)
Nets of generation 167 averaged: 2809.12 (top score: 12384)
Nets of generation 168 averaged: 2883.07 (top score: 12072)
Nets of generation 169 averaged: 2832.32 (top score: 12200)
Nets of generation 170 averaged: 2797.87 (top score: 11656)
Nets of generation 171 averaged: 2894.04 (top score: 11548)
Nets of generation 172 averaged: 2911.64 (top score: 12264)
Nets of generation 173 averaged: 2810.25 (top score: 12352)
Nets of generation 174 averaged: 2880.13 (top score: 9984)
Nets of generation 175 averaged: 2723.02 (top score: 11796)
Nets of generation 176 averaged: 2709.15 (top score: 12044)
Nets of generation 177 averaged: 2718.68 (top score: 11384)
Nets of generation 178 averaged: 2748.07 (top score: 10204)
Nets of generation 179 averaged: 2771.42 (top score: 10236)
Nets of generation 180 averaged: 2778.82 (top score: 10432)
Nets of generation 181 averaged: 2788.17 (top score: 13184)
Nets of generation 182 averaged: 2713.67 (top score: 13968)
Nets of generation 183 averaged: 2509.56 (top score: 11532)
Nets of generation 184 averaged: 2671.14 (top score: 10640)
Nets of generation 185 averaged: 2672.18 (top score: 11868)
Nets of generation 186 averaged: 2632.02 (top score: 10616)
Nets of generation 187 averaged: 2659.72 (top score: 10924)
Nets of generation 188 averaged: 2625.91 (top score: 11536)
Nets of generation 189 averaged: 2565.07 (top score: 12232)
Nets of generation 190 averaged: 2667.4 (top score: 11140)
Nets of generation 191 averaged: 2673.39 (top score: 10516)
Nets of generation 192 averaged: 2548.42 (top score: 12036)
Nets of generation 193 averaged: 2693.37 (top score: 10520)
Nets of generation 194 averaged: 2624.39 (top score: 9872)
Nets of generation 195 averaged: 2633.86 (top score: 11536)
Nets of generation 196 averaged: 2615 (top score: 11140)
Nets of generation 197 averaged: 2577.55 (top score: 12168)
Nets of generation 198 averaged: 2617.39 (top score: 10564)
Nets of generation 199 averaged: 2609.81 (top score: 12080)
Nets of generation 200 averaged: 2574.82 (top score: 11388)
Nets of generation 201 averaged: 2630.78 (top score: 10480)
Nets of generation 202 averaged: 2753.74 (top score: 12532)
Nets of generation 203 averaged: 2632.28 (top score: 10572)
Nets of generation 204 averaged: 2624.94 (top score: 10908)
Nets of generation 205 averaged: 2684.11 (top score: 11920)
Nets of generation 206 averaged: 2546.2 (top score: 9784)
Nets of generation 207 averaged: 2655.28 (top score: 11484)
Nets of generation 208 averaged: 2680.55 (top score: 11980)
Nets of generation 209 averaged: 2777.2 (top score: 10584)
Nets of generation 210 averaged: 2652.02 (top score: 11332)
Nets of generation 211 averaged: 2685.93 (top score: 11820)
Nets of generation 212 averaged: 2647.28 (top score: 11776)
Nets of generation 213 averaged: 2647.81 (top score: 10744)
Nets of generation 214 averaged: 2664.42 (top score: 12032)
Nets of generation 215 averaged: 2663.27 (top score: 9992)
Nets of generation 216 averaged: 2568.79 (top score: 10412)
Nets of generation 217 averaged: 2559.08 (top score: 9968)
Nets of generation 218 averaged: 2596.6 (top score: 8340)
Nets of generation 219 averaged: 2573.38 (top score: 11756)
Nets of generation 220 averaged: 2532.94 (top score: 8060)
Nets of generation 221 averaged: 2599 (top score: 12808)
Nets of generation 222 averaged: 2520.57 (top score: 12384)
Nets of generation 223 averaged: 2483.66 (top score: 10328)
Nets of generation 224 averaged: 2562.95 (top score: 10680)
Nets of generation 225 averaged: 2541.04 (top score: 10320)
Nets of generation 226 averaged: 2538.4 (top score: 11900)
Nets of generation 227 averaged: 2569.2 (top score: 12448)
Nets of generation 228 averaged: 2492.11 (top score: 12100)
Nets of generation 229 averaged: 2484.84 (top score: 11448)
Nets of generation 230 averaged: 2537.44 (top score: 10768)
Nets of generation 231 averaged: 2563.68 (top score: 12208)
Nets of generation 232 averaged: 2548.92 (top score: 9468)
Nets of generation 233 averaged: 2591.67 (top score: 12152)
Nets of generation 234 averaged: 2711.67 (top score: 8652)
Nets of generation 235 averaged: 2622.23 (top score: 12208)
Nets of generation 236 averaged: 2522.52 (top score: 11040)
Nets of generation 237 averaged: 2560.74 (top score: 11664)
Nets of generation 238 averaged: 2574.76 (top score: 11524)
Nets of generation 239 averaged: 2519.27 (top score: 10288)
Nets of generation 240 averaged: 2535.49 (top score: 10936)
Nets of generation 241 averaged: 2642.17 (top score: 12320)
Nets of generation 242 averaged: 2696.97 (top score: 12448)
Nets of generation 243 averaged: 2699.9 (top score: 12236)
Nets of generation 244 averaged: 2587.04 (top score: 10696)
Nets of generation 245 averaged: 2635.11 (top score: 10380)
Nets of generation 246 averaged: 2649.28 (top score: 12028)
Nets of generation 247 averaged: 2676.35 (top score: 14392)
Nets of generation 248 averaged: 2619.63 (top score: 11292)
Nets of generation 249 averaged: 2673.34 (top score: 13028)
Nets of generation 250 averaged: 2703.5 (top score: 12868)
Nets of generation 251 averaged: 2707.39 (top score: 12168)
Nets of generation 252 averaged: 2744.86 (top score: 10732)
Nets of generation 253 averaged: 2811.24 (top score: 8304)
Nets of generation 254 averaged: 2694.7 (top score: 12204)
Nets of generation 255 averaged: 2836.42 (top score: 11880)
Nets of generation 256 averaged: 2737.43 (top score: 12200)
Nets of generation 257 averaged: 2741.69 (top score: 11872)
Nets of generation 258 averaged: 2746.12 (top score: 8160)
Nets of generation 259 averaged: 2601.42 (top score: 8020)
Nets of generation 260 averaged: 2689.08 (top score: 13048)
Nets of generation 261 averaged: 2695.57 (top score: 10880)
Nets of generation 262 averaged: 2729.72 (top score: 12220)
Nets of generation 263 averaged: 2707.61 (top score: 8816)
Nets of generation 264 averaged: 2748.19 (top score: 13888)
Nets of generation 265 averaged: 2604.09 (top score: 10408)
Nets of generation 266 averaged: 2627.59 (top score: 10112)
Nets of generation 267 averaged: 2652.2 (top score: 11848)
Nets of generation 268 averaged: 2782.67 (top score: 10160)
Nets of generation 269 averaged: 2662.44 (top score: 10824)
Nets of generation 270 averaged: 2664.62 (top score: 11648)
Nets of generation 271 averaged: 2750.61 (top score: 10020)
Nets of generation 272 averaged: 2729.16 (top score: 10268)
Nets of generation 273 averaged: 2800.73 (top score: 12196)
Nets of generation 274 averaged: 2775.87 (top score: 10932)
Nets of generation 275 averaged: 2765.74 (top score: 12264)
Nets of generation 276 averaged: 2885.68 (top score: 10576)
Nets of generation 277 averaged: 2757.46 (top score: 10960)
Nets of generation 278 averaged: 2855.6 (top score: 12132)
Nets of generation 279 averaged: 2798.84 (top score: 8252)
Nets of generation 280 averaged: 2708.61 (top score: 10096)
Nets of generation 281 averaged: 2790.49 (top score: 11476)
Nets of generation 282 averaged: 2824.74 (top score: 11348)
Nets of generation 283 averaged: 2736.33 (top score: 16460)
Nets of generation 284 averaged: 2796.92 (top score: 11756)
Nets of generation 285 averaged: 2649.15 (top score: 11984)
Nets of generation 286 averaged: 2775.45 (top score: 15840)
Nets of generation 287 averaged: 2863.25 (top score: 11896)
Nets of generation 288 averaged: 2865.86 (top score: 11748)
Nets of generation 289 averaged: 2781.3 (top score: 11460)
Nets of generation 290 averaged: 2838.68 (top score: 12432)
Nets of generation 291 averaged: 2867.68 (top score: 11828)
Nets of generation 292 averaged: 2802.49 (top score: 12624)
Nets of generation 293 averaged: 2687.9 (top score: 14672)
Nets of generation 294 averaged: 2734.18 (top score: 11304)
Nets of generation 295 averaged: 2819.7 (top score: 11380)
Nets of generation 296 averaged: 2630.5 (top score: 10620)
Nets of generation 297 averaged: 2802.32 (top score: 12232)
Nets of generation 298 averaged: 2712.36 (top score: 10532)
Nets of generation 299 averaged: 2782.38 (top score: 12600)
Nets of generation 300 averaged: 2926.3 (top score: 11604)
Nets of generation 301 averaged: 2877.94 (top score: 12400)
Nets of generation 302 averaged: 2778.22 (top score: 11492)
Nets of generation 303 averaged: 2770.06 (top score: 12048)
Nets of generation 304 averaged: 2839.62 (top score: 12328)
Nets of generation 305 averaged: 2982.16 (top score: 11768)
Nets of generation 306 averaged: 2809.31 (top score: 12396)
Nets of generation 307 averaged: 2969.62 (top score: 11788)
Nets of generation 308 averaged: 2881.3 (top score: 11236)
Nets of generation 309 averaged: 2928.33 (top score: 11316)
Nets of generation 310 averaged: 2892.36 (top score: 12176)
Nets of generation 311 averaged: 2816.62 (top score: 12924)
Nets of generation 312 averaged: 2764.18 (top score: 10736)
Nets of generation 313 averaged: 2925.22 (top score: 13108)
Nets of generation 314 averaged: 2787.37 (top score: 10940)
Nets of generation 315 averaged: 2903.72 (top score: 12300)
Nets of generation 316 averaged: 2929.01 (top score: 12204)
Nets of generation 317 averaged: 2900.06 (top score: 12392)
Nets of generation 318 averaged: 2951.32 (top score: 12288)
Nets of generation 319 averaged: 2901.42 (top score: 15216)
Nets of generation 320 averaged: 2863.32 (top score: 14628)
Nets of generation 321 averaged: 2923.98 (top score: 10904)
Nets of generation 322 averaged: 2876.85 (top score: 12200)
Nets of generation 323 averaged: 2925.45 (top score: 11464)
Nets of generation 324 averaged: 2830.19 (top score: 10520)
Nets of generation 325 averaged: 2944.05 (top score: 11140)
Nets of generation 326 averaged: 2976.04 (top score: 12440)
Nets of generation 327 averaged: 2921.33 (top score: 12356)
Nets of generation 328 averaged: 3038.21 (top score: 13664)
Nets of generation 329 averaged: 3069.3 (top score: 14308)
Nets of generation 330 averaged: 3019.45 (top score: 12224)
Nets of generation 331 averaged: 3088.65 (top score: 13192)
Nets of generation 332 averaged: 3057.96 (top score: 14388)
Nets of generation 333 averaged: 3125.41 (top score: 12092)
Nets of generation 334 averaged: 3087.91 (top score: 12180)
Nets of generation 335 averaged: 3078.22 (top score: 12696)
Nets of generation 336 averaged: 3131.83 (top score: 14376)
Nets of generation 337 averaged: 3131.33 (top score: 15512)
Nets of generation 338 averaged: 3207.01 (top score: 14464)
Nets of generation 339 averaged: 3146.77 (top score: 13428)
Nets of generation 340 averaged: 3111.69 (top score: 14552)
Nets of generation 341 averaged: 3221.45 (top score: 17020)
Nets of generation 342 averaged: 3133.34 (top score: 11248)
Nets of generation 343 averaged: 3127.72 (top score: 13684)
Nets of generation 344 averaged: 3239.43 (top score: 14804)
Nets of generation 345 averaged: 3148.38 (top score: 14948)
Nets of generation 346 averaged: 3248.09 (top score: 12352)
Nets of generation 347 averaged: 3252.51 (top score: 14148)
Nets of generation 348 averaged: 3223.86 (top score: 14408)
Nets of generation 349 averaged: 3269.05 (top score: 14716)
Nets of generation 350 averaged: 3303.8 (top score: 14616)
Nets of generation 351 averaged: 3188.92 (top score: 12736)
Nets of generation 352 averaged: 3242.93 (top score: 16548)
Nets of generation 353 averaged: 3231.91 (top score: 13468)
Nets of generation 354 averaged: 3189.65 (top score: 16016)
Nets of generation 355 averaged: 3254.55 (top score: 14432)
Nets of generation 356 averaged: 3433.22 (top score: 16432)
Nets of generation 357 averaged: 3353.82 (top score: 15440)
Nets of generation 358 averaged: 3319.79 (top score: 15568)
Nets of generation 359 averaged: 3321.22 (top score: 14336)
Nets of generation 360 averaged: 3234.62 (top score: 12728)
Nets of generation 361 averaged: 3254.16 (top score: 12256)
Nets of generation 362 averaged: 3276.31 (top score: 14504)
Nets of generation 363 averaged: 3168.02 (top score: 15608)
Nets of generation 364 averaged: 3182.34 (top score: 16616)
Nets of generation 365 averaged: 3316.98 (top score: 16360)
Nets of generation 366 averaged: 3243.81 (top score: 16212)
Nets of generation 367 averaged: 3114.82 (top score: 15288)
Nets of generation 368 averaged: 3118.3 (top score: 15696)
Nets of generation 369 averaged: 3182.78 (top score: 14568)
Nets of generation 370 averaged: 3196.54 (top score: 14496)
Nets of generation 371 averaged: 3115.4 (top score: 14684)
Nets of generation 372 averaged: 3170.65 (top score: 15408)
Nets of generation 373 averaged: 3201.02 (top score: 12392)
Nets of generation 374 averaged: 3178.79 (top score: 15376)
Nets of generation 375 averaged: 3167.14 (top score: 13664)
Nets of generation 376 averaged: 3132.8 (top score: 16232)
Nets of generation 377 averaged: 3170.8 (top score: 16224)
Nets of generation 378 averaged: 3278.86 (top score: 13604)
Nets of generation 379 averaged: 3125.7 (top score: 12824)
Nets of generation 380 averaged: 3268.95 (top score: 14364)
Nets of generation 381 averaged: 3291 (top score: 14460)
Nets of generation 382 averaged: 3325.42 (top score: 15680)
Nets of generation 383 averaged: 3320.72 (top score: 13620)
Nets of generation 384 averaged: 3301.71 (top score: 12436)
Nets of generation 385 averaged: 3249.05 (top score: 14600)
Nets of generation 386 averaged: 3256.12 (top score: 16000)
Nets of generation 387 averaged: 3333.96 (top score: 14492)
Nets of generation 388 averaged: 3335.45 (top score: 13696)
Nets of generation 389 averaged: 3279.86 (top score: 14268)
Nets of generation 390 averaged: 3296.35 (top score: 12308)
Nets of generation 391 averaged: 3416.3 (top score: 13396)
Nets of generation 392 averaged: 3328.98 (top score: 16240)
Nets of generation 393 averaged: 3364.39 (top score: 13616)
Nets of generation 394 averaged: 3271.39 (top score: 14532)
Nets of generation 395 averaged: 3270.22 (top score: 14336)
Nets of generation 396 averaged: 3350.28 (top score: 14316)
Nets of generation 397 averaged: 3459.8 (top score: 14980)
Nets of generation 398 averaged: 3253.62 (top score: 16100)
Nets of generation 399 averaged: 3259.32 (top score: 12268)
Nets of generation 400 averaged: 3393.46 (top score: 14508)
Nets of generation 401 averaged: 3458.88 (top score: 14868)
Nets of generation 402 averaged: 3155.28 (top score: 12208)
Nets of generation 403 averaged: 3341.48 (top score: 14200)
Nets of generation 404 averaged: 3176.9 (top score: 15252)
Nets of generation 405 averaged: 3313.97 (top score: 13412)
Nets of generation 406 averaged: 3334.24 (top score: 14056)
Nets of generation 407 averaged: 3349.69 (top score: 11864)
Nets of generation 408 averaged: 3405.99 (top score: 16452)
Nets of generation 409 averaged: 3399.09 (top score: 12540)
Nets of generation 410 averaged: 3326.54 (top score: 15604)
Nets of generation 411 averaged: 3297.18 (top score: 13628)
Nets of generation 412 averaged: 3302.43 (top score: 14876)
Nets of generation 413 averaged: 3228.77 (top score: 12468)
Nets of generation 414 averaged: 3257.47 (top score: 14704)
Nets of generation 415 averaged: 3355 (top score: 14416)
Nets of generation 416 averaged: 3347.42 (top score: 14636)
Nets of generation 417 averaged: 3434.25 (top score: 17500)
Nets of generation 418 averaged: 3345.23 (top score: 13240)
Nets of generation 419 averaged: 3243.62 (top score: 15536)
Nets of generation 420 averaged: 3303.45 (top score: 13952)
Nets of generation 421 averaged: 3285.2 (top score: 15680)
Nets of generation 422 averaged: 3383.46 (top score: 15964)
Nets of generation 423 averaged: 3318.56 (top score: 15716)
Nets of generation 424 averaged: 3327.83 (top score: 13744)
Nets of generation 425 averaged: 3259.72 (top score: 15608)
Nets of generation 426 averaged: 3288.38 (top score: 15568)
Nets of generation 427 averaged: 3480.36 (top score: 16316)
Nets of generation 428 averaged: 3487.53 (top score: 15464)
Nets of generation 429 averaged: 3328.73 (top score: 13488)
Nets of generation 430 averaged: 3450.9 (top score: 16056)
Nets of generation 431 averaged: 3485.71 (top score: 14176)
Nets of generation 432 averaged: 3726.96 (top score: 15756)
Nets of generation 433 averaged: 3502.32 (top score: 14756)
Nets of generation 434 averaged: 3505.93 (top score: 16668)
Nets of generation 435 averaged: 3492.62 (top score: 16100)
Nets of generation 436 averaged: 3429.99 (top score: 15584)
Nets of generation 437 averaged: 3596.77 (top score: 15312)
Nets of generation 438 averaged: 3483.24 (top score: 15648)
Nets of generation 439 averaged: 3596.89 (top score: 14648)
Nets of generation 440 averaged: 3414.43 (top score: 15668)
Nets of generation 441 averaged: 3534.48 (top score: 13876)
Nets of generation 442 averaged: 3449.4 (top score: 14284)
Nets of generation 443 averaged: 3501.3 (top score: 16352)
Nets of generation 444 averaged: 3412.08 (top score: 14716)
Nets of generation 445 averaged: 3600.92 (top score: 16148)
Nets of generation 446 averaged: 3514.68 (top score: 16256)
Nets of generation 447 averaged: 3639.17 (top score: 15156)
Nets of generation 448 averaged: 3536.72 (top score: 14836)
Nets of generation 449 averaged: 3543.26 (top score: 16376)
Nets of generation 450 averaged: 3524.76 (top score: 12112)
Nets of generation 451 averaged: 3580.17 (top score: 15588)
Nets of generation 452 averaged: 3462.5 (top score: 14672)
Nets of generation 453 averaged: 3311.02 (top score: 13216)
Nets of generation 454 averaged: 3508.97 (top score: 16412)
Nets of generation 455 averaged: 3331.01 (top score: 16380)
Nets of generation 456 averaged: 3476.57 (top score: 15356)
Nets of generation 457 averaged: 3340.46 (top score: 13316)
Nets of generation 458 averaged: 3419.86 (top score: 15596)
Nets of generation 459 averaged: 3541.71 (top score: 12664)
Nets of generation 460 averaged: 3481.24 (top score: 14468)
Nets of generation 461 averaged: 3479.21 (top score: 13856)
Nets of generation 462 averaged: 3400.48 (top score: 14088)
Nets of generation 463 averaged: 3449.15 (top score: 14904)
Nets of generation 464 averaged: 3492.19 (top score: 15324)
Nets of generation 465 averaged: 3537.75 (top score: 14572)
Nets of generation 466 averaged: 3482.09 (top score: 15472)
Nets of generation 467 averaged: 3458.77 (top score: 16104)
Nets of generation 468 averaged: 3474.69 (top score: 14220)
Nets of generation 469 averaged: 3521.09 (top score: 15768)
Nets of generation 470 averaged: 3513.06 (top score: 14480)
Nets of generation 471 averaged: 3367.19 (top score: 14480)
Nets of generation 472 averaged: 3441.74 (top score: 22264)
Nets of generation 473 averaged: 3509.46 (top score: 16268)
Nets of generation 474 averaged: 3383.18 (top score: 12956)
Nets of generation 475 averaged: 3381.36 (top score: 21032)
Nets of generation 476 averaged: 3337.29 (top score: 22364)
Nets of generation 477 averaged: 3379.31 (top score: 16172)
Nets of generation 478 averaged: 3542.24 (top score: 15404)
Nets of generation 479 averaged: 3421.08 (top score: 16256)
Nets of generation 480 averaged: 3266.6 (top score: 16708)
Nets of generation 481 averaged: 3533.74 (top score: 16384)
Nets of generation 482 averaged: 3349.92 (top score: 16076)
Nets of generation 483 averaged: 3449.98 (top score: 15320)
Nets of generation 484 averaged: 3404.32 (top score: 15172)
Nets of generation 485 averaged: 3510.81 (top score: 16072)
Nets of generation 486 averaged: 3441.5 (top score: 20632)
Nets of generation 487 averaged: 3357.34 (top score: 16180)
Nets of generation 488 averaged: 3334.73 (top score: 14704)
Nets of generation 489 averaged: 3308.31 (top score: 14096)
Nets of generation 490 averaged: 3366.4 (top score: 16480)
Nets of generation 491 averaged: 3318.9 (top score: 16572)
Nets of generation 492 averaged: 3421.41 (top score: 16008)
Nets of generation 493 averaged: 3548.84 (top score: 16316)
Nets of generation 494 averaged: 3450.98 (top score: 20916)
Nets of generation 495 averaged: 3343.25 (top score: 15572)
Nets of generation 496 averaged: 3471.84 (top score: 17332)
Nets of generation 497 averaged: 3335.91 (top score: 14932)
Nets of generation 498 averaged: 3345.6 (top score: 15276)
Nets of generation 499 averaged: 3255.02 (top score: 14340)
Nets of generation 500 averaged: 3170.09 (top score: 15728)
Nets of generation 501 averaged: 3466.38 (top score: 14752)
Nets of generation 502 averaged: 3355.52 (top score: 16196)
Nets of generation 503 averaged: 3434.76 (top score: 16440)
Nets of generation 504 averaged: 3256.14 (top score: 14092)
Nets of generation 505 averaged: 3350.44 (top score: 13848)
Nets of generation 506 averaged: 3311.32 (top score: 14540)
Nets of generation 507 averaged: 3288.25 (top score: 16432)
Nets of generation 508 averaged: 3304.27 (top score: 16140)
Nets of generation 509 averaged: 3361.73 (top score: 15376)
Nets of generation 510 averaged: 3268.56 (top score: 12152)
Nets of generation 511 averaged: 3268.51 (top score: 14192)
Nets of generation 512 averaged: 3324.91 (top score: 15076)
Nets of generation 513 averaged: 3289.93 (top score: 15372)
Nets of generation 514 averaged: 3358.46 (top score: 15944)
Nets of generation 515 averaged: 3306.85 (top score: 14952)
Nets of generation 516 averaged: 3499.73 (top score: 14616)
Nets of generation 517 averaged: 3236.21 (top score: 12520)
Nets of generation 518 averaged: 3284.66 (top score: 14500)
Nets of generation 519 averaged: 3265.55 (top score: 15480)
Nets of generation 520 averaged: 3319.05 (top score: 15604)
Nets of generation 521 averaged: 3354.28 (top score: 16076)
Nets of generation 522 averaged: 3300.05 (top score: 16092)
Nets of generation 523 averaged: 3325.03 (top score: 14664)
Nets of generation 524 averaged: 3406.04 (top score: 14792)
Nets of generation 525 averaged: 3481.68 (top score: 15476)
Nets of generation 526 averaged: 3412.54 (top score: 14328)
Nets of generation 527 averaged: 3375.22 (top score: 15396)
Nets of generation 528 averaged: 3365.04 (top score: 16396)
Nets of generation 529 averaged: 3137.75 (top score: 14540)
Nets of generation 530 averaged: 3153.3 (top score: 15104)
Nets of generation 531 averaged: 3267.36 (top score: 16180)
Nets of generation 532 averaged: 3076.2 (top score: 14320)
Nets of generation 533 averaged: 3111.4 (top score: 21416)
Nets of generation 534 averaged: 3156.03 (top score: 14372)
Nets of generation 535 averaged: 3178.89 (top score: 12728)
Nets of generation 536 averaged: 3198.23 (top score: 14340)
Nets of generation 537 averaged: 3204.89 (top score: 16944)
Nets of generation 538 averaged: 3204.65 (top score: 16248)
Nets of generation 539 averaged: 3332.19 (top score: 12324)
Nets of generation 540 averaged: 3379.38 (top score: 15600)
Nets of generation 541 averaged: 3301.58 (top score: 14200)
Nets of generation 542 averaged: 3397.15 (top score: 15980)
Nets of generation 543 averaged: 3212.16 (top score: 13560)
Nets of generation 544 averaged: 3524.01 (top score: 14752)
Nets of generation 545 averaged: 3311.72 (top score: 14824)
Nets of generation 546 averaged: 3323.48 (top score: 15044)
Nets of generation 547 averaged: 3531.83 (top score: 16008)
Nets of generation 548 averaged: 3308.2 (top score: 12476)
Nets of generation 549 averaged: 3301.99 (top score: 15208)
Nets of generation 550 averaged: 3258.72 (top score: 15868)
Nets of generation 551 averaged: 3476.82 (top score: 15524)
Nets of generation 552 averaged: 3274.26 (top score: 14588)
Nets of generation 553 averaged: 3418.79 (top score: 13956)
Nets of generation 554 averaged: 3329.75 (top score: 14276)
Nets of generation 555 averaged: 3351.64 (top score: 16264)
Nets of generation 556 averaged: 3271.77 (top score: 16264)
Nets of generation 557 averaged: 3324.27 (top score: 15780)
Nets of generation 558 averaged: 3368.45 (top score: 15748)
Nets of generation 559 averaged: 3340.1 (top score: 13736)
Nets of generation 560 averaged: 3280.01 (top score: 21624)
Nets of generation 561 averaged: 3313.07 (top score: 14612)
Nets of generation 562 averaged: 3348.89 (top score: 16480)
Nets of generation 563 averaged: 3343.96 (top score: 14304)
Nets of generation 564 averaged: 3210.21 (top score: 15888)
Nets of generation 565 averaged: 3372.75 (top score: 16172)
Nets of generation 566 averaged: 3299.52 (top score: 14520)
Nets of generation 567 averaged: 3290.48 (top score: 12692)
Nets of generation 568 averaged: 3337.09 (top score: 12600)
Nets of generation 569 averaged: 3394.45 (top score: 12948)
Nets of generation 570 averaged: 3295.08 (top score: 22996)
Nets of generation 571 averaged: 3373.17 (top score: 16208)
Nets of generation 572 averaged: 3418.13 (top score: 12352)
Nets of generation 573 averaged: 3334.88 (top score: 13988)
Nets of generation 574 averaged: 3257.64 (top score: 15676)
Nets of generation 575 averaged: 3399.71 (top score: 12460)
Nets of generation 576 averaged: 3269.78 (top score: 12260)
Nets of generation 577 averaged: 3244.32 (top score: 12244)
Nets of generation 578 averaged: 3255.78 (top score: 11780)
Nets of generation 579 averaged: 3290.1 (top score: 13000)
Nets of generation 580 averaged: 3327.73 (top score: 13928)
Nets of generation 581 averaged: 3518.18 (top score: 15476)
Nets of generation 582 averaged: 3418.63 (top score: 14084)
Nets of generation 583 averaged: 3367.73 (top score: 13400)
Nets of generation 584 averaged: 3554.18 (top score: 13516)
Nets of generation 585 averaged: 3491.89 (top score: 15496)
Nets of generation 586 averaged: 3592.13 (top score: 13936)
Nets of generation 587 averaged: 3527.83 (top score: 13416)
Nets of generation 588 averaged: 3523.74 (top score: 13304)
Nets of generation 589 averaged: 3442.78 (top score: 14416)
Nets of generation 590 averaged: 3405.79 (top score: 13280)
Nets of generation 591 averaged: 3375.13 (top score: 12732)
Nets of generation 592 averaged: 3530.32 (top score: 16104)
Nets of generation 593 averaged: 3483.32 (top score: 13448)
Nets of generation 594 averaged: 3477.49 (top score: 13692)
Nets of generation 595 averaged: 3463.99 (top score: 13128)
Nets of generation 596 averaged: 3573.78 (top score: 11692)
Nets of generation 597 averaged: 3525.96 (top score: 12388)
Nets of generation 598 averaged: 3543.83 (top score: 15908)
Nets of generation 599 averaged: 3528 (top score: 12948)
Nets of generation 600 averaged: 3658.2 (top score: 14452)
Nets of generation 601 averaged: 3629.29 (top score: 11712)
Nets of generation 602 averaged: 3646.89 (top score: 14384)
Nets of generation 603 averaged: 3639.74 (top score: 13768)
Nets of generation 604 averaged: 3709.47 (top score: 15604)
Nets of generation 605 averaged: 3657.36 (top score: 13956)
Nets of generation 606 averaged: 3740.63 (top score: 13264)
Nets of generation 607 averaged: 3734.01 (top score: 15708)
Nets of generation 608 averaged: 3699.46 (top score: 14768)
Nets of generation 609 averaged: 3677.59 (top score: 14516)
Nets of generation 610 averaged: 3693.88 (top score: 16268)
Nets of generation 611 averaged: 3684.01 (top score: 13356)
Nets of generation 612 averaged: 3593.94 (top score: 15880)
Nets of generation 613 averaged: 3693.76 (top score: 14168)
Nets of generation 614 averaged: 3727.3 (top score: 14504)
Nets of generation 615 averaged: 3617.78 (top score: 12468)
Nets of generation 616 averaged: 3607.15 (top score: 14568)
Nets of generation 617 averaged: 3532.8 (top score: 14056)
Nets of generation 618 averaged: 3656.66 (top score: 12892)
Nets of generation 619 averaged: 3570.82 (top score: 12256)
Nets of generation 620 averaged: 3684.25 (top score: 15276)
Nets of generation 621 averaged: 3660 (top score: 15496)
Nets of generation 622 averaged: 3653.01 (top score: 14024)
Nets of generation 623 averaged: 3628.1 (top score: 15204)
Nets of generation 624 averaged: 3614.33 (top score: 14580)
Nets of generation 625 averaged: 3639.87 (top score: 13204)
Nets of generation 626 averaged: 3547.22 (top score: 14332)
Nets of generation 627 averaged: 3725.43 (top score: 15024)
Nets of generation 628 averaged: 3531.76 (top score: 15240)
Nets of generation 629 averaged: 3494.51 (top score: 13168)
Nets of generation 630 averaged: 3424.59 (top score: 13988)
Nets of generation 631 averaged: 3617.22 (top score: 12996)
Nets of generation 632 averaged: 3727.74 (top score: 16316)
Nets of generation 633 averaged: 3653.16 (top score: 14020)
Nets of generation 634 averaged: 3608.19 (top score: 13564)
Nets of generation 635 averaged: 3726.17 (top score: 16316)
Nets of generation 636 averaged: 3689.52 (top score: 14668)
Nets of generation 637 averaged: 3479.85 (top score: 14724)
Nets of generation 638 averaged: 3564.65 (top score: 14244)
Nets of generation 639 averaged: 3555.37 (top score: 14032)
Nets of generation 640 averaged: 3555.42 (top score: 13496)
Nets of generation 641 averaged: 3532.07 (top score: 15596)
Nets of generation 642 averaged: 3503.48 (top score: 14484)
Nets of generation 643 averaged: 3580 (top score: 12612)
Nets of generation 644 averaged: 3423.43 (top score: 16516)
Nets of generation 645 averaged: 3663.83 (top score: 15672)
Nets of generation 646 averaged: 3611.44 (top score: 14544)
Nets of generation 647 averaged: 3489.44 (top score: 17424)
Nets of generation 648 averaged: 3663.41 (top score: 14732)
Nets of generation 649 averaged: 3689.75 (top score: 13608)
Nets of generation 650 averaged: 3593.74 (top score: 14636)
Nets of generation 651 averaged: 3502.75 (top score: 12808)
Nets of generation 652 averaged: 3502.49 (top score: 14788)
Nets of generation 653 averaged: 3561.49 (top score: 14632)
Nets of generation 654 averaged: 3395.09 (top score: 16196)
Nets of generation 655 averaged: 3533.11 (top score: 13740)
Nets of generation 656 averaged: 3620.37 (top score: 14944)
Nets of generation 657 averaged: 3572.6 (top score: 14556)
Nets of generation 658 averaged: 3449.07 (top score: 15380)
Nets of generation 659 averaged: 3550.91 (top score: 15456)
Nets of generation 660 averaged: 3612.71 (top score: 16136)
Nets of generation 661 averaged: 3586.18 (top score: 12376)
Nets of generation 662 averaged: 3502.73 (top score: 11400)
Nets of generation 663 averaged: 3514.24 (top score: 14280)
Nets of generation 664 averaged: 3497.95 (top score: 16116)
Nets of generation 665 averaged: 3585.32 (top score: 13484)
Nets of generation 666 averaged: 3545.34 (top score: 14832)
Nets of generation 667 averaged: 3634.66 (top score: 14452)
Nets of generation 668 averaged: 3525.92 (top score: 15576)
Nets of generation 669 averaged: 3610.02 (top score: 13248)
Nets of generation 670 averaged: 3637.4 (top score: 16788)
Nets of generation 671 averaged: 3553.26 (top score: 15632)
Nets of generation 672 averaged: 3572.86 (top score: 14252)
Nets of generation 673 averaged: 3605.97 (top score: 12320)
Nets of generation 674 averaged: 3685.64 (top score: 13668)
Nets of generation 675 averaged: 3482.26 (top score: 14848)
Nets of generation 676 averaged: 3653.2 (top score: 14700)
Nets of generation 677 averaged: 3647.37 (top score: 12584)
Nets of generation 678 averaged: 3462.42 (top score: 12456)
Nets of generation 679 averaged: 3685.23 (top score: 14748)
Nets of generation 680 averaged: 3740.36 (top score: 14520)
Nets of generation 681 averaged: 3576.7 (top score: 14608)
Nets of generation 682 averaged: 3664.54 (top score: 15936)
Nets of generation 683 averaged: 3758.16 (top score: 15052)
Nets of generation 684 averaged: 3608.79 (top score: 15140)
Nets of generation 685 averaged: 3745.77 (top score: 15396)
Nets of generation 686 averaged: 3765.78 (top score: 16748)
Nets of generation 687 averaged: 3884.39 (top score: 14656)
Nets of generation 688 averaged: 3764.06 (top score: 15888)
Nets of generation 689 averaged: 3657.23 (top score: 15820)
Nets of generation 690 averaged: 3762.73 (top score: 16144)
Nets of generation 691 averaged: 3728.44 (top score: 16204)
Nets of generation 692 averaged: 3820.85 (top score: 14768)
Nets of generation 693 averaged: 3719.94 (top score: 12556)
Nets of generation 694 averaged: 3844.52 (top score: 15284)
Nets of generation 695 averaged: 3799.58 (top score: 12728)
Nets of generation 696 averaged: 3776.94 (top score: 15828)
Nets of generation 697 averaged: 3850.46 (top score: 16328)
Nets of generation 698 averaged: 3909.26 (top score: 15552)
Nets of generation 699 averaged: 3845.98 (top score: 16432)
Nets of generation 700 averaged: 3865.82 (top score: 16596)
Nets of generation 701 averaged: 3773.72 (top score: 15648)
Nets of generation 702 averaged: 3923.88 (top score: 16668)
Nets of generation 703 averaged: 3753.14 (top score: 15768)
Nets of generation 704 averaged: 3882.86 (top score: 16156)
Nets of generation 705 averaged: 3818.08 (top score: 15380)
Nets of generation 706 averaged: 3705.44 (top score: 14368)
Nets of generation 707 averaged: 3779.24 (top score: 14360)
Nets of generation 708 averaged: 3613.2 (top score: 14468)
Nets of generation 709 averaged: 3935.57 (top score: 15248)
Nets of generation 710 averaged: 3997.96 (top score: 15868)
Nets of generation 711 averaged: 3999.06 (top score: 16060)
Nets of generation 712 averaged: 3749.29 (top score: 15524)
Nets of generation 713 averaged: 3800.66 (top score: 15496)
Nets of generation 714 averaged: 3790.91 (top score: 15668)
Nets of generation 715 averaged: 3856.79 (top score: 15560)
Nets of generation 716 averaged: 3766 (top score: 16224)
Nets of generation 717 averaged: 3751.41 (top score: 15532)
Nets of generation 718 averaged: 3955.14 (top score: 16876)
Nets of generation 719 averaged: 3834.69 (top score: 14800)
Nets of generation 720 averaged: 3746.45 (top score: 15832)
Nets of generation 721 averaged: 3811.57 (top score: 15088)
Nets of generation 722 averaged: 3642.12 (top score: 15096)
Nets of generation 723 averaged: 3665.59 (top score: 15032)
Nets of generation 724 averaged: 3694.46 (top score: 14960)
Nets of generation 725 averaged: 3653.46 (top score: 15624)
Nets of generation 726 averaged: 3695.35 (top score: 15864)
Nets of generation 727 averaged: 3682.7 (top score: 15432)
Nets of generation 728 averaged: 3761.37 (top score: 21492)
Nets of generation 729 averaged: 3648.37 (top score: 15544)
Nets of generation 730 averaged: 3814.42 (top score: 12832)
Nets of generation 731 averaged: 3752.19 (top score: 16024)
Nets of generation 732 averaged: 3859.43 (top score: 14960)
Nets of generation 733 averaged: 3861.89 (top score: 16380)
Nets of generation 734 averaged: 3697.38 (top score: 13256)
Nets of generation 735 averaged: 3769.37 (top score: 22712)
Nets of generation 736 averaged: 3651.56 (top score: 15372)
Nets of generation 737 averaged: 3542.37 (top score: 15256)
Nets of generation 738 averaged: 3659.06 (top score: 16484)
Nets of generation 739 averaged: 3683.75 (top score: 16484)
Nets of generation 740 averaged: 3634.15 (top score: 14908)
Nets of generation 741 averaged: 3581.29 (top score: 13872)
Nets of generation 742 averaged: 3525.43 (top score: 15776)
Nets of generation 743 averaged: 3582.87 (top score: 15396)
Nets of generation 744 averaged: 3846.58 (top score: 15580)
Nets of generation 745 averaged: 3694.9 (top score: 14284)
Nets of generation 746 averaged: 3610.37 (top score: 14580)
Nets of generation 747 averaged: 3611.93 (top score: 12660)
Nets of generation 748 averaged: 3593.56 (top score: 14440)
Nets of generation 749 averaged: 3783 (top score: 16252)
Nets of generation 750 averaged: 3780.74 (top score: 13920)
Nets of generation 751 averaged: 3811.59 (top score: 14924)
Nets of generation 752 averaged: 3800.06 (top score: 15288)
Nets of generation 753 averaged: 3692.32 (top score: 15660)
Nets of generation 754 averaged: 3753.15 (top score: 14928)
Nets of generation 755 averaged: 3733.59 (top score: 15932)
Nets of generation 756 averaged: 3721.37 (top score: 14324)
Nets of generation 757 averaged: 3767.85 (top score: 16536)
Nets of generation 758 averaged: 3786.32 (top score: 15756)
Nets of generation 759 averaged: 3759.43 (top score: 15348)
Nets of generation 760 averaged: 3748.5 (top score: 15604)
Nets of generation 761 averaged: 3788.7 (top score: 15868)
Nets of generation 762 averaged: 3986.68 (top score: 22268)
Nets of generation 763 averaged: 3816.59 (top score: 17996)
Nets of generation 764 averaged: 3907.33 (top score: 14124)
Nets of generation 765 averaged: 3847.9 (top score: 16112)
Nets of generation 766 averaged: 3904.28 (top score: 16460)
Nets of generation 767 averaged: 3959.88 (top score: 21476)
Nets of generation 768 averaged: 3848.28 (top score: 16188)
Nets of generation 769 averaged: 3955.85 (top score: 15572)
Nets of generation 770 averaged: 3989.66 (top score: 15784)
Nets of generation 771 averaged: 4092.38 (top score: 20680)
Nets of generation 772 averaged: 3951.23 (top score: 22224)
Nets of generation 773 averaged: 3835.42 (top score: 16416)
Nets of generation 774 averaged: 3894.02 (top score: 14364)
Nets of generation 775 averaged: 3907.84 (top score: 15572)
Nets of generation 776 averaged: 3818.82 (top score: 14588)
Nets of generation 777 averaged: 3960.08 (top score: 15604)
Nets of generation 778 averaged: 3936.42 (top score: 16516)
Nets of generation 779 averaged: 3906.59 (top score: 16468)
Nets of generation 780 averaged: 3730.36 (top score: 15940)
Nets of generation 781 averaged: 3814.96 (top score: 15780)
Nets of generation 782 averaged: 3750.95 (top score: 16300)
Nets of generation 783 averaged: 3986.69 (top score: 15608)
Nets of generation 784 averaged: 4035.71 (top score: 20876)
Nets of generation 785 averaged: 3850.53 (top score: 16228)
Nets of generation 786 averaged: 3874.66 (top score: 16352)
Nets of generation 787 averaged: 3973.84 (top score: 16220)
Nets of generation 788 averaged: 3856.72 (top score: 15676)
Nets of generation 789 averaged: 3770.36 (top score: 16052)
Nets of generation 790 averaged: 3823.2 (top score: 16632)
Nets of generation 791 averaged: 3836.9 (top score: 22552)
Nets of generation 792 averaged: 3861.1 (top score: 13964)
Nets of generation 793 averaged: 3930.01 (top score: 15084)
Nets of generation 794 averaged: 3839.82 (top score: 16492)
Nets of generation 795 averaged: 3947.71 (top score: 15808)
Nets of generation 796 averaged: 4008.55 (top score: 15612)
Nets of generation 797 averaged: 3871.41 (top score: 16176)
Nets of generation 798 averaged: 3708.32 (top score: 16052)
Nets of generation 799 averaged: 3814.95 (top score: 16580)
Nets of generation 800 averaged: 3874.09 (top score: 15660)
Nets of generation 801 averaged: 3918.4 (top score: 16164)
Nets of generation 802 averaged: 3960.9 (top score: 16156)
Nets of generation 803 averaged: 4010.55 (top score: 15220)
Nets of generation 804 averaged: 3853.53 (top score: 15968)
Nets of generation 805 averaged: 3866.84 (top score: 15440)
Nets of generation 806 averaged: 4040.14 (top score: 21628)
Nets of generation 807 averaged: 3841.5 (top score: 15656)
Nets of generation 808 averaged: 3760.49 (top score: 14580)
Nets of generation 809 averaged: 3926.16 (top score: 16044)
Nets of generation 810 averaged: 3865.94 (top score: 15808)
Nets of generation 811 averaged: 3742.96 (top score: 23360)
Nets of generation 812 averaged: 3846.9 (top score: 16948)
Nets of generation 813 averaged: 3812.08 (top score: 16412)
Nets of generation 814 averaged: 3951.31 (top score: 13700)
Nets of generation 815 averaged: 3921.36 (top score: 16416)
Nets of generation 816 averaged: 3961.15 (top score: 15396)
Nets of generation 817 averaged: 3889.64 (top score: 14600)
Nets of generation 818 averaged: 4032.52 (top score: 16324)
Nets of generation 819 averaged: 4003.23 (top score: 16600)
Nets of generation 820 averaged: 3991.75 (top score: 15756)
Nets of generation 821 averaged: 3986.11 (top score: 16412)
Nets of generation 822 averaged: 4040.12 (top score: 17200)
Nets of generation 823 averaged: 3965.26 (top score: 16232)
Nets of generation 824 averaged: 3854.4 (top score: 16368)
Nets of generation 825 averaged: 3936.06 (top score: 16256)
Nets of generation 826 averaged: 4027.18 (top score: 16096)
Nets of generation 827 averaged: 4005 (top score: 16312)
Nets of generation 828 averaged: 4133.76 (top score: 16372)
Nets of generation 829 averaged: 3937.13 (top score: 16256)
Nets of generation 830 averaged: 3893.69 (top score: 14612)
Nets of generation 831 averaged: 4038.38 (top score: 15112)
Nets of generation 832 averaged: 3982.45 (top score: 16488)
Nets of generation 833 averaged: 4110.75 (top score: 16272)
Nets of generation 834 averaged: 3996.77 (top score: 16608)
Nets of generation 835 averaged: 3950.26 (top score: 15508)
Nets of generation 836 averaged: 4118.5 (top score: 21716)
Nets of generation 837 averaged: 4056.5 (top score: 14384)
Nets of generation 838 averaged: 4119.32 (top score: 16108)
Nets of generation 839 averaged: 4117.52 (top score: 16668)
Nets of generation 840 averaged: 3990.09 (top score: 16512)
Nets of generation 841 averaged: 4020.61 (top score: 16064)
Nets of generation 842 averaged: 4018.62 (top score: 22968)
Nets of generation 843 averaged: 4102.66 (top score: 16576)
Nets of generation 844 averaged: 3923.16 (top score: 16776)
Nets of generation 845 averaged: 4133.56 (top score: 16224)
Nets of generation 846 averaged: 4120.52 (top score: 21124)
Nets of generation 847 averaged: 4076.65 (top score: 16596)
Nets of generation 848 averaged: 4109.7 (top score: 16384)
Nets of generation 849 averaged: 3976.54 (top score: 16136)
Nets of generation 850 averaged: 4049.11 (top score: 16608)
Nets of generation 851 averaged: 3919.85 (top score: 16204)
Nets of generation 852 averaged: 4020.71 (top score: 17200)
Nets of generation 853 averaged: 3960.68 (top score: 16556)
Nets of generation 854 averaged: 3847.16 (top score: 16380)
Nets of generation 855 averaged: 3937.66 (top score: 16548)
Nets of generation 856 averaged: 4009.2 (top score: 16632)
Nets of generation 857 averaged: 4007.35 (top score: 16468)
Nets of generation 858 averaged: 4051.88 (top score: 16220)
Nets of generation 859 averaged: 3972.62 (top score: 16560)
Nets of generation 860 averaged: 3997.82 (top score: 16968)
Nets of generation 861 averaged: 4073.31 (top score: 23944)
Nets of generation 862 averaged: 3944.44 (top score: 16916)
Nets of generation 863 averaged: 4078.31 (top score: 15940)
Nets of generation 864 averaged: 4016.35 (top score: 16824)
Nets of generation 865 averaged: 4004.81 (top score: 15452)
Nets of generation 866 averaged: 4017.14 (top score: 25420)
Nets of generation 867 averaged: 4033.34 (top score: 15332)
Nets of generation 868 averaged: 4121.62 (top score: 15992)
Nets of generation 869 averaged: 4183.46 (top score: 16168)
Nets of generation 870 averaged: 4097.77 (top score: 15976)
Nets of generation 871 averaged: 4080.3 (top score: 16024)
Nets of generation 872 averaged: 4106.96 (top score: 16388)
Nets of generation 873 averaged: 4117.27 (top score: 16576)
Nets of generation 874 averaged: 4038.72 (top score: 16308)
Nets of generation 875 averaged: 3944.88 (top score: 16068)
Nets of generation 876 averaged: 4146.77 (top score: 16388)
Nets of generation 877 averaged: 4112.1 (top score: 16140)
Nets of generation 878 averaged: 4213.05 (top score: 16880)
Nets of generation 879 averaged: 3942.26 (top score: 16144)
Nets of generation 880 averaged: 3972.9 (top score: 15464)
Nets of generation 881 averaged: 3938.19 (top score: 14532)
Nets of generation 882 averaged: 4022.54 (top score: 26732)
Nets of generation 883 averaged: 3900.1 (top score: 16432)
Nets of generation 884 averaged: 3971.68 (top score: 16032)
Nets of generation 885 averaged: 3921.56 (top score: 15860)
Nets of generation 886 averaged: 3913.29 (top score: 16256)
Nets of generation 887 averaged: 4039.91 (top score: 15656)
Nets of generation 888 averaged: 3855.66 (top score: 16700)
Nets of generation 889 averaged: 4040.61 (top score: 16444)
Nets of generation 890 averaged: 3889.32 (top score: 14184)
Nets of generation 891 averaged: 3948.72 (top score: 16432)
Nets of generation 892 averaged: 3900.57 (top score: 17396)
Nets of generation 893 averaged: 3982.75 (top score: 21076)
Nets of generation 894 averaged: 3965.84 (top score: 16760)
Nets of generation 895 averaged: 4055.97 (top score: 16464)
Nets of generation 896 averaged: 3915.2 (top score: 15992)
Nets of generation 897 averaged: 3964.95 (top score: 16372)
Nets of generation 898 averaged: 3953.39 (top score: 16292)
Nets of generation 899 averaged: 3995.17 (top score: 16280)
Nets of generation 900 averaged: 3938.76 (top score: 16000)
Nets of generation 901 averaged: 3755 (top score: 16376)
Nets of generation 902 averaged: 3848.99 (top score: 16528)
Nets of generation 903 averaged: 3971.96 (top score: 16508)
Nets of generation 904 averaged: 3864.12 (top score: 15428)
Nets of generation 905 averaged: 3884.28 (top score: 15684)
Nets of generation 906 averaged: 3675.86 (top score: 15948)
Nets of generation 907 averaged: 3996.65 (top score: 24744)
Nets of generation 908 averaged: 4093.4 (top score: 15736)
Nets of generation 909 averaged: 3898.91 (top score: 16264)
Nets of generation 910 averaged: 3843.5 (top score: 16552)
Nets of generation 911 averaged: 3927.28 (top score: 16424)
Nets of generation 912 averaged: 3904.4 (top score: 15868)
Nets of generation 913 averaged: 3873.44 (top score: 15292)
Nets of generation 914 averaged: 3932.82 (top score: 16428)
Nets of generation 915 averaged: 3870.65 (top score: 16056)
Nets of generation 916 averaged: 3934.52 (top score: 16228)
Nets of generation 917 averaged: 3879.34 (top score: 16424)
Nets of generation 918 averaged: 3882.08 (top score: 15308)
Nets of generation 919 averaged: 3875.97 (top score: 16384)
Nets of generation 920 averaged: 3849.82 (top score: 15652)
Nets of generation 921 averaged: 3848.23 (top score: 15664)
Nets of generation 922 averaged: 3815.97 (top score: 16144)
Nets of generation 923 averaged: 4004.99 (top score: 16344)
Nets of generation 924 averaged: 3915.38 (top score: 16512)
Nets of generation 925 averaged: 3902.94 (top score: 17448)
Nets of generation 926 averaged: 3779.62 (top score: 15796)
Nets of generation 927 averaged: 3785.01 (top score: 16224)
Nets of generation 928 averaged: 3863.91 (top score: 15076)
Nets of generation 929 averaged: 3923.85 (top score: 16316)
Nets of generation 930 averaged: 3871.16 (top score: 15724)
Nets of generation 931 averaged: 3996.24 (top score: 16600)
Nets of generation 932 averaged: 4048.83 (top score: 16164)
Nets of generation 933 averaged: 3979.86 (top score: 15788)
Nets of generation 934 averaged: 4037.13 (top score: 15988)
Nets of generation 935 averaged: 4063.4 (top score: 17124)
Nets of generation 936 averaged: 3879.02 (top score: 16152)
Nets of generation 937 averaged: 3859.38 (top score: 16584)
Nets of generation 938 averaged: 3799.35 (top score: 25800)
Nets of generation 939 averaged: 4120.19 (top score: 16288)
Nets of generation 940 averaged: 4102.11 (top score: 16516)
Nets of generation 941 averaged: 4072.28 (top score: 16528)
Nets of generation 942 averaged: 4007.28 (top score: 16432)
Nets of generation 943 averaged: 4009.27 (top score: 16456)
Nets of generation 944 averaged: 4041.95 (top score: 16780)
Nets of generation 945 averaged: 4036.83 (top score: 22764)
Nets of generation 946 averaged: 4066.69 (top score: 16428)
Nets of generation 947 averaged: 4099.39 (top score: 16524)
Nets of generation 948 averaged: 3914.53 (top score: 16580)
Nets of generation 949 averaged: 3991.52 (top score: 16560)
Nets of generation 950 averaged: 3834.31 (top score: 17684)
Nets of generation 951 averaged: 3907.53 (top score: 20456)
Nets of generation 952 averaged: 3931.6 (top score: 14636)
Nets of generation 953 averaged: 4155.01 (top score: 16856)
Nets of generation 954 averaged: 4187.46 (top score: 15800)
Nets of generation 955 averaged: 4259.38 (top score: 16072)
Nets of generation 956 averaged: 4194.19 (top score: 16924)
Nets of generation 957 averaged: 4034.34 (top score: 16596)
Nets of generation 958 averaged: 3809.55 (top score: 15496)
Nets of generation 959 averaged: 4042.74 (top score: 21664)
Nets of generation 960 averaged: 4107.22 (top score: 15564)
Nets of generation 961 averaged: 4181.72 (top score: 16480)
Nets of generation 962 averaged: 3939.62 (top score: 16004)
Nets of generation 963 averaged: 4023.03 (top score: 15176)
Nets of generation 964 averaged: 3859.8 (top score: 15896)
Nets of generation 965 averaged: 4115.7 (top score: 21828)
Nets of generation 966 averaged: 3866.08 (top score: 15984)
Nets of generation 967 averaged: 4071.99 (top score: 16360)
Nets of generation 968 averaged: 3943.2 (top score: 16284)
Nets of generation 969 averaged: 4027.32 (top score: 16236)
Nets of generation 970 averaged: 3954.96 (top score: 15432)
Nets of generation 971 averaged: 4009.5 (top score: 16356)
Nets of generation 972 averaged: 4003.63 (top score: 15432)
Nets of generation 973 averaged: 4131.75 (top score: 16684)
Nets of generation 974 averaged: 4104.95 (top score: 16036)
Nets of generation 975 averaged: 3948.49 (top score: 16044)
Nets of generation 976 averaged: 4133 (top score: 23336)
Nets of generation 977 averaged: 4153.78 (top score: 20700)
Nets of generation 978 averaged: 4023.53 (top score: 16188)
Nets of generation 979 averaged: 4148.16 (top score: 14492)
Nets of generation 980 averaged: 4007.6 (top score: 16552)
Nets of generation 981 averaged: 4129.77 (top score: 16552)
Nets of generation 982 averaged: 4099.27 (top score: 16828)
Nets of generation 983 averaged: 4043 (top score: 16608)
Nets of generation 984 averaged: 4113.14 (top score: 14696)
Nets of generation 985 averaged: 4023.59 (top score: 15224)
Nets of generation 986 averaged: 4146.49 (top score: 16720)
Nets of generation 987 averaged: 4238.34 (top score: 15416)
Nets of generation 988 averaged: 4162.27 (top score: 16168)
Nets of generation 989 averaged: 4136.16 (top score: 16116)
Nets of generation 990 averaged: 4162.19 (top score: 16644)
Nets of generation 991 averaged: 4127.1 (top score: 16772)
Nets of generation 992 averaged: 4177.59 (top score: 15796)
Nets of generation 993 averaged: 4045.45 (top score: 16372)
Nets of generation 994 averaged: 4182.35 (top score: 16352)
Nets of generation 995 averaged: 4082.43 (top score: 16304)
Nets of generation 996 averaged: 4128.8 (top score: 15788)
Nets of generation 997 averaged: 4210.98 (top score: 17008)
Nets of generation 998 averaged: 4101.66 (top score: 16988)
Nets of generation 999 averaged: 4040.68 (top score: 16000)
