Initialized with: 
numGenerations: 1000
numNets: 100
numGamesPerNet: 10
netHiddenLayerSize: 16
chMode: h
treeDepth: 2
Nets of generation 0 averaged: 936.436 (top score: 6784)
Nets of generation 1 averaged: 965.588 (top score: 3980)
Nets of generation 2 averaged: 981.74 (top score: 6992)
Nets of generation 3 averaged: 1030.89 (top score: 7364)
Nets of generation 4 averaged: 1055.82 (top score: 3904)
Nets of generation 5 averaged: 1080.43 (top score: 4664)
Nets of generation 6 averaged: 1080.44 (top score: 6128)
Nets of generation 7 averaged: 1168.67 (top score: 7320)
Nets of generation 8 averaged: 1177.04 (top score: 5184)
Nets of generation 9 averaged: 1227.46 (top score: 5356)
Nets of generation 10 averaged: 1181.31 (top score: 4796)
Nets of generation 11 averaged: 1255.21 (top score: 6256)
Nets of generation 12 averaged: 1298.09 (top score: 5868)
Nets of generation 13 averaged: 1294.78 (top score: 8024)
Nets of generation 14 averaged: 1275.93 (top score: 6624)
Nets of generation 15 averaged: 1332.78 (top score: 6084)
Nets of generation 16 averaged: 1297.42 (top score: 6988)
Nets of generation 17 averaged: 1362.04 (top score: 6508)
Nets of generation 18 averaged: 1351.01 (top score: 6212)
Nets of generation 19 averaged: 1496.48 (top score: 7216)
Nets of generation 20 averaged: 1428.1 (top score: 5776)
Nets of generation 21 averaged: 1392.68 (top score: 5564)
Nets of generation 22 averaged: 1504.68 (top score: 7416)
Nets of generation 23 averaged: 1462.34 (top score: 5528)
Nets of generation 24 averaged: 1452.52 (top score: 7584)
Nets of generation 25 averaged: 1564.72 (top score: 6668)
Nets of generation 26 averaged: 1575.66 (top score: 7180)
Nets of generation 27 averaged: 1602.78 (top score: 5728)
Nets of generation 28 averaged: 1561.78 (top score: 6092)
Nets of generation 29 averaged: 1611.68 (top score: 5872)
Nets of generation 30 averaged: 1581.55 (top score: 6456)
Nets of generation 31 averaged: 1595.87 (top score: 6444)
Nets of generation 32 averaged: 1712.86 (top score: 5500)
Nets of generation 33 averaged: 1741.89 (top score: 6316)
Nets of generation 34 averaged: 1690.46 (top score: 7336)
Nets of generation 35 averaged: 1792.65 (top score: 7172)
Nets of generation 36 averaged: 1807.98 (top score: 6624)
Nets of generation 37 averaged: 1812.69 (top score: 6108)
Nets of generation 38 averaged: 1833.27 (top score: 7048)
Nets of generation 39 averaged: 1753.54 (top score: 5468)
Nets of generation 40 averaged: 1854.61 (top score: 7568)
Nets of generation 41 averaged: 1840.47 (top score: 6704)
Nets of generation 42 averaged: 1921.62 (top score: 7424)
Nets of generation 43 averaged: 1869.44 (top score: 6444)
Nets of generation 44 averaged: 1861.17 (top score: 7432)
Nets of generation 45 averaged: 1929.86 (top score: 6800)
Nets of generation 46 averaged: 1938.01 (top score: 6844)
Nets of generation 47 averaged: 1896.48 (top score: 9792)
Nets of generation 48 averaged: 1892.28 (top score: 7520)
Nets of generation 49 averaged: 1870.97 (top score: 6920)
Nets of generation 50 averaged: 1981.34 (top score: 7372)
Nets of generation 51 averaged: 1940.86 (top score: 7144)
Nets of generation 52 averaged: 2052.8 (top score: 6612)
Nets of generation 53 averaged: 2101.66 (top score: 7852)
Nets of generation 54 averaged: 1959.99 (top score: 8676)
Nets of generation 55 averaged: 1945.9 (top score: 7244)
Nets of generation 56 averaged: 1951.37 (top score: 6812)
Nets of generation 57 averaged: 2022.4 (top score: 6780)
Nets of generation 58 averaged: 2091.12 (top score: 7620)
Nets of generation 59 averaged: 2082.75 (top score: 8396)
Nets of generation 60 averaged: 1952.68 (top score: 7756)
Nets of generation 61 averaged: 2076.5 (top score: 7820)
Nets of generation 62 averaged: 2095.47 (top score: 7076)
Nets of generation 63 averaged: 2048.37 (top score: 7360)
Nets of generation 64 averaged: 2071.02 (top score: 7112)
Nets of generation 65 averaged: 1996.52 (top score: 8128)
Nets of generation 66 averaged: 2124.27 (top score: 10320)
Nets of generation 67 averaged: 2073.71 (top score: 7404)
Nets of generation 68 averaged: 2072.92 (top score: 7240)
Nets of generation 69 averaged: 2029.04 (top score: 9084)
Nets of generation 70 averaged: 2043.22 (top score: 6792)
Nets of generation 71 averaged: 2102 (top score: 7756)
Nets of generation 72 averaged: 2127.43 (top score: 7484)
Nets of generation 73 averaged: 2179.82 (top score: 7188)
Nets of generation 74 averaged: 2111.91 (top score: 7904)
Nets of generation 75 averaged: 2050.39 (top score: 7052)
Nets of generation 76 averaged: 2204.17 (top score: 8232)
Nets of generation 77 averaged: 2100.61 (top score: 7168)
Nets of generation 78 averaged: 2157.6 (top score: 11920)
Nets of generation 79 averaged: 2134.77 (top score: 11648)
Nets of generation 80 averaged: 2175.24 (top score: 7092)
Nets of generation 81 averaged: 2131.9 (top score: 6876)
Nets of generation 82 averaged: 2171.21 (top score: 8144)
Nets of generation 83 averaged: 2225.88 (top score: 8364)
Nets of generation 84 averaged: 2221.16 (top score: 8228)
Nets of generation 85 averaged: 2181.66 (top score: 7096)
Nets of generation 86 averaged: 2183.67 (top score: 7344)
Nets of generation 87 averaged: 2166.71 (top score: 9692)
Nets of generation 88 averaged: 2237.46 (top score: 7004)
Nets of generation 89 averaged: 2274.05 (top score: 7380)
Nets of generation 90 averaged: 2298.5 (top score: 8128)
Nets of generation 91 averaged: 2243.82 (top score: 7812)
Nets of generation 92 averaged: 2288.07 (top score: 7368)
Nets of generation 93 averaged: 2289.35 (top score: 7400)
Nets of generation 94 averaged: 2169.6 (top score: 7516)
Nets of generation 95 averaged: 2229.52 (top score: 7956)
Nets of generation 96 averaged: 2245.53 (top score: 7468)
Nets of generation 97 averaged: 2246.17 (top score: 7276)
Nets of generation 98 averaged: 2328.12 (top score: 8200)
Nets of generation 99 averaged: 2213.14 (top score: 7564)
Nets of generation 100 averaged: 2229.17 (top score: 12116)
Nets of generation 101 averaged: 2273.4 (top score: 8112)
Nets of generation 102 averaged: 2224.66 (top score: 7908)
Nets of generation 103 averaged: 2354.74 (top score: 9552)
Nets of generation 104 averaged: 2237.28 (top score: 7548)
Nets of generation 105 averaged: 2231.84 (top score: 9352)
Nets of generation 106 averaged: 2221.36 (top score: 7224)
Nets of generation 107 averaged: 2179.7 (top score: 7452)
Nets of generation 108 averaged: 2126.34 (top score: 9320)
Nets of generation 109 averaged: 2234.41 (top score: 7656)
Nets of generation 110 averaged: 2273.86 (top score: 8068)
Nets of generation 111 averaged: 2311.46 (top score: 7796)
Nets of generation 112 averaged: 2281.44 (top score: 7828)
Nets of generation 113 averaged: 2292.99 (top score: 8128)
Nets of generation 114 averaged: 2327.88 (top score: 7316)
Nets of generation 115 averaged: 2333.35 (top score: 8080)
Nets of generation 116 averaged: 2344 (top score: 10440)
Nets of generation 117 averaged: 2364.98 (top score: 7852)
Nets of generation 118 averaged: 2307.03 (top score: 10448)
Nets of generation 119 averaged: 2229.75 (top score: 12376)
Nets of generation 120 averaged: 2362.96 (top score: 10724)
Nets of generation 121 averaged: 2206.03 (top score: 12532)
Nets of generation 122 averaged: 2277.47 (top score: 7900)
Nets of generation 123 averaged: 2308.76 (top score: 12516)
Nets of generation 124 averaged: 2337.58 (top score: 7476)
Nets of generation 125 averaged: 2305.52 (top score: 10124)
Nets of generation 126 averaged: 2298.26 (top score: 7556)
Nets of generation 127 averaged: 2403.34 (top score: 10376)
Nets of generation 128 averaged: 2373.94 (top score: 7264)
Nets of generation 129 averaged: 2377.86 (top score: 11880)
Nets of generation 130 averaged: 2301.2 (top score: 9084)
Nets of generation 131 averaged: 2348.41 (top score: 12244)
Nets of generation 132 averaged: 2295.33 (top score: 9932)
Nets of generation 133 averaged: 2263.5 (top score: 7892)
Nets of generation 134 averaged: 2294.4 (top score: 11684)
Nets of generation 135 averaged: 2325.63 (top score: 9444)
Nets of generation 136 averaged: 2374.12 (top score: 10624)
Nets of generation 137 averaged: 2340.16 (top score: 8200)
Nets of generation 138 averaged: 2527.94 (top score: 9908)
Nets of generation 139 averaged: 2456.65 (top score: 8520)
Nets of generation 140 averaged: 2503.2 (top score: 10400)
Nets of generation 141 averaged: 2544.84 (top score: 7740)
Nets of generation 142 averaged: 2499.22 (top score: 8352)
Nets of generation 143 averaged: 2460.4 (top score: 7956)
Nets of generation 144 averaged: 2523.32 (top score: 7560)
Nets of generation 145 averaged: 2378.82 (top score: 10460)
Nets of generation 146 averaged: 2453.6 (top score: 7476)
Nets of generation 147 averaged: 2492.5 (top score: 10460)
Nets of generation 148 averaged: 2507.2 (top score: 10844)
Nets of generation 149 averaged: 2512.33 (top score: 12108)
Nets of generation 150 averaged: 2410.36 (top score: 8776)
Nets of generation 151 averaged: 2404.88 (top score: 7816)
Nets of generation 152 averaged: 2502.6 (top score: 12048)
Nets of generation 153 averaged: 2453.43 (top score: 12096)
Nets of generation 154 averaged: 2524.67 (top score: 10584)
Nets of generation 155 averaged: 2382.54 (top score: 11768)
Nets of generation 156 averaged: 2448.58 (top score: 9988)
Nets of generation 157 averaged: 2499.58 (top score: 12976)
Nets of generation 158 averaged: 2345.53 (top score: 11800)
Nets of generation 159 averaged: 2361.03 (top score: 10988)
Nets of generation 160 averaged: 2442.55 (top score: 7488)
Nets of generation 161 averaged: 2452 (top score: 12592)
Nets of generation 162 averaged: 2394.39 (top score: 14252)
Nets of generation 163 averaged: 2448.3 (top score: 10180)
Nets of generation 164 averaged: 2429.73 (top score: 9740)
Nets of generation 165 averaged: 2417.3 (top score: 10880)
Nets of generation 166 averaged: 2519.17 (top score: 9804)
Nets of generation 167 averaged: 2606.03 (top score: 8248)
Nets of generation 168 averaged: 2481.61 (top score: 11200)
Nets of generation 169 averaged: 2520.32 (top score: 11420)
Nets of generation 170 averaged: 2574.39 (top score: 10776)
Nets of generation 171 averaged: 2553.86 (top score: 7452)
Nets of generation 172 averaged: 2504.32 (top score: 10436)
Nets of generation 173 averaged: 2613.41 (top score: 10876)
Nets of generation 174 averaged: 2652.49 (top score: 7900)
Nets of generation 175 averaged: 2559.95 (top score: 7796)
Nets of generation 176 averaged: 2591.86 (top score: 11708)
Nets of generation 177 averaged: 2578.03 (top score: 7644)
Nets of generation 178 averaged: 2514.78 (top score: 12488)
Nets of generation 179 averaged: 2548.25 (top score: 13516)
Nets of generation 180 averaged: 2546.56 (top score: 11608)
Nets of generation 181 averaged: 2524.32 (top score: 7756)
Nets of generation 182 averaged: 2530.51 (top score: 9660)
Nets of generation 183 averaged: 2416.89 (top score: 9500)
Nets of generation 184 averaged: 2515.7 (top score: 8052)
Nets of generation 185 averaged: 2401.47 (top score: 11728)
Nets of generation 186 averaged: 2478.92 (top score: 10328)
Nets of generation 187 averaged: 2446.75 (top score: 10628)
Nets of generation 188 averaged: 2583.9 (top score: 10476)
Nets of generation 189 averaged: 2681.16 (top score: 10144)
Nets of generation 190 averaged: 2521.64 (top score: 11804)
Nets of generation 191 averaged: 2540.31 (top score: 7464)
Nets of generation 192 averaged: 2524.31 (top score: 9000)
Nets of generation 193 averaged: 2600.65 (top score: 11776)
Nets of generation 194 averaged: 2548.52 (top score: 11504)
Nets of generation 195 averaged: 2579.47 (top score: 12620)
Nets of generation 196 averaged: 2533.31 (top score: 10016)
Nets of generation 197 averaged: 2463.83 (top score: 10368)
Nets of generation 198 averaged: 2502.64 (top score: 7936)
Nets of generation 199 averaged: 2593.4 (top score: 10620)
Nets of generation 200 averaged: 2554.47 (top score: 12400)
Nets of generation 201 averaged: 2630.74 (top score: 8188)
Nets of generation 202 averaged: 2605.28 (top score: 10416)
Nets of generation 203 averaged: 2559.97 (top score: 10720)
Nets of generation 204 averaged: 2629.57 (top score: 8168)
Nets of generation 205 averaged: 2497.77 (top score: 8984)
Nets of generation 206 averaged: 2618 (top score: 9836)
Nets of generation 207 averaged: 2639.64 (top score: 7848)
Nets of generation 208 averaged: 2579.99 (top score: 10548)
Nets of generation 209 averaged: 2649.1 (top score: 8364)
Nets of generation 210 averaged: 2595.52 (top score: 10412)
Nets of generation 211 averaged: 2745.03 (top score: 11508)
Nets of generation 212 averaged: 2768.31 (top score: 10292)
Nets of generation 213 averaged: 2786.7 (top score: 10240)
Nets of generation 214 averaged: 2771.22 (top score: 10084)
Nets of generation 215 averaged: 2784.29 (top score: 7904)
Nets of generation 216 averaged: 2721.48 (top score: 10096)
Nets of generation 217 averaged: 2745.19 (top score: 8064)
Nets of generation 218 averaged: 2786.56 (top score: 8864)
Nets of generation 219 averaged: 2663.28 (top score: 10544)
Nets of generation 220 averaged: 2709.04 (top score: 9780)
Nets of generation 221 averaged: 2664.1 (top score: 16160)
Nets of generation 222 averaged: 2746.14 (top score: 10044)
Nets of generation 223 averaged: 2844.5 (top score: 12296)
Nets of generation 224 averaged: 2823.13 (top score: 13084)
Nets of generation 225 averaged: 2686.86 (top score: 10344)
Nets of generation 226 averaged: 2836.54 (top score: 9888)
Nets of generation 227 averaged: 2786.49 (top score: 11424)
Nets of generation 228 averaged: 2753.63 (top score: 8332)
Nets of generation 229 averaged: 2884.84 (top score: 11904)
Nets of generation 230 averaged: 2828.5 (top score: 10788)
Nets of generation 231 averaged: 2707.26 (top score: 11836)
Nets of generation 232 averaged: 2789.87 (top score: 12760)
Nets of generation 233 averaged: 2829 (top score: 13220)
Nets of generation 234 averaged: 2728.79 (top score: 10484)
Nets of generation 235 averaged: 2708.36 (top score: 11152)
Nets of generation 236 averaged: 2759.82 (top score: 10436)
Nets of generation 237 averaged: 2789.41 (top score: 11900)
Nets of generation 238 averaged: 2743.23 (top score: 14776)
Nets of generation 239 averaged: 2788.98 (top score: 10668)
Nets of generation 240 averaged: 2831.84 (top score: 11788)
Nets of generation 241 averaged: 2744.5 (top score: 11372)
Nets of generation 242 averaged: 2714.7 (top score: 8740)
Nets of generation 243 averaged: 2639.04 (top score: 8000)
Nets of generation 244 averaged: 2823.92 (top score: 11644)
Nets of generation 245 averaged: 2756.8 (top score: 10444)
Nets of generation 246 averaged: 2749.69 (top score: 10700)
Nets of generation 247 averaged: 2800.18 (top score: 12420)
Nets of generation 248 averaged: 2825.11 (top score: 8608)
Nets of generation 249 averaged: 2778.11 (top score: 8808)
Nets of generation 250 averaged: 2857.22 (top score: 11980)
Nets of generation 251 averaged: 2813.31 (top score: 10588)
Nets of generation 252 averaged: 2836.08 (top score: 11964)
Nets of generation 253 averaged: 2943.73 (top score: 12092)
Nets of generation 254 averaged: 2834.04 (top score: 11500)
Nets of generation 255 averaged: 2909.3 (top score: 11404)
Nets of generation 256 averaged: 2848.63 (top score: 10224)
Nets of generation 257 averaged: 2871.9 (top score: 11556)
Nets of generation 258 averaged: 2876.36 (top score: 12680)
Nets of generation 259 averaged: 2849.78 (top score: 12448)
Nets of generation 260 averaged: 2800.4 (top score: 12924)
Nets of generation 261 averaged: 2912.33 (top score: 11992)
Nets of generation 262 averaged: 2861.22 (top score: 11192)
Nets of generation 263 averaged: 2798.8 (top score: 8760)
Nets of generation 264 averaged: 2700.89 (top score: 10572)
Nets of generation 265 averaged: 2879.66 (top score: 11880)
Nets of generation 266 averaged: 3074.54 (top score: 10716)
Nets of generation 267 averaged: 3004.5 (top score: 12344)
Nets of generation 268 averaged: 3042.78 (top score: 14472)
Nets of generation 269 averaged: 3072.24 (top score: 12140)
Nets of generation 270 averaged: 2984.61 (top score: 9744)
Nets of generation 271 averaged: 2976.48 (top score: 12484)
Nets of generation 272 averaged: 2951.78 (top score: 11236)
Nets of generation 273 averaged: 3022.04 (top score: 14768)
Nets of generation 274 averaged: 3045.67 (top score: 13552)
Nets of generation 275 averaged: 2978.53 (top score: 16168)
Nets of generation 276 averaged: 2987.99 (top score: 11948)
Nets of generation 277 averaged: 2882.82 (top score: 12116)
Nets of generation 278 averaged: 3021.74 (top score: 12088)
Nets of generation 279 averaged: 2984.12 (top score: 12988)
Nets of generation 280 averaged: 3027.28 (top score: 14292)
Nets of generation 281 averaged: 2923.39 (top score: 12212)
Nets of generation 282 averaged: 3021.61 (top score: 12176)
Nets of generation 283 averaged: 2998.43 (top score: 11540)
Nets of generation 284 averaged: 3065.85 (top score: 12832)
Nets of generation 285 averaged: 2966.21 (top score: 12964)
Nets of generation 286 averaged: 2957.98 (top score: 12224)
Nets of generation 287 averaged: 2913.22 (top score: 12304)
Nets of generation 288 averaged: 2851.86 (top score: 11944)
Nets of generation 289 averaged: 2935.23 (top score: 12140)
Nets of generation 290 averaged: 2888.71 (top score: 12340)
Nets of generation 291 averaged: 3010.62 (top score: 12260)
Nets of generation 292 averaged: 3080.95 (top score: 11388)
Nets of generation 293 averaged: 3033.8 (top score: 12928)
Nets of generation 294 averaged: 3015.94 (top score: 10372)
Nets of generation 295 averaged: 2966.32 (top score: 10324)
Nets of generation 296 averaged: 2961.14 (top score: 13024)
Nets of generation 297 averaged: 3083.24 (top score: 13144)
Nets of generation 298 averaged: 3122.48 (top score: 12008)
Nets of generation 299 averaged: 2961.1 (top score: 11360)
Nets of generation 300 averaged: 3046.92 (top score: 12100)
Nets of generation 301 averaged: 2956.28 (top score: 10832)
Nets of generation 302 averaged: 3081.37 (top score: 13704)
Nets of generation 303 averaged: 3135.5 (top score: 11996)
Nets of generation 304 averaged: 2937.81 (top score: 13700)
Nets of generation 305 averaged: 3189.84 (top score: 13056)
Nets of generation 306 averaged: 3008.39 (top score: 14416)
Nets of generation 307 averaged: 3144.69 (top score: 12248)
Nets of generation 308 averaged: 3087.87 (top score: 16248)
Nets of generation 309 averaged: 3185.91 (top score: 11528)
Nets of generation 310 averaged: 3144.89 (top score: 12044)
Nets of generation 311 averaged: 3242.08 (top score: 12932)
Nets of generation 312 averaged: 3226.87 (top score: 13152)
Nets of generation 313 averaged: 3055.1 (top score: 14412)
Nets of generation 314 averaged: 3115.28 (top score: 14868)
Nets of generation 315 averaged: 3192.78 (top score: 15932)
Nets of generation 316 averaged: 3226.54 (top score: 14076)
Nets of generation 317 averaged: 3106.68 (top score: 13184)
Nets of generation 318 averaged: 3246.96 (top score: 14172)
Nets of generation 319 averaged: 3215.58 (top score: 11892)
Nets of generation 320 averaged: 3076.72 (top score: 12240)
Nets of generation 321 averaged: 3367.02 (top score: 13068)
Nets of generation 322 averaged: 3285.56 (top score: 15964)
Nets of generation 323 averaged: 3412.29 (top score: 13424)
Nets of generation 324 averaged: 3434.31 (top score: 15004)
Nets of generation 325 averaged: 3343.53 (top score: 14544)
Nets of generation 326 averaged: 3361.57 (top score: 12912)
Nets of generation 327 averaged: 3257.65 (top score: 12816)
Nets of generation 328 averaged: 3300.48 (top score: 15188)
Nets of generation 329 averaged: 3345.09 (top score: 15292)
Nets of generation 330 averaged: 3161.05 (top score: 12120)
Nets of generation 331 averaged: 3410.07 (top score: 12668)
Nets of generation 332 averaged: 3371.38 (top score: 12076)
Nets of generation 333 averaged: 3242.03 (top score: 14116)
Nets of generation 334 averaged: 3357.66 (top score: 14560)
Nets of generation 335 averaged: 3225.12 (top score: 16040)
Nets of generation 336 averaged: 3307.16 (top score: 12528)
Nets of generation 337 averaged: 3356.04 (top score: 12416)
Nets of generation 338 averaged: 3179.12 (top score: 12976)
Nets of generation 339 averaged: 3241.7 (top score: 14592)
Nets of generation 340 averaged: 3378.95 (top score: 13956)
Nets of generation 341 averaged: 3277.7 (top score: 12332)
Nets of generation 342 averaged: 3301.14 (top score: 12532)
Nets of generation 343 averaged: 3336.76 (top score: 13188)
Nets of generation 344 averaged: 3127.21 (top score: 12900)
Nets of generation 345 averaged: 3241.17 (top score: 13232)
Nets of generation 346 averaged: 3303 (top score: 12472)
Nets of generation 347 averaged: 3253.42 (top score: 10844)
Nets of generation 348 averaged: 3282.56 (top score: 15376)
Nets of generation 349 averaged: 3354.23 (top score: 16212)
Nets of generation 350 averaged: 3261.86 (top score: 15912)
Nets of generation 351 averaged: 3328.4 (top score: 15100)
Nets of generation 352 averaged: 3314.53 (top score: 13596)
Nets of generation 353 averaged: 3461.03 (top score: 12468)
Nets of generation 354 averaged: 3550.72 (top score: 13148)
Nets of generation 355 averaged: 3344.61 (top score: 14928)
Nets of generation 356 averaged: 3339.18 (top score: 14556)
Nets of generation 357 averaged: 3400.81 (top score: 14744)
Nets of generation 358 averaged: 3448.37 (top score: 13600)
Nets of generation 359 averaged: 3382.74 (top score: 14924)
Nets of generation 360 averaged: 3419.32 (top score: 14584)
Nets of generation 361 averaged: 3334.37 (top score: 15040)
Nets of generation 362 averaged: 3304.83 (top score: 12168)
Nets of generation 363 averaged: 3368.28 (top score: 13056)
Nets of generation 364 averaged: 3296.55 (top score: 12908)
Nets of generation 365 averaged: 3155.88 (top score: 11412)
Nets of generation 366 averaged: 3384.77 (top score: 12448)
Nets of generation 367 averaged: 3241.36 (top score: 12844)
Nets of generation 368 averaged: 3259.96 (top score: 12788)
Nets of generation 369 averaged: 3326.34 (top score: 13156)
Nets of generation 370 averaged: 3441.6 (top score: 13508)
Nets of generation 371 averaged: 3448.52 (top score: 14556)
Nets of generation 372 averaged: 3509.01 (top score: 15364)
Nets of generation 373 averaged: 3379.36 (top score: 16284)
Nets of generation 374 averaged: 3412.71 (top score: 16032)
Nets of generation 375 averaged: 3564.28 (top score: 15472)
Nets of generation 376 averaged: 3539.1 (top score: 14676)
Nets of generation 377 averaged: 3542.27 (top score: 13016)
Nets of generation 378 averaged: 3753.22 (top score: 14240)
Nets of generation 379 averaged: 3661 (top score: 14716)
Nets of generation 380 averaged: 3665.5 (top score: 12832)
Nets of generation 381 averaged: 3830.22 (top score: 14368)
Nets of generation 382 averaged: 3775.58 (top score: 12968)
Nets of generation 383 averaged: 3712.84 (top score: 12316)
Nets of generation 384 averaged: 3558.49 (top score: 12480)
Nets of generation 385 averaged: 3490.32 (top score: 13496)
Nets of generation 386 averaged: 3700.05 (top score: 14336)
Nets of generation 387 averaged: 3613.57 (top score: 14096)
Nets of generation 388 averaged: 3822.06 (top score: 12012)
Nets of generation 389 averaged: 3788.78 (top score: 13516)
Nets of generation 390 averaged: 3591.22 (top score: 15272)
Nets of generation 391 averaged: 3581.78 (top score: 16164)
Nets of generation 392 averaged: 3704.44 (top score: 14632)
Nets of generation 393 averaged: 3561.62 (top score: 12928)
Nets of generation 394 averaged: 3653.32 (top score: 12060)
Nets of generation 395 averaged: 3679.78 (top score: 12908)
Nets of generation 396 averaged: 3570.32 (top score: 15612)
Nets of generation 397 averaged: 3616.32 (top score: 13976)
Nets of generation 398 averaged: 3788.77 (top score: 14376)
Nets of generation 399 averaged: 3893.56 (top score: 12192)
Nets of generation 400 averaged: 3676.42 (top score: 16424)
Nets of generation 401 averaged: 3778.92 (top score: 14164)
Nets of generation 402 averaged: 3625.95 (top score: 15436)
Nets of generation 403 averaged: 3696.51 (top score: 12196)
Nets of generation 404 averaged: 3773.57 (top score: 12448)
Nets of generation 405 averaged: 3653.53 (top score: 15452)
Nets of generation 406 averaged: 3808.93 (top score: 14632)
Nets of generation 407 averaged: 3859.34 (top score: 14192)
Nets of generation 408 averaged: 3794.92 (top score: 14468)
Nets of generation 409 averaged: 3682.26 (top score: 15108)
Nets of generation 410 averaged: 3805.3 (top score: 12808)
Nets of generation 411 averaged: 3777.15 (top score: 14308)
Nets of generation 412 averaged: 3744.44 (top score: 13824)
Nets of generation 413 averaged: 3616.39 (top score: 13176)
Nets of generation 414 averaged: 3711.84 (top score: 12964)
Nets of generation 415 averaged: 3681.21 (top score: 11672)
Nets of generation 416 averaged: 3600.18 (top score: 13128)
Nets of generation 417 averaged: 3557.51 (top score: 14340)
Nets of generation 418 averaged: 3609.27 (top score: 13824)
Nets of generation 419 averaged: 3743.46 (top score: 14676)
Nets of generation 420 averaged: 3741.95 (top score: 13416)
Nets of generation 421 averaged: 3716.81 (top score: 15000)
Nets of generation 422 averaged: 3801.33 (top score: 14712)
Nets of generation 423 averaged: 3739.42 (top score: 13924)
Nets of generation 424 averaged: 3921.6 (top score: 12988)
Nets of generation 425 averaged: 3796.44 (top score: 12860)
Nets of generation 426 averaged: 4033.58 (top score: 12952)
Nets of generation 427 averaged: 3870.22 (top score: 13012)
Nets of generation 428 averaged: 3993.6 (top score: 14644)
Nets of generation 429 averaged: 3919.86 (top score: 15312)
Nets of generation 430 averaged: 3947.24 (top score: 14104)
Nets of generation 431 averaged: 3922.68 (top score: 15348)
Nets of generation 432 averaged: 3932.51 (top score: 14580)
Nets of generation 433 averaged: 3968.42 (top score: 14984)
Nets of generation 434 averaged: 3814.25 (top score: 14284)
Nets of generation 435 averaged: 3751.83 (top score: 13944)
Nets of generation 436 averaged: 3915.78 (top score: 12884)
Nets of generation 437 averaged: 4053.32 (top score: 12948)
Nets of generation 438 averaged: 3878.02 (top score: 13944)
Nets of generation 439 averaged: 3932.79 (top score: 15112)
Nets of generation 440 averaged: 4036.96 (top score: 16224)
Nets of generation 441 averaged: 3907.49 (top score: 14820)
Nets of generation 442 averaged: 3856.69 (top score: 14500)
Nets of generation 443 averaged: 3896.8 (top score: 14648)
Nets of generation 444 averaged: 4008.37 (top score: 14444)
Nets of generation 445 averaged: 3876.75 (top score: 15964)
Nets of generation 446 averaged: 3790.92 (top score: 13944)
Nets of generation 447 averaged: 3651.86 (top score: 15288)
Nets of generation 448 averaged: 3796.18 (top score: 13096)
Nets of generation 449 averaged: 3749.1 (top score: 14808)
Nets of generation 450 averaged: 3738.06 (top score: 14712)
Nets of generation 451 averaged: 3802.74 (top score: 13236)
Nets of generation 452 averaged: 3748.07 (top score: 14820)
Nets of generation 453 averaged: 3793.22 (top score: 12264)
Nets of generation 454 averaged: 3950.21 (top score: 13964)
Nets of generation 455 averaged: 3782.34 (top score: 14336)
Nets of generation 456 averaged: 3800.67 (top score: 15160)
Nets of generation 457 averaged: 3618.48 (top score: 13520)
Nets of generation 458 averaged: 3754.86 (top score: 16932)
Nets of generation 459 averaged: 3654.65 (top score: 12556)
Nets of generation 460 averaged: 3746.99 (top score: 13580)
Nets of generation 461 averaged: 3766.14 (top score: 15264)
Nets of generation 462 averaged: 3909.14 (top score: 13568)
Nets of generation 463 averaged: 3856.92 (top score: 15320)
Nets of generation 464 averaged: 3741.26 (top score: 12992)
Nets of generation 465 averaged: 3765.56 (top score: 13284)
Nets of generation 466 averaged: 3741.24 (top score: 14408)
Nets of generation 467 averaged: 3738.84 (top score: 15164)
Nets of generation 468 averaged: 3626.08 (top score: 12700)
Nets of generation 469 averaged: 3870.49 (top score: 14480)
Nets of generation 470 averaged: 3915.68 (top score: 14032)
Nets of generation 471 averaged: 3726.45 (top score: 15976)
Nets of generation 472 averaged: 3659.23 (top score: 15576)
Nets of generation 473 averaged: 3704.58 (top score: 12844)
Nets of generation 474 averaged: 3816.7 (top score: 16348)
Nets of generation 475 averaged: 3917.3 (top score: 13032)
Nets of generation 476 averaged: 3856.62 (top score: 14320)
Nets of generation 477 averaged: 3686.77 (top score: 13036)
Nets of generation 478 averaged: 3756.82 (top score: 12740)
Nets of generation 479 averaged: 3692.81 (top score: 12392)
Nets of generation 480 averaged: 3726.96 (top score: 14444)
Nets of generation 481 averaged: 3785.32 (top score: 14684)
Nets of generation 482 averaged: 3847.52 (top score: 13076)
Nets of generation 483 averaged: 3811.88 (top score: 12740)
Nets of generation 484 averaged: 3803.26 (top score: 13076)
Nets of generation 485 averaged: 3599.94 (top score: 14584)
Nets of generation 486 averaged: 3615.64 (top score: 14968)
Nets of generation 487 averaged: 3772.98 (top score: 13396)
Nets of generation 488 averaged: 3650.04 (top score: 13852)
Nets of generation 489 averaged: 3718.46 (top score: 14064)
Nets of generation 490 averaged: 3642.24 (top score: 13204)
Nets of generation 491 averaged: 3749.64 (top score: 15328)
Nets of generation 492 averaged: 3685.53 (top score: 15952)
Nets of generation 493 averaged: 3780.52 (top score: 14736)
Nets of generation 494 averaged: 3723.42 (top score: 11848)
Nets of generation 495 averaged: 3716.68 (top score: 12860)
Nets of generation 496 averaged: 3544.3 (top score: 15288)
Nets of generation 497 averaged: 3624.41 (top score: 16288)
Nets of generation 498 averaged: 3679.52 (top score: 13100)
Nets of generation 499 averaged: 3627.42 (top score: 13880)
Nets of generation 500 averaged: 3635.69 (top score: 13656)
Nets of generation 501 averaged: 3817.83 (top score: 14688)
Nets of generation 502 averaged: 3664.03 (top score: 14632)
Nets of generation 503 averaged: 3666.26 (top score: 12412)
Nets of generation 504 averaged: 3605.91 (top score: 13072)
Nets of generation 505 averaged: 3862.75 (top score: 14456)
Nets of generation 506 averaged: 3648.44 (top score: 13036)
Nets of generation 507 averaged: 3720.38 (top score: 15488)
Nets of generation 508 averaged: 3714.99 (top score: 13064)
Nets of generation 509 averaged: 3703.55 (top score: 16308)
Nets of generation 510 averaged: 3664.57 (top score: 14492)
Nets of generation 511 averaged: 3772.49 (top score: 15088)
Nets of generation 512 averaged: 3656.18 (top score: 14752)
Nets of generation 513 averaged: 3839.79 (top score: 15200)
Nets of generation 514 averaged: 4048.85 (top score: 13028)
Nets of generation 515 averaged: 4088.92 (top score: 14204)
Nets of generation 516 averaged: 3967.94 (top score: 13948)
Nets of generation 517 averaged: 3949.3 (top score: 14328)
Nets of generation 518 averaged: 3922.7 (top score: 13076)
Nets of generation 519 averaged: 3829.66 (top score: 12468)
Nets of generation 520 averaged: 3932.88 (top score: 15760)
Nets of generation 521 averaged: 4050.08 (top score: 14880)
Nets of generation 522 averaged: 4009.56 (top score: 14840)
Nets of generation 523 averaged: 3889.58 (top score: 16164)
Nets of generation 524 averaged: 3925.87 (top score: 15364)
Nets of generation 525 averaged: 3928.92 (top score: 14692)
Nets of generation 526 averaged: 3872.63 (top score: 12420)
Nets of generation 527 averaged: 4019.28 (top score: 14220)
Nets of generation 528 averaged: 4004.78 (top score: 14544)
Nets of generation 529 averaged: 3998.71 (top score: 14024)
Nets of generation 530 averaged: 3947.44 (top score: 12656)
Nets of generation 531 averaged: 4040.16 (top score: 14220)
Nets of generation 532 averaged: 4062.61 (top score: 13056)
Nets of generation 533 averaged: 3791.83 (top score: 12328)
Nets of generation 534 averaged: 3765.46 (top score: 15520)
Nets of generation 535 averaged: 3999.78 (top score: 14448)
Nets of generation 536 averaged: 3939.05 (top score: 14268)
Nets of generation 537 averaged: 3786.25 (top score: 14412)
Nets of generation 538 averaged: 3834.85 (top score: 13992)
Nets of generation 539 averaged: 3872.77 (top score: 14264)
Nets of generation 540 averaged: 3724.66 (top score: 15372)
Nets of generation 541 averaged: 3889.96 (top score: 13252)
Nets of generation 542 averaged: 3643.21 (top score: 12988)
Nets of generation 543 averaged: 3848.15 (top score: 13724)
Nets of generation 544 averaged: 3889.28 (top score: 13428)
Nets of generation 545 averaged: 3854.2 (top score: 13156)
Nets of generation 546 averaged: 3945.45 (top score: 14724)
Nets of generation 547 averaged: 3844.02 (top score: 15404)
Nets of generation 548 averaged: 4079.24 (top score: 13956)
Nets of generation 549 averaged: 4035.01 (top score: 14532)
Nets of generation 550 averaged: 3993.03 (top score: 15396)
Nets of generation 551 averaged: 3996.56 (top score: 14188)
Nets of generation 552 averaged: 4065.41 (top score: 21316)
Nets of generation 553 averaged: 3973.12 (top score: 17128)
Nets of generation 554 averaged: 4219.7 (top score: 15688)
Nets of generation 555 averaged: 4197.62 (top score: 14888)
Nets of generation 556 averaged: 4153.81 (top score: 13304)
Nets of generation 557 averaged: 4084.8 (top score: 14692)
Nets of generation 558 averaged: 4098.06 (top score: 15680)
Nets of generation 559 averaged: 4248.34 (top score: 15380)
Nets of generation 560 averaged: 4170.27 (top score: 13576)
Nets of generation 561 averaged: 4198.3 (top score: 13472)
Nets of generation 562 averaged: 4319.14 (top score: 14252)
Nets of generation 563 averaged: 4038.55 (top score: 14680)
Nets of generation 564 averaged: 4129.82 (top score: 15296)
Nets of generation 565 averaged: 4006.36 (top score: 15384)
Nets of generation 566 averaged: 4115.83 (top score: 13716)
Nets of generation 567 averaged: 4167.02 (top score: 15236)
Nets of generation 568 averaged: 4022.22 (top score: 14596)
Nets of generation 569 averaged: 4044.09 (top score: 13100)
Nets of generation 570 averaged: 4048.46 (top score: 14740)
Nets of generation 571 averaged: 4099.74 (top score: 14712)
Nets of generation 572 averaged: 4149.42 (top score: 18236)
Nets of generation 573 averaged: 4218.88 (top score: 14200)
Nets of generation 574 averaged: 4044.62 (top score: 12760)
Nets of generation 575 averaged: 3886.26 (top score: 15484)
Nets of generation 576 averaged: 4022.91 (top score: 12532)
Nets of generation 577 averaged: 4030.55 (top score: 14440)
Nets of generation 578 averaged: 4056.5 (top score: 14536)
Nets of generation 579 averaged: 4038.58 (top score: 15248)
Nets of generation 580 averaged: 4122.83 (top score: 14676)
Nets of generation 581 averaged: 3990.88 (top score: 12512)
Nets of generation 582 averaged: 4164.49 (top score: 16016)
Nets of generation 583 averaged: 3861.78 (top score: 13076)
Nets of generation 584 averaged: 3915.06 (top score: 13644)
Nets of generation 585 averaged: 3887.56 (top score: 13308)
Nets of generation 586 averaged: 3970.51 (top score: 15488)
Nets of generation 587 averaged: 3910.82 (top score: 13284)
Nets of generation 588 averaged: 3723.14 (top score: 13048)
Nets of generation 589 averaged: 3743.18 (top score: 13324)
Nets of generation 590 averaged: 3754.82 (top score: 13468)
Nets of generation 591 averaged: 3901.52 (top score: 15808)
Nets of generation 592 averaged: 3719.68 (top score: 14672)
Nets of generation 593 averaged: 3804.1 (top score: 14496)
Nets of generation 594 averaged: 3704.7 (top score: 14952)
Nets of generation 595 averaged: 3823.06 (top score: 13104)
Nets of generation 596 averaged: 3760.82 (top score: 14324)
Nets of generation 597 averaged: 3729.3 (top score: 13920)
Nets of generation 598 averaged: 3867.06 (top score: 15524)
Nets of generation 599 averaged: 3815.46 (top score: 14692)
Nets of generation 600 averaged: 3882.9 (top score: 15296)
Nets of generation 601 averaged: 3913.83 (top score: 14932)
Nets of generation 602 averaged: 4044.24 (top score: 12572)
Nets of generation 603 averaged: 3996.35 (top score: 15168)
Nets of generation 604 averaged: 3909.95 (top score: 16232)
Nets of generation 605 averaged: 3825.1 (top score: 14796)
Nets of generation 606 averaged: 3865.25 (top score: 13092)
Nets of generation 607 averaged: 3882.21 (top score: 14968)
Nets of generation 608 averaged: 3839.16 (top score: 13976)
Nets of generation 609 averaged: 3939.86 (top score: 16208)
Nets of generation 610 averaged: 4018.93 (top score: 13848)
Nets of generation 611 averaged: 3968.09 (top score: 14804)
Nets of generation 612 averaged: 4038.71 (top score: 14580)
Nets of generation 613 averaged: 4009.16 (top score: 14664)
Nets of generation 614 averaged: 4163.26 (top score: 14104)
Nets of generation 615 averaged: 4012.8 (top score: 14120)
Nets of generation 616 averaged: 3968.56 (top score: 16964)
Nets of generation 617 averaged: 4049.72 (top score: 14408)
Nets of generation 618 averaged: 3910.68 (top score: 14276)
Nets of generation 619 averaged: 3951.44 (top score: 14596)
Nets of generation 620 averaged: 4236.18 (top score: 14892)
Nets of generation 621 averaged: 4051.25 (top score: 14688)
Nets of generation 622 averaged: 4021.12 (top score: 13204)
Nets of generation 623 averaged: 4116.95 (top score: 14612)
Nets of generation 624 averaged: 4140.6 (top score: 16196)
Nets of generation 625 averaged: 4110.14 (top score: 16908)
Nets of generation 626 averaged: 3930.42 (top score: 14984)
Nets of generation 627 averaged: 3976.8 (top score: 16916)
Nets of generation 628 averaged: 3950.78 (top score: 14552)
Nets of generation 629 averaged: 3998.34 (top score: 15964)
Nets of generation 630 averaged: 3861.61 (top score: 14344)
Nets of generation 631 averaged: 3912.61 (top score: 15060)
Nets of generation 632 averaged: 3954.87 (top score: 15492)
Nets of generation 633 averaged: 3885.68 (top score: 16180)
Nets of generation 634 averaged: 4037.32 (top score: 16560)
Nets of generation 635 averaged: 3869.92 (top score: 14576)
Nets of generation 636 averaged: 3865.5 (top score: 14452)
Nets of generation 637 averaged: 4016.51 (top score: 13276)
Nets of generation 638 averaged: 3912.69 (top score: 14460)
Nets of generation 639 averaged: 3996.04 (top score: 13776)
Nets of generation 640 averaged: 4113.07 (top score: 13140)
Nets of generation 641 averaged: 4085.2 (top score: 13480)
Nets of generation 642 averaged: 4017.2 (top score: 16256)
Nets of generation 643 averaged: 4094.02 (top score: 13516)
Nets of generation 644 averaged: 4280.47 (top score: 13920)
Nets of generation 645 averaged: 4128.21 (top score: 14964)
Nets of generation 646 averaged: 4129.76 (top score: 15956)
Nets of generation 647 averaged: 4087.68 (top score: 16392)
Nets of generation 648 averaged: 4061.1 (top score: 15216)
Nets of generation 649 averaged: 4213.7 (top score: 14772)
Nets of generation 650 averaged: 4056.34 (top score: 13456)
Nets of generation 651 averaged: 4226.1 (top score: 13428)
Nets of generation 652 averaged: 3970.75 (top score: 15544)
Nets of generation 653 averaged: 3915.44 (top score: 15868)
Nets of generation 654 averaged: 4097.12 (top score: 15988)
Nets of generation 655 averaged: 4161.12 (top score: 14720)
Nets of generation 656 averaged: 3973.06 (top score: 14692)
Nets of generation 657 averaged: 4147.55 (top score: 14528)
Nets of generation 658 averaged: 3954.18 (top score: 13028)
Nets of generation 659 averaged: 3991.72 (top score: 13392)
Nets of generation 660 averaged: 3925.1 (top score: 13360)
Nets of generation 661 averaged: 4027.42 (top score: 12888)
Nets of generation 662 averaged: 4022.55 (top score: 13232)
Nets of generation 663 averaged: 4040.36 (top score: 14136)
Nets of generation 664 averaged: 4052.77 (top score: 14704)
Nets of generation 665 averaged: 3981.47 (top score: 14192)
Nets of generation 666 averaged: 3958.16 (top score: 12796)
Nets of generation 667 averaged: 3980.32 (top score: 14652)
Nets of generation 668 averaged: 3991.59 (top score: 13136)
Nets of generation 669 averaged: 3847.34 (top score: 13740)
Nets of generation 670 averaged: 3882.84 (top score: 15300)
Nets of generation 671 averaged: 3827.97 (top score: 15324)
Nets of generation 672 averaged: 4102.98 (top score: 15232)
Nets of generation 673 averaged: 3766.27 (top score: 16284)
Nets of generation 674 averaged: 3941.99 (top score: 13364)
Nets of generation 675 averaged: 3732.12 (top score: 10696)
Nets of generation 676 averaged: 3943.06 (top score: 14696)
Nets of generation 677 averaged: 3999.84 (top score: 15996)
Nets of generation 678 averaged: 3877.16 (top score: 12964)
Nets of generation 679 averaged: 3845.33 (top score: 15784)
Nets of generation 680 averaged: 4010.51 (top score: 14628)
Nets of generation 681 averaged: 3832.86 (top score: 14584)
Nets of generation 682 averaged: 3732.4 (top score: 11804)
Nets of generation 683 averaged: 3840.28 (top score: 15024)
Nets of generation 684 averaged: 3816.61 (top score: 14496)
Nets of generation 685 averaged: 3834.28 (top score: 14708)
Nets of generation 686 averaged: 3880.4 (top score: 13180)
Nets of generation 687 averaged: 3765.26 (top score: 13716)
Nets of generation 688 averaged: 3971.35 (top score: 13544)
Nets of generation 689 averaged: 3969.24 (top score: 14708)
Nets of generation 690 averaged: 3881.87 (top score: 12392)
Nets of generation 691 averaged: 3773.5 (top score: 13864)
Nets of generation 692 averaged: 3958.31 (top score: 15720)
Nets of generation 693 averaged: 3902.53 (top score: 12428)
Nets of generation 694 averaged: 3937.39 (top score: 13320)
Nets of generation 695 averaged: 4040.62 (top score: 12816)
Nets of generation 696 averaged: 4050.58 (top score: 12380)
Nets of generation 697 averaged: 3993.67 (top score: 13604)
Nets of generation 698 averaged: 3930.42 (top score: 15996)
Nets of generation 699 averaged: 3975.28 (top score: 14812)
Nets of generation 700 averaged: 3787.13 (top score: 14568)
Nets of generation 701 averaged: 3878.84 (top score: 13316)
Nets of generation 702 averaged: 3950.44 (top score: 14508)
Nets of generation 703 averaged: 3829.22 (top score: 14368)
Nets of generation 704 averaged: 3747.97 (top score: 14680)
Nets of generation 705 averaged: 3930.49 (top score: 13900)
Nets of generation 706 averaged: 4030.64 (top score: 15320)
Nets of generation 707 averaged: 3964.11 (top score: 15236)
Nets of generation 708 averaged: 3832.72 (top score: 13268)
Nets of generation 709 averaged: 3995.13 (top score: 14580)
Nets of generation 710 averaged: 3995.7 (top score: 14640)
Nets of generation 711 averaged: 3890.64 (top score: 14272)
Nets of generation 712 averaged: 4018.86 (top score: 15464)
Nets of generation 713 averaged: 3916.03 (top score: 14748)
Nets of generation 714 averaged: 3925.41 (top score: 14728)
Nets of generation 715 averaged: 3939.28 (top score: 11388)
Nets of generation 716 averaged: 3841.49 (top score: 14912)
Nets of generation 717 averaged: 3770.19 (top score: 13424)
Nets of generation 718 averaged: 3688.45 (top score: 14264)
Nets of generation 719 averaged: 3852.59 (top score: 13392)
Nets of generation 720 averaged: 4018.94 (top score: 15184)
Nets of generation 721 averaged: 3892.54 (top score: 14656)
Nets of generation 722 averaged: 3911.59 (top score: 15380)
Nets of generation 723 averaged: 3935.38 (top score: 14612)
Nets of generation 724 averaged: 3991.26 (top score: 13832)
Nets of generation 725 averaged: 4168.97 (top score: 15560)
Nets of generation 726 averaged: 4180.02 (top score: 16204)
Nets of generation 727 averaged: 3813.74 (top score: 14500)
Nets of generation 728 averaged: 3877.96 (top score: 16788)
Nets of generation 729 averaged: 3985.63 (top score: 12232)
Nets of generation 730 averaged: 4039.72 (top score: 15956)
Nets of generation 731 averaged: 3850.1 (top score: 14784)
Nets of generation 732 averaged: 3924.72 (top score: 15196)
Nets of generation 733 averaged: 3867.77 (top score: 16608)
Nets of generation 734 averaged: 3849 (top score: 15916)
Nets of generation 735 averaged: 3940.52 (top score: 13940)
Nets of generation 736 averaged: 4013.41 (top score: 16148)
Nets of generation 737 averaged: 4032.07 (top score: 17180)
Nets of generation 738 averaged: 4031.7 (top score: 14536)
Nets of generation 739 averaged: 3831.91 (top score: 14624)
Nets of generation 740 averaged: 3887.72 (top score: 14712)
Nets of generation 741 averaged: 3804.42 (top score: 14636)
Nets of generation 742 averaged: 4233.91 (top score: 15528)
Nets of generation 743 averaged: 3935.6 (top score: 13312)
Nets of generation 744 averaged: 4093.41 (top score: 14600)
Nets of generation 745 averaged: 3952.63 (top score: 15092)
Nets of generation 746 averaged: 3735.54 (top score: 15312)
Nets of generation 747 averaged: 3912.26 (top score: 13456)
Nets of generation 748 averaged: 3883.54 (top score: 14652)
Nets of generation 749 averaged: 3958.93 (top score: 15208)
Nets of generation 750 averaged: 4020.9 (top score: 16504)
Nets of generation 751 averaged: 3953.08 (top score: 14500)
Nets of generation 752 averaged: 3970.84 (top score: 14672)
Nets of generation 753 averaged: 3980.08 (top score: 14648)
Nets of generation 754 averaged: 3908.3 (top score: 13104)
Nets of generation 755 averaged: 3997.51 (top score: 14344)
Nets of generation 756 averaged: 3949.17 (top score: 12952)
Nets of generation 757 averaged: 3952.29 (top score: 12936)
Nets of generation 758 averaged: 3957.08 (top score: 14668)
Nets of generation 759 averaged: 4065.24 (top score: 14616)
Nets of generation 760 averaged: 3938.64 (top score: 14740)
Nets of generation 761 averaged: 3980.8 (top score: 12484)
Nets of generation 762 averaged: 3949.68 (top score: 14152)
Nets of generation 763 averaged: 3783.58 (top score: 14612)
Nets of generation 764 averaged: 3893.29 (top score: 13520)
Nets of generation 765 averaged: 3992.54 (top score: 14264)
Nets of generation 766 averaged: 3967.04 (top score: 16180)
Nets of generation 767 averaged: 3718.78 (top score: 15424)
Nets of generation 768 averaged: 3902.68 (top score: 14660)
Nets of generation 769 averaged: 3723.91 (top score: 14344)
Nets of generation 770 averaged: 3737.9 (top score: 14636)
Nets of generation 771 averaged: 3680.07 (top score: 12924)
Nets of generation 772 averaged: 3751.48 (top score: 14668)
Nets of generation 773 averaged: 3900.96 (top score: 16576)
Nets of generation 774 averaged: 3884.56 (top score: 16004)
Nets of generation 775 averaged: 3640.93 (top score: 13188)
Nets of generation 776 averaged: 3783.85 (top score: 14680)
Nets of generation 777 averaged: 3929.7 (top score: 14448)
Nets of generation 778 averaged: 3687.46 (top score: 12232)
Nets of generation 779 averaged: 3690.11 (top score: 15468)
Nets of generation 780 averaged: 3834.86 (top score: 16992)
Nets of generation 781 averaged: 3748 (top score: 14980)
Nets of generation 782 averaged: 3821.38 (top score: 13152)
Nets of generation 783 averaged: 3883.37 (top score: 14664)
Nets of generation 784 averaged: 3759.1 (top score: 13364)
Nets of generation 785 averaged: 3693.81 (top score: 13132)
Nets of generation 786 averaged: 3576.24 (top score: 13928)
Nets of generation 787 averaged: 3564 (top score: 13792)
Nets of generation 788 averaged: 3537.52 (top score: 14496)
Nets of generation 789 averaged: 3653.24 (top score: 14000)
Nets of generation 790 averaged: 3535.19 (top score: 13524)
Nets of generation 791 averaged: 3694.64 (top score: 13832)
Nets of generation 792 averaged: 3627.47 (top score: 15572)
Nets of generation 793 averaged: 3624.6 (top score: 13096)
Nets of generation 794 averaged: 3681.83 (top score: 12664)
Nets of generation 795 averaged: 3642.02 (top score: 14744)
Nets of generation 796 averaged: 3736.45 (top score: 13396)
Nets of generation 797 averaged: 3609.06 (top score: 13176)
Nets of generation 798 averaged: 3689.78 (top score: 12280)
Nets of generation 799 averaged: 3728.54 (top score: 14688)
Nets of generation 800 averaged: 3570.21 (top score: 13420)
Nets of generation 801 averaged: 3674.05 (top score: 13864)
Nets of generation 802 averaged: 3601.42 (top score: 12948)
Nets of generation 803 averaged: 3620.67 (top score: 13992)
Nets of generation 804 averaged: 3524.12 (top score: 13136)
Nets of generation 805 averaged: 3567.62 (top score: 14520)
Nets of generation 806 averaged: 3772.87 (top score: 13572)
Nets of generation 807 averaged: 3633.5 (top score: 12556)
Nets of generation 808 averaged: 3616.76 (top score: 13652)
Nets of generation 809 averaged: 3639.58 (top score: 15744)
Nets of generation 810 averaged: 3692.28 (top score: 14880)
Nets of generation 811 averaged: 3679.07 (top score: 13596)
Nets of generation 812 averaged: 3712.04 (top score: 12188)
Nets of generation 813 averaged: 3653.88 (top score: 12052)
Nets of generation 814 averaged: 3586.9 (top score: 14556)
Nets of generation 815 averaged: 3372.15 (top score: 15008)
Nets of generation 816 averaged: 3563.55 (top score: 14696)
Nets of generation 817 averaged: 3495.89 (top score: 14828)
Nets of generation 818 averaged: 3656.75 (top score: 13800)
Nets of generation 819 averaged: 3757.21 (top score: 14776)
Nets of generation 820 averaged: 3686.93 (top score: 16520)
Nets of generation 821 averaged: 3507.74 (top score: 15236)
Nets of generation 822 averaged: 3805.09 (top score: 14688)
Nets of generation 823 averaged: 3698.28 (top score: 13540)
Nets of generation 824 averaged: 3747.47 (top score: 17240)
Nets of generation 825 averaged: 3772.83 (top score: 14056)
Nets of generation 826 averaged: 3641.01 (top score: 15344)
Nets of generation 827 averaged: 3670.34 (top score: 15044)
Nets of generation 828 averaged: 3562.38 (top score: 16248)
Nets of generation 829 averaged: 3601.78 (top score: 14652)
Nets of generation 830 averaged: 3703.61 (top score: 14992)
Nets of generation 831 averaged: 3678.78 (top score: 16808)
Nets of generation 832 averaged: 3474.52 (top score: 14124)
Nets of generation 833 averaged: 3708.99 (top score: 15472)
Nets of generation 834 averaged: 3477.76 (top score: 13816)
Nets of generation 835 averaged: 3742.72 (top score: 15120)
Nets of generation 836 averaged: 3672.54 (top score: 14596)
Nets of generation 837 averaged: 3629.54 (top score: 13256)
Nets of generation 838 averaged: 3603.92 (top score: 15804)
Nets of generation 839 averaged: 3663.89 (top score: 13884)
Nets of generation 840 averaged: 3557.76 (top score: 16108)
Nets of generation 841 averaged: 3646.21 (top score: 13716)
Nets of generation 842 averaged: 3539.53 (top score: 12592)
Nets of generation 843 averaged: 3729.26 (top score: 15992)
Nets of generation 844 averaged: 3617.46 (top score: 14676)
Nets of generation 845 averaged: 3657.49 (top score: 15396)
Nets of generation 846 averaged: 3467.23 (top score: 12976)
Nets of generation 847 averaged: 3567.31 (top score: 14212)
Nets of generation 848 averaged: 3619.56 (top score: 14540)
Nets of generation 849 averaged: 3776.03 (top score: 13920)
Nets of generation 850 averaged: 3611.42 (top score: 16496)
Nets of generation 851 averaged: 3623.2 (top score: 15048)
Nets of generation 852 averaged: 3608.03 (top score: 13228)
Nets of generation 853 averaged: 3573.44 (top score: 14488)
Nets of generation 854 averaged: 3462.49 (top score: 10688)
Nets of generation 855 averaged: 3597.45 (top score: 14344)
Nets of generation 856 averaged: 3671.72 (top score: 15848)
Nets of generation 857 averaged: 3725.96 (top score: 13316)
Nets of generation 858 averaged: 3469.78 (top score: 12900)
Nets of generation 859 averaged: 3504.38 (top score: 16036)
Nets of generation 860 averaged: 3571.64 (top score: 12060)
Nets of generation 861 averaged: 3639.81 (top score: 12400)
Nets of generation 862 averaged: 3705.9 (top score: 14328)
Nets of generation 863 averaged: 3594.26 (top score: 12556)
Nets of generation 864 averaged: 3618.17 (top score: 13080)
Nets of generation 865 averaged: 3719.78 (top score: 13236)
Nets of generation 866 averaged: 3695.64 (top score: 13120)
Nets of generation 867 averaged: 3747.41 (top score: 15524)
Nets of generation 868 averaged: 3687.54 (top score: 13620)
Nets of generation 869 averaged: 3752.91 (top score: 14104)
Nets of generation 870 averaged: 3707.14 (top score: 16696)
Nets of generation 871 averaged: 3837.64 (top score: 14484)
Nets of generation 872 averaged: 3850.82 (top score: 16448)
Nets of generation 873 averaged: 3840.92 (top score: 14796)
Nets of generation 874 averaged: 3851.01 (top score: 13648)
Nets of generation 875 averaged: 3742.51 (top score: 13816)
Nets of generation 876 averaged: 3681.02 (top score: 18228)
Nets of generation 877 averaged: 3725.74 (top score: 13412)
Nets of generation 878 averaged: 3691.14 (top score: 16412)
Nets of generation 879 averaged: 3751.48 (top score: 12284)
Nets of generation 880 averaged: 3920.17 (top score: 13356)
Nets of generation 881 averaged: 3713.24 (top score: 13204)
Nets of generation 882 averaged: 3720.95 (top score: 14412)
Nets of generation 883 averaged: 3891.85 (top score: 14056)
Nets of generation 884 averaged: 3851.03 (top score: 14500)
Nets of generation 885 averaged: 3787.5 (top score: 16156)
Nets of generation 886 averaged: 3709.34 (top score: 14624)
Nets of generation 887 averaged: 3693.71 (top score: 16656)
Nets of generation 888 averaged: 3737.21 (top score: 15528)
Nets of generation 889 averaged: 3723.24 (top score: 13432)
Nets of generation 890 averaged: 3741.66 (top score: 14316)
Nets of generation 891 averaged: 3763.66 (top score: 14860)
Nets of generation 892 averaged: 3669.38 (top score: 12832)
Nets of generation 893 averaged: 3800.2 (top score: 13536)
Nets of generation 894 averaged: 3703.99 (top score: 16628)
Nets of generation 895 averaged: 3808.29 (top score: 16208)
Nets of generation 896 averaged: 3723.63 (top score: 15188)
Nets of generation 897 averaged: 3806.25 (top score: 13832)
Nets of generation 898 averaged: 4001.12 (top score: 15272)
Nets of generation 899 averaged: 3623.32 (top score: 16036)
Nets of generation 900 averaged: 3669.83 (top score: 15964)
Nets of generation 901 averaged: 3729.88 (top score: 12980)
Nets of generation 902 averaged: 3866.36 (top score: 13568)
Nets of generation 903 averaged: 3756.62 (top score: 13388)
Nets of generation 904 averaged: 3839.28 (top score: 13904)
Nets of generation 905 averaged: 3811.21 (top score: 14412)
Nets of generation 906 averaged: 3739.17 (top score: 13100)
Nets of generation 907 averaged: 3780.52 (top score: 16864)
Nets of generation 908 averaged: 3774.58 (top score: 15368)
Nets of generation 909 averaged: 3767.7 (top score: 14308)
Nets of generation 910 averaged: 3705.46 (top score: 14496)
Nets of generation 911 averaged: 3692.81 (top score: 16232)
Nets of generation 912 averaged: 3622.07 (top score: 13628)
Nets of generation 913 averaged: 3591.43 (top score: 13652)
Nets of generation 914 averaged: 3781.32 (top score: 14520)
Nets of generation 915 averaged: 3637.82 (top score: 14544)
Nets of generation 916 averaged: 3642.02 (top score: 12816)
Nets of generation 917 averaged: 3678.66 (top score: 12700)
Nets of generation 918 averaged: 3689.51 (top score: 12760)
Nets of generation 919 averaged: 3816.66 (top score: 15304)
Nets of generation 920 averaged: 3603.43 (top score: 14560)
Nets of generation 921 averaged: 3653.94 (top score: 13120)
Nets of generation 922 averaged: 3668.38 (top score: 12956)
Nets of generation 923 averaged: 3781.26 (top score: 12964)
Nets of generation 924 averaged: 3754.95 (top score: 12732)
Nets of generation 925 averaged: 3720.56 (top score: 14236)
Nets of generation 926 averaged: 3747.17 (top score: 12704)
Nets of generation 927 averaged: 3769.39 (top score: 14572)
Nets of generation 928 averaged: 3702.69 (top score: 12292)
Nets of generation 929 averaged: 3679.64 (top score: 14700)
Nets of generation 930 averaged: 3913.36 (top score: 16036)
Nets of generation 931 averaged: 3755.13 (top score: 14552)
Nets of generation 932 averaged: 3786.37 (top score: 15128)
Nets of generation 933 averaged: 3860.07 (top score: 13636)
Nets of generation 934 averaged: 3702.67 (top score: 12880)
Nets of generation 935 averaged: 3830.33 (top score: 13352)
Nets of generation 936 averaged: 3805.87 (top score: 13040)
Nets of generation 937 averaged: 3696.73 (top score: 15492)
Nets of generation 938 averaged: 3732.46 (top score: 14440)
Nets of generation 939 averaged: 3894.67 (top score: 13916)
Nets of generation 940 averaged: 3682.52 (top score: 13540)
Nets of generation 941 averaged: 3836.11 (top score: 14848)
Nets of generation 942 averaged: 3789.59 (top score: 14688)
Nets of generation 943 averaged: 3786.6 (top score: 13552)
Nets of generation 944 averaged: 3837.42 (top score: 14812)
Nets of generation 945 averaged: 3658.44 (top score: 17320)
Nets of generation 946 averaged: 3809.1 (top score: 13812)
Nets of generation 947 averaged: 3816.97 (top score: 15392)
Nets of generation 948 averaged: 3797.97 (top score: 13624)
Nets of generation 949 averaged: 3715.96 (top score: 13048)
Nets of generation 950 averaged: 3761.69 (top score: 15272)
Nets of generation 951 averaged: 3713.87 (top score: 13792)
Nets of generation 952 averaged: 3757.55 (top score: 14728)
Nets of generation 953 averaged: 3757.25 (top score: 15392)
Nets of generation 954 averaged: 3796.2 (top score: 13896)
Nets of generation 955 averaged: 3704.9 (top score: 13040)
Nets of generation 956 averaged: 3744.5 (top score: 13524)
Nets of generation 957 averaged: 3662.68 (top score: 12624)
Nets of generation 958 averaged: 3609.26 (top score: 16212)
Nets of generation 959 averaged: 3771.4 (top score: 14408)
Nets of generation 960 averaged: 3758.63 (top score: 13104)
Nets of generation 961 averaged: 3843 (top score: 15200)
Nets of generation 962 averaged: 3646.02 (top score: 14616)
Nets of generation 963 averaged: 3784.13 (top score: 16068)
Nets of generation 964 averaged: 3608.92 (top score: 14656)
Nets of generation 965 averaged: 3585.21 (top score: 13464)
Nets of generation 966 averaged: 3774.15 (top score: 14692)
Nets of generation 967 averaged: 3566.5 (top score: 15320)
Nets of generation 968 averaged: 3573.66 (top score: 12916)
Nets of generation 969 averaged: 3646.24 (top score: 13804)
Nets of generation 970 averaged: 3682.17 (top score: 14292)
Nets of generation 971 averaged: 3529.91 (top score: 14516)
Nets of generation 972 averaged: 3505.66 (top score: 13300)
Nets of generation 973 averaged: 3481.79 (top score: 13408)
Nets of generation 974 averaged: 3646.1 (top score: 13940)
Nets of generation 975 averaged: 3761.27 (top score: 13472)
Nets of generation 976 averaged: 3673.76 (top score: 16040)
Nets of generation 977 averaged: 3727.44 (top score: 13236)
Nets of generation 978 averaged: 3601.9 (top score: 14176)
Nets of generation 979 averaged: 3580.39 (top score: 14140)
Nets of generation 980 averaged: 3636.43 (top score: 14416)
Nets of generation 981 averaged: 3720.54 (top score: 15440)
Nets of generation 982 averaged: 3704.98 (top score: 17852)
Nets of generation 983 averaged: 3579.66 (top score: 13048)
Nets of generation 984 averaged: 3624.58 (top score: 12532)
Nets of generation 985 averaged: 3694.18 (top score: 13992)
Nets of generation 986 averaged: 3673.16 (top score: 16168)
Nets of generation 987 averaged: 3541.24 (top score: 16008)
Nets of generation 988 averaged: 3616.34 (top score: 16316)
Nets of generation 989 averaged: 3697.24 (top score: 14376)
Nets of generation 990 averaged: 3588.81 (top score: 12376)
Nets of generation 991 averaged: 3561.22 (top score: 15148)
Nets of generation 992 averaged: 3603.01 (top score: 14544)
Nets of generation 993 averaged: 3607 (top score: 14612)
Nets of generation 994 averaged: 3711.69 (top score: 13236)
Nets of generation 995 averaged: 3568.02 (top score: 12956)
Nets of generation 996 averaged: 3662.64 (top score: 15856)
Nets of generation 997 averaged: 3558.06 (top score: 14372)
Nets of generation 998 averaged: 3399.08 (top score: 14336)
Nets of generation 999 averaged: 3490.16 (top score: 13744)
Best score overall: 21316
