[21:27:33] [main/INFO]: Setting user: Player221
[21:27:34] [Client thread/INFO]: LWJGL Version: 2.9.1
[21:27:41] [Client thread/INFO]: Reloading ResourceManager: Default, FMLFileResourcePack:Forge Mod Loader, FMLFileResourcePack:Minecraft Forge, FMLFileResourcePack:HelloWorld
[21:27:42] [Client thread/INFO]: Created: 512x256 textures/blocks-atlas
[21:27:42] [Client thread/INFO]: Created: 256x256 textures/items-atlas
[21:27:42] [Sound Library Loader/INFO]: Sound engine started
[21:27:42] [Client thread/INFO]: Reloading ResourceManager: Default, FMLFileResourcePack:Forge Mod Loader, FMLFileResourcePack:Minecraft Forge, FMLFileResourcePack:HelloWorld
[21:27:42] [Client thread/INFO]: Created: 256x256 textures/items-atlas
[21:27:42] [Client thread/ERROR]: Using missing texture, unable to load minecraft:textures/blocks/MISSING_ICON_BLOCK_165_My Beautiful Block.png
java.io.FileNotFoundException: minecraft:textures/blocks/MISSING_ICON_BLOCK_165_My Beautiful Block.png
	at net.minecraft.client.resources.FallbackResourceManager.getResource(FallbackResourceManager.java:65) ~[FallbackResourceManager.class:?]
	at net.minecraft.client.resources.SimpleReloadableResourceManager.getResource(SimpleReloadableResourceManager.java:67) ~[SimpleReloadableResourceManager.class:?]
	at net.minecraft.client.renderer.texture.TextureMap.loadTextureAtlas(TextureMap.java:126) [TextureMap.class:?]
	at net.minecraft.client.renderer.texture.TextureMap.loadTexture(TextureMap.java:91) [TextureMap.class:?]
	at net.minecraft.client.renderer.texture.TextureManager.loadTexture(TextureManager.java:89) [TextureManager.class:?]
	at net.minecraft.client.renderer.texture.TextureManager.onResourceManagerReload(TextureManager.java:170) [TextureManager.class:?]
	at net.minecraft.client.resources.SimpleReloadableResourceManager.notifyReloadListeners(SimpleReloadableResourceManager.java:134) [SimpleReloadableResourceManager.class:?]
	at net.minecraft.client.resources.SimpleReloadableResourceManager.reloadResources(SimpleReloadableResourceManager.java:118) [SimpleReloadableResourceManager.class:?]
	at net.minecraft.client.Minecraft.refreshResources(Minecraft.java:653) [Minecraft.class:?]
	at cpw.mods.fml.client.FMLClientHandler.finishMinecraftLoading(FMLClientHandler.java:303) [FMLClientHandler.class:?]
	at net.minecraft.client.Minecraft.startGame(Minecraft.java:596) [Minecraft.class:?]
	at net.minecraft.client.Minecraft.run(Minecraft.java:941) [Minecraft.class:?]
	at net.minecraft.client.main.Main.main(Main.java:164) [Main.class:?]
	at sun.reflect.NativeMethodAccessorImpl.invoke0(Native Method) ~[?:1.7.0_45]
	at sun.reflect.NativeMethodAccessorImpl.invoke(NativeMethodAccessorImpl.java:57) ~[?:1.7.0_45]
	at sun.reflect.DelegatingMethodAccessorImpl.invoke(DelegatingMethodAccessorImpl.java:43) ~[?:1.7.0_45]
	at java.lang.reflect.Method.invoke(Method.java:606) ~[?:1.7.0_45]
	at net.minecraft.launchwrapper.Launch.launch(Launch.java:134) [launchwrapper-1.9.jar:?]
	at net.minecraft.launchwrapper.Launch.main(Launch.java:28) [launchwrapper-1.9.jar:?]
	at sun.reflect.NativeMethodAccessorImpl.invoke0(Native Method) ~[?:1.7.0_45]
	at sun.reflect.NativeMethodAccessorImpl.invoke(NativeMethodAccessorImpl.java:57) ~[?:1.7.0_45]
	at sun.reflect.DelegatingMethodAccessorImpl.invoke(DelegatingMethodAccessorImpl.java:43) ~[?:1.7.0_45]
	at java.lang.reflect.Method.invoke(Method.java:606) ~[?:1.7.0_45]
	at GradleStart.bounce(GradleStart.java:107) [start/:?]
	at GradleStart.startClient(GradleStart.java:100) [start/:?]
	at GradleStart.main(GradleStart.java:55) [start/:?]
	at sun.reflect.NativeMethodAccessorImpl.invoke0(Native Method) ~[?:1.7.0_45]
	at sun.reflect.NativeMethodAccessorImpl.invoke(NativeMethodAccessorImpl.java:57) ~[?:1.7.0_45]
	at sun.reflect.DelegatingMethodAccessorImpl.invoke(DelegatingMethodAccessorImpl.java:43) ~[?:1.7.0_45]
	at java.lang.reflect.Method.invoke(Method.java:606) ~[?:1.7.0_45]
	at com.intellij.rt.execution.application.AppMain.main(AppMain.java:134) [idea_rt.jar:?]
[21:27:42] [Client thread/INFO]: Created: 512x256 textures/blocks-atlas
[21:27:43] [Sound Library Loader/INFO]: Sound engine started
[21:27:45] [Server thread/INFO]: Starting integrated minecraft server version 1.7.10
[21:27:45] [Server thread/INFO]: Generating keypair
[21:27:45] [Server thread/INFO]: Preparing start region for level 0
[21:27:46] [Server thread/INFO]: Changing view distance to 12, from 10
[21:27:46] [Server thread/INFO]: Player221[local:E:57239a7d] logged in with entity id 38 at (-8.233802460024798, 203.6926438585779, -8.982153697705709)
[21:27:46] [Server thread/INFO]: Player221 joined the game
[21:27:48] [Client thread/INFO]: Warning: Clientside chunk ticking took 117 ms
[21:27:52] [Server thread/WARN]: Can't keep up! Did the system time change, or is the server overloaded? Running 3287ms behind, skipping 65 tick(s)
[21:27:53] [Server thread/INFO]: Saving and pausing game...
[21:27:53] [Server thread/INFO]: Saving chunks for level 'BuggaBugga'/Overworld
[21:27:53] [Server thread/INFO]: Saving chunks for level 'BuggaBugga'/Nether
[21:27:53] [Server thread/INFO]: Saving chunks for level 'BuggaBugga'/The End
[21:27:54] [Server thread/INFO]: Player221 has just earned the achievement [Taking Inventory]
[21:27:54] [Client thread/INFO]: [CHAT] Player221 has just earned the achievement [Taking Inventory]
[21:28:09] [Server thread/WARN]: Can't keep up! Did the system time change, or is the server overloaded? Running 2183ms behind, skipping 43 tick(s)
[21:29:23] [Server thread/INFO]: Saving and pausing game...
[21:29:23] [Server thread/INFO]: Saving chunks for level 'BuggaBugga'/Overworld
[21:29:23] [Server thread/INFO]: Saving chunks for level 'BuggaBugga'/Nether
[21:29:23] [Server thread/INFO]: Saving chunks for level 'BuggaBugga'/The End
[21:29:24] [Server thread/INFO]: Stopping server
[21:29:24] [Server thread/INFO]: Saving players
[21:29:24] [Server thread/INFO]: Saving worlds
[21:29:24] [Server thread/INFO]: Saving chunks for level 'BuggaBugga'/Overworld
[21:29:24] [Server thread/INFO]: Saving chunks for level 'BuggaBugga'/Nether
[21:29:24] [Server thread/INFO]: Saving chunks for level 'BuggaBugga'/The End
[21:29:25] [Client thread/INFO]: Stopping!
