Initialized with: 
numGenerations: 1000
numNets: 100
numGamesPerNet: 10
netHiddenLayerSize: 16
chMode: a
Nets of generation 0 averaged: 1060.58 (top score: 5660)
Nets of generation 1 averaged: 1145.64 (top score: 4744)
Nets of generation 2 averaged: 1219.31 (top score: 4932)
Nets of generation 3 averaged: 1232.45 (top score: 5692)
Nets of generation 4 averaged: 1273.18 (top score: 6244)
Nets of generation 5 averaged: 1314.7 (top score: 5688)
Nets of generation 6 averaged: 1450.24 (top score: 7176)
Nets of generation 7 averaged: 1483.03 (top score: 6404)
Nets of generation 8 averaged: 1502.34 (top score: 6092)
Nets of generation 9 averaged: 1540.09 (top score: 6728)
Nets of generation 10 averaged: 1614.34 (top score: 5916)
Nets of generation 11 averaged: 1619.12 (top score: 7396)
Nets of generation 12 averaged: 1687.95 (top score: 6968)
Nets of generation 13 averaged: 1694.58 (top score: 6576)
Nets of generation 14 averaged: 1817.2 (top score: 7256)
Nets of generation 15 averaged: 1852.32 (top score: 8496)
Nets of generation 16 averaged: 1847.72 (top score: 6064)
Nets of generation 17 averaged: 1919.66 (top score: 7776)
Nets of generation 18 averaged: 2014.61 (top score: 7436)
Nets of generation 19 averaged: 2089.46 (top score: 7052)
Nets of generation 20 averaged: 2034.21 (top score: 7572)
Nets of generation 21 averaged: 2090.88 (top score: 6872)
Nets of generation 22 averaged: 2109.25 (top score: 7328)
Nets of generation 23 averaged: 2091.06 (top score: 8380)
Nets of generation 24 averaged: 2085.8 (top score: 8068)
Nets of generation 25 averaged: 2124.3 (top score: 6960)
Nets of generation 26 averaged: 2169.75 (top score: 7760)
Nets of generation 27 averaged: 2225.52 (top score: 9156)
Nets of generation 28 averaged: 2196.75 (top score: 8032)
Nets of generation 29 averaged: 2169.89 (top score: 7200)
Nets of generation 30 averaged: 2322.32 (top score: 9848)
Nets of generation 31 averaged: 2275.11 (top score: 8044)
Nets of generation 32 averaged: 2304.04 (top score: 7456)
Nets of generation 33 averaged: 2312.95 (top score: 7096)
Nets of generation 34 averaged: 2272.74 (top score: 8532)
Nets of generation 35 averaged: 2321.16 (top score: 10536)
Nets of generation 36 averaged: 2277.78 (top score: 7376)
Nets of generation 37 averaged: 2246.08 (top score: 7220)
Nets of generation 38 averaged: 2282.14 (top score: 8652)
Nets of generation 39 averaged: 2354.14 (top score: 11440)
Nets of generation 40 averaged: 2315.83 (top score: 7252)
Nets of generation 41 averaged: 2306.42 (top score: 8680)
Nets of generation 42 averaged: 2326.84 (top score: 7800)
Nets of generation 43 averaged: 2461.13 (top score: 7520)
Nets of generation 44 averaged: 2432.63 (top score: 9204)
Nets of generation 45 averaged: 2496.26 (top score: 7824)
Nets of generation 46 averaged: 2493.02 (top score: 8552)
Nets of generation 47 averaged: 2476.66 (top score: 7576)
Nets of generation 48 averaged: 2393.64 (top score: 7048)
Nets of generation 49 averaged: 2556.84 (top score: 7076)
Nets of generation 50 averaged: 2586.76 (top score: 7360)
Nets of generation 51 averaged: 2526.72 (top score: 7720)
Nets of generation 52 averaged: 2610.68 (top score: 11464)
Nets of generation 53 averaged: 2593.42 (top score: 8476)
Nets of generation 54 averaged: 2553.04 (top score: 7572)
Nets of generation 55 averaged: 2461 (top score: 8500)
Nets of generation 56 averaged: 2578.88 (top score: 8488)
Nets of generation 57 averaged: 2478.53 (top score: 7996)
Nets of generation 58 averaged: 2551.24 (top score: 8860)
Nets of generation 59 averaged: 2661.19 (top score: 10640)
Nets of generation 60 averaged: 2600.85 (top score: 7516)
Nets of generation 61 averaged: 2622.98 (top score: 8376)
Nets of generation 62 averaged: 2554.82 (top score: 7472)
Nets of generation 63 averaged: 2582.58 (top score: 7672)
Nets of generation 64 averaged: 2613.58 (top score: 7804)
Nets of generation 65 averaged: 2608.86 (top score: 7944)
Nets of generation 66 averaged: 2702.35 (top score: 8396)
Nets of generation 67 averaged: 2640.46 (top score: 10412)
Nets of generation 68 averaged: 2687.36 (top score: 11740)
Nets of generation 69 averaged: 2646.07 (top score: 10808)
Nets of generation 70 averaged: 2599.01 (top score: 10360)
Nets of generation 71 averaged: 2740.38 (top score: 7560)
Nets of generation 72 averaged: 2712.5 (top score: 11784)
Nets of generation 73 averaged: 2627.37 (top score: 14288)
Nets of generation 74 averaged: 2656.42 (top score: 10660)
Nets of generation 75 averaged: 2711.86 (top score: 8840)
Nets of generation 76 averaged: 2736.66 (top score: 12120)
Nets of generation 77 averaged: 2799.05 (top score: 11888)
Nets of generation 78 averaged: 2759.82 (top score: 11764)
Nets of generation 79 averaged: 2860.14 (top score: 10784)
Nets of generation 80 averaged: 2711.33 (top score: 7440)
Nets of generation 81 averaged: 2707.35 (top score: 11252)
Nets of generation 82 averaged: 2698.75 (top score: 9812)
Nets of generation 83 averaged: 2728.39 (top score: 8640)
Nets of generation 84 averaged: 2676.74 (top score: 10164)
Nets of generation 85 averaged: 2636.86 (top score: 10092)
Nets of generation 86 averaged: 2715.1 (top score: 10128)
Nets of generation 87 averaged: 2696.15 (top score: 12544)
Nets of generation 88 averaged: 2674.63 (top score: 8408)
Nets of generation 89 averaged: 2731.51 (top score: 10320)
Nets of generation 90 averaged: 2782.48 (top score: 12452)
Nets of generation 91 averaged: 2696.48 (top score: 10912)
Nets of generation 92 averaged: 2760.16 (top score: 11768)
Nets of generation 93 averaged: 2771.19 (top score: 12192)
Nets of generation 94 averaged: 2766.2 (top score: 11404)
Nets of generation 95 averaged: 2716.13 (top score: 11528)
Nets of generation 96 averaged: 2759.02 (top score: 14484)
Nets of generation 97 averaged: 2806.92 (top score: 11860)
Nets of generation 98 averaged: 2820.75 (top score: 10108)
Nets of generation 99 averaged: 2755.69 (top score: 11888)
Nets of generation 100 averaged: 2837.14 (top score: 10364)
Nets of generation 101 averaged: 2909.04 (top score: 14008)
Nets of generation 102 averaged: 2910.06 (top score: 10772)
Nets of generation 103 averaged: 2866.56 (top score: 11384)
Nets of generation 104 averaged: 2898.95 (top score: 10396)
Nets of generation 105 averaged: 2885.27 (top score: 12596)
Nets of generation 106 averaged: 2931.11 (top score: 11620)
Nets of generation 107 averaged: 2951.9 (top score: 12680)
Nets of generation 108 averaged: 2924.72 (top score: 14120)
Nets of generation 109 averaged: 2982.9 (top score: 13468)
Nets of generation 110 averaged: 3060.84 (top score: 11736)
Nets of generation 111 averaged: 3114.58 (top score: 16132)
Nets of generation 112 averaged: 2853.77 (top score: 14840)
Nets of generation 113 averaged: 3072.69 (top score: 12288)
Nets of generation 114 averaged: 3151.66 (top score: 15612)
Nets of generation 115 averaged: 3031.76 (top score: 12160)
Nets of generation 116 averaged: 3071.89 (top score: 13348)
Nets of generation 117 averaged: 3186.44 (top score: 16072)
Nets of generation 118 averaged: 3082.58 (top score: 12084)
Nets of generation 119 averaged: 3129.25 (top score: 15492)
Nets of generation 120 averaged: 3033.78 (top score: 11228)
Nets of generation 121 averaged: 3030.52 (top score: 10876)
Nets of generation 122 averaged: 3224.72 (top score: 11900)
Nets of generation 123 averaged: 3122.24 (top score: 14204)
Nets of generation 124 averaged: 3064.33 (top score: 16568)
Nets of generation 125 averaged: 3129.12 (top score: 17296)
Nets of generation 126 averaged: 3070.78 (top score: 12028)
Nets of generation 127 averaged: 3194.22 (top score: 14308)
Nets of generation 128 averaged: 3228.99 (top score: 11704)
Nets of generation 129 averaged: 3280.87 (top score: 16148)
Nets of generation 130 averaged: 3208.27 (top score: 12304)
Nets of generation 131 averaged: 3423.27 (top score: 14300)
Nets of generation 132 averaged: 3214.41 (top score: 14192)
Nets of generation 133 averaged: 3430.02 (top score: 14820)
Nets of generation 134 averaged: 3442.58 (top score: 16332)
Nets of generation 135 averaged: 3271.07 (top score: 14800)
Nets of generation 136 averaged: 3397.22 (top score: 12608)
Nets of generation 137 averaged: 3442.53 (top score: 15452)
Nets of generation 138 averaged: 3402.31 (top score: 13868)
Nets of generation 139 averaged: 3444.73 (top score: 15712)
Nets of generation 140 averaged: 3605.34 (top score: 21252)
Nets of generation 141 averaged: 3469.72 (top score: 15348)
Nets of generation 142 averaged: 3531.95 (top score: 15060)
Nets of generation 143 averaged: 3422.93 (top score: 15336)
Nets of generation 144 averaged: 3636.48 (top score: 14468)
Nets of generation 145 averaged: 3617.09 (top score: 15420)
Nets of generation 146 averaged: 3514.16 (top score: 16372)
Nets of generation 147 averaged: 3599.76 (top score: 14468)
Nets of generation 148 averaged: 3514.06 (top score: 14532)
Nets of generation 149 averaged: 3513.72 (top score: 15456)
Nets of generation 150 averaged: 3604.54 (top score: 16084)
Nets of generation 151 averaged: 3509.3 (top score: 15840)
Nets of generation 152 averaged: 3517.64 (top score: 13320)
Nets of generation 153 averaged: 3496.38 (top score: 12672)
Nets of generation 154 averaged: 3549.3 (top score: 17344)
Nets of generation 155 averaged: 3685.03 (top score: 14464)
Nets of generation 156 averaged: 3521.59 (top score: 16548)
Nets of generation 157 averaged: 3621.75 (top score: 14752)
Nets of generation 158 averaged: 3543.34 (top score: 14984)
Nets of generation 159 averaged: 3468.17 (top score: 13084)
Nets of generation 160 averaged: 3567.87 (top score: 14208)
Nets of generation 161 averaged: 3498.32 (top score: 14004)
Nets of generation 162 averaged: 3517.71 (top score: 12820)
Nets of generation 163 averaged: 3453.38 (top score: 12432)
Nets of generation 164 averaged: 3523.86 (top score: 15416)
Nets of generation 165 averaged: 3540.28 (top score: 13692)
Nets of generation 166 averaged: 3477.12 (top score: 14272)
Nets of generation 167 averaged: 3664.38 (top score: 13860)
Nets of generation 168 averaged: 3558.83 (top score: 15336)
Nets of generation 169 averaged: 3711.87 (top score: 16692)
Nets of generation 170 averaged: 3496.31 (top score: 13224)
Nets of generation 171 averaged: 3645.59 (top score: 15708)
Nets of generation 172 averaged: 3708.09 (top score: 21732)
Nets of generation 173 averaged: 3633.1 (top score: 14844)
Nets of generation 174 averaged: 3775.52 (top score: 16768)
Nets of generation 175 averaged: 3856.46 (top score: 14772)
Nets of generation 176 averaged: 3584.91 (top score: 15684)
Nets of generation 177 averaged: 3629.43 (top score: 12820)
Nets of generation 178 averaged: 3536.11 (top score: 12356)
Nets of generation 179 averaged: 3669.87 (top score: 14676)
Nets of generation 180 averaged: 3503.33 (top score: 12488)
Nets of generation 181 averaged: 3536.07 (top score: 13628)
Nets of generation 182 averaged: 3563.58 (top score: 15600)
Nets of generation 183 averaged: 3583.55 (top score: 14496)
Nets of generation 184 averaged: 3575.19 (top score: 14704)
Nets of generation 185 averaged: 3612.73 (top score: 13764)
Nets of generation 186 averaged: 3675.49 (top score: 14492)
Nets of generation 187 averaged: 3648.97 (top score: 14272)
Nets of generation 188 averaged: 3786.23 (top score: 16340)
Nets of generation 189 averaged: 3621.11 (top score: 16216)
Nets of generation 190 averaged: 3580.99 (top score: 16608)
Nets of generation 191 averaged: 3848.39 (top score: 14672)
Nets of generation 192 averaged: 3693.5 (top score: 12352)
Nets of generation 193 averaged: 3761.11 (top score: 15860)
Nets of generation 194 averaged: 3671.43 (top score: 13572)
Nets of generation 195 averaged: 3869.8 (top score: 14500)
Nets of generation 196 averaged: 3839.26 (top score: 15132)
Nets of generation 197 averaged: 3798.86 (top score: 16520)
Nets of generation 198 averaged: 3791.25 (top score: 14248)
Nets of generation 199 averaged: 3834.74 (top score: 16812)
Nets of generation 200 averaged: 3920.17 (top score: 14192)
Nets of generation 201 averaged: 3675.29 (top score: 13196)
Nets of generation 202 averaged: 3812.58 (top score: 14496)
Nets of generation 203 averaged: 3835.91 (top score: 13760)
Nets of generation 204 averaged: 3807.74 (top score: 15640)
Nets of generation 205 averaged: 3891.72 (top score: 16172)
Nets of generation 206 averaged: 3804.92 (top score: 14720)
Nets of generation 207 averaged: 3759.88 (top score: 14060)
Nets of generation 208 averaged: 3746.86 (top score: 13044)
Nets of generation 209 averaged: 3744.56 (top score: 15784)
Nets of generation 210 averaged: 3781.76 (top score: 15364)
Nets of generation 211 averaged: 3710.72 (top score: 13596)
Nets of generation 212 averaged: 3761.33 (top score: 12920)
Nets of generation 213 averaged: 3789.33 (top score: 14356)
Nets of generation 214 averaged: 3746 (top score: 16220)
Nets of generation 215 averaged: 3816.27 (top score: 13792)
Nets of generation 216 averaged: 3684.83 (top score: 15172)
Nets of generation 217 averaged: 3752.8 (top score: 16192)
Nets of generation 218 averaged: 3824.83 (top score: 13932)
Nets of generation 219 averaged: 3780.38 (top score: 12856)
Nets of generation 220 averaged: 3778.93 (top score: 14236)
Nets of generation 221 averaged: 3783.58 (top score: 14812)
Nets of generation 222 averaged: 3727.63 (top score: 15220)
Nets of generation 223 averaged: 3819.68 (top score: 16064)
Nets of generation 224 averaged: 3773.33 (top score: 13416)
Nets of generation 225 averaged: 3659.52 (top score: 14876)
Nets of generation 226 averaged: 3771.28 (top score: 14764)
Nets of generation 227 averaged: 3735 (top score: 16024)
Nets of generation 228 averaged: 3776.91 (top score: 12524)
Nets of generation 229 averaged: 3825.79 (top score: 14392)
Nets of generation 230 averaged: 3805.77 (top score: 22764)
Nets of generation 231 averaged: 3826.77 (top score: 14604)
Nets of generation 232 averaged: 3795.74 (top score: 14464)
Nets of generation 233 averaged: 3850.22 (top score: 12308)
Nets of generation 234 averaged: 3745.26 (top score: 23544)
Nets of generation 235 averaged: 3922.55 (top score: 14088)
Nets of generation 236 averaged: 3798.79 (top score: 16852)
Nets of generation 237 averaged: 3855.91 (top score: 16192)
Nets of generation 238 averaged: 3716 (top score: 13092)
Nets of generation 239 averaged: 3919.88 (top score: 13928)
Nets of generation 240 averaged: 3710.31 (top score: 15680)
Nets of generation 241 averaged: 3885.6 (top score: 15028)
Nets of generation 242 averaged: 3830.47 (top score: 14892)
Nets of generation 243 averaged: 3796.84 (top score: 20756)
Nets of generation 244 averaged: 3828.42 (top score: 14536)
Nets of generation 245 averaged: 3786.62 (top score: 15396)
Nets of generation 246 averaged: 3770.23 (top score: 16920)
Nets of generation 247 averaged: 3758.64 (top score: 14612)
Nets of generation 248 averaged: 3798.78 (top score: 14488)
Nets of generation 249 averaged: 3912.56 (top score: 14444)
Nets of generation 250 averaged: 3624.65 (top score: 12720)
Nets of generation 251 averaged: 3634.12 (top score: 15408)
Nets of generation 252 averaged: 3728.32 (top score: 16560)
Nets of generation 253 averaged: 3903.77 (top score: 16120)
Nets of generation 254 averaged: 3786.36 (top score: 16224)
Nets of generation 255 averaged: 3875.12 (top score: 14484)
Nets of generation 256 averaged: 3975.72 (top score: 14676)
Nets of generation 257 averaged: 3846.58 (top score: 25280)
Nets of generation 258 averaged: 3939.66 (top score: 16040)
Nets of generation 259 averaged: 3784.88 (top score: 15632)
Nets of generation 260 averaged: 3868.18 (top score: 12656)
Nets of generation 261 averaged: 4053.8 (top score: 16440)
Nets of generation 262 averaged: 3867.38 (top score: 16200)
Nets of generation 263 averaged: 3808.64 (top score: 14680)
Nets of generation 264 averaged: 3850.88 (top score: 15336)
Nets of generation 265 averaged: 3814.79 (top score: 15364)
Nets of generation 266 averaged: 3913.54 (top score: 16276)
Nets of generation 267 averaged: 3782.4 (top score: 16048)
Nets of generation 268 averaged: 3787.44 (top score: 18604)
Nets of generation 269 averaged: 3794.69 (top score: 16600)
Nets of generation 270 averaged: 3736.63 (top score: 15612)
Nets of generation 271 averaged: 3867.26 (top score: 15564)
Nets of generation 272 averaged: 3828.62 (top score: 15748)
Nets of generation 273 averaged: 4044.12 (top score: 16300)
Nets of generation 274 averaged: 4009.44 (top score: 16064)
Nets of generation 275 averaged: 4037.22 (top score: 15188)
Nets of generation 276 averaged: 3895.09 (top score: 12900)
Nets of generation 277 averaged: 3945.29 (top score: 16192)
Nets of generation 278 averaged: 3971.1 (top score: 15156)
Nets of generation 279 averaged: 4000.88 (top score: 15380)
Nets of generation 280 averaged: 3931.34 (top score: 15772)
Nets of generation 281 averaged: 3878.25 (top score: 15484)
Nets of generation 282 averaged: 3928.8 (top score: 15412)
Nets of generation 283 averaged: 3847 (top score: 15220)
Nets of generation 284 averaged: 4039.14 (top score: 15208)
Nets of generation 285 averaged: 3921.37 (top score: 14392)
Nets of generation 286 averaged: 3976.76 (top score: 15812)
Nets of generation 287 averaged: 3987.35 (top score: 15444)
Nets of generation 288 averaged: 3867.8 (top score: 12464)
Nets of generation 289 averaged: 3800.67 (top score: 14636)
Nets of generation 290 averaged: 3863.87 (top score: 14680)
Nets of generation 291 averaged: 3881.1 (top score: 15108)
Nets of generation 292 averaged: 3865.31 (top score: 15552)
Nets of generation 293 averaged: 4051.9 (top score: 16148)
Nets of generation 294 averaged: 3881.28 (top score: 14544)
Nets of generation 295 averaged: 4006.52 (top score: 16172)
Nets of generation 296 averaged: 3941.67 (top score: 14856)
Nets of generation 297 averaged: 3857.53 (top score: 14364)
Nets of generation 298 averaged: 3924.18 (top score: 13888)
Nets of generation 299 averaged: 4077.09 (top score: 17084)
Nets of generation 300 averaged: 4059.5 (top score: 16192)
Nets of generation 301 averaged: 3989.12 (top score: 14892)
Nets of generation 302 averaged: 3980.94 (top score: 13772)
Nets of generation 303 averaged: 3890.29 (top score: 15316)
Nets of generation 304 averaged: 3881.14 (top score: 13856)
Nets of generation 305 averaged: 3732.48 (top score: 14520)
Nets of generation 306 averaged: 3821.34 (top score: 16196)
Nets of generation 307 averaged: 3865.59 (top score: 14432)
Nets of generation 308 averaged: 3917.46 (top score: 16344)
Nets of generation 309 averaged: 4047.26 (top score: 27832)
Nets of generation 310 averaged: 4015.62 (top score: 16800)
Nets of generation 311 averaged: 3905.21 (top score: 16904)
Nets of generation 312 averaged: 3958.14 (top score: 15368)
Nets of generation 313 averaged: 3864.68 (top score: 15928)
Nets of generation 314 averaged: 3985.33 (top score: 13892)
Nets of generation 315 averaged: 4062.39 (top score: 15228)
Nets of generation 316 averaged: 4068.89 (top score: 15228)
Nets of generation 317 averaged: 4043.91 (top score: 15184)
Nets of generation 318 averaged: 3969.65 (top score: 15560)
Nets of generation 319 averaged: 3927.43 (top score: 21788)
Nets of generation 320 averaged: 4082.41 (top score: 15640)
Nets of generation 321 averaged: 3961.29 (top score: 16288)
Nets of generation 322 averaged: 3802.47 (top score: 13040)
Nets of generation 323 averaged: 3934.32 (top score: 15536)
Nets of generation 324 averaged: 3949.27 (top score: 14820)
Nets of generation 325 averaged: 3940.96 (top score: 16268)
Nets of generation 326 averaged: 3887.82 (top score: 15508)
Nets of generation 327 averaged: 3912.7 (top score: 16476)
Nets of generation 328 averaged: 4134.81 (top score: 13984)
Nets of generation 329 averaged: 3994.45 (top score: 15700)
Nets of generation 330 averaged: 4048.71 (top score: 15812)
Nets of generation 331 averaged: 4039.55 (top score: 15508)
Nets of generation 332 averaged: 3911.54 (top score: 14708)
Nets of generation 333 averaged: 3846.57 (top score: 14484)
Nets of generation 334 averaged: 4059.88 (top score: 15640)
Nets of generation 335 averaged: 3868.68 (top score: 15432)
Nets of generation 336 averaged: 3874.82 (top score: 14460)
Nets of generation 337 averaged: 3946.98 (top score: 15896)
Nets of generation 338 averaged: 4070.52 (top score: 16252)
Nets of generation 339 averaged: 4098.91 (top score: 16256)
Nets of generation 340 averaged: 3799.64 (top score: 15472)
Nets of generation 341 averaged: 4003.54 (top score: 15752)
Nets of generation 342 averaged: 3924.37 (top score: 13896)
Nets of generation 343 averaged: 4084.1 (top score: 15716)
Nets of generation 344 averaged: 4162.25 (top score: 16104)
Nets of generation 345 averaged: 4101.62 (top score: 14492)
Nets of generation 346 averaged: 4129.49 (top score: 15476)
Nets of generation 347 averaged: 4146.31 (top score: 16168)
Nets of generation 348 averaged: 4176.02 (top score: 15856)
Nets of generation 349 averaged: 4231.39 (top score: 16464)
Nets of generation 350 averaged: 4209.4 (top score: 16324)
Nets of generation 351 averaged: 4237.34 (top score: 16508)
Nets of generation 352 averaged: 3998.95 (top score: 16180)
Nets of generation 353 averaged: 4180.18 (top score: 16100)
Nets of generation 354 averaged: 4281.42 (top score: 15012)
Nets of generation 355 averaged: 4143.1 (top score: 16472)
Nets of generation 356 averaged: 4015.42 (top score: 14492)
Nets of generation 357 averaged: 4120.24 (top score: 15240)
Nets of generation 358 averaged: 4289.7 (top score: 16816)
Nets of generation 359 averaged: 4133.46 (top score: 20516)
Nets of generation 360 averaged: 4098.79 (top score: 16240)
Nets of generation 361 averaged: 4128.56 (top score: 15052)
Nets of generation 362 averaged: 4265.59 (top score: 16156)
Nets of generation 363 averaged: 4198.01 (top score: 16176)
Nets of generation 364 averaged: 4209.49 (top score: 23152)
Nets of generation 365 averaged: 4323.03 (top score: 15664)
Nets of generation 366 averaged: 4476.85 (top score: 16132)
Nets of generation 367 averaged: 4280.63 (top score: 15360)
Nets of generation 368 averaged: 3996.48 (top score: 15588)
Nets of generation 369 averaged: 4197.84 (top score: 15628)
Nets of generation 370 averaged: 4154.61 (top score: 14860)
Nets of generation 371 averaged: 4267.06 (top score: 15484)
Nets of generation 372 averaged: 4201.52 (top score: 16832)
Nets of generation 373 averaged: 4126.3 (top score: 16644)
Nets of generation 374 averaged: 4157.09 (top score: 16340)
Nets of generation 375 averaged: 4195.5 (top score: 15796)
Nets of generation 376 averaged: 4286.01 (top score: 15380)
Nets of generation 377 averaged: 4253.81 (top score: 17272)
Nets of generation 378 averaged: 4258.98 (top score: 14524)
Nets of generation 379 averaged: 3989.57 (top score: 15256)
Nets of generation 380 averaged: 4112.84 (top score: 15260)
Nets of generation 381 averaged: 4070.51 (top score: 13868)
Nets of generation 382 averaged: 4133.4 (top score: 16192)
Nets of generation 383 averaged: 4055.26 (top score: 15332)
Nets of generation 384 averaged: 4221.96 (top score: 15456)
Nets of generation 385 averaged: 4221.61 (top score: 15176)
Nets of generation 386 averaged: 4136.66 (top score: 16100)
Nets of generation 387 averaged: 4218.38 (top score: 14980)
Nets of generation 388 averaged: 4310.43 (top score: 16088)
Nets of generation 389 averaged: 4181.3 (top score: 16476)
Nets of generation 390 averaged: 4352.13 (top score: 15448)
Nets of generation 391 averaged: 4255.65 (top score: 14592)
Nets of generation 392 averaged: 4287.48 (top score: 15380)
Nets of generation 393 averaged: 4316.26 (top score: 16332)
Nets of generation 394 averaged: 4285.51 (top score: 22976)
Nets of generation 395 averaged: 4182.56 (top score: 16100)
Nets of generation 396 averaged: 4014.73 (top score: 16152)
Nets of generation 397 averaged: 4112.05 (top score: 14788)
Nets of generation 398 averaged: 4168.71 (top score: 16268)
Nets of generation 399 averaged: 4295.56 (top score: 15492)
Nets of generation 400 averaged: 4225.01 (top score: 15824)
Nets of generation 401 averaged: 4362.46 (top score: 16372)
Nets of generation 402 averaged: 4314.82 (top score: 15912)
Nets of generation 403 averaged: 4354.58 (top score: 14856)
Nets of generation 404 averaged: 4177.23 (top score: 15544)
Nets of generation 405 averaged: 4378.96 (top score: 16192)
Nets of generation 406 averaged: 4167.73 (top score: 16380)
Nets of generation 407 averaged: 4190.04 (top score: 16120)
Nets of generation 408 averaged: 4294.54 (top score: 15660)
Nets of generation 409 averaged: 4155.41 (top score: 15428)
Nets of generation 410 averaged: 4254.84 (top score: 16924)
Nets of generation 411 averaged: 4233.12 (top score: 15672)
Nets of generation 412 averaged: 4431.83 (top score: 16220)
Nets of generation 413 averaged: 4318.32 (top score: 16852)
Nets of generation 414 averaged: 4355.34 (top score: 15400)
Nets of generation 415 averaged: 4369.7 (top score: 16484)
Nets of generation 416 averaged: 4587.5 (top score: 15828)
Nets of generation 417 averaged: 4169.74 (top score: 15548)
Nets of generation 418 averaged: 4405.01 (top score: 14536)
Nets of generation 419 averaged: 4353.25 (top score: 15348)
Nets of generation 420 averaged: 4241.01 (top score: 14772)
Nets of generation 421 averaged: 4191.79 (top score: 14476)
Nets of generation 422 averaged: 4087.18 (top score: 15592)
Nets of generation 423 averaged: 3993.85 (top score: 16204)
Nets of generation 424 averaged: 4187.94 (top score: 14472)
Nets of generation 425 averaged: 4077.12 (top score: 17000)
Nets of generation 426 averaged: 4018.36 (top score: 15256)
Nets of generation 427 averaged: 4020.89 (top score: 15384)
Nets of generation 428 averaged: 4060.37 (top score: 14436)
Nets of generation 429 averaged: 3978.29 (top score: 14372)
Nets of generation 430 averaged: 4059.24 (top score: 16404)
Nets of generation 431 averaged: 4012.64 (top score: 14992)
Nets of generation 432 averaged: 4090.09 (top score: 15240)
Nets of generation 433 averaged: 4066.61 (top score: 15836)
Nets of generation 434 averaged: 4003.68 (top score: 15096)
Nets of generation 435 averaged: 4100.64 (top score: 16616)
Nets of generation 436 averaged: 3915.11 (top score: 15640)
Nets of generation 437 averaged: 3889.95 (top score: 15896)
Nets of generation 438 averaged: 3943.54 (top score: 15568)
Nets of generation 439 averaged: 4029.64 (top score: 15968)
Nets of generation 440 averaged: 3990.9 (top score: 15088)
Nets of generation 441 averaged: 3949.02 (top score: 14012)
Nets of generation 442 averaged: 3834.92 (top score: 15404)
Nets of generation 443 averaged: 3987.03 (top score: 14580)
Nets of generation 444 averaged: 4057.01 (top score: 13828)
Nets of generation 445 averaged: 4142.16 (top score: 15800)
Nets of generation 446 averaged: 4120.31 (top score: 15804)
Nets of generation 447 averaged: 4013.13 (top score: 15196)
Nets of generation 448 averaged: 4100.71 (top score: 16232)
Nets of generation 449 averaged: 4085.39 (top score: 16468)
Nets of generation 450 averaged: 4086 (top score: 16296)
Nets of generation 451 averaged: 4279.74 (top score: 14632)
Nets of generation 452 averaged: 4100.93 (top score: 16124)
Nets of generation 453 averaged: 4087.83 (top score: 16540)
Nets of generation 454 averaged: 4266.22 (top score: 16168)
Nets of generation 455 averaged: 4224.34 (top score: 16012)
Nets of generation 456 averaged: 4314.15 (top score: 14660)
Nets of generation 457 averaged: 4202.53 (top score: 15944)
Nets of generation 458 averaged: 4353.25 (top score: 16080)
Nets of generation 459 averaged: 4345.06 (top score: 16256)
Nets of generation 460 averaged: 4121.06 (top score: 15444)
Nets of generation 461 averaged: 4322.44 (top score: 15296)
Nets of generation 462 averaged: 4207.93 (top score: 15100)
Nets of generation 463 averaged: 4164.4 (top score: 13088)
Nets of generation 464 averaged: 4333.93 (top score: 15204)
Nets of generation 465 averaged: 4239.98 (top score: 15616)
Nets of generation 466 averaged: 4300.96 (top score: 15000)
Nets of generation 467 averaged: 4253.39 (top score: 14644)
Nets of generation 468 averaged: 4238.21 (top score: 15536)
Nets of generation 469 averaged: 4269.36 (top score: 15872)
Nets of generation 470 averaged: 4150.38 (top score: 21160)
Nets of generation 471 averaged: 4323.66 (top score: 15776)
Nets of generation 472 averaged: 4275.58 (top score: 14896)
Nets of generation 473 averaged: 4157.98 (top score: 15332)
Nets of generation 474 averaged: 4153.1 (top score: 15836)
Nets of generation 475 averaged: 4270.16 (top score: 16072)
Nets of generation 476 averaged: 4074.49 (top score: 15428)
Nets of generation 477 averaged: 4266.66 (top score: 25476)
Nets of generation 478 averaged: 4254.12 (top score: 16548)
Nets of generation 479 averaged: 4049.13 (top score: 14180)
Nets of generation 480 averaged: 4352.65 (top score: 15552)
Nets of generation 481 averaged: 4340.64 (top score: 14776)
Nets of generation 482 averaged: 4415.87 (top score: 16020)
Nets of generation 483 averaged: 4193.78 (top score: 16488)
Nets of generation 484 averaged: 4375.48 (top score: 15908)
Nets of generation 485 averaged: 4224.59 (top score: 14800)
Nets of generation 486 averaged: 4376.65 (top score: 16140)
Nets of generation 487 averaged: 4221.72 (top score: 16436)
Nets of generation 488 averaged: 4202.49 (top score: 15512)
Nets of generation 489 averaged: 4213.66 (top score: 22548)
Nets of generation 490 averaged: 4382.7 (top score: 15452)
Nets of generation 491 averaged: 4330.61 (top score: 16852)
Nets of generation 492 averaged: 4291.55 (top score: 15292)
Nets of generation 493 averaged: 4209.09 (top score: 16484)
Nets of generation 494 averaged: 4173.82 (top score: 15688)
Nets of generation 495 averaged: 4033.46 (top score: 15572)
Nets of generation 496 averaged: 4189.68 (top score: 16120)
Nets of generation 497 averaged: 4165.35 (top score: 15544)
Nets of generation 498 averaged: 4150.24 (top score: 16720)
Nets of generation 499 averaged: 4278.83 (top score: 22952)
Nets of generation 500 averaged: 4177.86 (top score: 16568)
Nets of generation 501 averaged: 4298.52 (top score: 15068)
Nets of generation 502 averaged: 4357.44 (top score: 15568)
Nets of generation 503 averaged: 4297.94 (top score: 16268)
Nets of generation 504 averaged: 4361.7 (top score: 16352)
Nets of generation 505 averaged: 4142.1 (top score: 14520)
Nets of generation 506 averaged: 4416.84 (top score: 16888)
Nets of generation 507 averaged: 4323.34 (top score: 14892)
Nets of generation 508 averaged: 4243.28 (top score: 15876)
Nets of generation 509 averaged: 4101.82 (top score: 16280)
Nets of generation 510 averaged: 4285.34 (top score: 15232)
Nets of generation 511 averaged: 4188.16 (top score: 15684)
Nets of generation 512 averaged: 4159.36 (top score: 15440)
Nets of generation 513 averaged: 4135.12 (top score: 14492)
Nets of generation 514 averaged: 4152.16 (top score: 15240)
Nets of generation 515 averaged: 4211.59 (top score: 15228)
Nets of generation 516 averaged: 4238.82 (top score: 14824)
Nets of generation 517 averaged: 4038.6 (top score: 15652)
Nets of generation 518 averaged: 4241.28 (top score: 15848)
Nets of generation 519 averaged: 4377.7 (top score: 25596)
Nets of generation 520 averaged: 4369.59 (top score: 15428)
Nets of generation 521 averaged: 4227.88 (top score: 14412)
Nets of generation 522 averaged: 4366.36 (top score: 21448)
Nets of generation 523 averaged: 4276.79 (top score: 16340)
Nets of generation 524 averaged: 4387.42 (top score: 14796)
Nets of generation 525 averaged: 4267.11 (top score: 16236)
Nets of generation 526 averaged: 4371.14 (top score: 16116)
Nets of generation 527 averaged: 4333.72 (top score: 15764)
Nets of generation 528 averaged: 4308.48 (top score: 15080)
Nets of generation 529 averaged: 4362.42 (top score: 15952)
Nets of generation 530 averaged: 4364.51 (top score: 16404)
Nets of generation 531 averaged: 4415.07 (top score: 22564)
Nets of generation 532 averaged: 4558.94 (top score: 16124)
Nets of generation 533 averaged: 4256.05 (top score: 22856)
Nets of generation 534 averaged: 4322.12 (top score: 20736)
Nets of generation 535 averaged: 4350.88 (top score: 15472)
Nets of generation 536 averaged: 4432.62 (top score: 16504)
Nets of generation 537 averaged: 4440.56 (top score: 14724)
Nets of generation 538 averaged: 4261.4 (top score: 15492)
Nets of generation 539 averaged: 4282.88 (top score: 15668)
Nets of generation 540 averaged: 4462.45 (top score: 16116)
Nets of generation 541 averaged: 4356.98 (top score: 16412)
Nets of generation 542 averaged: 4455.97 (top score: 16292)
Nets of generation 543 averaged: 4265.13 (top score: 16040)
Nets of generation 544 averaged: 4367.02 (top score: 16036)
Nets of generation 545 averaged: 4528.24 (top score: 21012)
Nets of generation 546 averaged: 4317.22 (top score: 15820)
Nets of generation 547 averaged: 4332.61 (top score: 16164)
Nets of generation 548 averaged: 4545.03 (top score: 25800)
Nets of generation 549 averaged: 4581.22 (top score: 16504)
Nets of generation 550 averaged: 4407.44 (top score: 22988)
Nets of generation 551 averaged: 4499.79 (top score: 20680)
Nets of generation 552 averaged: 4367.99 (top score: 16044)
Nets of generation 553 averaged: 4415.2 (top score: 16456)
Nets of generation 554 averaged: 4424.9 (top score: 16532)
Nets of generation 555 averaged: 4264.9 (top score: 21328)
Nets of generation 556 averaged: 4369.26 (top score: 21960)
Nets of generation 557 averaged: 4510.82 (top score: 16312)
Nets of generation 558 averaged: 4408.44 (top score: 14716)
Nets of generation 559 averaged: 4432.01 (top score: 16400)
Nets of generation 560 averaged: 4287.08 (top score: 16100)
Nets of generation 561 averaged: 4257.62 (top score: 14856)
Nets of generation 562 averaged: 4318.72 (top score: 14772)
Nets of generation 563 averaged: 4270.56 (top score: 16056)
Nets of generation 564 averaged: 4415.96 (top score: 15960)
Nets of generation 565 averaged: 4273.68 (top score: 15764)
Nets of generation 566 averaged: 4203.53 (top score: 14560)
Nets of generation 567 averaged: 4264.64 (top score: 14576)
Nets of generation 568 averaged: 4252.49 (top score: 15632)
Nets of generation 569 averaged: 4132.74 (top score: 21564)
Nets of generation 570 averaged: 4261.72 (top score: 14436)
Nets of generation 571 averaged: 4261.85 (top score: 14916)
Nets of generation 572 averaged: 4256.42 (top score: 16480)
Nets of generation 573 averaged: 4272.16 (top score: 16220)
Nets of generation 574 averaged: 4250.65 (top score: 14468)
Nets of generation 575 averaged: 4191.13 (top score: 16900)
Nets of generation 576 averaged: 4261.06 (top score: 15592)
Nets of generation 577 averaged: 4144.01 (top score: 16772)
Nets of generation 578 averaged: 4400.26 (top score: 16108)
Nets of generation 579 averaged: 4433.95 (top score: 15780)
Nets of generation 580 averaged: 4366.82 (top score: 16204)
Nets of generation 581 averaged: 4201.97 (top score: 15980)
Nets of generation 582 averaged: 4404.47 (top score: 21492)
Nets of generation 583 averaged: 4428.28 (top score: 16260)
Nets of generation 584 averaged: 4274.46 (top score: 16480)
Nets of generation 585 averaged: 4391.21 (top score: 16196)
Nets of generation 586 averaged: 4395.46 (top score: 14808)
Nets of generation 587 averaged: 4318.93 (top score: 14456)
Nets of generation 588 averaged: 4503.13 (top score: 15912)
Nets of generation 589 averaged: 4522.86 (top score: 16128)
Nets of generation 590 averaged: 4486.6 (top score: 15496)
Nets of generation 591 averaged: 4442.88 (top score: 14660)
Nets of generation 592 averaged: 4460.99 (top score: 15860)
Nets of generation 593 averaged: 4454.93 (top score: 16424)
Nets of generation 594 averaged: 4472.45 (top score: 16516)
Nets of generation 595 averaged: 4454.9 (top score: 16816)
Nets of generation 596 averaged: 4517.38 (top score: 21672)
Nets of generation 597 averaged: 4566.28 (top score: 14876)
Nets of generation 598 averaged: 4447.69 (top score: 21912)
Nets of generation 599 averaged: 4506.19 (top score: 16492)
Nets of generation 600 averaged: 4488.55 (top score: 15984)
Nets of generation 601 averaged: 4547.61 (top score: 15744)
Nets of generation 602 averaged: 4475.11 (top score: 15768)
Nets of generation 603 averaged: 4417.33 (top score: 20528)
Nets of generation 604 averaged: 4560.95 (top score: 17256)
Nets of generation 605 averaged: 4586.4 (top score: 16724)
Nets of generation 606 averaged: 4515.29 (top score: 16020)
Nets of generation 607 averaged: 4610.89 (top score: 16556)
Nets of generation 608 averaged: 4482.63 (top score: 21584)
Nets of generation 609 averaged: 4618.52 (top score: 16232)
Nets of generation 610 averaged: 4641.94 (top score: 16672)
Nets of generation 611 averaged: 4730.51 (top score: 17036)
Nets of generation 612 averaged: 4576.02 (top score: 16444)
Nets of generation 613 averaged: 4548.78 (top score: 16432)
Nets of generation 614 averaged: 4660.32 (top score: 17968)
Nets of generation 615 averaged: 4650.03 (top score: 16240)
Nets of generation 616 averaged: 4746.05 (top score: 22684)
Nets of generation 617 averaged: 4469.99 (top score: 16532)
Nets of generation 618 averaged: 4591.76 (top score: 16096)
Nets of generation 619 averaged: 4521.54 (top score: 16252)
Nets of generation 620 averaged: 4734.4 (top score: 23924)
Nets of generation 621 averaged: 4506.86 (top score: 16472)
Nets of generation 622 averaged: 4437.5 (top score: 16488)
Nets of generation 623 averaged: 4675.8 (top score: 26616)
Nets of generation 624 averaged: 4583.4 (top score: 16168)
Nets of generation 625 averaged: 4656.46 (top score: 16188)
Nets of generation 626 averaged: 4548.75 (top score: 16132)
Nets of generation 627 averaged: 4567.78 (top score: 16284)
Nets of generation 628 averaged: 4683.26 (top score: 16212)
Nets of generation 629 averaged: 4495.57 (top score: 16196)
Nets of generation 630 averaged: 4609.87 (top score: 15972)
Nets of generation 631 averaged: 4728.09 (top score: 22352)
Nets of generation 632 averaged: 4641.31 (top score: 16040)
Nets of generation 633 averaged: 4595.83 (top score: 16128)
Nets of generation 634 averaged: 4379.1 (top score: 16996)
Nets of generation 635 averaged: 4700.25 (top score: 16076)
Nets of generation 636 averaged: 4630.27 (top score: 16960)
Nets of generation 637 averaged: 4473.77 (top score: 14900)
Nets of generation 638 averaged: 4399.16 (top score: 16528)
Nets of generation 639 averaged: 4619.98 (top score: 21692)
Nets of generation 640 averaged: 4470.08 (top score: 15212)
Nets of generation 641 averaged: 4473.23 (top score: 16036)
Nets of generation 642 averaged: 4572.21 (top score: 16480)
Nets of generation 643 averaged: 4786.44 (top score: 16136)
Nets of generation 644 averaged: 4587.68 (top score: 14732)
Nets of generation 645 averaged: 4631.16 (top score: 16352)
Nets of generation 646 averaged: 4687.2 (top score: 16180)
Nets of generation 647 averaged: 4531.42 (top score: 16228)
Nets of generation 648 averaged: 4642.92 (top score: 16256)
Nets of generation 649 averaged: 4609.31 (top score: 16512)
Nets of generation 650 averaged: 4731.32 (top score: 16752)
Nets of generation 651 averaged: 4427.7 (top score: 16924)
Nets of generation 652 averaged: 4641.68 (top score: 16480)
Nets of generation 653 averaged: 4810.98 (top score: 15744)
Nets of generation 654 averaged: 4594.51 (top score: 16440)
Nets of generation 655 averaged: 4607.88 (top score: 16840)
Nets of generation 656 averaged: 4603.95 (top score: 15440)
Nets of generation 657 averaged: 4748.18 (top score: 16248)
Nets of generation 658 averaged: 4607.33 (top score: 16192)
Nets of generation 659 averaged: 4501.4 (top score: 15744)
Nets of generation 660 averaged: 4650.69 (top score: 15616)
Nets of generation 661 averaged: 4668.48 (top score: 15768)
Nets of generation 662 averaged: 4731.39 (top score: 16304)
Nets of generation 663 averaged: 4808.87 (top score: 16884)
Nets of generation 664 averaged: 4580.15 (top score: 15628)
Nets of generation 665 averaged: 4652.63 (top score: 16320)
Nets of generation 666 averaged: 4427.54 (top score: 16472)
Nets of generation 667 averaged: 4631.46 (top score: 16952)
Nets of generation 668 averaged: 4597.55 (top score: 16168)
Nets of generation 669 averaged: 4629.11 (top score: 15616)
Nets of generation 670 averaged: 4445.87 (top score: 15768)
Nets of generation 671 averaged: 4550.14 (top score: 16140)
Nets of generation 672 averaged: 4527.91 (top score: 15968)
Nets of generation 673 averaged: 4625.27 (top score: 16228)
Nets of generation 674 averaged: 4578.12 (top score: 16264)
Nets of generation 675 averaged: 4603.23 (top score: 16604)
Nets of generation 676 averaged: 4468.26 (top score: 16164)
Nets of generation 677 averaged: 4521.53 (top score: 16272)
Nets of generation 678 averaged: 4723.8 (top score: 16128)
Nets of generation 679 averaged: 4582.79 (top score: 16128)
Nets of generation 680 averaged: 4443.08 (top score: 15488)
Nets of generation 681 averaged: 4587.25 (top score: 15888)
Nets of generation 682 averaged: 4516.58 (top score: 15828)
Nets of generation 683 averaged: 4578.22 (top score: 15956)
Nets of generation 684 averaged: 4455.34 (top score: 22524)
Nets of generation 685 averaged: 4467.63 (top score: 15724)
Nets of generation 686 averaged: 4434.76 (top score: 16492)
Nets of generation 687 averaged: 4474.18 (top score: 16544)
Nets of generation 688 averaged: 4546.34 (top score: 15468)
Nets of generation 689 averaged: 4603.75 (top score: 16140)
Nets of generation 690 averaged: 4496.79 (top score: 16256)
Nets of generation 691 averaged: 4609.68 (top score: 15904)
Nets of generation 692 averaged: 4519.06 (top score: 16484)
Nets of generation 693 averaged: 4488.08 (top score: 15984)
Nets of generation 694 averaged: 4427.57 (top score: 16072)
Nets of generation 695 averaged: 4513.62 (top score: 16496)
Nets of generation 696 averaged: 4432.55 (top score: 15440)
Nets of generation 697 averaged: 4459.72 (top score: 16364)
Nets of generation 698 averaged: 4441.04 (top score: 16232)
Nets of generation 699 averaged: 4441.25 (top score: 15396)
Nets of generation 700 averaged: 4476.58 (top score: 21836)
Nets of generation 701 averaged: 4518.74 (top score: 16312)
Nets of generation 702 averaged: 4581.88 (top score: 16436)
Nets of generation 703 averaged: 4544.23 (top score: 16484)
Nets of generation 704 averaged: 4550.08 (top score: 16196)
Nets of generation 705 averaged: 4529.84 (top score: 16176)
Nets of generation 706 averaged: 4541.11 (top score: 16180)
Nets of generation 707 averaged: 4629.7 (top score: 16368)
Nets of generation 708 averaged: 4545.93 (top score: 17180)
Nets of generation 709 averaged: 4579.42 (top score: 14880)
Nets of generation 710 averaged: 4520.4 (top score: 16636)
Nets of generation 711 averaged: 4477.58 (top score: 16516)
Nets of generation 712 averaged: 4488.48 (top score: 16312)
Nets of generation 713 averaged: 4414.02 (top score: 15804)
Nets of generation 714 averaged: 4341.69 (top score: 15560)
Nets of generation 715 averaged: 4324.93 (top score: 15492)
Nets of generation 716 averaged: 4297.25 (top score: 15932)
Nets of generation 717 averaged: 4253.66 (top score: 17060)
Nets of generation 718 averaged: 4192.48 (top score: 15156)
Nets of generation 719 averaged: 4336.76 (top score: 15228)
Nets of generation 720 averaged: 4326.28 (top score: 22952)
Nets of generation 721 averaged: 4249.67 (top score: 16016)
Nets of generation 722 averaged: 4440.21 (top score: 16448)
Nets of generation 723 averaged: 4421.56 (top score: 15484)
Nets of generation 724 averaged: 4342.35 (top score: 15984)
Nets of generation 725 averaged: 4595.48 (top score: 15760)
Nets of generation 726 averaged: 4346.24 (top score: 16148)
Nets of generation 727 averaged: 4522.32 (top score: 16316)
Nets of generation 728 averaged: 4359.16 (top score: 15464)
Nets of generation 729 averaged: 4632.42 (top score: 16384)
Nets of generation 730 averaged: 4427.44 (top score: 15856)
Nets of generation 731 averaged: 4611.93 (top score: 16424)
Nets of generation 732 averaged: 4478.63 (top score: 15248)
Nets of generation 733 averaged: 4505.99 (top score: 23220)
Nets of generation 734 averaged: 4652.76 (top score: 16304)
Nets of generation 735 averaged: 4552.62 (top score: 16184)
Nets of generation 736 averaged: 4365.72 (top score: 16392)
Nets of generation 737 averaged: 4467.29 (top score: 16292)
Nets of generation 738 averaged: 4540.67 (top score: 15272)
Nets of generation 739 averaged: 4384.89 (top score: 16236)
Nets of generation 740 averaged: 4503.4 (top score: 15864)
Nets of generation 741 averaged: 4616.09 (top score: 15952)
Nets of generation 742 averaged: 4459.15 (top score: 16208)
Nets of generation 743 averaged: 4527.12 (top score: 16484)
Nets of generation 744 averaged: 4515.67 (top score: 15800)
Nets of generation 745 averaged: 4591.37 (top score: 16608)
Nets of generation 746 averaged: 4289.73 (top score: 24060)
Nets of generation 747 averaged: 4688.26 (top score: 16088)
Nets of generation 748 averaged: 4536.51 (top score: 16296)
Nets of generation 749 averaged: 4493.04 (top score: 15368)
Nets of generation 750 averaged: 4793.8 (top score: 16744)
Nets of generation 751 averaged: 4584.47 (top score: 16264)
Nets of generation 752 averaged: 4498.67 (top score: 15108)
Nets of generation 753 averaged: 4666.7 (top score: 15808)
Nets of generation 754 averaged: 4608.12 (top score: 22488)
Nets of generation 755 averaged: 4540.49 (top score: 16404)
Nets of generation 756 averaged: 4572.36 (top score: 16508)
Nets of generation 757 averaged: 4576.73 (top score: 16480)
Nets of generation 758 averaged: 4713.62 (top score: 16044)
Nets of generation 759 averaged: 4731.4 (top score: 16224)
Nets of generation 760 averaged: 4691.59 (top score: 16296)
Nets of generation 761 averaged: 4756.2 (top score: 16360)
Nets of generation 762 averaged: 4599.94 (top score: 15704)
Nets of generation 763 averaged: 4855.71 (top score: 16744)
Nets of generation 764 averaged: 4871.56 (top score: 16800)
Nets of generation 765 averaged: 4637.44 (top score: 15316)
Nets of generation 766 averaged: 4773.11 (top score: 20784)
Nets of generation 767 averaged: 4586.8 (top score: 16156)
Nets of generation 768 averaged: 4467.56 (top score: 16044)
Nets of generation 769 averaged: 4680.88 (top score: 16528)
Nets of generation 770 averaged: 4865.74 (top score: 16404)
Nets of generation 771 averaged: 4866.94 (top score: 16996)
Nets of generation 772 averaged: 4745.27 (top score: 16388)
Nets of generation 773 averaged: 4692.64 (top score: 16064)
Nets of generation 774 averaged: 4749.87 (top score: 16548)
Nets of generation 775 averaged: 4798.81 (top score: 16972)
Nets of generation 776 averaged: 4805.31 (top score: 23092)
Nets of generation 777 averaged: 4701.47 (top score: 16052)
Nets of generation 778 averaged: 4555.09 (top score: 15792)
Nets of generation 779 averaged: 4712.69 (top score: 16468)
Nets of generation 780 averaged: 4568.98 (top score: 16692)
Nets of generation 781 averaged: 4695.3 (top score: 16588)
Nets of generation 782 averaged: 4643.48 (top score: 22256)
Nets of generation 783 averaged: 4471.36 (top score: 15412)
Nets of generation 784 averaged: 4744 (top score: 27888)
Nets of generation 785 averaged: 4512.82 (top score: 16148)
Nets of generation 786 averaged: 4550.61 (top score: 16184)
Nets of generation 787 averaged: 4581.75 (top score: 15776)
Nets of generation 788 averaged: 4722.84 (top score: 15932)
Nets of generation 789 averaged: 4716.31 (top score: 21312)
Nets of generation 790 averaged: 4563.97 (top score: 15960)
Nets of generation 791 averaged: 4652.32 (top score: 22784)
Nets of generation 792 averaged: 4534.11 (top score: 15472)
Nets of generation 793 averaged: 4763.57 (top score: 16244)
Nets of generation 794 averaged: 4663.95 (top score: 16048)
Nets of generation 795 averaged: 4561.92 (top score: 21388)
Nets of generation 796 averaged: 4630.61 (top score: 22764)
Nets of generation 797 averaged: 4834.22 (top score: 17016)
Nets of generation 798 averaged: 4575.52 (top score: 17064)
Nets of generation 799 averaged: 4654.28 (top score: 16392)
Nets of generation 800 averaged: 4597.66 (top score: 16884)
Nets of generation 801 averaged: 4698.02 (top score: 16208)
Nets of generation 802 averaged: 4608.76 (top score: 16084)
Nets of generation 803 averaged: 4769.32 (top score: 16384)
Nets of generation 804 averaged: 4567.66 (top score: 16396)
Nets of generation 805 averaged: 4620.97 (top score: 16104)
Nets of generation 806 averaged: 4697.04 (top score: 20984)
Nets of generation 807 averaged: 4649.35 (top score: 16496)
Nets of generation 808 averaged: 4719.42 (top score: 16208)
Nets of generation 809 averaged: 4778.61 (top score: 22564)
Nets of generation 810 averaged: 4583.32 (top score: 16228)
Nets of generation 811 averaged: 4620.34 (top score: 15496)
Nets of generation 812 averaged: 4558.29 (top score: 16624)
Nets of generation 813 averaged: 4637.82 (top score: 16672)
Nets of generation 814 averaged: 4572.3 (top score: 16556)
Nets of generation 815 averaged: 4447.38 (top score: 16604)
Nets of generation 816 averaged: 4446.72 (top score: 16236)
Nets of generation 817 averaged: 4523.33 (top score: 15972)
Nets of generation 818 averaged: 4624.12 (top score: 15596)
Nets of generation 819 averaged: 4778.74 (top score: 16464)
Nets of generation 820 averaged: 4736.06 (top score: 16936)
Nets of generation 821 averaged: 4541.02 (top score: 23384)
Nets of generation 822 averaged: 4697.19 (top score: 16732)
Nets of generation 823 averaged: 4672.45 (top score: 15820)
Nets of generation 824 averaged: 4470.7 (top score: 16732)
Nets of generation 825 averaged: 4626.7 (top score: 16936)
Nets of generation 826 averaged: 4596.14 (top score: 15524)
Nets of generation 827 averaged: 4551.65 (top score: 21840)
Nets of generation 828 averaged: 4578.2 (top score: 20796)
Nets of generation 829 averaged: 4479.46 (top score: 16492)
Nets of generation 830 averaged: 4643.42 (top score: 16044)
Nets of generation 831 averaged: 4632.92 (top score: 16132)
Nets of generation 832 averaged: 4569.16 (top score: 16240)
Nets of generation 833 averaged: 4317.22 (top score: 16500)
Nets of generation 834 averaged: 4466.96 (top score: 23260)
Nets of generation 835 averaged: 4593.9 (top score: 16460)
Nets of generation 836 averaged: 4460.1 (top score: 15676)
Nets of generation 837 averaged: 4662.68 (top score: 25780)
Nets of generation 838 averaged: 4657.2 (top score: 16472)
Nets of generation 839 averaged: 4487.68 (top score: 20452)
Nets of generation 840 averaged: 4522.78 (top score: 15816)
Nets of generation 841 averaged: 4644.77 (top score: 24864)
Nets of generation 842 averaged: 4490.13 (top score: 16312)
Nets of generation 843 averaged: 4631.29 (top score: 16932)
Nets of generation 844 averaged: 4676.99 (top score: 16268)
Nets of generation 845 averaged: 4752.17 (top score: 23156)
Nets of generation 846 averaged: 4758.8 (top score: 16664)
Nets of generation 847 averaged: 4496.65 (top score: 16560)
Nets of generation 848 averaged: 4684.82 (top score: 16216)
Nets of generation 849 averaged: 4804.24 (top score: 24844)
Nets of generation 850 averaged: 4585.13 (top score: 15972)
Nets of generation 851 averaged: 4580.81 (top score: 15616)
Nets of generation 852 averaged: 4585.89 (top score: 15476)
Nets of generation 853 averaged: 4760.49 (top score: 16532)
Nets of generation 854 averaged: 4808 (top score: 16336)
Nets of generation 855 averaged: 4758.39 (top score: 16120)
Nets of generation 856 averaged: 4680.83 (top score: 16212)
Nets of generation 857 averaged: 4394.99 (top score: 16628)
Nets of generation 858 averaged: 4594.89 (top score: 22768)
Nets of generation 859 averaged: 4823.87 (top score: 21556)
Nets of generation 860 averaged: 4682.88 (top score: 16172)
Nets of generation 861 averaged: 4713.85 (top score: 16444)
Nets of generation 862 averaged: 4446.6 (top score: 25556)
Nets of generation 863 averaged: 4538.68 (top score: 16924)
Nets of generation 864 averaged: 4689.96 (top score: 21568)
Nets of generation 865 averaged: 4639.02 (top score: 16548)
Nets of generation 866 averaged: 4423.42 (top score: 16532)
Nets of generation 867 averaged: 4582.11 (top score: 16460)
Nets of generation 868 averaged: 4593.46 (top score: 21424)
Nets of generation 869 averaged: 4746.56 (top score: 16932)
Nets of generation 870 averaged: 4623.51 (top score: 23064)
Nets of generation 871 averaged: 4565.08 (top score: 25828)
Nets of generation 872 averaged: 4802.27 (top score: 16916)
Nets of generation 873 averaged: 4737.58 (top score: 20768)
Nets of generation 874 averaged: 4489.42 (top score: 16544)
Nets of generation 875 averaged: 4490.59 (top score: 15844)
Nets of generation 876 averaged: 4631.09 (top score: 17200)
Nets of generation 877 averaged: 4768.48 (top score: 16464)
Nets of generation 878 averaged: 4713.76 (top score: 22580)
Nets of generation 879 averaged: 4752 (top score: 16396)
Nets of generation 880 averaged: 4766.16 (top score: 15916)
Nets of generation 881 averaged: 4785.57 (top score: 21740)
Nets of generation 882 averaged: 4581.7 (top score: 15784)
Nets of generation 883 averaged: 4696.44 (top score: 17164)
Nets of generation 884 averaged: 4865.24 (top score: 21840)
Nets of generation 885 averaged: 4649.29 (top score: 21088)
Nets of generation 886 averaged: 4774.11 (top score: 16300)
Nets of generation 887 averaged: 4677.82 (top score: 17688)
Nets of generation 888 averaged: 4701.23 (top score: 16132)
Nets of generation 889 averaged: 4760.97 (top score: 16460)
Nets of generation 890 averaged: 4914.33 (top score: 16912)
Nets of generation 891 averaged: 4644.35 (top score: 16760)
Nets of generation 892 averaged: 4761.79 (top score: 16416)
Nets of generation 893 averaged: 4665.96 (top score: 16484)
Nets of generation 894 averaged: 4757.42 (top score: 17012)
Nets of generation 895 averaged: 4593.68 (top score: 20432)
Nets of generation 896 averaged: 4693.01 (top score: 22240)
Nets of generation 897 averaged: 4831.82 (top score: 16788)
Nets of generation 898 averaged: 4821.96 (top score: 23256)
Nets of generation 899 averaged: 4743.02 (top score: 21180)
Nets of generation 900 averaged: 4857.39 (top score: 16960)
Nets of generation 901 averaged: 5002.72 (top score: 21648)
Nets of generation 902 averaged: 4976.73 (top score: 16848)
Nets of generation 903 averaged: 4827.16 (top score: 16468)
Nets of generation 904 averaged: 4758.82 (top score: 24920)
Nets of generation 905 averaged: 4829.68 (top score: 16512)
Nets of generation 906 averaged: 4874.92 (top score: 17220)
Nets of generation 907 averaged: 4859.35 (top score: 21552)
Nets of generation 908 averaged: 5005.21 (top score: 23616)
Nets of generation 909 averaged: 4810.22 (top score: 25236)
Nets of generation 910 averaged: 4885.57 (top score: 22408)
Nets of generation 911 averaged: 4895.1 (top score: 18200)
Nets of generation 912 averaged: 4838.83 (top score: 16156)
Nets of generation 913 averaged: 4794.64 (top score: 17060)
Nets of generation 914 averaged: 4783.25 (top score: 16652)
Nets of generation 915 averaged: 4894.97 (top score: 16652)
Nets of generation 916 averaged: 4745.68 (top score: 16404)
Nets of generation 917 averaged: 4898.46 (top score: 15556)
Nets of generation 918 averaged: 4853.99 (top score: 16292)
Nets of generation 919 averaged: 5030.08 (top score: 16508)
Nets of generation 920 averaged: 4931.88 (top score: 15892)
Nets of generation 921 averaged: 4930.45 (top score: 21756)
Nets of generation 922 averaged: 4870.65 (top score: 16200)
Nets of generation 923 averaged: 4913.26 (top score: 16232)
Nets of generation 924 averaged: 4696.06 (top score: 25420)
Nets of generation 925 averaged: 4998.79 (top score: 21124)
Nets of generation 926 averaged: 4765.08 (top score: 16708)
Nets of generation 927 averaged: 4829.68 (top score: 16856)
Nets of generation 928 averaged: 4845.54 (top score: 16472)
Nets of generation 929 averaged: 4734.16 (top score: 16496)
Nets of generation 930 averaged: 4646.76 (top score: 16400)
Nets of generation 931 averaged: 4743.11 (top score: 16608)
Nets of generation 932 averaged: 4947.71 (top score: 17012)
Nets of generation 933 averaged: 4906.11 (top score: 16560)
Nets of generation 934 averaged: 4892.68 (top score: 16356)
Nets of generation 935 averaged: 5046.56 (top score: 21104)
Nets of generation 936 averaged: 4882.1 (top score: 23408)
Nets of generation 937 averaged: 5011.82 (top score: 21220)
Nets of generation 938 averaged: 4992.54 (top score: 16436)
Nets of generation 939 averaged: 5057.52 (top score: 15840)
Nets of generation 940 averaged: 4959.6 (top score: 16620)
Nets of generation 941 averaged: 4778.59 (top score: 16380)
Nets of generation 942 averaged: 4931.85 (top score: 21644)
Nets of generation 943 averaged: 4805.41 (top score: 15516)
Nets of generation 944 averaged: 5096.21 (top score: 16488)
Nets of generation 945 averaged: 4942.76 (top score: 20896)
Nets of generation 946 averaged: 4983.55 (top score: 23096)
Nets of generation 947 averaged: 4984.53 (top score: 16552)
Nets of generation 948 averaged: 5019.66 (top score: 21316)
Nets of generation 949 averaged: 5006.38 (top score: 16512)
Nets of generation 950 averaged: 4760.47 (top score: 20748)
Nets of generation 951 averaged: 5032.61 (top score: 15652)
Nets of generation 952 averaged: 4923.82 (top score: 16432)
Nets of generation 953 averaged: 5012.6 (top score: 25724)
Nets of generation 954 averaged: 4822.88 (top score: 16920)
Nets of generation 955 averaged: 4816.68 (top score: 16580)
Nets of generation 956 averaged: 4924.33 (top score: 23616)
Nets of generation 957 averaged: 4813.44 (top score: 23408)
Nets of generation 958 averaged: 5021.36 (top score: 21116)
Nets of generation 959 averaged: 5148.2 (top score: 23764)
Nets of generation 960 averaged: 5008.64 (top score: 16540)
Nets of generation 961 averaged: 4959.38 (top score: 23204)
Nets of generation 962 averaged: 4942.56 (top score: 31392)
Nets of generation 963 averaged: 4978.02 (top score: 20792)
Nets of generation 964 averaged: 5066.63 (top score: 16960)
Nets of generation 965 averaged: 5097.88 (top score: 21116)
Nets of generation 966 averaged: 5046.48 (top score: 16320)
Nets of generation 967 averaged: 4955.1 (top score: 16228)
Nets of generation 968 averaged: 4937.3 (top score: 16292)
Nets of generation 969 averaged: 5194.49 (top score: 24036)
Nets of generation 970 averaged: 4818.01 (top score: 16508)
Nets of generation 971 averaged: 5099.78 (top score: 16452)
Nets of generation 972 averaged: 5188.19 (top score: 15716)
Nets of generation 973 averaged: 5102.53 (top score: 23548)
Nets of generation 974 averaged: 4906.87 (top score: 16136)
Nets of generation 975 averaged: 4728.99 (top score: 24024)
Nets of generation 976 averaged: 5078.59 (top score: 16672)
Nets of generation 977 averaged: 5032.15 (top score: 17088)
Nets of generation 978 averaged: 4914.9 (top score: 16368)
Nets of generation 979 averaged: 4898.99 (top score: 16556)
Nets of generation 980 averaged: 4778.54 (top score: 16788)
Nets of generation 981 averaged: 4854.37 (top score: 15536)
Nets of generation 982 averaged: 5052.98 (top score: 21520)
Nets of generation 983 averaged: 5080.08 (top score: 18168)
Nets of generation 984 averaged: 5176.41 (top score: 18580)
Nets of generation 985 averaged: 4884.8 (top score: 21052)
Nets of generation 986 averaged: 4924.24 (top score: 26724)
Nets of generation 987 averaged: 4957.45 (top score: 16232)
Nets of generation 988 averaged: 4916.13 (top score: 23024)
Nets of generation 989 averaged: 4975.45 (top score: 21276)
Nets of generation 990 averaged: 5135.14 (top score: 17084)
Nets of generation 991 averaged: 5037.16 (top score: 16308)
Nets of generation 992 averaged: 4837.37 (top score: 21476)
Nets of generation 993 averaged: 5136.18 (top score: 23084)
Nets of generation 994 averaged: 4936.16 (top score: 16280)
Nets of generation 995 averaged: 4743.44 (top score: 17716)
Nets of generation 996 averaged: 4701.65 (top score: 21588)
Nets of generation 997 averaged: 4942.04 (top score: 16604)
Nets of generation 998 averaged: 4805.16 (top score: 21728)
Nets of generation 999 averaged: 4873.02 (top score: 16996)
