Initialized with: 
numGenerations: 1000
numNets: 100
numGamesPerNet: 10
netHiddenLayerSize: 16
chMode: h
treeDepth: 3
Nets of generation 0 averaged: 1453.68 (top score: 10496)
Nets of generation 1 averaged: 1732.39 (top score: 8760)
Nets of generation 2 averaged: 1864.89 (top score: 13908)
Nets of generation 3 averaged: 1951.59 (top score: 12112)
Nets of generation 4 averaged: 2032.79 (top score: 12192)
Nets of generation 5 averaged: 2143.32 (top score: 9624)
Nets of generation 6 averaged: 2255.37 (top score: 10456)
Nets of generation 7 averaged: 2417.15 (top score: 16012)
Nets of generation 8 averaged: 2324.48 (top score: 11928)
Nets of generation 9 averaged: 2505.16 (top score: 12408)
Nets of generation 10 averaged: 2547.81 (top score: 11396)
Nets of generation 11 averaged: 2622.47 (top score: 16012)
Nets of generation 12 averaged: 2730.8 (top score: 13776)
Nets of generation 13 averaged: 3051.27 (top score: 13336)
Nets of generation 14 averaged: 3147.38 (top score: 16224)
Nets of generation 15 averaged: 3172.88 (top score: 15144)
Nets of generation 16 averaged: 3221.68 (top score: 16368)
Nets of generation 17 averaged: 3119.75 (top score: 16088)
Nets of generation 18 averaged: 3305.52 (top score: 16380)
Nets of generation 19 averaged: 3601.03 (top score: 23184)
Nets of generation 20 averaged: 3541.45 (top score: 15504)
Nets of generation 21 averaged: 3503.02 (top score: 13788)
Nets of generation 22 averaged: 3724.82 (top score: 16276)
Nets of generation 23 averaged: 3920.15 (top score: 27320)
Nets of generation 24 averaged: 3919.88 (top score: 17156)
Nets of generation 25 averaged: 3774.33 (top score: 14404)
Nets of generation 26 averaged: 3897.15 (top score: 21636)
Nets of generation 27 averaged: 3897.72 (top score: 15000)
Nets of generation 28 averaged: 3973.81 (top score: 20356)
Nets of generation 29 averaged: 4035.06 (top score: 26216)
Nets of generation 30 averaged: 4160.24 (top score: 17200)
Nets of generation 31 averaged: 4093.92 (top score: 23540)
Nets of generation 32 averaged: 3975.48 (top score: 25676)
Nets of generation 33 averaged: 4364.34 (top score: 16420)
Nets of generation 34 averaged: 4271.36 (top score: 21524)
Nets of generation 35 averaged: 4166.23 (top score: 16432)
Nets of generation 36 averaged: 4297.53 (top score: 16604)
Nets of generation 37 averaged: 4481.46 (top score: 27540)
Nets of generation 38 averaged: 4525.85 (top score: 17496)
Nets of generation 39 averaged: 4488.42 (top score: 21956)
Nets of generation 40 averaged: 4441.77 (top score: 22608)
Nets of generation 41 averaged: 4783.93 (top score: 26412)
Nets of generation 42 averaged: 4894.71 (top score: 24256)
Nets of generation 43 averaged: 5001.36 (top score: 28788)
Nets of generation 44 averaged: 5243.74 (top score: 26860)
Nets of generation 45 averaged: 5197.05 (top score: 26144)
Nets of generation 46 averaged: 5491.62 (top score: 21644)
Nets of generation 47 averaged: 5377.88 (top score: 20764)
Nets of generation 48 averaged: 5401.46 (top score: 26036)
Nets of generation 49 averaged: 5555.86 (top score: 27988)
Nets of generation 50 averaged: 5424.13 (top score: 24144)
Nets of generation 51 averaged: 5676.88 (top score: 25636)
Nets of generation 52 averaged: 5893.61 (top score: 24320)
Nets of generation 53 averaged: 5966.12 (top score: 28012)
Nets of generation 54 averaged: 6013.5 (top score: 27520)
Nets of generation 55 averaged: 5868.2 (top score: 22656)
Nets of generation 56 averaged: 6012.22 (top score: 31844)
Nets of generation 57 averaged: 6258.92 (top score: 26804)
Nets of generation 58 averaged: 6057.76 (top score: 26080)
Nets of generation 59 averaged: 6085.5 (top score: 25476)
Nets of generation 60 averaged: 6097.59 (top score: 30152)
Nets of generation 61 averaged: 6348.68 (top score: 28108)
Nets of generation 62 averaged: 6009.71 (top score: 26728)
Nets of generation 63 averaged: 6036.82 (top score: 24168)
Nets of generation 64 averaged: 6394.17 (top score: 25864)
Nets of generation 65 averaged: 6603.97 (top score: 23460)
Nets of generation 66 averaged: 6454.82 (top score: 24784)
Nets of generation 67 averaged: 6782.49 (top score: 27020)
Nets of generation 68 averaged: 6705.55 (top score: 29432)
Nets of generation 69 averaged: 6752.04 (top score: 33180)
Nets of generation 70 averaged: 6759.52 (top score: 25856)
Nets of generation 71 averaged: 6551.78 (top score: 27092)
Nets of generation 72 averaged: 6549.92 (top score: 25092)
Nets of generation 73 averaged: 6658.02 (top score: 24168)
Nets of generation 74 averaged: 6675.32 (top score: 24740)
Nets of generation 75 averaged: 6662.42 (top score: 23372)
Nets of generation 76 averaged: 6241.83 (top score: 23588)
Nets of generation 77 averaged: 6770.43 (top score: 24764)
Nets of generation 78 averaged: 6348.46 (top score: 28668)
Nets of generation 79 averaged: 6625.2 (top score: 33788)
Nets of generation 80 averaged: 6492.69 (top score: 24448)
Nets of generation 81 averaged: 6825.58 (top score: 23272)
Nets of generation 82 averaged: 6910.61 (top score: 27004)
Nets of generation 83 averaged: 6850.87 (top score: 27160)
Nets of generation 84 averaged: 7034.69 (top score: 35328)
Nets of generation 85 averaged: 7268.29 (top score: 28540)
Nets of generation 86 averaged: 7038.82 (top score: 32320)
Nets of generation 87 averaged: 6836.58 (top score: 34112)
Nets of generation 88 averaged: 7234.6 (top score: 22944)
Nets of generation 89 averaged: 7065.09 (top score: 27552)
Nets of generation 90 averaged: 6876.44 (top score: 22212)
Nets of generation 91 averaged: 7213.55 (top score: 30592)
Nets of generation 92 averaged: 7180.6 (top score: 27828)
Nets of generation 93 averaged: 6875.89 (top score: 27288)
Nets of generation 94 averaged: 7262.11 (top score: 31628)
Nets of generation 95 averaged: 6954.13 (top score: 28092)
Nets of generation 96 averaged: 6737.29 (top score: 27940)
Nets of generation 97 averaged: 6936.25 (top score: 27612)
Nets of generation 98 averaged: 6999.12 (top score: 27124)
Nets of generation 99 averaged: 6893.08 (top score: 27468)
Nets of generation 100 averaged: 6924.67 (top score: 31060)
Nets of generation 101 averaged: 7195.24 (top score: 36716)
Nets of generation 102 averaged: 6722.49 (top score: 26920)
Nets of generation 103 averaged: 6745.18 (top score: 24424)
Nets of generation 104 averaged: 6515.35 (top score: 34412)
Nets of generation 105 averaged: 6687.14 (top score: 27280)
Nets of generation 106 averaged: 7030.87 (top score: 35156)
Nets of generation 107 averaged: 6799.17 (top score: 28140)
Nets of generation 108 averaged: 6870.92 (top score: 25424)
Nets of generation 109 averaged: 6804.26 (top score: 30796)
Nets of generation 110 averaged: 6578.2 (top score: 23620)
Nets of generation 111 averaged: 6810.97 (top score: 27220)
Nets of generation 112 averaged: 6783.6 (top score: 30688)
Nets of generation 113 averaged: 6961.94 (top score: 29424)
Nets of generation 114 averaged: 6722.42 (top score: 23072)
Nets of generation 115 averaged: 6585.77 (top score: 26836)
Nets of generation 116 averaged: 6875.05 (top score: 30228)
Nets of generation 117 averaged: 6870.14 (top score: 25528)
Nets of generation 118 averaged: 6523.26 (top score: 26240)
Nets of generation 119 averaged: 6863 (top score: 27080)
Nets of generation 120 averaged: 6701.09 (top score: 23800)
Nets of generation 121 averaged: 6597.76 (top score: 27024)
Nets of generation 122 averaged: 6607.94 (top score: 34916)
Nets of generation 123 averaged: 6344.31 (top score: 25824)
Nets of generation 124 averaged: 6631.77 (top score: 23224)
Nets of generation 125 averaged: 6625.49 (top score: 18232)
Nets of generation 126 averaged: 6618.25 (top score: 24696)
Nets of generation 127 averaged: 6832.13 (top score: 23612)
Nets of generation 128 averaged: 6470.37 (top score: 21656)
Nets of generation 129 averaged: 6754.76 (top score: 30672)
Nets of generation 130 averaged: 6730.14 (top score: 29468)
Nets of generation 131 averaged: 6962.51 (top score: 29232)
Nets of generation 132 averaged: 6869.12 (top score: 28996)
Nets of generation 133 averaged: 6977.08 (top score: 27452)
Nets of generation 134 averaged: 7039.17 (top score: 31016)
Nets of generation 135 averaged: 7080.39 (top score: 27268)
Nets of generation 136 averaged: 7190.23 (top score: 30768)
Nets of generation 137 averaged: 7124.86 (top score: 34324)
Nets of generation 138 averaged: 7475.64 (top score: 26136)
Nets of generation 139 averaged: 7442.23 (top score: 25856)
Nets of generation 140 averaged: 7115.9 (top score: 27596)
Nets of generation 141 averaged: 7438.48 (top score: 28052)
Nets of generation 142 averaged: 7775.68 (top score: 26356)
Nets of generation 143 averaged: 7442.42 (top score: 28440)
Nets of generation 144 averaged: 7334.84 (top score: 29604)
Nets of generation 145 averaged: 7362.93 (top score: 25652)
Nets of generation 146 averaged: 7449.07 (top score: 27200)
Nets of generation 147 averaged: 7514.34 (top score: 30748)
Nets of generation 148 averaged: 7475.82 (top score: 27832)
Nets of generation 149 averaged: 7365.81 (top score: 25320)
Nets of generation 150 averaged: 7300.12 (top score: 30820)
Nets of generation 151 averaged: 7823.7 (top score: 27176)
Nets of generation 152 averaged: 7497.67 (top score: 27112)
Nets of generation 153 averaged: 7615.34 (top score: 30588)
Nets of generation 154 averaged: 7470.99 (top score: 27864)
Nets of generation 155 averaged: 7810.9 (top score: 32528)
Nets of generation 156 averaged: 7905.65 (top score: 31864)
Nets of generation 157 averaged: 7653.78 (top score: 34044)
Nets of generation 158 averaged: 7556.89 (top score: 32520)
Nets of generation 159 averaged: 7581.58 (top score: 32344)
Nets of generation 160 averaged: 7377.62 (top score: 27704)
Nets of generation 161 averaged: 7548.45 (top score: 27136)
Nets of generation 162 averaged: 7373.19 (top score: 31912)
Nets of generation 163 averaged: 7566.64 (top score: 28592)
Nets of generation 164 averaged: 7370.62 (top score: 32020)
Nets of generation 165 averaged: 7198.67 (top score: 30008)
Nets of generation 166 averaged: 7362.3 (top score: 36048)
Nets of generation 167 averaged: 7513.66 (top score: 32380)
Nets of generation 168 averaged: 7213.64 (top score: 29404)
Nets of generation 169 averaged: 7529.61 (top score: 31956)
Nets of generation 170 averaged: 7161.09 (top score: 27312)
Nets of generation 171 averaged: 7074.74 (top score: 27540)
Nets of generation 172 averaged: 7147.96 (top score: 32104)
Nets of generation 173 averaged: 7401.96 (top score: 32428)
Nets of generation 174 averaged: 7023.87 (top score: 34828)
Nets of generation 175 averaged: 6940.58 (top score: 35136)
Nets of generation 176 averaged: 6958.66 (top score: 27276)
Nets of generation 177 averaged: 7288.15 (top score: 34764)
Nets of generation 178 averaged: 7198.27 (top score: 28308)
Nets of generation 179 averaged: 7227.46 (top score: 27212)
Nets of generation 180 averaged: 7423.21 (top score: 32240)
Nets of generation 181 averaged: 7239.66 (top score: 24976)
Nets of generation 182 averaged: 7455.96 (top score: 32316)
Nets of generation 183 averaged: 7378.12 (top score: 28220)
Nets of generation 184 averaged: 7669.95 (top score: 27580)
Nets of generation 185 averaged: 7194.32 (top score: 25444)
Nets of generation 186 averaged: 7192.51 (top score: 36220)
Nets of generation 187 averaged: 7458.88 (top score: 27844)
Nets of generation 188 averaged: 7363.58 (top score: 29856)
Nets of generation 189 averaged: 7529.47 (top score: 27432)
Nets of generation 190 averaged: 7419.48 (top score: 27928)
Nets of generation 191 averaged: 7190.09 (top score: 30432)
Nets of generation 192 averaged: 7498.04 (top score: 30716)
Nets of generation 193 averaged: 7186.64 (top score: 26428)
Nets of generation 194 averaged: 7290.76 (top score: 26976)
Nets of generation 195 averaged: 7056.49 (top score: 26732)
Nets of generation 196 averaged: 7550 (top score: 27368)
Nets of generation 197 averaged: 7120.16 (top score: 27096)
Nets of generation 198 averaged: 7057.93 (top score: 30592)
Nets of generation 199 averaged: 7069.87 (top score: 22936)
Nets of generation 200 averaged: 7256.96 (top score: 28168)
Nets of generation 201 averaged: 7356.57 (top score: 32944)
Nets of generation 202 averaged: 7397.63 (top score: 26552)
Nets of generation 203 averaged: 7633.27 (top score: 29788)
Nets of generation 204 averaged: 7570.27 (top score: 35284)
Nets of generation 205 averaged: 7745.16 (top score: 28304)
Nets of generation 206 averaged: 7664.36 (top score: 26220)
Nets of generation 207 averaged: 7789.4 (top score: 31496)
Nets of generation 208 averaged: 7581.81 (top score: 30436)
Nets of generation 209 averaged: 7638.12 (top score: 32024)
Nets of generation 210 averaged: 8319.64 (top score: 32604)
Nets of generation 211 averaged: 7819.58 (top score: 32288)
Nets of generation 212 averaged: 7698.59 (top score: 31376)
Nets of generation 213 averaged: 7903.84 (top score: 26248)
Nets of generation 214 averaged: 7866.65 (top score: 32236)
Nets of generation 215 averaged: 8017.43 (top score: 27512)
Nets of generation 216 averaged: 8351.64 (top score: 36176)
Nets of generation 217 averaged: 8137.64 (top score: 31864)
Nets of generation 218 averaged: 8153.58 (top score: 36364)
Nets of generation 219 averaged: 7917.6 (top score: 30984)
Nets of generation 220 averaged: 7674.46 (top score: 32928)
Nets of generation 221 averaged: 7968.08 (top score: 37124)
Nets of generation 222 averaged: 8052.83 (top score: 37460)
Nets of generation 223 averaged: 8121.39 (top score: 32280)
Nets of generation 224 averaged: 7837.17 (top score: 28188)
Nets of generation 225 averaged: 8045.74 (top score: 32336)
Nets of generation 226 averaged: 7779.19 (top score: 31976)
Nets of generation 227 averaged: 8149.92 (top score: 32248)
Nets of generation 228 averaged: 7998.59 (top score: 30284)
Nets of generation 229 averaged: 7886.96 (top score: 29700)
Nets of generation 230 averaged: 7711.78 (top score: 27640)
Nets of generation 231 averaged: 7703.38 (top score: 27116)
Nets of generation 232 averaged: 7933.5 (top score: 34016)
Nets of generation 233 averaged: 7815.05 (top score: 32368)
Nets of generation 234 averaged: 8155.88 (top score: 30012)
Nets of generation 235 averaged: 7584.37 (top score: 26612)
Nets of generation 236 averaged: 7640.31 (top score: 30256)
Nets of generation 237 averaged: 7672.48 (top score: 31576)
Nets of generation 238 averaged: 8002.69 (top score: 28592)
Nets of generation 239 averaged: 7914.83 (top score: 32472)
Nets of generation 240 averaged: 7600.37 (top score: 27544)
Nets of generation 241 averaged: 7691.59 (top score: 27684)
Nets of generation 242 averaged: 7984.18 (top score: 28140)
Nets of generation 243 averaged: 8030 (top score: 32488)
Nets of generation 244 averaged: 8062.42 (top score: 36168)
Nets of generation 245 averaged: 7487.04 (top score: 33852)
Nets of generation 246 averaged: 8254.97 (top score: 34440)
Nets of generation 247 averaged: 7987.68 (top score: 27964)
Nets of generation 248 averaged: 8176.64 (top score: 28296)
Nets of generation 249 averaged: 8092.03 (top score: 36552)
Nets of generation 250 averaged: 8032.97 (top score: 33640)
Nets of generation 251 averaged: 8073.19 (top score: 31612)
Nets of generation 252 averaged: 7750.27 (top score: 27204)
Nets of generation 253 averaged: 8058.26 (top score: 27608)
Nets of generation 254 averaged: 7961.96 (top score: 28304)
Nets of generation 255 averaged: 7735.66 (top score: 34016)
Nets of generation 256 averaged: 8397.6 (top score: 33720)
Nets of generation 257 averaged: 7651.81 (top score: 29920)
Nets of generation 258 averaged: 8021.24 (top score: 31276)
Nets of generation 259 averaged: 7843.7 (top score: 30828)
Nets of generation 260 averaged: 8114.16 (top score: 33336)
Nets of generation 261 averaged: 8008.57 (top score: 29652)
Nets of generation 262 averaged: 7729.26 (top score: 30516)
Nets of generation 263 averaged: 7903.87 (top score: 28240)
Nets of generation 264 averaged: 8108.44 (top score: 30788)
Nets of generation 265 averaged: 8214.35 (top score: 34436)
Nets of generation 266 averaged: 8241.03 (top score: 29504)
Nets of generation 267 averaged: 7967.23 (top score: 35832)
Nets of generation 268 averaged: 8019.76 (top score: 32460)
Nets of generation 269 averaged: 8155.01 (top score: 28172)
Nets of generation 270 averaged: 8009.91 (top score: 35592)
Nets of generation 271 averaged: 7989.13 (top score: 28160)
Nets of generation 272 averaged: 7877.98 (top score: 31920)
Nets of generation 273 averaged: 7629.3 (top score: 32280)
Nets of generation 274 averaged: 7896.28 (top score: 27552)
Nets of generation 275 averaged: 7843.15 (top score: 47892)
Nets of generation 276 averaged: 8320.13 (top score: 35608)
Nets of generation 277 averaged: 7940.78 (top score: 27644)
Nets of generation 278 averaged: 8025.85 (top score: 33744)
Nets of generation 279 averaged: 8221.26 (top score: 31908)
Nets of generation 280 averaged: 8317.65 (top score: 45076)
Nets of generation 281 averaged: 8177.56 (top score: 31364)
Nets of generation 282 averaged: 8089.78 (top score: 35740)
Nets of generation 283 averaged: 8437.1 (top score: 33340)
Nets of generation 284 averaged: 7827.48 (top score: 29968)
Nets of generation 285 averaged: 8138.16 (top score: 31956)
Nets of generation 286 averaged: 7960.63 (top score: 36180)
Nets of generation 287 averaged: 8356.96 (top score: 31156)
Nets of generation 288 averaged: 8109.78 (top score: 31156)
Nets of generation 289 averaged: 8175.03 (top score: 34892)
Nets of generation 290 averaged: 8170.86 (top score: 35580)
Nets of generation 291 averaged: 8246.79 (top score: 34724)
Nets of generation 292 averaged: 8250.47 (top score: 34320)
Nets of generation 293 averaged: 7944.59 (top score: 34276)
Nets of generation 294 averaged: 8020.04 (top score: 32924)
Nets of generation 295 averaged: 8511.89 (top score: 55452)
Nets of generation 296 averaged: 8416.91 (top score: 34004)
Nets of generation 297 averaged: 8574.25 (top score: 36440)
Nets of generation 298 averaged: 8596.58 (top score: 34860)
Nets of generation 299 averaged: 9122.94 (top score: 31932)
Nets of generation 300 averaged: 8455.33 (top score: 46656)
Nets of generation 301 averaged: 8590.38 (top score: 31748)
Nets of generation 302 averaged: 8458.88 (top score: 36200)
Nets of generation 303 averaged: 8867.19 (top score: 34888)
Nets of generation 304 averaged: 9027.08 (top score: 35668)
Nets of generation 305 averaged: 9258.18 (top score: 36212)
Nets of generation 306 averaged: 9046.7 (top score: 31672)
Nets of generation 307 averaged: 8771.97 (top score: 36232)
Nets of generation 308 averaged: 8914.01 (top score: 38480)
Nets of generation 309 averaged: 8684.26 (top score: 36632)
Nets of generation 310 averaged: 8919.41 (top score: 35996)
Nets of generation 311 averaged: 8757.82 (top score: 35964)
Nets of generation 312 averaged: 8639.29 (top score: 30480)
Nets of generation 313 averaged: 8890.78 (top score: 32548)
Nets of generation 314 averaged: 8557.2 (top score: 35340)
Nets of generation 315 averaged: 8821.03 (top score: 32564)
Nets of generation 316 averaged: 9065.7 (top score: 35464)
Nets of generation 317 averaged: 9190.37 (top score: 34584)
Nets of generation 318 averaged: 8974.33 (top score: 35688)
Nets of generation 319 averaged: 9118.01 (top score: 35908)
Nets of generation 320 averaged: 9104.53 (top score: 57996)
Nets of generation 321 averaged: 8801.75 (top score: 34428)
Nets of generation 322 averaged: 8772.56 (top score: 36460)
Nets of generation 323 averaged: 9168.6 (top score: 36480)
Nets of generation 324 averaged: 9430.87 (top score: 32524)
Nets of generation 325 averaged: 9063.6 (top score: 36924)
Nets of generation 326 averaged: 8845.88 (top score: 35596)
Nets of generation 327 averaged: 8860.24 (top score: 35848)
Nets of generation 328 averaged: 8559.1 (top score: 45800)
Nets of generation 329 averaged: 8460.16 (top score: 34656)
Nets of generation 330 averaged: 8367.89 (top score: 35224)
Nets of generation 331 averaged: 8436.77 (top score: 32608)
Nets of generation 332 averaged: 8524.96 (top score: 33272)
Nets of generation 333 averaged: 8123.44 (top score: 34864)
Nets of generation 334 averaged: 8253.86 (top score: 36752)
Nets of generation 335 averaged: 8123.26 (top score: 34136)
Nets of generation 336 averaged: 8622.45 (top score: 36132)
Nets of generation 337 averaged: 8666.87 (top score: 31172)
Nets of generation 338 averaged: 8570.42 (top score: 36320)
Nets of generation 339 averaged: 8802.06 (top score: 36412)
Nets of generation 340 averaged: 9113.86 (top score: 34636)
Nets of generation 341 averaged: 8541.99 (top score: 36556)
Nets of generation 342 averaged: 8563.94 (top score: 34612)
Nets of generation 343 averaged: 8647.82 (top score: 36512)
Nets of generation 344 averaged: 8806.83 (top score: 36900)
Nets of generation 345 averaged: 9213.33 (top score: 49524)
Nets of generation 346 averaged: 8941.54 (top score: 36892)
Nets of generation 347 averaged: 8827.26 (top score: 36296)
Nets of generation 348 averaged: 8841.46 (top score: 47508)
Nets of generation 349 averaged: 9101.2 (top score: 34832)
Nets of generation 350 averaged: 9084.64 (top score: 36268)
Nets of generation 351 averaged: 9111.11 (top score: 36260)
Nets of generation 352 averaged: 8859.08 (top score: 34484)
Nets of generation 353 averaged: 9441.2 (top score: 36104)
Nets of generation 354 averaged: 8736.96 (top score: 34632)
Nets of generation 355 averaged: 9412.16 (top score: 36136)
Nets of generation 356 averaged: 8879.67 (top score: 34600)
Nets of generation 357 averaged: 9056.77 (top score: 33812)
Nets of generation 358 averaged: 9042.31 (top score: 36528)
Nets of generation 359 averaged: 9109.52 (top score: 50488)
Nets of generation 360 averaged: 8919.99 (top score: 35648)
Nets of generation 361 averaged: 8834.01 (top score: 34672)
Nets of generation 362 averaged: 8715.8 (top score: 58292)
Nets of generation 363 averaged: 8947.18 (top score: 35624)
Nets of generation 364 averaged: 9132.38 (top score: 47316)
Nets of generation 365 averaged: 8690.45 (top score: 36392)
Nets of generation 366 averaged: 8847.92 (top score: 35744)
Nets of generation 367 averaged: 8591.79 (top score: 35992)
Nets of generation 368 averaged: 9203.34 (top score: 34104)
Nets of generation 369 averaged: 9065.25 (top score: 35312)
Nets of generation 370 averaged: 8939.68 (top score: 33828)
Nets of generation 371 averaged: 9210.58 (top score: 35292)
Nets of generation 372 averaged: 8838.38 (top score: 34500)
Nets of generation 373 averaged: 9013.44 (top score: 45812)
Nets of generation 374 averaged: 8682.23 (top score: 35524)
Nets of generation 375 averaged: 8705.03 (top score: 35796)
Nets of generation 376 averaged: 9093.88 (top score: 36248)
Nets of generation 377 averaged: 8905.01 (top score: 32520)
Nets of generation 378 averaged: 9041.72 (top score: 36588)
Nets of generation 379 averaged: 9167.31 (top score: 33012)
Nets of generation 380 averaged: 9246.64 (top score: 36056)
Nets of generation 381 averaged: 9076.24 (top score: 33076)
Nets of generation 382 averaged: 8919.08 (top score: 36176)
Nets of generation 383 averaged: 9230.31 (top score: 35708)
Nets of generation 384 averaged: 9356.88 (top score: 34316)
Nets of generation 385 averaged: 9442.05 (top score: 35532)
Nets of generation 386 averaged: 9224.47 (top score: 36412)
Nets of generation 387 averaged: 9914.07 (top score: 36400)
Nets of generation 388 averaged: 9309.87 (top score: 36016)
Nets of generation 389 averaged: 9449.87 (top score: 33784)
Nets of generation 390 averaged: 9501.22 (top score: 46984)
Nets of generation 391 averaged: 9170.02 (top score: 36264)
Nets of generation 392 averaged: 9516.79 (top score: 33424)
Nets of generation 393 averaged: 9398.13 (top score: 36000)
Nets of generation 394 averaged: 9735.66 (top score: 36824)
Nets of generation 395 averaged: 9524.1 (top score: 36524)
Nets of generation 396 averaged: 9458.75 (top score: 34772)
Nets of generation 397 averaged: 9792.46 (top score: 36180)
Nets of generation 398 averaged: 9761.12 (top score: 36604)
Nets of generation 399 averaged: 9165.62 (top score: 36616)
Nets of generation 400 averaged: 9661.72 (top score: 46072)
Nets of generation 401 averaged: 9954.09 (top score: 51680)
Nets of generation 402 averaged: 9613.89 (top score: 34120)
Nets of generation 403 averaged: 9779.62 (top score: 56556)
Nets of generation 404 averaged: 9633.59 (top score: 34072)
Nets of generation 405 averaged: 9689.61 (top score: 35692)
Nets of generation 406 averaged: 9667.21 (top score: 36072)
Nets of generation 407 averaged: 9998.54 (top score: 52052)
Nets of generation 408 averaged: 9825.32 (top score: 49420)
Nets of generation 409 averaged: 9571.99 (top score: 36632)
Nets of generation 410 averaged: 9885.81 (top score: 35652)
Nets of generation 411 averaged: 10174.5 (top score: 36664)
Nets of generation 412 averaged: 10120 (top score: 36168)
Nets of generation 413 averaged: 10200.5 (top score: 36248)
Nets of generation 414 averaged: 9933.74 (top score: 47600)
Nets of generation 415 averaged: 10020.9 (top score: 50688)
Nets of generation 416 averaged: 9992.07 (top score: 47340)
Nets of generation 417 averaged: 10379.7 (top score: 46444)
Nets of generation 418 averaged: 10411.6 (top score: 47584)
Nets of generation 419 averaged: 10650.9 (top score: 37120)
Nets of generation 420 averaged: 10272.6 (top score: 51852)
Nets of generation 421 averaged: 10436.7 (top score: 58364)
Nets of generation 422 averaged: 10417 (top score: 36556)
Nets of generation 423 averaged: 10486.3 (top score: 36512)
Nets of generation 424 averaged: 10202.7 (top score: 37172)
Nets of generation 425 averaged: 10503.2 (top score: 36820)
Nets of generation 426 averaged: 10404.7 (top score: 36536)
Nets of generation 427 averaged: 10592.5 (top score: 36228)
Nets of generation 428 averaged: 10239.1 (top score: 36676)
Nets of generation 429 averaged: 10461.4 (top score: 47432)
Nets of generation 430 averaged: 9910.3 (top score: 36860)
Nets of generation 431 averaged: 9907.87 (top score: 36192)
Nets of generation 432 averaged: 10233.1 (top score: 36600)
Nets of generation 433 averaged: 10006.8 (top score: 35188)
Nets of generation 434 averaged: 9774.93 (top score: 36120)
Nets of generation 435 averaged: 10029.5 (top score: 46780)
Nets of generation 436 averaged: 10160.2 (top score: 35564)
Nets of generation 437 averaged: 10293.1 (top score: 45476)
Nets of generation 438 averaged: 9536.08 (top score: 36152)
Nets of generation 439 averaged: 9914.11 (top score: 49656)
Nets of generation 440 averaged: 10553.5 (top score: 57284)
Nets of generation 441 averaged: 10453.1 (top score: 36392)
Nets of generation 442 averaged: 10312.7 (top score: 51820)
Nets of generation 443 averaged: 10858.6 (top score: 35492)
Nets of generation 444 averaged: 10676.8 (top score: 51004)
Nets of generation 445 averaged: 10548 (top score: 51352)
Nets of generation 446 averaged: 10950.7 (top score: 60228)
Nets of generation 447 averaged: 10810.1 (top score: 36080)
Nets of generation 448 averaged: 10661.1 (top score: 36420)
Nets of generation 449 averaged: 10390 (top score: 36868)
Nets of generation 450 averaged: 10697.5 (top score: 36380)
Nets of generation 451 averaged: 10851.3 (top score: 36768)
Nets of generation 452 averaged: 10462.5 (top score: 51628)
Nets of generation 453 averaged: 10823.8 (top score: 36948)
Nets of generation 454 averaged: 11319.5 (top score: 45968)
Nets of generation 455 averaged: 10663.9 (top score: 46072)
Nets of generation 456 averaged: 10923.9 (top score: 36636)
Nets of generation 457 averaged: 10996 (top score: 36228)
Nets of generation 458 averaged: 10508.6 (top score: 36504)
Nets of generation 459 averaged: 10570.5 (top score: 36952)
Nets of generation 460 averaged: 10601.9 (top score: 39724)
Nets of generation 461 averaged: 10372.5 (top score: 37664)
Nets of generation 462 averaged: 10599.5 (top score: 36772)
Nets of generation 463 averaged: 11218.2 (top score: 38076)
Nets of generation 464 averaged: 10950.6 (top score: 52420)
Nets of generation 465 averaged: 10454.4 (top score: 36768)
Nets of generation 466 averaged: 10885.7 (top score: 36808)
Nets of generation 467 averaged: 11351.3 (top score: 49924)
Nets of generation 468 averaged: 10992.1 (top score: 36988)
Nets of generation 469 averaged: 10923.2 (top score: 50660)
Nets of generation 470 averaged: 11330.2 (top score: 51736)
Nets of generation 471 averaged: 11008.9 (top score: 54632)
Nets of generation 472 averaged: 10793.9 (top score: 47528)
Nets of generation 473 averaged: 10382.2 (top score: 36212)
Nets of generation 474 averaged: 10195.8 (top score: 59036)
Nets of generation 475 averaged: 10731.2 (top score: 37036)
Nets of generation 476 averaged: 10893.8 (top score: 36536)
Nets of generation 477 averaged: 10507.9 (top score: 36812)
Nets of generation 478 averaged: 10844.6 (top score: 37092)
Nets of generation 479 averaged: 10528.8 (top score: 37944)
Nets of generation 480 averaged: 10785 (top score: 36580)
Nets of generation 481 averaged: 10182.9 (top score: 51696)
Nets of generation 482 averaged: 10551.6 (top score: 36728)
Nets of generation 483 averaged: 10424.6 (top score: 48920)
Nets of generation 484 averaged: 10408.1 (top score: 36220)
Nets of generation 485 averaged: 10607.4 (top score: 49188)
Nets of generation 486 averaged: 10547.4 (top score: 34736)
Nets of generation 487 averaged: 10628.8 (top score: 36564)
Nets of generation 488 averaged: 10169.1 (top score: 36032)
Nets of generation 489 averaged: 10683 (top score: 36416)
Nets of generation 490 averaged: 10360.4 (top score: 38052)
Nets of generation 491 averaged: 10942.3 (top score: 50052)
Nets of generation 492 averaged: 10874.9 (top score: 37272)
Nets of generation 493 averaged: 10743.7 (top score: 51804)
Nets of generation 494 averaged: 10780.2 (top score: 37172)
Nets of generation 495 averaged: 10452.2 (top score: 55652)
Nets of generation 496 averaged: 10503.5 (top score: 36848)
Nets of generation 497 averaged: 10173.4 (top score: 36912)
Nets of generation 498 averaged: 10540.1 (top score: 36244)
Nets of generation 499 averaged: 10289 (top score: 36380)
Nets of generation 500 averaged: 10082.6 (top score: 51380)
Nets of generation 501 averaged: 9951.11 (top score: 47700)
Nets of generation 502 averaged: 10476.2 (top score: 36956)
Nets of generation 503 averaged: 10736.7 (top score: 50120)
Nets of generation 504 averaged: 10636.7 (top score: 36412)
Nets of generation 505 averaged: 10609.7 (top score: 35860)
Nets of generation 506 averaged: 10834.4 (top score: 36360)
Nets of generation 507 averaged: 10740 (top score: 50728)
Nets of generation 508 averaged: 10905.6 (top score: 46864)
Nets of generation 509 averaged: 11386.1 (top score: 36928)
Nets of generation 510 averaged: 10544.6 (top score: 53992)
Nets of generation 511 averaged: 10951 (top score: 37352)
Nets of generation 512 averaged: 10792.3 (top score: 48024)
Nets of generation 513 averaged: 10647.8 (top score: 36932)
Nets of generation 514 averaged: 10870.7 (top score: 44768)
Nets of generation 515 averaged: 10766.5 (top score: 57432)
Nets of generation 516 averaged: 11427.4 (top score: 36492)
Nets of generation 517 averaged: 10660.7 (top score: 35936)
Nets of generation 518 averaged: 10762 (top score: 58768)
Nets of generation 519 averaged: 11165.7 (top score: 58152)
Nets of generation 520 averaged: 11098.1 (top score: 57268)
Nets of generation 521 averaged: 11064.7 (top score: 50900)
Nets of generation 522 averaged: 10685.1 (top score: 56944)
Nets of generation 523 averaged: 10398.6 (top score: 36644)
Nets of generation 524 averaged: 10888 (top score: 55816)
Nets of generation 525 averaged: 10932.8 (top score: 56120)
Nets of generation 526 averaged: 10357.2 (top score: 37684)
Nets of generation 527 averaged: 10400.6 (top score: 37648)
Nets of generation 528 averaged: 10263.4 (top score: 36120)
Nets of generation 529 averaged: 10405 (top score: 36104)
Nets of generation 530 averaged: 10070.3 (top score: 59948)
Nets of generation 531 averaged: 10068.7 (top score: 35732)
Nets of generation 532 averaged: 10293.6 (top score: 36372)
Nets of generation 533 averaged: 10070.3 (top score: 36944)
Nets of generation 534 averaged: 10188.1 (top score: 50492)
Nets of generation 535 averaged: 10261.9 (top score: 36284)
Nets of generation 536 averaged: 10140.2 (top score: 36492)
Nets of generation 537 averaged: 9835.84 (top score: 36252)
Nets of generation 538 averaged: 9969.29 (top score: 36724)
Nets of generation 539 averaged: 9897.37 (top score: 36164)
Nets of generation 540 averaged: 9772.7 (top score: 37032)
Nets of generation 541 averaged: 10245.7 (top score: 36280)
Nets of generation 542 averaged: 10280.8 (top score: 45876)
Nets of generation 543 averaged: 10573.8 (top score: 36692)
Nets of generation 544 averaged: 10443.3 (top score: 36316)
Nets of generation 545 averaged: 10629.1 (top score: 36668)
Nets of generation 546 averaged: 10614.3 (top score: 47628)
Nets of generation 547 averaged: 10394.4 (top score: 47828)
Nets of generation 548 averaged: 10175.1 (top score: 56316)
Nets of generation 549 averaged: 10522.1 (top score: 37016)
Nets of generation 550 averaged: 10729.1 (top score: 37164)
Nets of generation 551 averaged: 10591.1 (top score: 55688)
Nets of generation 552 averaged: 10720.3 (top score: 36240)
Nets of generation 553 averaged: 10184.1 (top score: 36844)
Nets of generation 554 averaged: 10330.3 (top score: 35592)
Nets of generation 555 averaged: 10280.3 (top score: 55356)
Nets of generation 556 averaged: 10270.8 (top score: 36244)
Nets of generation 557 averaged: 10263.4 (top score: 36720)
Nets of generation 558 averaged: 11110 (top score: 36200)
Nets of generation 559 averaged: 10896.5 (top score: 36856)
Nets of generation 560 averaged: 10442.6 (top score: 36576)
Nets of generation 561 averaged: 10854.1 (top score: 49676)
Nets of generation 562 averaged: 10372.9 (top score: 38568)
Nets of generation 563 averaged: 10247.2 (top score: 36492)
Nets of generation 564 averaged: 10174.5 (top score: 36768)
Nets of generation 565 averaged: 10108 (top score: 47740)
Nets of generation 566 averaged: 11027.9 (top score: 36592)
Nets of generation 567 averaged: 10453.5 (top score: 48760)
Nets of generation 568 averaged: 10383.8 (top score: 50672)
Nets of generation 569 averaged: 10665.5 (top score: 47832)
Nets of generation 570 averaged: 10512.6 (top score: 35144)
Nets of generation 571 averaged: 10559.6 (top score: 37040)
Nets of generation 572 averaged: 10569.5 (top score: 58460)
Nets of generation 573 averaged: 10325.7 (top score: 37012)
Nets of generation 574 averaged: 10391.8 (top score: 36460)
Nets of generation 575 averaged: 10946.1 (top score: 48244)
Nets of generation 576 averaged: 10201.7 (top score: 50024)
Nets of generation 577 averaged: 10477 (top score: 47004)
Nets of generation 578 averaged: 10454.3 (top score: 37832)
Nets of generation 579 averaged: 10865.8 (top score: 51876)
Nets of generation 580 averaged: 10576.2 (top score: 49712)
Nets of generation 581 averaged: 9885.02 (top score: 35892)
Nets of generation 582 averaged: 10596.2 (top score: 36704)
Nets of generation 583 averaged: 10441.9 (top score: 35832)
Nets of generation 584 averaged: 10553.1 (top score: 47900)
Nets of generation 585 averaged: 10729.4 (top score: 36344)
Nets of generation 586 averaged: 10159.4 (top score: 35260)
Nets of generation 587 averaged: 10853.8 (top score: 36088)
Nets of generation 588 averaged: 10360.4 (top score: 36424)
Nets of generation 589 averaged: 10668.6 (top score: 34516)
Nets of generation 590 averaged: 10730.8 (top score: 47432)
Nets of generation 591 averaged: 10955.4 (top score: 46100)
Nets of generation 592 averaged: 11138.3 (top score: 55940)
Nets of generation 593 averaged: 10958.1 (top score: 45928)
Nets of generation 594 averaged: 11499.9 (top score: 36248)
Nets of generation 595 averaged: 11288.2 (top score: 52212)
Nets of generation 596 averaged: 10902.8 (top score: 36672)
Nets of generation 597 averaged: 11151 (top score: 55420)
Nets of generation 598 averaged: 10995.5 (top score: 56816)
Nets of generation 599 averaged: 11286.3 (top score: 36536)
Nets of generation 600 averaged: 10739.6 (top score: 36092)
Nets of generation 601 averaged: 11487.4 (top score: 54448)
Nets of generation 602 averaged: 11194.8 (top score: 47620)
Nets of generation 603 averaged: 10630.5 (top score: 35792)
Nets of generation 604 averaged: 10517.3 (top score: 47608)
Nets of generation 605 averaged: 10523.1 (top score: 37952)
Nets of generation 606 averaged: 10824.6 (top score: 47508)
Nets of generation 607 averaged: 10773 (top score: 37616)
Nets of generation 608 averaged: 11000.1 (top score: 36592)
Nets of generation 609 averaged: 10678.8 (top score: 38464)
Nets of generation 610 averaged: 10489.7 (top score: 48676)
Nets of generation 611 averaged: 11015.5 (top score: 36928)
Nets of generation 612 averaged: 10955.6 (top score: 53212)
Nets of generation 613 averaged: 10839.8 (top score: 51092)
Nets of generation 614 averaged: 10876.3 (top score: 36816)
Nets of generation 615 averaged: 10247.5 (top score: 48636)
Nets of generation 616 averaged: 10932.6 (top score: 47028)
Nets of generation 617 averaged: 10646.7 (top score: 47636)
Nets of generation 618 averaged: 10392.9 (top score: 35940)
Nets of generation 619 averaged: 10622.9 (top score: 36868)
Nets of generation 620 averaged: 10745.7 (top score: 38636)
Nets of generation 621 averaged: 10869.1 (top score: 36584)
Nets of generation 622 averaged: 11751.1 (top score: 37120)
Nets of generation 623 averaged: 11063.9 (top score: 36608)
Nets of generation 624 averaged: 11672.5 (top score: 46796)
Nets of generation 625 averaged: 12003.8 (top score: 61396)
Nets of generation 626 averaged: 11767.7 (top score: 36604)
Nets of generation 627 averaged: 11458.1 (top score: 54712)
Nets of generation 628 averaged: 12490.9 (top score: 39548)
Nets of generation 629 averaged: 11662.6 (top score: 37080)
Nets of generation 630 averaged: 12144.4 (top score: 52068)
Nets of generation 631 averaged: 11559.3 (top score: 37040)
Nets of generation 632 averaged: 11495.9 (top score: 46776)
Nets of generation 633 averaged: 11980.7 (top score: 50212)
Nets of generation 634 averaged: 11658.6 (top score: 44896)
Nets of generation 635 averaged: 12090.7 (top score: 54920)
Nets of generation 636 averaged: 11924.4 (top score: 36684)
Nets of generation 637 averaged: 12170 (top score: 52284)
Nets of generation 638 averaged: 12410.8 (top score: 36400)
Nets of generation 639 averaged: 12307.2 (top score: 56760)
Nets of generation 640 averaged: 12827.8 (top score: 56128)
Nets of generation 641 averaged: 12231.1 (top score: 37060)
Nets of generation 642 averaged: 12414.1 (top score: 37024)
Nets of generation 643 averaged: 12539.9 (top score: 51780)
Nets of generation 644 averaged: 12128 (top score: 55860)
Nets of generation 645 averaged: 11768 (top score: 39572)
Nets of generation 646 averaged: 11750.8 (top score: 40160)
Nets of generation 647 averaged: 12316 (top score: 48976)
Nets of generation 648 averaged: 12908.6 (top score: 50800)
Nets of generation 649 averaged: 11943.2 (top score: 36324)
Nets of generation 650 averaged: 11846.5 (top score: 36896)
Nets of generation 651 averaged: 12225 (top score: 47808)
Nets of generation 652 averaged: 11935.7 (top score: 39640)
Nets of generation 653 averaged: 11656.7 (top score: 37116)
Nets of generation 654 averaged: 12100.6 (top score: 48792)
Nets of generation 655 averaged: 12115 (top score: 36288)
Nets of generation 656 averaged: 12034.5 (top score: 37448)
Nets of generation 657 averaged: 12044.1 (top score: 48372)
Nets of generation 658 averaged: 11874.8 (top score: 50064)
Nets of generation 659 averaged: 12147.4 (top score: 57112)
Nets of generation 660 averaged: 12128.1 (top score: 45092)
Nets of generation 661 averaged: 11452.5 (top score: 51416)
Nets of generation 662 averaged: 11463.4 (top score: 37184)
Nets of generation 663 averaged: 11864.9 (top score: 51176)
Nets of generation 664 averaged: 12264.9 (top score: 37312)
Nets of generation 665 averaged: 11925.5 (top score: 37556)
Nets of generation 666 averaged: 11967.2 (top score: 47112)
Nets of generation 667 averaged: 11733.1 (top score: 51740)
Nets of generation 668 averaged: 12450.5 (top score: 57284)
Nets of generation 669 averaged: 11801.1 (top score: 36548)
Nets of generation 670 averaged: 11810.1 (top score: 51612)
Nets of generation 671 averaged: 12060.8 (top score: 54496)
Nets of generation 672 averaged: 11936.3 (top score: 54612)
Nets of generation 673 averaged: 11828.8 (top score: 52420)
Nets of generation 674 averaged: 11926.4 (top score: 46144)
Nets of generation 675 averaged: 11767.9 (top score: 36696)
Nets of generation 676 averaged: 11705 (top score: 47708)
Nets of generation 677 averaged: 11901.5 (top score: 37404)
Nets of generation 678 averaged: 11772.8 (top score: 36840)
Nets of generation 679 averaged: 11731.9 (top score: 49716)
Nets of generation 680 averaged: 12414.1 (top score: 54508)
Nets of generation 681 averaged: 12365.7 (top score: 54540)
Nets of generation 682 averaged: 11977.8 (top score: 37004)
Nets of generation 683 averaged: 12258.7 (top score: 47692)
Nets of generation 684 averaged: 12304.4 (top score: 37916)
Nets of generation 685 averaged: 12007.7 (top score: 49508)
Nets of generation 686 averaged: 11236.4 (top score: 36600)
Nets of generation 687 averaged: 11611.4 (top score: 49896)
Nets of generation 688 averaged: 11909.3 (top score: 45912)
Nets of generation 689 averaged: 11881 (top score: 51384)
Nets of generation 690 averaged: 11782.7 (top score: 37364)
Nets of generation 691 averaged: 11566.9 (top score: 47884)
Nets of generation 692 averaged: 11948 (top score: 53776)
Nets of generation 693 averaged: 11598.5 (top score: 36896)
Nets of generation 694 averaged: 11609.9 (top score: 36824)
Nets of generation 695 averaged: 12120.8 (top score: 47412)
Nets of generation 696 averaged: 11760.3 (top score: 53096)
Nets of generation 697 averaged: 12403.8 (top score: 54764)
Nets of generation 698 averaged: 11573 (top score: 46000)
Nets of generation 699 averaged: 11221 (top score: 45444)
Nets of generation 700 averaged: 11695.3 (top score: 50988)
Nets of generation 701 averaged: 11961.3 (top score: 62152)
Nets of generation 702 averaged: 11700.4 (top score: 47992)
Nets of generation 703 averaged: 11381.7 (top score: 52260)
Nets of generation 704 averaged: 11876.5 (top score: 40864)
Nets of generation 705 averaged: 11434.3 (top score: 36848)
Nets of generation 706 averaged: 11387.7 (top score: 50592)
Nets of generation 707 averaged: 11822.8 (top score: 56916)
Nets of generation 708 averaged: 11741.8 (top score: 49636)
Nets of generation 709 averaged: 11621.3 (top score: 36456)
Nets of generation 710 averaged: 11715.1 (top score: 55372)
Nets of generation 711 averaged: 11048.3 (top score: 36620)
Nets of generation 712 averaged: 11674.3 (top score: 37060)
Nets of generation 713 averaged: 11557.5 (top score: 46164)
Nets of generation 714 averaged: 11202.3 (top score: 37088)
Nets of generation 715 averaged: 11716 (top score: 37952)
Nets of generation 716 averaged: 11384.3 (top score: 59604)
Nets of generation 717 averaged: 11542.8 (top score: 44528)
Nets of generation 718 averaged: 11526.6 (top score: 51512)
Nets of generation 719 averaged: 11337.8 (top score: 36664)
Nets of generation 720 averaged: 11559.6 (top score: 37092)
Nets of generation 721 averaged: 11538.7 (top score: 46884)
Nets of generation 722 averaged: 11027.7 (top score: 49164)
Nets of generation 723 averaged: 10878.8 (top score: 35512)
Nets of generation 724 averaged: 10918.3 (top score: 37736)
Nets of generation 725 averaged: 10897.6 (top score: 45732)
Nets of generation 726 averaged: 11235.1 (top score: 37124)
Nets of generation 727 averaged: 11110.2 (top score: 36284)
Nets of generation 728 averaged: 11163.2 (top score: 65084)
Nets of generation 729 averaged: 11477.8 (top score: 36236)
Nets of generation 730 averaged: 11350.8 (top score: 51336)
Nets of generation 731 averaged: 11504.5 (top score: 60492)
Nets of generation 732 averaged: 11355.4 (top score: 58808)
Nets of generation 733 averaged: 11586.9 (top score: 36508)
Nets of generation 734 averaged: 11469.2 (top score: 36548)
Nets of generation 735 averaged: 11595.2 (top score: 37080)
Nets of generation 736 averaged: 11304 (top score: 59708)
Nets of generation 737 averaged: 11294.8 (top score: 37868)
Nets of generation 738 averaged: 11364.7 (top score: 38248)
Nets of generation 739 averaged: 11770.2 (top score: 36804)
Nets of generation 740 averaged: 10629.7 (top score: 36472)
Nets of generation 741 averaged: 10899.9 (top score: 52132)
Nets of generation 742 averaged: 11194.9 (top score: 37540)
Nets of generation 743 averaged: 11156.4 (top score: 47412)
Nets of generation 744 averaged: 11248.7 (top score: 46952)
Nets of generation 745 averaged: 10850.6 (top score: 53052)
Nets of generation 746 averaged: 11532.9 (top score: 51672)
Nets of generation 747 averaged: 11119.3 (top score: 51436)
Nets of generation 748 averaged: 11009.9 (top score: 48028)
Nets of generation 749 averaged: 11134.9 (top score: 51684)
Nets of generation 750 averaged: 11031 (top score: 54364)
Nets of generation 751 averaged: 11212.5 (top score: 37212)
Nets of generation 752 averaged: 10737.3 (top score: 50296)
Nets of generation 753 averaged: 11175.9 (top score: 46720)
Nets of generation 754 averaged: 11324.4 (top score: 36828)
Nets of generation 755 averaged: 11151.6 (top score: 50316)
Nets of generation 756 averaged: 11867.3 (top score: 54852)
Nets of generation 757 averaged: 10881.6 (top score: 37092)
Nets of generation 758 averaged: 11566.9 (top score: 35792)
Nets of generation 759 averaged: 11093.7 (top score: 35620)
Nets of generation 760 averaged: 11040.1 (top score: 36096)
Nets of generation 761 averaged: 10974.8 (top score: 38232)
Nets of generation 762 averaged: 11514.7 (top score: 36832)
Nets of generation 763 averaged: 10895.7 (top score: 55024)
Nets of generation 764 averaged: 10979 (top score: 51924)
Nets of generation 765 averaged: 10544.9 (top score: 36728)
Nets of generation 766 averaged: 10966.4 (top score: 37176)
Nets of generation 767 averaged: 11077.6 (top score: 36928)
Nets of generation 768 averaged: 11101.2 (top score: 36992)
Nets of generation 769 averaged: 10898.1 (top score: 46764)
Nets of generation 770 averaged: 11182.9 (top score: 49888)
Nets of generation 771 averaged: 11242 (top score: 51476)
Nets of generation 772 averaged: 11378.1 (top score: 40476)
Nets of generation 773 averaged: 10921.9 (top score: 37468)
Nets of generation 774 averaged: 10737.4 (top score: 38020)
Nets of generation 775 averaged: 10680.5 (top score: 58968)
Nets of generation 776 averaged: 10634.4 (top score: 50392)
Nets of generation 777 averaged: 10468.9 (top score: 51360)
Nets of generation 778 averaged: 10459.5 (top score: 58852)
Nets of generation 779 averaged: 10822.2 (top score: 51900)
Nets of generation 780 averaged: 10132.2 (top score: 37076)
Nets of generation 781 averaged: 10895.9 (top score: 36728)
Nets of generation 782 averaged: 10745 (top score: 36008)
Nets of generation 783 averaged: 10562.6 (top score: 36080)
Nets of generation 784 averaged: 10773.4 (top score: 51792)
Nets of generation 785 averaged: 10459.9 (top score: 36116)
Nets of generation 786 averaged: 11143.6 (top score: 36400)
Nets of generation 787 averaged: 11460.2 (top score: 36296)
Nets of generation 788 averaged: 11072.3 (top score: 56364)
Nets of generation 789 averaged: 11488.8 (top score: 36928)
Nets of generation 790 averaged: 11694.4 (top score: 50576)
Nets of generation 791 averaged: 11250.5 (top score: 51424)
Nets of generation 792 averaged: 10967.4 (top score: 36524)
Nets of generation 793 averaged: 11399.8 (top score: 47432)
Nets of generation 794 averaged: 10844.6 (top score: 36168)
Nets of generation 795 averaged: 11521.8 (top score: 36476)
Nets of generation 796 averaged: 10913.9 (top score: 55636)
Nets of generation 797 averaged: 11535.1 (top score: 37016)
Nets of generation 798 averaged: 11263.6 (top score: 51524)
Nets of generation 799 averaged: 10912.2 (top score: 55052)
Nets of generation 800 averaged: 10760.6 (top score: 36524)
Nets of generation 801 averaged: 10896.5 (top score: 45148)
Nets of generation 802 averaged: 11608.5 (top score: 46072)
Nets of generation 803 averaged: 11116.8 (top score: 36604)
Nets of generation 804 averaged: 10527.3 (top score: 36400)
Nets of generation 805 averaged: 10353.4 (top score: 60820)
Nets of generation 806 averaged: 10992.7 (top score: 49396)
Nets of generation 807 averaged: 10829.9 (top score: 47636)
Nets of generation 808 averaged: 11826.1 (top score: 38220)
Nets of generation 809 averaged: 10684.9 (top score: 54464)
Nets of generation 810 averaged: 10435.2 (top score: 49832)
Nets of generation 811 averaged: 11355.1 (top score: 47760)
Nets of generation 812 averaged: 10986.6 (top score: 36860)
Nets of generation 813 averaged: 11016.7 (top score: 37700)
Nets of generation 814 averaged: 10350 (top score: 40700)
Nets of generation 815 averaged: 10428.6 (top score: 45716)
Nets of generation 816 averaged: 10985.5 (top score: 36360)
Nets of generation 817 averaged: 10895.9 (top score: 58076)
Nets of generation 818 averaged: 11327.5 (top score: 36604)
Nets of generation 819 averaged: 11542.2 (top score: 46780)
Nets of generation 820 averaged: 10955.9 (top score: 47692)
Nets of generation 821 averaged: 11602.2 (top score: 37168)
Nets of generation 822 averaged: 11049.6 (top score: 37612)
Nets of generation 823 averaged: 10986.2 (top score: 53180)
Nets of generation 824 averaged: 11109.5 (top score: 36908)
Nets of generation 825 averaged: 11231.8 (top score: 50632)
Nets of generation 826 averaged: 11475.1 (top score: 49772)
Nets of generation 827 averaged: 10717.5 (top score: 55056)
Nets of generation 828 averaged: 10966.1 (top score: 36580)
Nets of generation 829 averaged: 11281.6 (top score: 51624)
Nets of generation 830 averaged: 11452.3 (top score: 51824)
Nets of generation 831 averaged: 11399.6 (top score: 53240)
Nets of generation 832 averaged: 10730.9 (top score: 36908)
Nets of generation 833 averaged: 10754.2 (top score: 51464)
Nets of generation 834 averaged: 10980.9 (top score: 36436)
Nets of generation 835 averaged: 11547.4 (top score: 49924)
Nets of generation 836 averaged: 10943.3 (top score: 37308)
Nets of generation 837 averaged: 10999.2 (top score: 36904)
Nets of generation 838 averaged: 11242.1 (top score: 36712)
Nets of generation 839 averaged: 11194.1 (top score: 36976)
Nets of generation 840 averaged: 11257.4 (top score: 36344)
Nets of generation 841 averaged: 11486.8 (top score: 45000)
Nets of generation 842 averaged: 10940.6 (top score: 37756)
Nets of generation 843 averaged: 10939.4 (top score: 36176)
Nets of generation 844 averaged: 11002.7 (top score: 36400)
Nets of generation 845 averaged: 10754.4 (top score: 58928)
Nets of generation 846 averaged: 10825.3 (top score: 38028)
Nets of generation 847 averaged: 10632 (top score: 46052)
Nets of generation 848 averaged: 10855.7 (top score: 51024)
Nets of generation 849 averaged: 10803.4 (top score: 47860)
Nets of generation 850 averaged: 10557.3 (top score: 47408)
Nets of generation 851 averaged: 10588.8 (top score: 37316)
Nets of generation 852 averaged: 10476 (top score: 59468)
Nets of generation 853 averaged: 11119 (top score: 37008)
Nets of generation 854 averaged: 10500.4 (top score: 37928)
Nets of generation 855 averaged: 10779.1 (top score: 49900)
Nets of generation 856 averaged: 11117.5 (top score: 38036)
Nets of generation 857 averaged: 10623.9 (top score: 36704)
Nets of generation 858 averaged: 10823.6 (top score: 45972)
Nets of generation 859 averaged: 10910.8 (top score: 48980)
Nets of generation 860 averaged: 11274.2 (top score: 60516)
Nets of generation 861 averaged: 10554.8 (top score: 46712)
Nets of generation 862 averaged: 10842.9 (top score: 51456)
Nets of generation 863 averaged: 10574.4 (top score: 37104)
Nets of generation 864 averaged: 10858.5 (top score: 47148)
Nets of generation 865 averaged: 10918.7 (top score: 37040)
Nets of generation 866 averaged: 10860.6 (top score: 51180)
Nets of generation 867 averaged: 10232.1 (top score: 36264)
Nets of generation 868 averaged: 10382.7 (top score: 47524)
Nets of generation 869 averaged: 10627.5 (top score: 51752)
Nets of generation 870 averaged: 10559.4 (top score: 38028)
Nets of generation 871 averaged: 10629.3 (top score: 47952)
Nets of generation 872 averaged: 10377.9 (top score: 59728)
Nets of generation 873 averaged: 10554.5 (top score: 51896)
Nets of generation 874 averaged: 10275.1 (top score: 36796)
Nets of generation 875 averaged: 10724.8 (top score: 57528)
Nets of generation 876 averaged: 10340.4 (top score: 51428)
Nets of generation 877 averaged: 10598.5 (top score: 36460)
Nets of generation 878 averaged: 10528.8 (top score: 36708)
Nets of generation 879 averaged: 10570.2 (top score: 53232)
Nets of generation 880 averaged: 10787 (top score: 36828)
Nets of generation 881 averaged: 10401.8 (top score: 36372)
Nets of generation 882 averaged: 10969.6 (top score: 38324)
Nets of generation 883 averaged: 10538.2 (top score: 36512)
Nets of generation 884 averaged: 10571.5 (top score: 47832)
Nets of generation 885 averaged: 10590.1 (top score: 39380)
Nets of generation 886 averaged: 10615.4 (top score: 54960)
Nets of generation 887 averaged: 10289.2 (top score: 37188)
Nets of generation 888 averaged: 10522.6 (top score: 36408)
Nets of generation 889 averaged: 10338 (top score: 36776)
Nets of generation 890 averaged: 10846.7 (top score: 51828)
Nets of generation 891 averaged: 10896.3 (top score: 53184)
Nets of generation 892 averaged: 10463 (top score: 38256)
Nets of generation 893 averaged: 10548.7 (top score: 55128)
Nets of generation 894 averaged: 10286.2 (top score: 36956)
Nets of generation 895 averaged: 9980.36 (top score: 36904)
Nets of generation 896 averaged: 10641.4 (top score: 46696)
Nets of generation 897 averaged: 10628.2 (top score: 37188)
Nets of generation 898 averaged: 9846.12 (top score: 47564)
Nets of generation 899 averaged: 9933.7 (top score: 36744)
Nets of generation 900 averaged: 10532.1 (top score: 54496)
Nets of generation 901 averaged: 10278 (top score: 37024)
Nets of generation 902 averaged: 10777.6 (top score: 37280)
Nets of generation 903 averaged: 10151.2 (top score: 36712)
Nets of generation 904 averaged: 9967.46 (top score: 48296)
Nets of generation 905 averaged: 10291.1 (top score: 37896)
Nets of generation 906 averaged: 10427.3 (top score: 51820)
Nets of generation 907 averaged: 10038.2 (top score: 36784)
Nets of generation 908 averaged: 10006.5 (top score: 49580)
Nets of generation 909 averaged: 10514.5 (top score: 50824)
Nets of generation 910 averaged: 10479.9 (top score: 36864)
Nets of generation 911 averaged: 10476.4 (top score: 36396)
Nets of generation 912 averaged: 11008.4 (top score: 48900)
Nets of generation 913 averaged: 10956 (top score: 36548)
Nets of generation 914 averaged: 11131.1 (top score: 38168)
Nets of generation 915 averaged: 10274.5 (top score: 36588)
Nets of generation 916 averaged: 10941.9 (top score: 49856)
Nets of generation 917 averaged: 11212.1 (top score: 36784)
Nets of generation 918 averaged: 11074.4 (top score: 36484)
Nets of generation 919 averaged: 10870.5 (top score: 37864)
Nets of generation 920 averaged: 11158.1 (top score: 47012)
Nets of generation 921 averaged: 11310.1 (top score: 56604)
Nets of generation 922 averaged: 11326.4 (top score: 36492)
Nets of generation 923 averaged: 10989.3 (top score: 54780)
Nets of generation 924 averaged: 11687.4 (top score: 36992)
Nets of generation 925 averaged: 11470 (top score: 49568)
Nets of generation 926 averaged: 12001.6 (top score: 47484)
Nets of generation 927 averaged: 11750.4 (top score: 37948)
Nets of generation 928 averaged: 11910.1 (top score: 45712)
Nets of generation 929 averaged: 11669 (top score: 51500)
Nets of generation 930 averaged: 11556.6 (top score: 48144)
Nets of generation 931 averaged: 11762.3 (top score: 50856)
Nets of generation 932 averaged: 11626.6 (top score: 45868)
Nets of generation 933 averaged: 12050.1 (top score: 60316)
Nets of generation 934 averaged: 11344.1 (top score: 36564)
Nets of generation 935 averaged: 11314 (top score: 45588)
Nets of generation 936 averaged: 12167.4 (top score: 47416)
Nets of generation 937 averaged: 11791.9 (top score: 55188)
Nets of generation 938 averaged: 11759.9 (top score: 52600)
Nets of generation 939 averaged: 11899.6 (top score: 56696)
Nets of generation 940 averaged: 12246.8 (top score: 51888)
Nets of generation 941 averaged: 12441.3 (top score: 51852)
Nets of generation 942 averaged: 11714.7 (top score: 56484)
Nets of generation 943 averaged: 12192 (top score: 55004)
Nets of generation 944 averaged: 12103 (top score: 60620)
Nets of generation 945 averaged: 12549.8 (top score: 66032)
Nets of generation 946 averaged: 12691.2 (top score: 47012)
Nets of generation 947 averaged: 12582.8 (top score: 47600)
Nets of generation 948 averaged: 12129.1 (top score: 57164)
Nets of generation 949 averaged: 12291.7 (top score: 52364)
Nets of generation 950 averaged: 12464.6 (top score: 58764)
Nets of generation 951 averaged: 12200.7 (top score: 50416)
Nets of generation 952 averaged: 12354 (top score: 58856)
Nets of generation 953 averaged: 12416.8 (top score: 56516)
Nets of generation 954 averaged: 12451.8 (top score: 37992)
Nets of generation 955 averaged: 12020.3 (top score: 60440)
Nets of generation 956 averaged: 12163.5 (top score: 51512)
Nets of generation 957 averaged: 12574.1 (top score: 53628)
Nets of generation 958 averaged: 12444.4 (top score: 51324)
Nets of generation 959 averaged: 13056.5 (top score: 56916)
Nets of generation 960 averaged: 12760.5 (top score: 37200)
Nets of generation 961 averaged: 12416.9 (top score: 59564)
Nets of generation 962 averaged: 12507.7 (top score: 36792)
Nets of generation 963 averaged: 12950.9 (top score: 58708)
Nets of generation 964 averaged: 12442.1 (top score: 37316)
Nets of generation 965 averaged: 12602.7 (top score: 59112)
Nets of generation 966 averaged: 12683.1 (top score: 49856)
Nets of generation 967 averaged: 12070.2 (top score: 36920)
Nets of generation 968 averaged: 11843.4 (top score: 51056)
Nets of generation 969 averaged: 12605.2 (top score: 51548)
Nets of generation 970 averaged: 12138.5 (top score: 38016)
Nets of generation 971 averaged: 12071.6 (top score: 48140)
Nets of generation 972 averaged: 12427.9 (top score: 46184)
Nets of generation 973 averaged: 12238 (top score: 56784)
Nets of generation 974 averaged: 12311.1 (top score: 44960)
Nets of generation 975 averaged: 12326.6 (top score: 59104)
Nets of generation 976 averaged: 12552.7 (top score: 46960)
Nets of generation 977 averaged: 12430.9 (top score: 37040)
Nets of generation 978 averaged: 12196.9 (top score: 47760)
Nets of generation 979 averaged: 12521.2 (top score: 50636)
Nets of generation 980 averaged: 12371.8 (top score: 60508)
Nets of generation 981 averaged: 12550.9 (top score: 46128)
Nets of generation 982 averaged: 12651.8 (top score: 61192)
Nets of generation 983 averaged: 12250.7 (top score: 45676)
Nets of generation 984 averaged: 12716.8 (top score: 45860)
Nets of generation 985 averaged: 12240.9 (top score: 37040)
Nets of generation 986 averaged: 12269.9 (top score: 49240)
Nets of generation 987 averaged: 12329.9 (top score: 59716)
Nets of generation 988 averaged: 12484.5 (top score: 59752)
Nets of generation 989 averaged: 12483.8 (top score: 56748)
Nets of generation 990 averaged: 12292.3 (top score: 58716)
Nets of generation 991 averaged: 12887.9 (top score: 55976)
Nets of generation 992 averaged: 13092.4 (top score: 49820)
Nets of generation 993 averaged: 13418.1 (top score: 51460)
Nets of generation 994 averaged: 12626.7 (top score: 61196)
Nets of generation 995 averaged: 12185.8 (top score: 51428)
Nets of generation 996 averaged: 11783.1 (top score: 57208)
Nets of generation 997 averaged: 12321.8 (top score: 49712)
Nets of generation 998 averaged: 11941.8 (top score: 51344)
Nets of generation 999 averaged: 12184.2 (top score: 52268)
Best score overall: 66032
