Initialized with: 
numGenerations: 1000
numNets: 100
numGamesPerNet: 10
netHiddenLayerSize: 64
chMode: h
Nets of generation 0 averaged: 1073.8 (top score: 5148)
Nets of generation 1 averaged: 1105.66 (top score: 5340)
Nets of generation 2 averaged: 1139.54 (top score: 5212)
Nets of generation 3 averaged: 1151.71 (top score: 7384)
Nets of generation 4 averaged: 1197.14 (top score: 5760)
Nets of generation 5 averaged: 1225.78 (top score: 5156)
Nets of generation 6 averaged: 1276.31 (top score: 5716)
Nets of generation 7 averaged: 1327.3 (top score: 7216)
Nets of generation 8 averaged: 1402.49 (top score: 5384)
Nets of generation 9 averaged: 1462.32 (top score: 7544)
Nets of generation 10 averaged: 1457.86 (top score: 7836)
Nets of generation 11 averaged: 1550.47 (top score: 7752)
Nets of generation 12 averaged: 1518.75 (top score: 6892)
Nets of generation 13 averaged: 1569.36 (top score: 6344)
Nets of generation 14 averaged: 1561.22 (top score: 6168)
Nets of generation 15 averaged: 1593.38 (top score: 6472)
Nets of generation 16 averaged: 1748.48 (top score: 7608)
Nets of generation 17 averaged: 1709.26 (top score: 7396)
Nets of generation 18 averaged: 1728.32 (top score: 7352)
Nets of generation 19 averaged: 1722.55 (top score: 9656)
Nets of generation 20 averaged: 1783.6 (top score: 7632)
Nets of generation 21 averaged: 1882.78 (top score: 7544)
Nets of generation 22 averaged: 1883.16 (top score: 7124)
Nets of generation 23 averaged: 2016.17 (top score: 7492)
Nets of generation 24 averaged: 1959.27 (top score: 8004)
Nets of generation 25 averaged: 1926.34 (top score: 7112)
Nets of generation 26 averaged: 1985.55 (top score: 7248)
Nets of generation 27 averaged: 2028.56 (top score: 6912)
Nets of generation 28 averaged: 2021.08 (top score: 7892)
Nets of generation 29 averaged: 1930.05 (top score: 6680)
Nets of generation 30 averaged: 2065.73 (top score: 6896)
Nets of generation 31 averaged: 2067.89 (top score: 10196)
Nets of generation 32 averaged: 2095.36 (top score: 7388)
Nets of generation 33 averaged: 2070.44 (top score: 8420)
Nets of generation 34 averaged: 2094.23 (top score: 7508)
Nets of generation 35 averaged: 2090.47 (top score: 7452)
Nets of generation 36 averaged: 2001.84 (top score: 8384)
Nets of generation 37 averaged: 2067.32 (top score: 6604)
Nets of generation 38 averaged: 2077.62 (top score: 7528)
Nets of generation 39 averaged: 2012.16 (top score: 7764)
Nets of generation 40 averaged: 1997.82 (top score: 7248)
Nets of generation 41 averaged: 2083.82 (top score: 8292)
Nets of generation 42 averaged: 2076.72 (top score: 7712)
Nets of generation 43 averaged: 2082.21 (top score: 10072)
Nets of generation 44 averaged: 2091.74 (top score: 8064)
Nets of generation 45 averaged: 2170.71 (top score: 7476)
Nets of generation 46 averaged: 2153.45 (top score: 7912)
Nets of generation 47 averaged: 2233.57 (top score: 8176)
Nets of generation 48 averaged: 2226.57 (top score: 7872)
Nets of generation 49 averaged: 2149.15 (top score: 8072)
Nets of generation 50 averaged: 2191.66 (top score: 7180)
Nets of generation 51 averaged: 2293.04 (top score: 9904)
Nets of generation 52 averaged: 2161.78 (top score: 7232)
Nets of generation 53 averaged: 2109.43 (top score: 11248)
Nets of generation 54 averaged: 2164.92 (top score: 8528)
Nets of generation 55 averaged: 2259.07 (top score: 7376)
Nets of generation 56 averaged: 2312.16 (top score: 10392)
Nets of generation 57 averaged: 2197.93 (top score: 7144)
Nets of generation 58 averaged: 2293.33 (top score: 10776)
Nets of generation 59 averaged: 2213.28 (top score: 7412)
Nets of generation 60 averaged: 2240.26 (top score: 7180)
Nets of generation 61 averaged: 2141.04 (top score: 7324)
Nets of generation 62 averaged: 2230.55 (top score: 7964)
Nets of generation 63 averaged: 2237.5 (top score: 10328)
Nets of generation 64 averaged: 2131.61 (top score: 7344)
Nets of generation 65 averaged: 2157.12 (top score: 10860)
Nets of generation 66 averaged: 2279.66 (top score: 8068)
Nets of generation 67 averaged: 2171.5 (top score: 10712)
Nets of generation 68 averaged: 2195.64 (top score: 11640)
Nets of generation 69 averaged: 2229.86 (top score: 7064)
Nets of generation 70 averaged: 2277.27 (top score: 11284)
Nets of generation 71 averaged: 2221.13 (top score: 10432)
Nets of generation 72 averaged: 2352.78 (top score: 7580)
Nets of generation 73 averaged: 2264.46 (top score: 10676)
Nets of generation 74 averaged: 2203.68 (top score: 7172)
Nets of generation 75 averaged: 2192.92 (top score: 7116)
Nets of generation 76 averaged: 2316.98 (top score: 10268)
Nets of generation 77 averaged: 2193.24 (top score: 9460)
Nets of generation 78 averaged: 2214.31 (top score: 7500)
Nets of generation 79 averaged: 2241.33 (top score: 8448)
Nets of generation 80 averaged: 2259.16 (top score: 9908)
Nets of generation 81 averaged: 2327.6 (top score: 11416)
Nets of generation 82 averaged: 2255.55 (top score: 7948)
Nets of generation 83 averaged: 2347.44 (top score: 10684)
Nets of generation 84 averaged: 2192.69 (top score: 7676)
Nets of generation 85 averaged: 2229.51 (top score: 11880)
Nets of generation 86 averaged: 2187.91 (top score: 9904)
Nets of generation 87 averaged: 2158.56 (top score: 7284)
Nets of generation 88 averaged: 2253.23 (top score: 10748)
Nets of generation 89 averaged: 2259.18 (top score: 7744)
Nets of generation 90 averaged: 2341.1 (top score: 7296)
Nets of generation 91 averaged: 2295.48 (top score: 10544)
Nets of generation 92 averaged: 2350.4 (top score: 10036)
Nets of generation 93 averaged: 2380.05 (top score: 7724)
Nets of generation 94 averaged: 2419.16 (top score: 11268)
Nets of generation 95 averaged: 2365.11 (top score: 7956)
Nets of generation 96 averaged: 2484.34 (top score: 11220)
Nets of generation 97 averaged: 2501.06 (top score: 10392)
Nets of generation 98 averaged: 2399.62 (top score: 9736)
Nets of generation 99 averaged: 2475.7 (top score: 8116)
Nets of generation 100 averaged: 2368.18 (top score: 10908)
Nets of generation 101 averaged: 2497.71 (top score: 12384)
Nets of generation 102 averaged: 2544.18 (top score: 10468)
Nets of generation 103 averaged: 2501.16 (top score: 15192)
Nets of generation 104 averaged: 2440.1 (top score: 7892)
Nets of generation 105 averaged: 2511.94 (top score: 11076)
Nets of generation 106 averaged: 2524.76 (top score: 12660)
Nets of generation 107 averaged: 2407.36 (top score: 11828)
Nets of generation 108 averaged: 2551.56 (top score: 10492)
Nets of generation 109 averaged: 2456.11 (top score: 10616)
Nets of generation 110 averaged: 2576.87 (top score: 12376)
Nets of generation 111 averaged: 2522.18 (top score: 10236)
Nets of generation 112 averaged: 2500.16 (top score: 12024)
Nets of generation 113 averaged: 2528.66 (top score: 12144)
Nets of generation 114 averaged: 2595.74 (top score: 12072)
Nets of generation 115 averaged: 2624 (top score: 11348)
Nets of generation 116 averaged: 2609.9 (top score: 12392)
Nets of generation 117 averaged: 2670.3 (top score: 10548)
Nets of generation 118 averaged: 2735.44 (top score: 10512)
Nets of generation 119 averaged: 2756.1 (top score: 12492)
Nets of generation 120 averaged: 2657.82 (top score: 11628)
Nets of generation 121 averaged: 2563.81 (top score: 9892)
Nets of generation 122 averaged: 2664.77 (top score: 12076)
Nets of generation 123 averaged: 2588.33 (top score: 8232)
Nets of generation 124 averaged: 2631.4 (top score: 12240)
Nets of generation 125 averaged: 2638.33 (top score: 11528)
Nets of generation 126 averaged: 2602.18 (top score: 12204)
Nets of generation 127 averaged: 2644.73 (top score: 12472)
Nets of generation 128 averaged: 2555.1 (top score: 11380)
Nets of generation 129 averaged: 2551.37 (top score: 11228)
Nets of generation 130 averaged: 2541.24 (top score: 7780)
Nets of generation 131 averaged: 2428.7 (top score: 10136)
Nets of generation 132 averaged: 2586.82 (top score: 10668)
Nets of generation 133 averaged: 2594.37 (top score: 11552)
Nets of generation 134 averaged: 2618.06 (top score: 12052)
Nets of generation 135 averaged: 2663.78 (top score: 11640)
Nets of generation 136 averaged: 2560.92 (top score: 11040)
Nets of generation 137 averaged: 2606.72 (top score: 11808)
Nets of generation 138 averaged: 2617.87 (top score: 11220)
Nets of generation 139 averaged: 2703.29 (top score: 14468)
Nets of generation 140 averaged: 2726.64 (top score: 12516)
Nets of generation 141 averaged: 2724.91 (top score: 10832)
Nets of generation 142 averaged: 2541.58 (top score: 8484)
Nets of generation 143 averaged: 2622.12 (top score: 11004)
Nets of generation 144 averaged: 2777.88 (top score: 12192)
Nets of generation 145 averaged: 2746.44 (top score: 11280)
Nets of generation 146 averaged: 2677.15 (top score: 10704)
Nets of generation 147 averaged: 2722.68 (top score: 8128)
Nets of generation 148 averaged: 2784.14 (top score: 10832)
Nets of generation 149 averaged: 2858.14 (top score: 11296)
Nets of generation 150 averaged: 2771.73 (top score: 12512)
Nets of generation 151 averaged: 2686.62 (top score: 10004)
Nets of generation 152 averaged: 2728.92 (top score: 11792)
Nets of generation 153 averaged: 2725.16 (top score: 10224)
Nets of generation 154 averaged: 2771.05 (top score: 12180)
Nets of generation 155 averaged: 2619.5 (top score: 10596)
Nets of generation 156 averaged: 2667.97 (top score: 12640)
Nets of generation 157 averaged: 2760.97 (top score: 12632)
Nets of generation 158 averaged: 2585.65 (top score: 11748)
Nets of generation 159 averaged: 2781.16 (top score: 11492)
Nets of generation 160 averaged: 2754.88 (top score: 10372)
Nets of generation 161 averaged: 2851.84 (top score: 9540)
Nets of generation 162 averaged: 2756.5 (top score: 11960)
Nets of generation 163 averaged: 2741.19 (top score: 7984)
Nets of generation 164 averaged: 2771.26 (top score: 9712)
Nets of generation 165 averaged: 2731.04 (top score: 12536)
Nets of generation 166 averaged: 2786.36 (top score: 9556)
Nets of generation 167 averaged: 2818.31 (top score: 13112)
Nets of generation 168 averaged: 2767.14 (top score: 13840)
Nets of generation 169 averaged: 2816.59 (top score: 12136)
Nets of generation 170 averaged: 2767.42 (top score: 14516)
Nets of generation 171 averaged: 2710.68 (top score: 11736)
Nets of generation 172 averaged: 2700.59 (top score: 10336)
Nets of generation 173 averaged: 2785.72 (top score: 12640)
Nets of generation 174 averaged: 2787.18 (top score: 12004)
Nets of generation 175 averaged: 2852.25 (top score: 13072)
Nets of generation 176 averaged: 2683.72 (top score: 15180)
Nets of generation 177 averaged: 2750.76 (top score: 12508)
Nets of generation 178 averaged: 2901.4 (top score: 11456)
Nets of generation 179 averaged: 2824.16 (top score: 12660)
Nets of generation 180 averaged: 2969.78 (top score: 12172)
Nets of generation 181 averaged: 2803.8 (top score: 11768)
Nets of generation 182 averaged: 2905.03 (top score: 12088)
Nets of generation 183 averaged: 2868.02 (top score: 13088)
Nets of generation 184 averaged: 2740.78 (top score: 15572)
Nets of generation 185 averaged: 2815.6 (top score: 12988)
Nets of generation 186 averaged: 2789.64 (top score: 12552)
Nets of generation 187 averaged: 2904.83 (top score: 11764)
Nets of generation 188 averaged: 2932.8 (top score: 12640)
Nets of generation 189 averaged: 3007.36 (top score: 12508)
Nets of generation 190 averaged: 2927.11 (top score: 15284)
Nets of generation 191 averaged: 2957.44 (top score: 13452)
Nets of generation 192 averaged: 2957.34 (top score: 15132)
Nets of generation 193 averaged: 2850.14 (top score: 11028)
Nets of generation 194 averaged: 2951.43 (top score: 10928)
Nets of generation 195 averaged: 2996.59 (top score: 12124)
Nets of generation 196 averaged: 2869.94 (top score: 12780)
Nets of generation 197 averaged: 2952.76 (top score: 11188)
Nets of generation 198 averaged: 2978.07 (top score: 10840)
Nets of generation 199 averaged: 2927.91 (top score: 11436)
Nets of generation 200 averaged: 3002.66 (top score: 11492)
Nets of generation 201 averaged: 2992.56 (top score: 11692)
Nets of generation 202 averaged: 2834.45 (top score: 11704)
Nets of generation 203 averaged: 2963.35 (top score: 13860)
Nets of generation 204 averaged: 3070.72 (top score: 11832)
Nets of generation 205 averaged: 2970.99 (top score: 10836)
Nets of generation 206 averaged: 2882.32 (top score: 14552)
Nets of generation 207 averaged: 2979.41 (top score: 10944)
Nets of generation 208 averaged: 2948.31 (top score: 12320)
Nets of generation 209 averaged: 3023.95 (top score: 12304)
Nets of generation 210 averaged: 3055.5 (top score: 10192)
Nets of generation 211 averaged: 3042.62 (top score: 12632)
Nets of generation 212 averaged: 3051.61 (top score: 12384)
Nets of generation 213 averaged: 3048.6 (top score: 12232)
Nets of generation 214 averaged: 2998.89 (top score: 12052)
Nets of generation 215 averaged: 2924.32 (top score: 12724)
Nets of generation 216 averaged: 3022.83 (top score: 12292)
Nets of generation 217 averaged: 3042.84 (top score: 12596)
Nets of generation 218 averaged: 2935.8 (top score: 14040)
Nets of generation 219 averaged: 3000.57 (top score: 16144)
Nets of generation 220 averaged: 2963.21 (top score: 11480)
Nets of generation 221 averaged: 2962.42 (top score: 10884)
Nets of generation 222 averaged: 2974.94 (top score: 12440)
Nets of generation 223 averaged: 2829.65 (top score: 11584)
Nets of generation 224 averaged: 2982.1 (top score: 12072)
Nets of generation 225 averaged: 2982.68 (top score: 10844)
Nets of generation 226 averaged: 3014.86 (top score: 10072)
Nets of generation 227 averaged: 2933.43 (top score: 12228)
Nets of generation 228 averaged: 2950.55 (top score: 12460)
Nets of generation 229 averaged: 2866.95 (top score: 7700)
Nets of generation 230 averaged: 2956.17 (top score: 11820)
Nets of generation 231 averaged: 2920.5 (top score: 12444)
Nets of generation 232 averaged: 3015.99 (top score: 15596)
Nets of generation 233 averaged: 2960.99 (top score: 12776)
Nets of generation 234 averaged: 2926.76 (top score: 11352)
Nets of generation 235 averaged: 2968.26 (top score: 16040)
Nets of generation 236 averaged: 2954.28 (top score: 12540)
Nets of generation 237 averaged: 3072.71 (top score: 12320)
Nets of generation 238 averaged: 3110.13 (top score: 13524)
Nets of generation 239 averaged: 3098.66 (top score: 12832)
Nets of generation 240 averaged: 3109.77 (top score: 12340)
Nets of generation 241 averaged: 3160.85 (top score: 14240)
Nets of generation 242 averaged: 2977.04 (top score: 14524)
Nets of generation 243 averaged: 2931.22 (top score: 11748)
Nets of generation 244 averaged: 2954.72 (top score: 14488)
Nets of generation 245 averaged: 3052.36 (top score: 13432)
Nets of generation 246 averaged: 2898.58 (top score: 11096)
Nets of generation 247 averaged: 3033.3 (top score: 12048)
Nets of generation 248 averaged: 2904.91 (top score: 11956)
Nets of generation 249 averaged: 2936.39 (top score: 12620)
Nets of generation 250 averaged: 2886.59 (top score: 14620)
Nets of generation 251 averaged: 3004.97 (top score: 12128)
Nets of generation 252 averaged: 3044.65 (top score: 12840)
Nets of generation 253 averaged: 2862.29 (top score: 11960)
Nets of generation 254 averaged: 2892.11 (top score: 14804)
Nets of generation 255 averaged: 2954.1 (top score: 11316)
Nets of generation 256 averaged: 3045.2 (top score: 12044)
Nets of generation 257 averaged: 2961.99 (top score: 13380)
Nets of generation 258 averaged: 2941.13 (top score: 12112)
Nets of generation 259 averaged: 2981 (top score: 14484)
Nets of generation 260 averaged: 3007.36 (top score: 14360)
Nets of generation 261 averaged: 2866.18 (top score: 11736)
Nets of generation 262 averaged: 3032.42 (top score: 12732)
Nets of generation 263 averaged: 3037.64 (top score: 12408)
Nets of generation 264 averaged: 2990.54 (top score: 12364)
Nets of generation 265 averaged: 3018.22 (top score: 13460)
Nets of generation 266 averaged: 2957.84 (top score: 13584)
Nets of generation 267 averaged: 3064.25 (top score: 12216)
Nets of generation 268 averaged: 3002.67 (top score: 12184)
Nets of generation 269 averaged: 2993.92 (top score: 11344)
Nets of generation 270 averaged: 3003.94 (top score: 11868)
Nets of generation 271 averaged: 3012.36 (top score: 13412)
Nets of generation 272 averaged: 2960.28 (top score: 13740)
Nets of generation 273 averaged: 2884.22 (top score: 14804)
Nets of generation 274 averaged: 2961.2 (top score: 9436)
Nets of generation 275 averaged: 2936.43 (top score: 11816)
Nets of generation 276 averaged: 2979.46 (top score: 11460)
Nets of generation 277 averaged: 2928.67 (top score: 10908)
Nets of generation 278 averaged: 3021.35 (top score: 11804)
Nets of generation 279 averaged: 3032.58 (top score: 10260)
Nets of generation 280 averaged: 2962.29 (top score: 13724)
Nets of generation 281 averaged: 2931.67 (top score: 12500)
Nets of generation 282 averaged: 3073.1 (top score: 12312)
Nets of generation 283 averaged: 3018.4 (top score: 11572)
Nets of generation 284 averaged: 2947.24 (top score: 16232)
Nets of generation 285 averaged: 3051.07 (top score: 12420)
Nets of generation 286 averaged: 3098.5 (top score: 12628)
Nets of generation 287 averaged: 3055.73 (top score: 11792)
Nets of generation 288 averaged: 3117.06 (top score: 13712)
Nets of generation 289 averaged: 3075.25 (top score: 10444)
Nets of generation 290 averaged: 3220.59 (top score: 14140)
Nets of generation 291 averaged: 3187.68 (top score: 11756)
Nets of generation 292 averaged: 3047.8 (top score: 11512)
Nets of generation 293 averaged: 2991.76 (top score: 13524)
Nets of generation 294 averaged: 3062.04 (top score: 14520)
Nets of generation 295 averaged: 2975.48 (top score: 10540)
Nets of generation 296 averaged: 3111.98 (top score: 15120)
Nets of generation 297 averaged: 3056.26 (top score: 12232)
Nets of generation 298 averaged: 3095.1 (top score: 11132)
Nets of generation 299 averaged: 3039.59 (top score: 11856)
Nets of generation 300 averaged: 3006.46 (top score: 11456)
Nets of generation 301 averaged: 3113.6 (top score: 12468)
Nets of generation 302 averaged: 3184.43 (top score: 12572)
Nets of generation 303 averaged: 3270.84 (top score: 11880)
Nets of generation 304 averaged: 3204.19 (top score: 15492)
Nets of generation 305 averaged: 3301.35 (top score: 14840)
Nets of generation 306 averaged: 3333.42 (top score: 11356)
Nets of generation 307 averaged: 3280.32 (top score: 11420)
Nets of generation 308 averaged: 3242.28 (top score: 12504)
Nets of generation 309 averaged: 3191.25 (top score: 12352)
Nets of generation 310 averaged: 3313.78 (top score: 12808)
Nets of generation 311 averaged: 3372.28 (top score: 12004)
Nets of generation 312 averaged: 3301.27 (top score: 14896)
Nets of generation 313 averaged: 3308.1 (top score: 16468)
Nets of generation 314 averaged: 3230.46 (top score: 10916)
Nets of generation 315 averaged: 3265.04 (top score: 14692)
Nets of generation 316 averaged: 3257.56 (top score: 13388)
Nets of generation 317 averaged: 3388.09 (top score: 12176)
Nets of generation 318 averaged: 3366.54 (top score: 12180)
Nets of generation 319 averaged: 3401.91 (top score: 12308)
Nets of generation 320 averaged: 3325.59 (top score: 13560)
Nets of generation 321 averaged: 3307.09 (top score: 12624)
Nets of generation 322 averaged: 3196.5 (top score: 13852)
Nets of generation 323 averaged: 3424.22 (top score: 14584)
Nets of generation 324 averaged: 3245.99 (top score: 12560)
Nets of generation 325 averaged: 3228.06 (top score: 14444)
Nets of generation 326 averaged: 3277.62 (top score: 12292)
Nets of generation 327 averaged: 3348.39 (top score: 12220)
Nets of generation 328 averaged: 3445.43 (top score: 15508)
Nets of generation 329 averaged: 3395.41 (top score: 12948)
Nets of generation 330 averaged: 3495.65 (top score: 12444)
Nets of generation 331 averaged: 3270.95 (top score: 12476)
Nets of generation 332 averaged: 3305.46 (top score: 12900)
Nets of generation 333 averaged: 3387.28 (top score: 13580)
Nets of generation 334 averaged: 3343.85 (top score: 15004)
Nets of generation 335 averaged: 3252.75 (top score: 16220)
Nets of generation 336 averaged: 3265.25 (top score: 11904)
Nets of generation 337 averaged: 3306.26 (top score: 11116)
Nets of generation 338 averaged: 3243.12 (top score: 12396)
Nets of generation 339 averaged: 3236.16 (top score: 13704)
Nets of generation 340 averaged: 3136.33 (top score: 11052)
Nets of generation 341 averaged: 3264.89 (top score: 15308)
Nets of generation 342 averaged: 3281.36 (top score: 12172)
Nets of generation 343 averaged: 3348.87 (top score: 14284)
Nets of generation 344 averaged: 3258.61 (top score: 12384)
Nets of generation 345 averaged: 3277.22 (top score: 15532)
Nets of generation 346 averaged: 3353.25 (top score: 15836)
Nets of generation 347 averaged: 3344.04 (top score: 13176)
Nets of generation 348 averaged: 3274.54 (top score: 12688)
Nets of generation 349 averaged: 3456.36 (top score: 13684)
Nets of generation 350 averaged: 3358.61 (top score: 12776)
Nets of generation 351 averaged: 3322.18 (top score: 11960)
Nets of generation 352 averaged: 3328.5 (top score: 12168)
Nets of generation 353 averaged: 3313.84 (top score: 14540)
Nets of generation 354 averaged: 3250.55 (top score: 12720)
Nets of generation 355 averaged: 3397.22 (top score: 14712)
Nets of generation 356 averaged: 3445.18 (top score: 12904)
Nets of generation 357 averaged: 3255.22 (top score: 12828)
Nets of generation 358 averaged: 3455.46 (top score: 13700)
Nets of generation 359 averaged: 3459.97 (top score: 13484)
Nets of generation 360 averaged: 3403.03 (top score: 12264)
Nets of generation 361 averaged: 3271.21 (top score: 12296)
Nets of generation 362 averaged: 3249.8 (top score: 11956)
Nets of generation 363 averaged: 3317.43 (top score: 15424)
Nets of generation 364 averaged: 3424.78 (top score: 14380)
Nets of generation 365 averaged: 3339.05 (top score: 12384)
Nets of generation 366 averaged: 3418.53 (top score: 12644)
Nets of generation 367 averaged: 3351.4 (top score: 15408)
Nets of generation 368 averaged: 3348.46 (top score: 15620)
Nets of generation 369 averaged: 3435.38 (top score: 12976)
Nets of generation 370 averaged: 3563.53 (top score: 14040)
Nets of generation 371 averaged: 3520.58 (top score: 12836)
Nets of generation 372 averaged: 3488.24 (top score: 12388)
Nets of generation 373 averaged: 3558.98 (top score: 14628)
Nets of generation 374 averaged: 3387.9 (top score: 15332)
Nets of generation 375 averaged: 3465.93 (top score: 12496)
Nets of generation 376 averaged: 3611.54 (top score: 14564)
Nets of generation 377 averaged: 3526.68 (top score: 12200)
Nets of generation 378 averaged: 3531 (top score: 12332)
Nets of generation 379 averaged: 3557.38 (top score: 14076)
Nets of generation 380 averaged: 3613.57 (top score: 12788)
Nets of generation 381 averaged: 3603.72 (top score: 15564)
Nets of generation 382 averaged: 3727.83 (top score: 13092)
Nets of generation 383 averaged: 3719.04 (top score: 14624)
Nets of generation 384 averaged: 3805.34 (top score: 13872)
Nets of generation 385 averaged: 3578.21 (top score: 12456)
Nets of generation 386 averaged: 3871.28 (top score: 14444)
Nets of generation 387 averaged: 3559.39 (top score: 12828)
Nets of generation 388 averaged: 3692.88 (top score: 12896)
Nets of generation 389 averaged: 3643.91 (top score: 16328)
Nets of generation 390 averaged: 3761.62 (top score: 15276)
Nets of generation 391 averaged: 3694.29 (top score: 14348)
Nets of generation 392 averaged: 3741.08 (top score: 13192)
Nets of generation 393 averaged: 3630.88 (top score: 12712)
Nets of generation 394 averaged: 3575.38 (top score: 12656)
Nets of generation 395 averaged: 3645.62 (top score: 12308)
Nets of generation 396 averaged: 3744.51 (top score: 14796)
Nets of generation 397 averaged: 3586.96 (top score: 12896)
Nets of generation 398 averaged: 3576.84 (top score: 14736)
Nets of generation 399 averaged: 3544.89 (top score: 15012)
Nets of generation 400 averaged: 3723.76 (top score: 12560)
Nets of generation 401 averaged: 3608.62 (top score: 13156)
Nets of generation 402 averaged: 3641.5 (top score: 14416)
Nets of generation 403 averaged: 3520.3 (top score: 12508)
Nets of generation 404 averaged: 3501.7 (top score: 13116)
Nets of generation 405 averaged: 3618.61 (top score: 13288)
Nets of generation 406 averaged: 3622.57 (top score: 14388)
Nets of generation 407 averaged: 3700.25 (top score: 13108)
Nets of generation 408 averaged: 3644.91 (top score: 15472)
Nets of generation 409 averaged: 3768.42 (top score: 15832)
Nets of generation 410 averaged: 3528.45 (top score: 13068)
Nets of generation 411 averaged: 3670.32 (top score: 12396)
Nets of generation 412 averaged: 3484.2 (top score: 12752)
Nets of generation 413 averaged: 3533.59 (top score: 12924)
Nets of generation 414 averaged: 3514.16 (top score: 12836)
Nets of generation 415 averaged: 3643.8 (top score: 12492)
Nets of generation 416 averaged: 3699.18 (top score: 12696)
Nets of generation 417 averaged: 3458.77 (top score: 13152)
Nets of generation 418 averaged: 3402.39 (top score: 12628)
Nets of generation 419 averaged: 3383.14 (top score: 14052)
Nets of generation 420 averaged: 3619.02 (top score: 15372)
Nets of generation 421 averaged: 3583.41 (top score: 14484)
Nets of generation 422 averaged: 3577.04 (top score: 14116)
Nets of generation 423 averaged: 3474.57 (top score: 13548)
Nets of generation 424 averaged: 3457.81 (top score: 13620)
Nets of generation 425 averaged: 3545.82 (top score: 15700)
Nets of generation 426 averaged: 3518.94 (top score: 12424)
Nets of generation 427 averaged: 3534.54 (top score: 12592)
Nets of generation 428 averaged: 3619.03 (top score: 13888)
Nets of generation 429 averaged: 3415.44 (top score: 14776)
Nets of generation 430 averaged: 3626.94 (top score: 14356)
Nets of generation 431 averaged: 3533.83 (top score: 15788)
Nets of generation 432 averaged: 3633.26 (top score: 15364)
Nets of generation 433 averaged: 3315.9 (top score: 14604)
Nets of generation 434 averaged: 3585.43 (top score: 13208)
Nets of generation 435 averaged: 3484.78 (top score: 12444)
Nets of generation 436 averaged: 3516.44 (top score: 16008)
Nets of generation 437 averaged: 3647.9 (top score: 13772)
Nets of generation 438 averaged: 3642.42 (top score: 12208)
Nets of generation 439 averaged: 3521.41 (top score: 12912)
Nets of generation 440 averaged: 3779.77 (top score: 15128)
Nets of generation 441 averaged: 3702.74 (top score: 14152)
Nets of generation 442 averaged: 3643.59 (top score: 12652)
Nets of generation 443 averaged: 3692.15 (top score: 12796)
Nets of generation 444 averaged: 3722.47 (top score: 14348)
Nets of generation 445 averaged: 3594.51 (top score: 14100)
Nets of generation 446 averaged: 3558.1 (top score: 13212)
Nets of generation 447 averaged: 3575.68 (top score: 15856)
Nets of generation 448 averaged: 3648.94 (top score: 13096)
Nets of generation 449 averaged: 3604.58 (top score: 13620)
Nets of generation 450 averaged: 3546.72 (top score: 12460)
Nets of generation 451 averaged: 3629.34 (top score: 14336)
Nets of generation 452 averaged: 3588.4 (top score: 15072)
Nets of generation 453 averaged: 3614.85 (top score: 13868)
Nets of generation 454 averaged: 3791.26 (top score: 14044)
Nets of generation 455 averaged: 3565.86 (top score: 12408)
Nets of generation 456 averaged: 3616.81 (top score: 13764)
Nets of generation 457 averaged: 3632.64 (top score: 12864)
Nets of generation 458 averaged: 3695.57 (top score: 13184)
Nets of generation 459 averaged: 3698.02 (top score: 15696)
Nets of generation 460 averaged: 3732.68 (top score: 12680)
Nets of generation 461 averaged: 3672.64 (top score: 13636)
Nets of generation 462 averaged: 3700.62 (top score: 12904)
Nets of generation 463 averaged: 3690.68 (top score: 13816)
Nets of generation 464 averaged: 3576.13 (top score: 13200)
Nets of generation 465 averaged: 3514.17 (top score: 11136)
Nets of generation 466 averaged: 3639.94 (top score: 12936)
Nets of generation 467 averaged: 3610.76 (top score: 12800)
Nets of generation 468 averaged: 3549.24 (top score: 12528)
Nets of generation 469 averaged: 3585.32 (top score: 11820)
Nets of generation 470 averaged: 3591.47 (top score: 12852)
Nets of generation 471 averaged: 3713.87 (top score: 15668)
Nets of generation 472 averaged: 3500.41 (top score: 12968)
Nets of generation 473 averaged: 3627.15 (top score: 12996)
Nets of generation 474 averaged: 3688.89 (top score: 15388)
Nets of generation 475 averaged: 3585.87 (top score: 12336)
Nets of generation 476 averaged: 3514.54 (top score: 13184)
Nets of generation 477 averaged: 3539.12 (top score: 12364)
Nets of generation 478 averaged: 3476.94 (top score: 12492)
Nets of generation 479 averaged: 3652.66 (top score: 15168)
Nets of generation 480 averaged: 3604.2 (top score: 14472)
Nets of generation 481 averaged: 3596.64 (top score: 14544)
Nets of generation 482 averaged: 3760.01 (top score: 14016)
Nets of generation 483 averaged: 3433.48 (top score: 15448)
Nets of generation 484 averaged: 3632.65 (top score: 16256)
Nets of generation 485 averaged: 3493.93 (top score: 12072)
Nets of generation 486 averaged: 3586.81 (top score: 13232)
Nets of generation 487 averaged: 3557.92 (top score: 16000)
Nets of generation 488 averaged: 3616.12 (top score: 13744)
Nets of generation 489 averaged: 3640.37 (top score: 12548)
Nets of generation 490 averaged: 3660.46 (top score: 15164)
Nets of generation 491 averaged: 3642.08 (top score: 15192)
Nets of generation 492 averaged: 3553.37 (top score: 13904)
Nets of generation 493 averaged: 3636.52 (top score: 15596)
Nets of generation 494 averaged: 3733.74 (top score: 13116)
Nets of generation 495 averaged: 3522.99 (top score: 14480)
Nets of generation 496 averaged: 3501.35 (top score: 12836)
Nets of generation 497 averaged: 3466.07 (top score: 11432)
Nets of generation 498 averaged: 3608.54 (top score: 15460)
Nets of generation 499 averaged: 3516.28 (top score: 13572)
Nets of generation 500 averaged: 3563.19 (top score: 12400)
Nets of generation 501 averaged: 3515.01 (top score: 13024)
Nets of generation 502 averaged: 3601.07 (top score: 14516)
Nets of generation 503 averaged: 3717.76 (top score: 12852)
Nets of generation 504 averaged: 3697.01 (top score: 14104)
Nets of generation 505 averaged: 3675.74 (top score: 12468)
Nets of generation 506 averaged: 3630.84 (top score: 11972)
Nets of generation 507 averaged: 3708.45 (top score: 14532)
Nets of generation 508 averaged: 3663.92 (top score: 13224)
Nets of generation 509 averaged: 3659.77 (top score: 13076)
Nets of generation 510 averaged: 3589.96 (top score: 12520)
Nets of generation 511 averaged: 3643.08 (top score: 14388)
Nets of generation 512 averaged: 3696.3 (top score: 13100)
Nets of generation 513 averaged: 3530.62 (top score: 14648)
Nets of generation 514 averaged: 3608.21 (top score: 14008)
Nets of generation 515 averaged: 3553.8 (top score: 15316)
Nets of generation 516 averaged: 3435.63 (top score: 12060)
Nets of generation 517 averaged: 3487.09 (top score: 11888)
Nets of generation 518 averaged: 3510.58 (top score: 12180)
Nets of generation 519 averaged: 3463.15 (top score: 12176)
Nets of generation 520 averaged: 3455.17 (top score: 12460)
Nets of generation 521 averaged: 3446.82 (top score: 10388)
Nets of generation 522 averaged: 3587.74 (top score: 12196)
Nets of generation 523 averaged: 3508.49 (top score: 11968)
Nets of generation 524 averaged: 3528.41 (top score: 14084)
Nets of generation 525 averaged: 3538.43 (top score: 13988)
Nets of generation 526 averaged: 3545.71 (top score: 12996)
Nets of generation 527 averaged: 3445.8 (top score: 13852)
Nets of generation 528 averaged: 3449.13 (top score: 11772)
Nets of generation 529 averaged: 3529.6 (top score: 14648)
Nets of generation 530 averaged: 3459.18 (top score: 12376)
Nets of generation 531 averaged: 3505.54 (top score: 14128)
Nets of generation 532 averaged: 3477.76 (top score: 15200)
Nets of generation 533 averaged: 3574.77 (top score: 14552)
Nets of generation 534 averaged: 3557.66 (top score: 12748)
Nets of generation 535 averaged: 3549.86 (top score: 16280)
Nets of generation 536 averaged: 3568 (top score: 14584)
Nets of generation 537 averaged: 3603.3 (top score: 10776)
Nets of generation 538 averaged: 3636.3 (top score: 14560)
Nets of generation 539 averaged: 3803.38 (top score: 16248)
Nets of generation 540 averaged: 3651.05 (top score: 12488)
Nets of generation 541 averaged: 3894.66 (top score: 12536)
Nets of generation 542 averaged: 3764.5 (top score: 14540)
Nets of generation 543 averaged: 3915.34 (top score: 16088)
Nets of generation 544 averaged: 3843.41 (top score: 15684)
Nets of generation 545 averaged: 3861.88 (top score: 15536)
Nets of generation 546 averaged: 3864.8 (top score: 15488)
Nets of generation 547 averaged: 3827.66 (top score: 13864)
Nets of generation 548 averaged: 3863.43 (top score: 14380)
Nets of generation 549 averaged: 3949.08 (top score: 15908)
Nets of generation 550 averaged: 3719.36 (top score: 15332)
Nets of generation 551 averaged: 3660.91 (top score: 14776)
Nets of generation 552 averaged: 3657.87 (top score: 16004)
Nets of generation 553 averaged: 3742.74 (top score: 14628)
Nets of generation 554 averaged: 3755.76 (top score: 14684)
Nets of generation 555 averaged: 3673.84 (top score: 14804)
Nets of generation 556 averaged: 3732.98 (top score: 12272)
Nets of generation 557 averaged: 3778.86 (top score: 13300)
Nets of generation 558 averaged: 3682.47 (top score: 12976)
Nets of generation 559 averaged: 3674.73 (top score: 15332)
Nets of generation 560 averaged: 3797.4 (top score: 13996)
Nets of generation 561 averaged: 3775.65 (top score: 13880)
Nets of generation 562 averaged: 3745.33 (top score: 12992)
Nets of generation 563 averaged: 3720.14 (top score: 15616)
Nets of generation 564 averaged: 3872.87 (top score: 20796)
Nets of generation 565 averaged: 3713.59 (top score: 15652)
Nets of generation 566 averaged: 3727.35 (top score: 15692)
Nets of generation 567 averaged: 3818.23 (top score: 16384)
Nets of generation 568 averaged: 3757.5 (top score: 13236)
Nets of generation 569 averaged: 3848.16 (top score: 15200)
Nets of generation 570 averaged: 3878.82 (top score: 15684)
Nets of generation 571 averaged: 3807.44 (top score: 16752)
Nets of generation 572 averaged: 3737.87 (top score: 12456)
Nets of generation 573 averaged: 3858.4 (top score: 14476)
Nets of generation 574 averaged: 3960.01 (top score: 16080)
Nets of generation 575 averaged: 3739.94 (top score: 13852)
Nets of generation 576 averaged: 3799.23 (top score: 16936)
Nets of generation 577 averaged: 3947.85 (top score: 13428)
Nets of generation 578 averaged: 3779.43 (top score: 13876)
Nets of generation 579 averaged: 3803.1 (top score: 15292)
Nets of generation 580 averaged: 3667.62 (top score: 11040)
Nets of generation 581 averaged: 3684.38 (top score: 14372)
Nets of generation 582 averaged: 3849.58 (top score: 13900)
Nets of generation 583 averaged: 3633.31 (top score: 12408)
Nets of generation 584 averaged: 3694.07 (top score: 14996)
Nets of generation 585 averaged: 3678.37 (top score: 13180)
Nets of generation 586 averaged: 3598.18 (top score: 14620)
Nets of generation 587 averaged: 3720.15 (top score: 12880)
Nets of generation 588 averaged: 3774.08 (top score: 13840)
Nets of generation 589 averaged: 3654.64 (top score: 14652)
Nets of generation 590 averaged: 3727.5 (top score: 15904)
Nets of generation 591 averaged: 3557.74 (top score: 12380)
Nets of generation 592 averaged: 3928.79 (top score: 14000)
Nets of generation 593 averaged: 3681.5 (top score: 12584)
Nets of generation 594 averaged: 3776.64 (top score: 14764)
Nets of generation 595 averaged: 3700.55 (top score: 14248)
Nets of generation 596 averaged: 3575.8 (top score: 12872)
Nets of generation 597 averaged: 3691.14 (top score: 15436)
Nets of generation 598 averaged: 3725.87 (top score: 15364)
Nets of generation 599 averaged: 3696.77 (top score: 12948)
Nets of generation 600 averaged: 3707.73 (top score: 15196)
Nets of generation 601 averaged: 3716.91 (top score: 13132)
Nets of generation 602 averaged: 3743.64 (top score: 12348)
Nets of generation 603 averaged: 3755.67 (top score: 12332)
Nets of generation 604 averaged: 3828.52 (top score: 14040)
Nets of generation 605 averaged: 3632.36 (top score: 12524)
Nets of generation 606 averaged: 3575.06 (top score: 11844)
Nets of generation 607 averaged: 3666.95 (top score: 15100)
Nets of generation 608 averaged: 3624.15 (top score: 12272)
Nets of generation 609 averaged: 3632.82 (top score: 12300)
Nets of generation 610 averaged: 3730 (top score: 13976)
Nets of generation 611 averaged: 3672.51 (top score: 14868)
Nets of generation 612 averaged: 3587.2 (top score: 14592)
Nets of generation 613 averaged: 3676.06 (top score: 12724)
Nets of generation 614 averaged: 3650.58 (top score: 12364)
Nets of generation 615 averaged: 3493.89 (top score: 12820)
Nets of generation 616 averaged: 3509.87 (top score: 15272)
Nets of generation 617 averaged: 3529.97 (top score: 11660)
Nets of generation 618 averaged: 3422.9 (top score: 13016)
Nets of generation 619 averaged: 3485.02 (top score: 12280)
Nets of generation 620 averaged: 3503.07 (top score: 14548)
Nets of generation 621 averaged: 3446.56 (top score: 11628)
Nets of generation 622 averaged: 3528.26 (top score: 12280)
Nets of generation 623 averaged: 3562.06 (top score: 12952)
Nets of generation 624 averaged: 3530.92 (top score: 13588)
Nets of generation 625 averaged: 3544.74 (top score: 13512)
Nets of generation 626 averaged: 3698.95 (top score: 15444)
Nets of generation 627 averaged: 3519.44 (top score: 12780)
Nets of generation 628 averaged: 3625.38 (top score: 16136)
Nets of generation 629 averaged: 3554.81 (top score: 14636)
Nets of generation 630 averaged: 3654.29 (top score: 12696)
Nets of generation 631 averaged: 3755.92 (top score: 12924)
Nets of generation 632 averaged: 3734.9 (top score: 14060)
Nets of generation 633 averaged: 3733.43 (top score: 12636)
Nets of generation 634 averaged: 3749.59 (top score: 12252)
Nets of generation 635 averaged: 3798.38 (top score: 14708)
Nets of generation 636 averaged: 3740.11 (top score: 12496)
Nets of generation 637 averaged: 3729.61 (top score: 12564)
Nets of generation 638 averaged: 3718.79 (top score: 15312)
Nets of generation 639 averaged: 3805.84 (top score: 12896)
Nets of generation 640 averaged: 3884.64 (top score: 14888)
Nets of generation 641 averaged: 3956.82 (top score: 15640)
Nets of generation 642 averaged: 3813.69 (top score: 14776)
Nets of generation 643 averaged: 3823.9 (top score: 14308)
Nets of generation 644 averaged: 3771 (top score: 14512)
Nets of generation 645 averaged: 3713.26 (top score: 12988)
Nets of generation 646 averaged: 3768.51 (top score: 14920)
Nets of generation 647 averaged: 3854.8 (top score: 18012)
Nets of generation 648 averaged: 3779.83 (top score: 13360)
Nets of generation 649 averaged: 3696.98 (top score: 14616)
Nets of generation 650 averaged: 3790.71 (top score: 15464)
Nets of generation 651 averaged: 3683.49 (top score: 14488)
Nets of generation 652 averaged: 3695.31 (top score: 14564)
Nets of generation 653 averaged: 3705.45 (top score: 12428)
Nets of generation 654 averaged: 3704.12 (top score: 12008)
Nets of generation 655 averaged: 3772.5 (top score: 14044)
Nets of generation 656 averaged: 3806.98 (top score: 15604)
Nets of generation 657 averaged: 4011.41 (top score: 16384)
Nets of generation 658 averaged: 3794.64 (top score: 14756)
Nets of generation 659 averaged: 3839.07 (top score: 12944)
Nets of generation 660 averaged: 3748.76 (top score: 15596)
Nets of generation 661 averaged: 3882.61 (top score: 14508)
Nets of generation 662 averaged: 3749.42 (top score: 15244)
Nets of generation 663 averaged: 3776.11 (top score: 13172)
Nets of generation 664 averaged: 3763.78 (top score: 14564)
Nets of generation 665 averaged: 3861.38 (top score: 13208)
Nets of generation 666 averaged: 3746.37 (top score: 12560)
Nets of generation 667 averaged: 3834.29 (top score: 15320)
Nets of generation 668 averaged: 3736.58 (top score: 13876)
Nets of generation 669 averaged: 3710.02 (top score: 15684)
Nets of generation 670 averaged: 3811.82 (top score: 15176)
Nets of generation 671 averaged: 3810.5 (top score: 16236)
Nets of generation 672 averaged: 3703.99 (top score: 14460)
Nets of generation 673 averaged: 3794.43 (top score: 15536)
Nets of generation 674 averaged: 3747.68 (top score: 13588)
Nets of generation 675 averaged: 3670.29 (top score: 15392)
Nets of generation 676 averaged: 3762.06 (top score: 13128)
Nets of generation 677 averaged: 3590.72 (top score: 12308)
Nets of generation 678 averaged: 3598.2 (top score: 13072)
Nets of generation 679 averaged: 3437.82 (top score: 12252)
Nets of generation 680 averaged: 3646.41 (top score: 12388)
Nets of generation 681 averaged: 3584.02 (top score: 12924)
Nets of generation 682 averaged: 3674.77 (top score: 12664)
Nets of generation 683 averaged: 3764.12 (top score: 15360)
Nets of generation 684 averaged: 3622.05 (top score: 15372)
Nets of generation 685 averaged: 3670.48 (top score: 13876)
Nets of generation 686 averaged: 3674.44 (top score: 13964)
Nets of generation 687 averaged: 3775 (top score: 14288)
Nets of generation 688 averaged: 3602.97 (top score: 14064)
Nets of generation 689 averaged: 3692.9 (top score: 15280)
Nets of generation 690 averaged: 3734.4 (top score: 14812)
Nets of generation 691 averaged: 3683.24 (top score: 14664)
Nets of generation 692 averaged: 3733.7 (top score: 13180)
Nets of generation 693 averaged: 3680.67 (top score: 15080)
Nets of generation 694 averaged: 3744.22 (top score: 16108)
Nets of generation 695 averaged: 3651.02 (top score: 15308)
Nets of generation 696 averaged: 3680.78 (top score: 15384)
Nets of generation 697 averaged: 3739.39 (top score: 12748)
Nets of generation 698 averaged: 3690.08 (top score: 12548)
Nets of generation 699 averaged: 3652.92 (top score: 12924)
Nets of generation 700 averaged: 3549.28 (top score: 12936)
Nets of generation 701 averaged: 3677.61 (top score: 14596)
Nets of generation 702 averaged: 3594.47 (top score: 13932)
Nets of generation 703 averaged: 3587.27 (top score: 14064)
Nets of generation 704 averaged: 3621.14 (top score: 10932)
Nets of generation 705 averaged: 3788.81 (top score: 15948)
Nets of generation 706 averaged: 3704.68 (top score: 12216)
Nets of generation 707 averaged: 3697.29 (top score: 13188)
Nets of generation 708 averaged: 3668.65 (top score: 15220)
Nets of generation 709 averaged: 3774.15 (top score: 12884)
Nets of generation 710 averaged: 3892.81 (top score: 15328)
Nets of generation 711 averaged: 3800.73 (top score: 13212)
Nets of generation 712 averaged: 3776.74 (top score: 16000)
Nets of generation 713 averaged: 3708.54 (top score: 12492)
Nets of generation 714 averaged: 3829.25 (top score: 14492)
Nets of generation 715 averaged: 3740.5 (top score: 15156)
Nets of generation 716 averaged: 3630.75 (top score: 13148)
Nets of generation 717 averaged: 3673.99 (top score: 12260)
Nets of generation 718 averaged: 3783.9 (top score: 11924)
Nets of generation 719 averaged: 3603.4 (top score: 12520)
Nets of generation 720 averaged: 3629.36 (top score: 14472)
Nets of generation 721 averaged: 3663.99 (top score: 14120)
Nets of generation 722 averaged: 3658 (top score: 14688)
Nets of generation 723 averaged: 3632.9 (top score: 14552)
Nets of generation 724 averaged: 3622.21 (top score: 12812)
Nets of generation 725 averaged: 3825.76 (top score: 12812)
Nets of generation 726 averaged: 3650.19 (top score: 15632)
Nets of generation 727 averaged: 3783.83 (top score: 13396)
Nets of generation 728 averaged: 3777.27 (top score: 15124)
Nets of generation 729 averaged: 3746 (top score: 16248)
Nets of generation 730 averaged: 3656.86 (top score: 15484)
Nets of generation 731 averaged: 3702.12 (top score: 13496)
Nets of generation 732 averaged: 3617.72 (top score: 13140)
Nets of generation 733 averaged: 3539.57 (top score: 12904)
Nets of generation 734 averaged: 3616.36 (top score: 13972)
Nets of generation 735 averaged: 3714.73 (top score: 14112)
Nets of generation 736 averaged: 3633.3 (top score: 12620)
Nets of generation 737 averaged: 3553.4 (top score: 12512)
Nets of generation 738 averaged: 3560.92 (top score: 13496)
Nets of generation 739 averaged: 3527.41 (top score: 14412)
Nets of generation 740 averaged: 3512.01 (top score: 12392)
Nets of generation 741 averaged: 3580.08 (top score: 14756)
Nets of generation 742 averaged: 3568.22 (top score: 13664)
Nets of generation 743 averaged: 3514.17 (top score: 12784)
Nets of generation 744 averaged: 3558.32 (top score: 13788)
Nets of generation 745 averaged: 3443.02 (top score: 12644)
Nets of generation 746 averaged: 3566.51 (top score: 13028)
Nets of generation 747 averaged: 3585.62 (top score: 14340)
Nets of generation 748 averaged: 3622.18 (top score: 13124)
Nets of generation 749 averaged: 3515.11 (top score: 14308)
Nets of generation 750 averaged: 3673.7 (top score: 14496)
Nets of generation 751 averaged: 3811.66 (top score: 15392)
Nets of generation 752 averaged: 3794.96 (top score: 12488)
Nets of generation 753 averaged: 3698.66 (top score: 14344)
Nets of generation 754 averaged: 3710.56 (top score: 13952)
Nets of generation 755 averaged: 3719.52 (top score: 12412)
Nets of generation 756 averaged: 3856.94 (top score: 13080)
Nets of generation 757 averaged: 3843.04 (top score: 16812)
Nets of generation 758 averaged: 3808.23 (top score: 13652)
Nets of generation 759 averaged: 3918.24 (top score: 13724)
Nets of generation 760 averaged: 3742.03 (top score: 15496)
Nets of generation 761 averaged: 3779.65 (top score: 12476)
Nets of generation 762 averaged: 3812.72 (top score: 14232)
Nets of generation 763 averaged: 3787.93 (top score: 16276)
Nets of generation 764 averaged: 3866.66 (top score: 14708)
Nets of generation 765 averaged: 3806.27 (top score: 14508)
Nets of generation 766 averaged: 3873.97 (top score: 16104)
Nets of generation 767 averaged: 3929.81 (top score: 15268)
Nets of generation 768 averaged: 3892.16 (top score: 16096)
Nets of generation 769 averaged: 3794.02 (top score: 13000)
Nets of generation 770 averaged: 3970.6 (top score: 16140)
Nets of generation 771 averaged: 3948.67 (top score: 13832)
Nets of generation 772 averaged: 3832.63 (top score: 15912)
Nets of generation 773 averaged: 3800.18 (top score: 15200)
Nets of generation 774 averaged: 3755.51 (top score: 15664)
Nets of generation 775 averaged: 3621.67 (top score: 13980)
Nets of generation 776 averaged: 3634.5 (top score: 12324)
Nets of generation 777 averaged: 3854.43 (top score: 14676)
Nets of generation 778 averaged: 3771.94 (top score: 13532)
Nets of generation 779 averaged: 3836.56 (top score: 14912)
Nets of generation 780 averaged: 3795.19 (top score: 15496)
Nets of generation 781 averaged: 3801.55 (top score: 14544)
Nets of generation 782 averaged: 3747.38 (top score: 14044)
Nets of generation 783 averaged: 3795.6 (top score: 14016)
Nets of generation 784 averaged: 3691.37 (top score: 17200)
Nets of generation 785 averaged: 3923.54 (top score: 14516)
Nets of generation 786 averaged: 3741.52 (top score: 15604)
Nets of generation 787 averaged: 3767.23 (top score: 16352)
Nets of generation 788 averaged: 3784.15 (top score: 12768)
Nets of generation 789 averaged: 3957.01 (top score: 14412)
Nets of generation 790 averaged: 3768.66 (top score: 14492)
Nets of generation 791 averaged: 3772.87 (top score: 16024)
Nets of generation 792 averaged: 3762.82 (top score: 14536)
Nets of generation 793 averaged: 3735.02 (top score: 14784)
Nets of generation 794 averaged: 3832.13 (top score: 15768)
Nets of generation 795 averaged: 3779.03 (top score: 15952)
Nets of generation 796 averaged: 3765.62 (top score: 13000)
Nets of generation 797 averaged: 3866.04 (top score: 14492)
Nets of generation 798 averaged: 3784.48 (top score: 14688)
Nets of generation 799 averaged: 3779.76 (top score: 14752)
Nets of generation 800 averaged: 4020.67 (top score: 14632)
Nets of generation 801 averaged: 3879.84 (top score: 15616)
Nets of generation 802 averaged: 3893.84 (top score: 13552)
Nets of generation 803 averaged: 3786.32 (top score: 14580)
Nets of generation 804 averaged: 3973.86 (top score: 14896)
Nets of generation 805 averaged: 3959.77 (top score: 14892)
Nets of generation 806 averaged: 3788.89 (top score: 15492)
Nets of generation 807 averaged: 3764.36 (top score: 13924)
Nets of generation 808 averaged: 3839.11 (top score: 16388)
Nets of generation 809 averaged: 3750.02 (top score: 14036)
Nets of generation 810 averaged: 3778.14 (top score: 16204)
Nets of generation 811 averaged: 3810.45 (top score: 14528)
Nets of generation 812 averaged: 3777.78 (top score: 14820)
Nets of generation 813 averaged: 3858.5 (top score: 14564)
Nets of generation 814 averaged: 3753.8 (top score: 14988)
Nets of generation 815 averaged: 3895.18 (top score: 14540)
Nets of generation 816 averaged: 3919.26 (top score: 14980)
Nets of generation 817 averaged: 3781.26 (top score: 13892)
Nets of generation 818 averaged: 3844.34 (top score: 16416)
Nets of generation 819 averaged: 3848.14 (top score: 14616)
Nets of generation 820 averaged: 3846.09 (top score: 14348)
Nets of generation 821 averaged: 3816.41 (top score: 14132)
Nets of generation 822 averaged: 3853.99 (top score: 15976)
Nets of generation 823 averaged: 3819.2 (top score: 13644)
Nets of generation 824 averaged: 3818.32 (top score: 14508)
Nets of generation 825 averaged: 4032.43 (top score: 21464)
Nets of generation 826 averaged: 3841.6 (top score: 15380)
Nets of generation 827 averaged: 3773.88 (top score: 14400)
Nets of generation 828 averaged: 3820.31 (top score: 16408)
Nets of generation 829 averaged: 3866.18 (top score: 15048)
Nets of generation 830 averaged: 3755.62 (top score: 14088)
Nets of generation 831 averaged: 3748.86 (top score: 15488)
Nets of generation 832 averaged: 3790.69 (top score: 15432)
Nets of generation 833 averaged: 3826.73 (top score: 15100)
Nets of generation 834 averaged: 3779.44 (top score: 13624)
Nets of generation 835 averaged: 3645.68 (top score: 12884)
Nets of generation 836 averaged: 3823.38 (top score: 15344)
Nets of generation 837 averaged: 3742.47 (top score: 15144)
Nets of generation 838 averaged: 3714.59 (top score: 16116)
Nets of generation 839 averaged: 3772.06 (top score: 16432)
Nets of generation 840 averaged: 3742.1 (top score: 15332)
Nets of generation 841 averaged: 3839.82 (top score: 14144)
Nets of generation 842 averaged: 3803.3 (top score: 15472)
Nets of generation 843 averaged: 3669.46 (top score: 14140)
Nets of generation 844 averaged: 3645.88 (top score: 14636)
Nets of generation 845 averaged: 3776.36 (top score: 14052)
Nets of generation 846 averaged: 3665.33 (top score: 15980)
Nets of generation 847 averaged: 3607.94 (top score: 16492)
Nets of generation 848 averaged: 3635.68 (top score: 14436)
Nets of generation 849 averaged: 3695.36 (top score: 16104)
Nets of generation 850 averaged: 3603.13 (top score: 16396)
Nets of generation 851 averaged: 3577.24 (top score: 14704)
Nets of generation 852 averaged: 3730.41 (top score: 12812)
Nets of generation 853 averaged: 3572.07 (top score: 14628)
Nets of generation 854 averaged: 3492.84 (top score: 14488)
Nets of generation 855 averaged: 3529.15 (top score: 13896)
Nets of generation 856 averaged: 3490.25 (top score: 14488)
Nets of generation 857 averaged: 3686.08 (top score: 16272)
Nets of generation 858 averaged: 3577.48 (top score: 13600)
Nets of generation 859 averaged: 3581.61 (top score: 15620)
Nets of generation 860 averaged: 3649.19 (top score: 15372)
Nets of generation 861 averaged: 3561.97 (top score: 15736)
Nets of generation 862 averaged: 3759.24 (top score: 16084)
Nets of generation 863 averaged: 3650.48 (top score: 22512)
Nets of generation 864 averaged: 3677.16 (top score: 14872)
Nets of generation 865 averaged: 3658.92 (top score: 15568)
Nets of generation 866 averaged: 3659.13 (top score: 14448)
Nets of generation 867 averaged: 3625.88 (top score: 14452)
Nets of generation 868 averaged: 3582.98 (top score: 14540)
Nets of generation 869 averaged: 3530.03 (top score: 14424)
Nets of generation 870 averaged: 3771.65 (top score: 14528)
Nets of generation 871 averaged: 3553.94 (top score: 15924)
Nets of generation 872 averaged: 3585.1 (top score: 14692)
Nets of generation 873 averaged: 3489.31 (top score: 13540)
Nets of generation 874 averaged: 3412.88 (top score: 15364)
Nets of generation 875 averaged: 3680.37 (top score: 15144)
Nets of generation 876 averaged: 3550.77 (top score: 15816)
Nets of generation 877 averaged: 3516.29 (top score: 15232)
Nets of generation 878 averaged: 3517.96 (top score: 14656)
Nets of generation 879 averaged: 3469.48 (top score: 15504)
Nets of generation 880 averaged: 3458.2 (top score: 16032)
Nets of generation 881 averaged: 3691.59 (top score: 14244)
Nets of generation 882 averaged: 3622.7 (top score: 14308)
Nets of generation 883 averaged: 3573.24 (top score: 15412)
Nets of generation 884 averaged: 3535.44 (top score: 12900)
Nets of generation 885 averaged: 3483.42 (top score: 15984)
Nets of generation 886 averaged: 3558.72 (top score: 15024)
Nets of generation 887 averaged: 3668.67 (top score: 14928)
Nets of generation 888 averaged: 3656.73 (top score: 15476)
Nets of generation 889 averaged: 3660.92 (top score: 15320)
Nets of generation 890 averaged: 3609.77 (top score: 14688)
Nets of generation 891 averaged: 3625.38 (top score: 16496)
Nets of generation 892 averaged: 3735.98 (top score: 13228)
Nets of generation 893 averaged: 3657.36 (top score: 12536)
Nets of generation 894 averaged: 3732.81 (top score: 15060)
Nets of generation 895 averaged: 3688.79 (top score: 21184)
Nets of generation 896 averaged: 3828.9 (top score: 14860)
Nets of generation 897 averaged: 3666.52 (top score: 15400)
Nets of generation 898 averaged: 3770.17 (top score: 14744)
Nets of generation 899 averaged: 3719.74 (top score: 16172)
Nets of generation 900 averaged: 3740.82 (top score: 17812)
Nets of generation 901 averaged: 3816.07 (top score: 14396)
Nets of generation 902 averaged: 3814.57 (top score: 16848)
Nets of generation 903 averaged: 3795.59 (top score: 15244)
Nets of generation 904 averaged: 3892.4 (top score: 15656)
Nets of generation 905 averaged: 3872.27 (top score: 14016)
Nets of generation 906 averaged: 3863.26 (top score: 15040)
Nets of generation 907 averaged: 3660.98 (top score: 13544)
Nets of generation 908 averaged: 3826 (top score: 15352)
Nets of generation 909 averaged: 3703.26 (top score: 15840)
Nets of generation 910 averaged: 3620.68 (top score: 14724)
Nets of generation 911 averaged: 3772.33 (top score: 15204)
Nets of generation 912 averaged: 3677.52 (top score: 15052)
Nets of generation 913 averaged: 3641.06 (top score: 15916)
Nets of generation 914 averaged: 3819.47 (top score: 14328)
Nets of generation 915 averaged: 3773.48 (top score: 13400)
Nets of generation 916 averaged: 3770.52 (top score: 15228)
Nets of generation 917 averaged: 3842.52 (top score: 15260)
Nets of generation 918 averaged: 3795.82 (top score: 17012)
Nets of generation 919 averaged: 3836.59 (top score: 14416)
Nets of generation 920 averaged: 3901.72 (top score: 14948)
Nets of generation 921 averaged: 3618.96 (top score: 14380)
Nets of generation 922 averaged: 3842.46 (top score: 15932)
Nets of generation 923 averaged: 3755.85 (top score: 15228)
Nets of generation 924 averaged: 3760.62 (top score: 14536)
Nets of generation 925 averaged: 3728.97 (top score: 13036)
Nets of generation 926 averaged: 3746.58 (top score: 14612)
Nets of generation 927 averaged: 3648.49 (top score: 14400)
Nets of generation 928 averaged: 3782.22 (top score: 12268)
Nets of generation 929 averaged: 3853.54 (top score: 15548)
Nets of generation 930 averaged: 3613.08 (top score: 14444)
Nets of generation 931 averaged: 3848.64 (top score: 15448)
Nets of generation 932 averaged: 3704.02 (top score: 12756)
Nets of generation 933 averaged: 3749.81 (top score: 15188)
Nets of generation 934 averaged: 3841.98 (top score: 15308)
Nets of generation 935 averaged: 4025.42 (top score: 16124)
Nets of generation 936 averaged: 3895.48 (top score: 15140)
Nets of generation 937 averaged: 4023.26 (top score: 16188)
Nets of generation 938 averaged: 3822.34 (top score: 13056)
Nets of generation 939 averaged: 3741.63 (top score: 15364)
Nets of generation 940 averaged: 3793.35 (top score: 14340)
Nets of generation 941 averaged: 3904.74 (top score: 13704)
Nets of generation 942 averaged: 3869.57 (top score: 14416)
Nets of generation 943 averaged: 3934.5 (top score: 15508)
Nets of generation 944 averaged: 3878.27 (top score: 14736)
Nets of generation 945 averaged: 3903.33 (top score: 21500)
Nets of generation 946 averaged: 3809.24 (top score: 13348)
Nets of generation 947 averaged: 3898.72 (top score: 15680)
Nets of generation 948 averaged: 3882.96 (top score: 20904)
Nets of generation 949 averaged: 3770.72 (top score: 12560)
Nets of generation 950 averaged: 3892.32 (top score: 15348)
Nets of generation 951 averaged: 3846.01 (top score: 16480)
Nets of generation 952 averaged: 3948.13 (top score: 13636)
Nets of generation 953 averaged: 3742.4 (top score: 15212)
Nets of generation 954 averaged: 3922 (top score: 14448)
Nets of generation 955 averaged: 3930.8 (top score: 15148)
Nets of generation 956 averaged: 3826.98 (top score: 12480)
Nets of generation 957 averaged: 4021.85 (top score: 21548)
Nets of generation 958 averaged: 3799.94 (top score: 15284)
Nets of generation 959 averaged: 3848.35 (top score: 15452)
Nets of generation 960 averaged: 4034.11 (top score: 15480)
Nets of generation 961 averaged: 3985.76 (top score: 14468)
Nets of generation 962 averaged: 4009.88 (top score: 15572)
Nets of generation 963 averaged: 3982.07 (top score: 16244)
Nets of generation 964 averaged: 4016.1 (top score: 17808)
Nets of generation 965 averaged: 4074.86 (top score: 22220)
Nets of generation 966 averaged: 3844.2 (top score: 13576)
Nets of generation 967 averaged: 4005.95 (top score: 15644)
Nets of generation 968 averaged: 3856.47 (top score: 14600)
Nets of generation 969 averaged: 3926.21 (top score: 13808)
Nets of generation 970 averaged: 3871.44 (top score: 25488)
Nets of generation 971 averaged: 3957.68 (top score: 16384)
Nets of generation 972 averaged: 3844.67 (top score: 15032)
Nets of generation 973 averaged: 4033 (top score: 14748)
Nets of generation 974 averaged: 3973.29 (top score: 14664)
Nets of generation 975 averaged: 3940.7 (top score: 14736)
Nets of generation 976 averaged: 3917.87 (top score: 13520)
Nets of generation 977 averaged: 3854.7 (top score: 12392)
Nets of generation 978 averaged: 3932.99 (top score: 15444)
Nets of generation 979 averaged: 4014.36 (top score: 12892)
Nets of generation 980 averaged: 4125.88 (top score: 16956)
Nets of generation 981 averaged: 3900.04 (top score: 21848)
Nets of generation 982 averaged: 3933.3 (top score: 15584)
Nets of generation 983 averaged: 3911.82 (top score: 16600)
Nets of generation 984 averaged: 3956.2 (top score: 15320)
Nets of generation 985 averaged: 4017.04 (top score: 14492)
Nets of generation 986 averaged: 3974.04 (top score: 16532)
Nets of generation 987 averaged: 3931.92 (top score: 13988)
Nets of generation 988 averaged: 3929.18 (top score: 14456)
Nets of generation 989 averaged: 3905.88 (top score: 16188)
Nets of generation 990 averaged: 3873.74 (top score: 15380)
Nets of generation 991 averaged: 3953.25 (top score: 14604)
Nets of generation 992 averaged: 3786.52 (top score: 16188)
Nets of generation 993 averaged: 3914.2 (top score: 15716)
Nets of generation 994 averaged: 3827 (top score: 15716)
Nets of generation 995 averaged: 3930.09 (top score: 15188)
Nets of generation 996 averaged: 3834.45 (top score: 16560)
Nets of generation 997 averaged: 3818.02 (top score: 16472)
Nets of generation 998 averaged: 3891.56 (top score: 16616)
Nets of generation 999 averaged: 3814.44 (top score: 14644)
